21:27:03.555 [main                     ] DEBUG Logger               - Configured Logger
21:27:03.574 [main                     ] DEBUG GameApplication      - Logging settings
Title: Color Switch 2
Version: 0.0
Width: 900
Height: 900
Fullscreen: false
Intro: false
Profiling: false
Single step:false
App Mode: DEVELOPER
Menu Key: ESCAPE
Stage Style: DECORATED
Scene Factory: class com.almasb.fxgl.app.scene.SceneFactory

21:27:04.069 [JavaFX Application Thread] DEBUG FXGLApplication      - Initializing FXGL
21:27:04.085 [JavaFX Application Thread] INFO  Engine               - FXGL-11.11 (08.09.2020 18.00) on LINUX (J:15.0.1 FX:14)
21:27:04.086 [JavaFX Application Thread] DEBUG Engine               - JRE Vendor Name: Oracle Corporation
21:27:04.086 [JavaFX Application Thread] DEBUG Engine               - Running on OS: Linux version 5.4.0-58-generic
21:27:04.086 [JavaFX Application Thread] DEBUG Engine               - Architecture: amd64
21:27:04.087 [JavaFX Application Thread] INFO  Engine               - Source code and latest versions at: https://github.com/AlmasB/FXGL
21:27:04.087 [JavaFX Application Thread] INFO  Engine               -              Join the FXGL chat at: https://gitter.im/AlmasB/FXGL
21:27:04.270 [JavaFX Application Thread] DEBUG MainWindow           - Creating a JavaFX scene
21:27:04.415 [JavaFX Application Thread] DEBUG MainWindow           - Target settings size: 900.0 x 900.0
21:27:04.416 [JavaFX Application Thread] DEBUG MainWindow           - Scaled scene size:    900.0 x 900.0
21:27:04.416 [JavaFX Application Thread] DEBUG MainWindow           - Scaled ratio: (1.0, 1.0)
21:27:04.418 [JavaFX Application Thread] DEBUG MainWindow           - Set initial scene to StartupScene
21:27:04.425 [JavaFX Application Thread] DEBUG MainWindow           - Opening main window
21:27:04.488 [JavaFX Application Thread] DEBUG MainWindow           - Window border size: (2.0, 29.0)
21:27:04.488 [JavaFX Application Thread] DEBUG MainWindow           - Scaled size: 900.0 x 900.0
21:27:04.489 [JavaFX Application Thread] DEBUG MainWindow           - Scaled ratio: (1.0, 1.0)
21:27:04.489 [JavaFX Application Thread] DEBUG MainWindow           - Scene size: 900.0 x 900.0
21:27:04.489 [JavaFX Application Thread] DEBUG MainWindow           - Stage size: 902.0 x 929.0
21:27:04.507 [FXGL Background Thread 1 ] DEBUG Engine               - Initializing environment variables
21:27:04.587 [FXGL Background Thread 1 ] DEBUG GameApplicationServi - Applying CSS: fxgl_dark.css
21:27:04.588 [FXGL Background Thread 1 ] DEBUG FXGLAssetLoaderServi - Loading from file system: /assets/ui/css/fxgl_dark.css
21:27:04.712 [FXGL Background Thread 1 ] DEBUG GameApplicationServi - Initializing application scenes
21:27:04.790 [FXGL Background Thread 1 ] DEBUG GameWorld            - Game world initialized
21:27:04.879 [FXGL Background Thread 1 ] DEBUG PhysicsWorld         - Physics world initialized: appHeight=900, physics.ppm=50.0
21:27:04.883 [FXGL Background Thread 1 ] DEBUG GameScene            - Game scene initialized: 900x900
21:27:04.930 [FXGL Background Thread 1 ] DEBUG FXGLAssetLoaderServi - Loading from file system: /assets/textures/particles/trace_horizontal.png
21:27:05.012 [FXGL Background Thread 1 ] DEBUG FXGL.DefaultMenu     - createMenuBodyMainMenu()
21:27:05.027 [FXGL Background Thread 1 ] DEBUG FXGL.DefaultMenu     - createOptionsMenu()
21:27:05.033 [FXGL Background Thread 1 ] DEBUG FXGLAssetLoaderServi - Loading from file system: /assets/textures/particles/smoke.png
21:27:05.108 [FXGL Background Thread 1 ] DEBUG FXGLAssetLoaderServi - Loading from cache: /assets/textures/particles/trace_horizontal.png@64.0x64.0
21:27:05.109 [FXGL Background Thread 1 ] DEBUG FXGL.DefaultMenu     - createMenuBodyGameMenu()
21:27:05.111 [FXGL Background Thread 1 ] DEBUG FXGL.DefaultMenu     - createOptionsMenu()
21:27:05.117 [FXGL Background Thread 1 ] DEBUG FXGLAssetLoaderServi - Loading from cache: /assets/textures/particles/smoke.png@128.0x128.0
21:27:05.137 [FXGL Background Thread 1 ] DEBUG GameApplicationServi - Application scenes initialized
21:27:05.148 [FXGL Background Thread 1 ] DEBUG SystemBundleService  - Loading FXGL system data
21:27:05.152 [FXGL Background Thread 1 ] DEBUG FileSystemAccess     - Reading from: /home/chintan/Downloads/game/system/fxgl.bundle
21:27:05.160 [FXGL Background Thread 1 ] DEBUG SystemBundleService  - Bundle FXGL: {}
21:27:05.160 [FXGL Background Thread 1 ] DEBUG UpdaterService       - Checking for updates
21:27:05.165 [FXGL Background Thread 1 ] DEBUG FXGLApplication      - Loading default localization
21:27:05.166 [FXGL Background Thread 1 ] DEBUG FXGLAssetLoaderServi - Loading from file system: /assets/languages/english.lang
21:27:05.166 [FXGL Background Thread 4 ] DEBUG FXGLApplication      - Loading fonts
21:27:05.166 [FXGL Background Thread 4 ] DEBUG FXGLAssetLoaderServi - Loading from file system: /assets/ui/fonts/VarelaRound-Regular.ttf
21:27:05.175 [FXGL Background Thread 4 ] DEBUG FXGLAssetLoaderServi - Loading from file system: /assets/ui/fonts/Abel-Regular.ttf
21:27:05.177 [FXGL Background Thread 4 ] DEBUG FXGLAssetLoaderServi - Loading from file system: /assets/ui/fonts/lucida_console.ttf
21:27:05.181 [FXGL Background Thread 4 ] DEBUG FXGLAssetLoaderServi - Loading from file system: /assets/ui/fonts/Courier-Prime.ttf
21:27:05.182 [FXGL Background Thread 1 ] INFO  FXGLApplication      - FXGL initialization took: 0.675 sec
21:27:05.191 [JavaFX Application Thread] DEBUG Input                - Registered new binding: Up - W
21:27:05.193 [JavaFX Application Thread] DEBUG Input                - Registered new binding: action0 - F
21:27:05.193 [JavaFX Application Thread] DEBUG FXGLAssetLoaderServi - Loading from file system: /assets/textures/fxgl_icon.png
21:27:05.229 [JavaFX Application Thread] DEBUG FXGLAssetLoaderServi - Loading from file system: /assets/ui/cursors/fxgl_default.png
21:27:05.236 [JavaFX Application Thread] DEBUG Input                - Registered new binding: Screenshot - P
21:27:05.237 [JavaFX Application Thread] DEBUG Input                - Registered new binding: System info dump - CTRL+9
21:27:05.239 [JavaFX Application Thread] DEBUG Input                - Registered new binding: Restart - CTRL+R
21:27:05.240 [JavaFX Application Thread] DEBUG Input                - Registered new binding: Toggle Debug Camera - CTRL+C
21:27:05.243 [JavaFX Application Thread] DEBUG LoopRunner           - Starting loop
21:27:05.245 [JavaFX Application Thread] DEBUG Input                - Clearing active input actions
21:27:05.265 [JavaFX Application Thread] DEBUG GameApplicationServi - Removing overlay from StartupScene and adding to FXGLMainMenuDummyScene
21:27:05.265 [JavaFX Application Thread] DEBUG MainWindow           - StartupScene -> FXGLMainMenuDummyScene
21:27:05.265 [JavaFX Application Thread] DEBUG MainWindow           - Push state: FXGLDefaultMenu
21:27:05.270 [JavaFX Application Thread] DEBUG Input                - Clearing active input actions
21:27:05.284 [JavaFX Application Thread] DEBUG GameApplicationServi - Removing overlay from FXGLMainMenuDummyScene and adding to FXGLDefaultMenu
21:27:05.285 [JavaFX Application Thread] DEBUG MainWindow           - FXGLMainMenuDummyScene -> FXGLDefaultMenu
21:27:05.285 [JavaFX Application Thread] DEBUG FXGLApplication      - Registering font factories with UI factory
21:27:06.636 [FXGL Background Thread 2 ] INFO  UpdaterService       - Your current version:  11.11
21:27:06.636 [FXGL Background Thread 2 ] INFO  UpdaterService       - Latest stable version: dev-SNAPSHOT
21:27:07.376 [JavaFX Application Thread] DEBUG Menu                 - fireNewGame()
21:27:07.376 [JavaFX Application Thread] DEBUG GameApplicationServi - Starting new game
21:27:07.383 [JavaFX Application Thread] DEBUG MainWindow           - Pop state: FXGLDefaultMenu
21:27:07.384 [JavaFX Application Thread] DEBUG Input                - Clearing active input actions
21:27:07.386 [JavaFX Application Thread] DEBUG GameApplicationServi - Removing overlay from FXGLDefaultMenu and adding to FXGLMainMenuDummyScene
21:27:07.387 [JavaFX Application Thread] DEBUG MainWindow           - FXGLMainMenuDummyScene <- FXGLDefaultMenu
21:27:07.388 [JavaFX Application Thread] DEBUG Input                - Clearing active input actions
21:27:07.407 [JavaFX Application Thread] DEBUG GameApplicationServi - Removing overlay from FXGLMainMenuDummyScene and adding to FXGLLoadingScene
21:27:07.407 [JavaFX Application Thread] DEBUG MainWindow           - FXGLMainMenuDummyScene -> FXGLLoadingScene
21:27:07.408 [JavaFX Application Thread] DEBUG GameApplicationServi - Clearing previous game
21:27:07.409 [JavaFX Application Thread] DEBUG GameScene            - Clearing game scene
21:27:07.409 [JavaFX Application Thread] DEBUG GameWorld            - Clearing game world
21:27:07.410 [JavaFX Application Thread] DEBUG PhysicsWorld         - Clearing physics world
21:27:07.412 [FXGL Background Thread 2 ] DEBUG FXGLApplication      - Initializing game
21:27:07.529 [FXGL Background Thread 2 ] DEBUG FXGLAssetLoaderServi - Loading from file system: /assets/textures/star.png
21:27:07.537 [FXGL Background Thread 2 ] DEBUG FXGLAssetLoaderServi - Loading from cache: /assets/textures/star.png
21:27:07.538 [FXGL Background Thread 2 ] DEBUG FXGLAssetLoaderServi - Loading from cache: /assets/textures/star.png
21:27:07.539 [FXGL Background Thread 2 ] DEBUG FXGLAssetLoaderServi - Loading from cache: /assets/textures/star.png
21:27:07.540 [FXGL Background Thread 2 ] DEBUG FXGLAssetLoaderServi - Loading from cache: /assets/textures/star.png
21:27:07.554 [FXGL Background Thread 2 ] DEBUG FXGLAssetLoaderServi - Loading from file system: /assets/textures/heart1.png
21:27:07.605 [FXGL Background Thread 2 ] DEBUG FXGLAssetLoaderServi - Loading from cache: /assets/textures/heart1.png
21:27:07.606 [FXGL Background Thread 2 ] DEBUG FXGLAssetLoaderServi - Loading from cache: /assets/textures/heart1.png
21:27:07.607 [FXGL Background Thread 2 ] DEBUG FXGLAssetLoaderServi - Loading from cache: /assets/textures/heart1.png
21:27:07.608 [FXGL Background Thread 2 ] DEBUG FXGLAssetLoaderServi - Loading from cache: /assets/textures/heart1.png
21:27:07.614 [FXGL Background Thread 2 ] INFO  FXGLApplication      - Game initialization took: 0.202 sec
21:27:07.615 [JavaFX Application Thread] DEBUG Input                - Clearing active input actions
21:27:07.631 [JavaFX Application Thread] DEBUG GameApplicationServi - Removing overlay from FXGLLoadingScene and adding to GameScene
21:27:07.631 [JavaFX Application Thread] DEBUG MainWindow           - FXGLLoadingScene -> GameScene
21:27:08.164 [FXGL Background Thread 3 ] DEBUG Engine               - Logging environment variables
21:27:08.164 [FXGL Background Thread 3 ] DEBUG Engine               - achievements: []
21:27:08.165 [FXGL Background Thread 3 ] DEBUG Engine               - appIcon: fxgl_icon.png
21:27:08.165 [FXGL Background Thread 3 ] DEBUG Engine               - applicationMode: DEVELOPER
21:27:08.165 [FXGL Background Thread 3 ] DEBUG Engine               - cSSList: [fxgl_dark.css]
21:27:08.166 [FXGL Background Thread 3 ] DEBUG Engine               - configClass: Optional.empty
21:27:08.166 [FXGL Background Thread 3 ] DEBUG Engine               - credits: []
21:27:08.166 [FXGL Background Thread 3 ] DEBUG Engine               - devBBoxColorProperty: ObjectProperty [value: 0xff0000ff]
21:27:08.167 [FXGL Background Thread 3 ] DEBUG Engine               - devEnableDebugCameraProperty: BooleanProperty [value: false]
21:27:08.168 [FXGL Background Thread 3 ] DEBUG Engine               - devSensorColorProperty: ObjectProperty [value: 0xffff00ff]
21:27:08.168 [FXGL Background Thread 3 ] DEBUG Engine               - devShowBBoxProperty: BooleanProperty [value: false]
21:27:08.168 [FXGL Background Thread 3 ] DEBUG Engine               - devShowPositionProperty: BooleanProperty [value: false]
21:27:08.169 [FXGL Background Thread 3 ] DEBUG Engine               - enabledMenuItems: []
21:27:08.169 [FXGL Background Thread 3 ] DEBUG Engine               - engineServices: [class com.almasb.fxgl.app.FXGLApplication$GameApplicationService, class com.almasb.fxgl.app.services.FXGLDialogService, class com.almasb.fxgl.app.services.IOTaskExecutorService, class com.almasb.fxgl.event.EventBusService, class com.almasb.fxgl.io.FileSystemService, class com.almasb.fxgl.localization.LocalizationService, class com.almasb.fxgl.app.services.FXGLAssetLoaderService, class com.almasb.fxgl.app.services.SystemBundleService, class com.almasb.fxgl.profile.SaveLoadService, class com.almasb.fxgl.ui.FXGLUIFactoryServiceProvider, class com.almasb.fxgl.ui.FXGLDialogFactoryServiceProvider, class com.almasb.fxgl.audio.AudioPlayer, class com.almasb.fxgl.notification.impl.NotificationServiceProvider, class com.almasb.fxgl.achievement.AchievementService, class com.almasb.fxgl.cutscene.CutsceneService, class com.almasb.fxgl.minigames.MiniGameService, class com.almasb.fxgl.net.NetService, class com.almasb.fxgl.app.services.UpdaterService, class com.almasb.fxgl.dev.DevService]
21:27:08.169 [FXGL Background Thread 3 ] DEBUG Engine               - fontGame: Abel-Regular.ttf
21:27:08.169 [FXGL Background Thread 3 ] DEBUG Engine               - fontMono: lucida_console.ttf
21:27:08.170 [FXGL Background Thread 3 ] DEBUG Engine               - fontText: Courier-Prime.ttf
21:27:08.170 [FXGL Background Thread 3 ] DEBUG Engine               - fontUI: VarelaRound-Regular.ttf
21:27:08.170 [FXGL Background Thread 3 ] DEBUG Engine               - fullScreen: BooleanProperty [value: false]
21:27:08.170 [FXGL Background Thread 3 ] DEBUG Engine               - gameDifficulty: MEDIUM
21:27:08.171 [FXGL Background Thread 3 ] DEBUG Engine               - gameDifficultyProperty: ObjectProperty [value: MEDIUM]
21:27:08.171 [FXGL Background Thread 3 ] DEBUG Engine               - globalMusicVolume: 0.5
21:27:08.171 [FXGL Background Thread 3 ] DEBUG Engine               - globalMusicVolumeProperty: DoubleProperty [value: 0.5]
21:27:08.172 [FXGL Background Thread 3 ] DEBUG Engine               - globalSoundVolume: 0.5
21:27:08.172 [FXGL Background Thread 3 ] DEBUG Engine               - globalSoundVolumeProperty: DoubleProperty [value: 0.5]
21:27:08.172 [FXGL Background Thread 3 ] DEBUG Engine               - height: 900
21:27:08.172 [FXGL Background Thread 3 ] DEBUG Engine               - isAndroid: false
21:27:08.173 [FXGL Background Thread 3 ] DEBUG Engine               - isBrowser: false
21:27:08.177 [FXGL Background Thread 3 ] DEBUG Engine               - isClickFeedbackEnabled: false
21:27:08.178 [FXGL Background Thread 3 ] DEBUG Engine               - isCloseConfirmation: false
21:27:08.178 [FXGL Background Thread 3 ] DEBUG Engine               - isDesktop: true
21:27:08.178 [FXGL Background Thread 3 ] DEBUG Engine               - isDeveloperMenuEnabled: false
21:27:08.179 [FXGL Background Thread 3 ] DEBUG Engine               - isEntityPreloadEnabled: true
21:27:08.179 [FXGL Background Thread 3 ] DEBUG Engine               - isExperimentalNative: false
21:27:08.179 [FXGL Background Thread 3 ] DEBUG Engine               - isExperimentalTiledLargeMap: false
21:27:08.179 [FXGL Background Thread 3 ] DEBUG Engine               - isFileSystemWriteAllowed: true
21:27:08.179 [FXGL Background Thread 3 ] DEBUG Engine               - isFullScreenAllowed: false
21:27:08.180 [FXGL Background Thread 3 ] DEBUG Engine               - isFullScreenFromStart: false
21:27:08.180 [FXGL Background Thread 3 ] DEBUG Engine               - isGameMenuEnabled: true
21:27:08.180 [FXGL Background Thread 3 ] DEBUG Engine               - isIOS: false
21:27:08.180 [FXGL Background Thread 3 ] DEBUG Engine               - isIntroEnabled: false
21:27:08.180 [FXGL Background Thread 3 ] DEBUG Engine               - isLinux: true
21:27:08.181 [FXGL Background Thread 3 ] DEBUG Engine               - isMac: false
21:27:08.182 [FXGL Background Thread 3 ] DEBUG Engine               - isMainMenuEnabled: true
21:27:08.182 [FXGL Background Thread 3 ] DEBUG Engine               - isManualResizeEnabled: false
21:27:08.182 [FXGL Background Thread 3 ] DEBUG Engine               - isMobile: false
21:27:08.183 [FXGL Background Thread 3 ] DEBUG Engine               - isPreserveResizeRatio: false
21:27:08.183 [FXGL Background Thread 3 ] DEBUG Engine               - isProfilingEnabled: false
21:27:08.183 [FXGL Background Thread 3 ] DEBUG Engine               - isSingleStep: false
21:27:08.186 [FXGL Background Thread 3 ] DEBUG Engine               - isUserProfileEnabled: false
21:27:08.186 [FXGL Background Thread 3 ] DEBUG Engine               - isWindows: false
21:27:08.186 [FXGL Background Thread 3 ] DEBUG Engine               - language: ObjectProperty [value: ENGLISH]
21:27:08.187 [FXGL Background Thread 3 ] DEBUG Engine               - menuKey: ESCAPE
21:27:08.187 [FXGL Background Thread 3 ] DEBUG Engine               - notificationViewClass: class com.almasb.fxgl.notification.view.XboxNotificationView
21:27:08.187 [FXGL Background Thread 3 ] DEBUG Engine               - pixelsPerMeter: 50.0
21:27:08.187 [FXGL Background Thread 3 ] DEBUG Engine               - platform: LINUX
21:27:08.187 [FXGL Background Thread 3 ] DEBUG Engine               - profileDir: profiles/
21:27:08.188 [FXGL Background Thread 3 ] DEBUG Engine               - profileName: StringProperty [value: DEFAULT]
21:27:08.188 [FXGL Background Thread 3 ] DEBUG Engine               - randomSeed: -1
21:27:08.189 [FXGL Background Thread 3 ] DEBUG Engine               - runtimeInfo: RuntimeInfo(platform=LINUX, version=11.11, build=08.09.2020 18.00)
21:27:08.190 [FXGL Background Thread 3 ] DEBUG Engine               - saveFileExt: sav
21:27:08.190 [FXGL Background Thread 3 ] DEBUG Engine               - sceneFactory: com.almasb.fxgl.app.scene.SceneFactory@19ddb50b
21:27:08.190 [FXGL Background Thread 3 ] DEBUG Engine               - secondsIn24h: 60
21:27:08.193 [FXGL Background Thread 3 ] DEBUG Engine               - soundMenuBack: menu/back.wav
21:27:08.193 [FXGL Background Thread 3 ] DEBUG Engine               - soundMenuPress: menu/press.wav
21:27:08.193 [FXGL Background Thread 3 ] DEBUG Engine               - soundMenuSelect: menu/select.wav
21:27:08.194 [FXGL Background Thread 3 ] DEBUG Engine               - soundNotification: core/notification.wav
21:27:08.195 [FXGL Background Thread 3 ] DEBUG Engine               - stageStyle: DECORATED
21:27:08.195 [FXGL Background Thread 3 ] DEBUG Engine               - supportedLanguages: [ENGLISH, FRENCH, GERMAN, HUNGARIAN, RUSSIAN]
21:27:08.195 [FXGL Background Thread 3 ] DEBUG Engine               - title: Color Switch 2
21:27:08.195 [FXGL Background Thread 3 ] DEBUG Engine               - urlGithub: https://github.com/AlmasB/FXGL
21:27:08.195 [FXGL Background Thread 3 ] DEBUG Engine               - urlLeaderboard: http://fxgl-top.herokuapp.com/
21:27:08.196 [FXGL Background Thread 3 ] DEBUG Engine               - urlPOM: https://raw.githubusercontent.com/AlmasB/FXGL/master/pom.xml
21:27:08.196 [FXGL Background Thread 3 ] DEBUG Engine               - version: 0.0
21:27:08.196 [FXGL Background Thread 3 ] DEBUG Engine               - versionCheckDays: 7
21:27:08.196 [FXGL Background Thread 3 ] DEBUG Engine               - width: 900
21:27:08.197 [FXGL Background Thread 3 ] DEBUG Engine               - Logging services
21:27:08.197 [FXGL Background Thread 3 ] DEBUG Engine               - class com.almasb.fxgl.app.FXGLApplication$GameApplicationService
21:27:08.197 [FXGL Background Thread 3 ] DEBUG Engine               - class com.almasb.fxgl.app.services.FXGLDialogService
21:27:08.197 [FXGL Background Thread 3 ] DEBUG Engine               - class com.almasb.fxgl.app.services.IOTaskExecutorService
21:27:08.197 [FXGL Background Thread 3 ] DEBUG Engine               - class com.almasb.fxgl.event.EventBusService
21:27:08.198 [FXGL Background Thread 3 ] DEBUG Engine               - class com.almasb.fxgl.io.FileSystemService
21:27:08.198 [FXGL Background Thread 3 ] DEBUG Engine               - class com.almasb.fxgl.localization.LocalizationService
21:27:08.198 [FXGL Background Thread 3 ] DEBUG Engine               - class com.almasb.fxgl.app.services.FXGLAssetLoaderService
21:27:08.198 [FXGL Background Thread 3 ] DEBUG Engine               - class com.almasb.fxgl.app.services.SystemBundleService
21:27:08.198 [FXGL Background Thread 3 ] DEBUG Engine               - class com.almasb.fxgl.profile.SaveLoadService
21:27:08.198 [FXGL Background Thread 3 ] DEBUG Engine               - class com.almasb.fxgl.ui.FXGLUIFactoryServiceProvider
21:27:08.199 [FXGL Background Thread 3 ] DEBUG Engine               - class com.almasb.fxgl.ui.FXGLDialogFactoryServiceProvider
21:27:08.199 [FXGL Background Thread 3 ] DEBUG Engine               - class com.almasb.fxgl.audio.AudioPlayer
21:27:08.199 [FXGL Background Thread 3 ] DEBUG Engine               - class com.almasb.fxgl.notification.impl.NotificationServiceProvider
21:27:08.199 [FXGL Background Thread 3 ] DEBUG Engine               - class com.almasb.fxgl.achievement.AchievementService
21:27:08.200 [FXGL Background Thread 3 ] DEBUG Engine               - class com.almasb.fxgl.cutscene.CutsceneService
21:27:08.200 [FXGL Background Thread 3 ] DEBUG Engine               - class com.almasb.fxgl.minigames.MiniGameService
21:27:08.200 [FXGL Background Thread 3 ] DEBUG Engine               - class com.almasb.fxgl.net.NetService
21:27:08.200 [FXGL Background Thread 3 ] DEBUG Engine               - class com.almasb.fxgl.app.services.UpdaterService
21:27:08.201 [FXGL Background Thread 3 ] DEBUG Engine               - class com.almasb.fxgl.dev.DevService
21:27:43.568 [JavaFX Application Thread] DEBUG FXGLAssetLoaderServi - Loading from cache: /assets/textures/star.png
21:27:43.569 [JavaFX Application Thread] DEBUG FXGLAssetLoaderServi - Loading from cache: /assets/textures/star.png
21:27:43.569 [JavaFX Application Thread] DEBUG FXGLAssetLoaderServi - Loading from cache: /assets/textures/star.png
21:27:43.570 [JavaFX Application Thread] DEBUG FXGLAssetLoaderServi - Loading from cache: /assets/textures/star.png
21:27:43.571 [JavaFX Application Thread] DEBUG FXGLAssetLoaderServi - Loading from cache: /assets/textures/star.png
21:27:43.572 [JavaFX Application Thread] DEBUG FXGLAssetLoaderServi - Loading from cache: /assets/textures/heart1.png
21:27:43.572 [JavaFX Application Thread] DEBUG FXGLAssetLoaderServi - Loading from cache: /assets/textures/heart1.png
21:27:43.573 [JavaFX Application Thread] DEBUG FXGLAssetLoaderServi - Loading from cache: /assets/textures/heart1.png
21:27:43.574 [JavaFX Application Thread] DEBUG FXGLAssetLoaderServi - Loading from cache: /assets/textures/heart1.png
21:27:43.574 [JavaFX Application Thread] DEBUG FXGLAssetLoaderServi - Loading from cache: /assets/textures/heart1.png
21:28:24.537 [JavaFX Application Thread] DEBUG FXGLAssetLoaderServi - Loading from cache: /assets/textures/star.png
21:28:24.537 [JavaFX Application Thread] DEBUG FXGLAssetLoaderServi - Loading from cache: /assets/textures/star.png
21:28:24.538 [JavaFX Application Thread] DEBUG FXGLAssetLoaderServi - Loading from cache: /assets/textures/star.png
21:28:24.539 [JavaFX Application Thread] DEBUG FXGLAssetLoaderServi - Loading from cache: /assets/textures/star.png
21:28:24.539 [JavaFX Application Thread] DEBUG FXGLAssetLoaderServi - Loading from cache: /assets/textures/star.png
21:28:24.540 [JavaFX Application Thread] DEBUG FXGLAssetLoaderServi - Loading from cache: /assets/textures/heart1.png
21:28:24.541 [JavaFX Application Thread] DEBUG FXGLAssetLoaderServi - Loading from cache: /assets/textures/heart1.png
21:28:24.541 [JavaFX Application Thread] DEBUG FXGLAssetLoaderServi - Loading from cache: /assets/textures/heart1.png
21:28:24.542 [JavaFX Application Thread] DEBUG FXGLAssetLoaderServi - Loading from cache: /assets/textures/heart1.png
21:28:24.542 [JavaFX Application Thread] DEBUG FXGLAssetLoaderServi - Loading from cache: /assets/textures/heart1.png
21:29:17.548 [JavaFX Application Thread] DEBUG FXGLAssetLoaderServi - Loading from cache: /assets/textures/star.png
21:29:17.548 [JavaFX Application Thread] DEBUG FXGLAssetLoaderServi - Loading from cache: /assets/textures/star.png
21:29:17.549 [JavaFX Application Thread] DEBUG FXGLAssetLoaderServi - Loading from cache: /assets/textures/star.png
21:29:17.549 [JavaFX Application Thread] DEBUG FXGLAssetLoaderServi - Loading from cache: /assets/textures/star.png
21:29:17.550 [JavaFX Application Thread] DEBUG FXGLAssetLoaderServi - Loading from cache: /assets/textures/star.png
21:29:17.550 [JavaFX Application Thread] DEBUG FXGLAssetLoaderServi - Loading from cache: /assets/textures/heart1.png
21:29:17.551 [JavaFX Application Thread] DEBUG FXGLAssetLoaderServi - Loading from cache: /assets/textures/heart1.png
21:29:17.551 [JavaFX Application Thread] DEBUG FXGLAssetLoaderServi - Loading from cache: /assets/textures/heart1.png
21:29:17.552 [JavaFX Application Thread] DEBUG FXGLAssetLoaderServi - Loading from cache: /assets/textures/heart1.png
21:29:17.552 [JavaFX Application Thread] DEBUG FXGLAssetLoaderServi - Loading from cache: /assets/textures/heart1.png
21:30:24.252 [JavaFX Application Thread] DEBUG FXGLAssetLoaderServi - Loading from cache: /assets/textures/star.png
21:30:24.253 [JavaFX Application Thread] DEBUG FXGLAssetLoaderServi - Loading from cache: /assets/textures/star.png
21:30:24.254 [JavaFX Application Thread] DEBUG FXGLAssetLoaderServi - Loading from cache: /assets/textures/star.png
21:30:24.254 [JavaFX Application Thread] DEBUG FXGLAssetLoaderServi - Loading from cache: /assets/textures/star.png
21:30:24.255 [JavaFX Application Thread] DEBUG FXGLAssetLoaderServi - Loading from cache: /assets/textures/star.png
21:30:24.255 [JavaFX Application Thread] DEBUG FXGLAssetLoaderServi - Loading from cache: /assets/textures/heart1.png
21:30:24.256 [JavaFX Application Thread] DEBUG FXGLAssetLoaderServi - Loading from cache: /assets/textures/heart1.png
21:30:24.256 [JavaFX Application Thread] DEBUG FXGLAssetLoaderServi - Loading from cache: /assets/textures/heart1.png
21:30:24.257 [JavaFX Application Thread] DEBUG FXGLAssetLoaderServi - Loading from cache: /assets/textures/heart1.png
21:30:24.257 [JavaFX Application Thread] DEBUG FXGLAssetLoaderServi - Loading from cache: /assets/textures/heart1.png
21:31:48.222 [JavaFX Application Thread] DEBUG FXGLAssetLoaderServi - Loading from cache: /assets/textures/star.png
21:31:48.222 [JavaFX Application Thread] DEBUG FXGLAssetLoaderServi - Loading from cache: /assets/textures/star.png
21:31:48.222 [JavaFX Application Thread] DEBUG FXGLAssetLoaderServi - Loading from cache: /assets/textures/star.png
21:31:48.223 [JavaFX Application Thread] DEBUG FXGLAssetLoaderServi - Loading from cache: /assets/textures/star.png
21:31:48.223 [JavaFX Application Thread] DEBUG FXGLAssetLoaderServi - Loading from cache: /assets/textures/star.png
21:31:48.223 [JavaFX Application Thread] DEBUG FXGLAssetLoaderServi - Loading from cache: /assets/textures/heart1.png
21:31:48.224 [JavaFX Application Thread] DEBUG FXGLAssetLoaderServi - Loading from cache: /assets/textures/heart1.png
21:31:48.224 [JavaFX Application Thread] DEBUG FXGLAssetLoaderServi - Loading from cache: /assets/textures/heart1.png
21:31:48.224 [JavaFX Application Thread] DEBUG FXGLAssetLoaderServi - Loading from cache: /assets/textures/heart1.png
21:31:48.225 [JavaFX Application Thread] DEBUG FXGLAssetLoaderServi - Loading from cache: /assets/textures/heart1.png
21:32:01.867 [JavaFX Application Thread] DEBUG FXGLApplication      - Exiting FXGL
21:32:01.868 [JavaFX Application Thread] DEBUG LoopRunner           - Stopping loop
21:32:01.868 [JavaFX Application Thread] DEBUG SystemBundleService  - Saving FXGL system data
21:32:01.869 [JavaFX Application Thread] DEBUG FileSystemAccess     - Writing to: /home/chintan/Downloads/game/system/fxgl.bundle
21:32:01.871 [JavaFX Application Thread] DEBUG Async                - Shutting down background threads
21:32:01.871 [JavaFX Application Thread] DEBUG MainWindow           - Closing main window
21:32:01.875 [JavaFX Application Thread] DEBUG Logger               - Closing Logger
