20:30:52.474 [main                     ] DEBUG Logger               - Configured Logger
20:30:52.493 [main                     ] DEBUG GameApplication      - Logging settings
Title: Color Switch 2
Version: 0.0
Width: 580
Height: 720
Fullscreen: false
Intro: false
Profiling: false
Single step:false
App Mode: DEVELOPER
Menu Key: ESCAPE
Stage Style: DECORATED
Scene Factory: class com.almasb.fxgl.app.scene.SceneFactory

20:30:52.941 [JavaFX Application Thread] DEBUG FXGLApplication      - Initializing FXGL
20:30:52.952 [JavaFX Application Thread] INFO  Engine               - FXGL-11.11 (08.09.2020 18.00) on LINUX (J:15.0.1 FX:14)
20:30:52.953 [JavaFX Application Thread] DEBUG Engine               - JRE Vendor Name: Oracle Corporation
20:30:52.953 [JavaFX Application Thread] DEBUG Engine               - Running on OS: Linux version 5.4.0-58-generic
20:30:52.953 [JavaFX Application Thread] DEBUG Engine               - Architecture: amd64
20:30:52.954 [JavaFX Application Thread] INFO  Engine               - Source code and latest versions at: https://github.com/AlmasB/FXGL
20:30:52.954 [JavaFX Application Thread] INFO  Engine               -              Join the FXGL chat at: https://gitter.im/AlmasB/FXGL
20:30:53.078 [JavaFX Application Thread] DEBUG MainWindow           - Creating a JavaFX scene
20:30:53.211 [JavaFX Application Thread] DEBUG MainWindow           - Target settings size: 580.0 x 720.0
20:30:53.214 [JavaFX Application Thread] DEBUG MainWindow           - Scaled scene size:    580.0 x 720.0
20:30:53.215 [JavaFX Application Thread] DEBUG MainWindow           - Scaled ratio: (1.0, 1.0)
20:30:53.219 [JavaFX Application Thread] DEBUG MainWindow           - Set initial scene to StartupScene
20:30:53.230 [JavaFX Application Thread] DEBUG MainWindow           - Opening main window
20:30:53.296 [JavaFX Application Thread] DEBUG MainWindow           - Window border size: (2.0, 29.0)
20:30:53.296 [JavaFX Application Thread] DEBUG MainWindow           - Scaled size: 580.0 x 720.0
20:30:53.297 [JavaFX Application Thread] DEBUG MainWindow           - Scaled ratio: (1.0, 1.0)
20:30:53.297 [JavaFX Application Thread] DEBUG MainWindow           - Scene size: 580.0 x 720.0
20:30:53.298 [JavaFX Application Thread] DEBUG MainWindow           - Stage size: 582.0 x 749.0
20:30:53.316 [FXGL Background Thread 1 ] DEBUG Engine               - Initializing environment variables
20:30:53.385 [FXGL Background Thread 1 ] DEBUG GameApplicationServi - Applying CSS: fxgl_dark.css
20:30:53.386 [FXGL Background Thread 1 ] DEBUG FXGLAssetLoaderServi - Loading from file system: /assets/ui/css/fxgl_dark.css
20:30:53.493 [FXGL Background Thread 1 ] DEBUG GameApplicationServi - Initializing application scenes
20:30:53.544 [FXGL Background Thread 1 ] DEBUG GameWorld            - Game world initialized
20:30:53.610 [FXGL Background Thread 1 ] DEBUG PhysicsWorld         - Physics world initialized: appHeight=720, physics.ppm=50.0
20:30:53.613 [FXGL Background Thread 1 ] DEBUG GameScene            - Game scene initialized: 580x720
20:30:53.664 [FXGL Background Thread 1 ] DEBUG FXGLAssetLoaderServi - Loading from file system: /assets/textures/particles/trace_horizontal.png
20:30:53.729 [FXGL Background Thread 1 ] WARN  FXGL.DefaultMenu     - FXGLDefaultMenu is not designed for resolutions < 800x600
20:30:53.730 [FXGL Background Thread 1 ] DEBUG FXGL.DefaultMenu     - createMenuBodyMainMenu()
20:30:53.753 [FXGL Background Thread 1 ] DEBUG FXGL.DefaultMenu     - createOptionsMenu()
20:30:53.761 [FXGL Background Thread 1 ] DEBUG FXGLAssetLoaderServi - Loading from file system: /assets/textures/particles/smoke.png
20:30:53.897 [FXGL Background Thread 1 ] DEBUG FXGLAssetLoaderServi - Loading from cache: /assets/textures/particles/trace_horizontal.png@64.0x64.0
20:30:53.898 [FXGL Background Thread 1 ] WARN  FXGL.DefaultMenu     - FXGLDefaultMenu is not designed for resolutions < 800x600
20:30:53.898 [FXGL Background Thread 1 ] DEBUG FXGL.DefaultMenu     - createMenuBodyGameMenu()
20:30:53.900 [FXGL Background Thread 1 ] DEBUG FXGL.DefaultMenu     - createOptionsMenu()
20:30:53.904 [FXGL Background Thread 1 ] DEBUG FXGLAssetLoaderServi - Loading from cache: /assets/textures/particles/smoke.png@128.0x128.0
20:30:53.952 [FXGL Background Thread 1 ] DEBUG GameApplicationServi - Application scenes initialized
20:30:53.964 [FXGL Background Thread 1 ] DEBUG SystemBundleService  - Loading FXGL system data
20:30:53.968 [FXGL Background Thread 1 ] DEBUG FileSystemAccess     - Reading from: /home/chintan/Downloads/game/system/fxgl.bundle
20:30:53.976 [FXGL Background Thread 1 ] DEBUG SystemBundleService  - Bundle FXGL: {}
20:30:53.977 [FXGL Background Thread 1 ] DEBUG UpdaterService       - Checking for updates
20:30:53.982 [FXGL Background Thread 1 ] DEBUG FXGLApplication      - Loading default localization
20:30:53.982 [FXGL Background Thread 1 ] DEBUG FXGLAssetLoaderServi - Loading from file system: /assets/languages/english.lang
20:30:53.981 [FXGL Background Thread 4 ] DEBUG FXGLApplication      - Loading fonts
20:30:53.986 [FXGL Background Thread 4 ] DEBUG FXGLAssetLoaderServi - Loading from file system: /assets/ui/fonts/VarelaRound-Regular.ttf
20:30:53.998 [FXGL Background Thread 1 ] INFO  FXGLApplication      - FXGL initialization took: 0.682 sec
20:30:54.005 [FXGL Background Thread 4 ] DEBUG FXGLAssetLoaderServi - Loading from file system: /assets/ui/fonts/Abel-Regular.ttf
20:30:54.007 [JavaFX Application Thread] DEBUG Input                - Registered new binding: Up - W
20:30:54.008 [FXGL Background Thread 4 ] DEBUG FXGLAssetLoaderServi - Loading from file system: /assets/ui/fonts/lucida_console.ttf
20:30:54.008 [JavaFX Application Thread] DEBUG FXGLAssetLoaderServi - Loading from file system: /assets/textures/fxgl_icon.png
20:30:54.011 [FXGL Background Thread 4 ] DEBUG FXGLAssetLoaderServi - Loading from file system: /assets/ui/fonts/Courier-Prime.ttf
20:30:54.043 [JavaFX Application Thread] DEBUG FXGLAssetLoaderServi - Loading from file system: /assets/ui/cursors/fxgl_default.png
20:30:54.047 [JavaFX Application Thread] DEBUG Input                - Registered new binding: Screenshot - P
20:30:54.048 [JavaFX Application Thread] DEBUG Input                - Registered new binding: System info dump - CTRL+9
20:30:54.049 [JavaFX Application Thread] DEBUG Input                - Registered new binding: Restart - CTRL+R
20:30:54.050 [JavaFX Application Thread] DEBUG Input                - Registered new binding: Toggle Debug Camera - CTRL+C
20:30:54.054 [JavaFX Application Thread] DEBUG LoopRunner           - Starting loop
20:30:54.057 [JavaFX Application Thread] DEBUG Input                - Clearing active input actions
20:30:54.067 [JavaFX Application Thread] DEBUG GameApplicationServi - Removing overlay from StartupScene and adding to FXGLMainMenuDummyScene
20:30:54.071 [JavaFX Application Thread] DEBUG MainWindow           - StartupScene -> FXGLMainMenuDummyScene
20:30:54.072 [JavaFX Application Thread] DEBUG MainWindow           - Push state: FXGLDefaultMenu
20:30:54.077 [JavaFX Application Thread] DEBUG Input                - Clearing active input actions
20:30:54.086 [JavaFX Application Thread] DEBUG GameApplicationServi - Removing overlay from FXGLMainMenuDummyScene and adding to FXGLDefaultMenu
20:30:54.087 [JavaFX Application Thread] DEBUG MainWindow           - FXGLMainMenuDummyScene -> FXGLDefaultMenu
20:30:54.088 [JavaFX Application Thread] DEBUG FXGLApplication      - Registering font factories with UI factory
20:30:54.846 [FXGL Background Thread 2 ] INFO  UpdaterService       - Your current version:  11.11
20:30:54.846 [FXGL Background Thread 2 ] INFO  UpdaterService       - Latest stable version: dev-SNAPSHOT
20:30:54.920 [JavaFX Application Thread] DEBUG Menu                 - fireNewGame()
20:30:54.921 [JavaFX Application Thread] DEBUG GameApplicationServi - Starting new game
20:30:54.926 [JavaFX Application Thread] DEBUG MainWindow           - Pop state: FXGLDefaultMenu
20:30:54.926 [JavaFX Application Thread] DEBUG Input                - Clearing active input actions
20:30:54.927 [JavaFX Application Thread] DEBUG GameApplicationServi - Removing overlay from FXGLDefaultMenu and adding to FXGLMainMenuDummyScene
20:30:54.928 [JavaFX Application Thread] DEBUG MainWindow           - FXGLMainMenuDummyScene <- FXGLDefaultMenu
20:30:54.928 [JavaFX Application Thread] DEBUG Input                - Clearing active input actions
20:30:54.938 [JavaFX Application Thread] DEBUG GameApplicationServi - Removing overlay from FXGLMainMenuDummyScene and adding to FXGLLoadingScene
20:30:54.939 [JavaFX Application Thread] DEBUG MainWindow           - FXGLMainMenuDummyScene -> FXGLLoadingScene
20:30:54.939 [JavaFX Application Thread] DEBUG GameApplicationServi - Clearing previous game
20:30:54.940 [JavaFX Application Thread] DEBUG GameScene            - Clearing game scene
20:30:54.940 [JavaFX Application Thread] DEBUG GameWorld            - Clearing game world
20:30:54.940 [JavaFX Application Thread] DEBUG PhysicsWorld         - Clearing physics world
20:30:54.942 [FXGL Background Thread 2 ] DEBUG FXGLApplication      - Initializing game
20:30:54.982 [FXGL Background Thread 2 ] INFO  FXGLApplication      - Game initialization took: 0.041 sec
20:30:54.983 [JavaFX Application Thread] DEBUG Input                - Clearing active input actions
20:30:54.992 [JavaFX Application Thread] DEBUG GameApplicationServi - Removing overlay from FXGLLoadingScene and adding to GameScene
20:30:54.993 [JavaFX Application Thread] DEBUG MainWindow           - FXGLLoadingScene -> GameScene
20:30:56.980 [FXGL Background Thread 3 ] DEBUG Engine               - Logging environment variables
20:30:56.980 [FXGL Background Thread 3 ] DEBUG Engine               - achievements: []
20:30:56.981 [FXGL Background Thread 3 ] DEBUG Engine               - appIcon: fxgl_icon.png
20:30:56.981 [FXGL Background Thread 3 ] DEBUG Engine               - applicationMode: DEVELOPER
20:30:56.981 [FXGL Background Thread 3 ] DEBUG Engine               - cSSList: [fxgl_dark.css]
20:30:56.981 [FXGL Background Thread 3 ] DEBUG Engine               - configClass: Optional.empty
20:30:56.982 [FXGL Background Thread 3 ] DEBUG Engine               - credits: []
20:30:56.982 [FXGL Background Thread 3 ] DEBUG Engine               - devBBoxColorProperty: ObjectProperty [value: 0xff0000ff]
20:30:56.982 [FXGL Background Thread 3 ] DEBUG Engine               - devEnableDebugCameraProperty: BooleanProperty [value: false]
20:30:56.983 [FXGL Background Thread 3 ] DEBUG Engine               - devSensorColorProperty: ObjectProperty [value: 0xffff00ff]
20:30:56.984 [FXGL Background Thread 3 ] DEBUG Engine               - devShowBBoxProperty: BooleanProperty [value: false]
20:30:56.984 [FXGL Background Thread 3 ] DEBUG Engine               - devShowPositionProperty: BooleanProperty [value: false]
20:30:56.985 [FXGL Background Thread 3 ] DEBUG Engine               - enabledMenuItems: []
20:30:56.985 [FXGL Background Thread 3 ] DEBUG Engine               - engineServices: [class com.almasb.fxgl.app.FXGLApplication$GameApplicationService, class com.almasb.fxgl.app.services.FXGLDialogService, class com.almasb.fxgl.app.services.IOTaskExecutorService, class com.almasb.fxgl.event.EventBusService, class com.almasb.fxgl.io.FileSystemService, class com.almasb.fxgl.localization.LocalizationService, class com.almasb.fxgl.app.services.FXGLAssetLoaderService, class com.almasb.fxgl.app.services.SystemBundleService, class com.almasb.fxgl.profile.SaveLoadService, class com.almasb.fxgl.ui.FXGLUIFactoryServiceProvider, class com.almasb.fxgl.ui.FXGLDialogFactoryServiceProvider, class com.almasb.fxgl.audio.AudioPlayer, class com.almasb.fxgl.notification.impl.NotificationServiceProvider, class com.almasb.fxgl.achievement.AchievementService, class com.almasb.fxgl.cutscene.CutsceneService, class com.almasb.fxgl.minigames.MiniGameService, class com.almasb.fxgl.net.NetService, class com.almasb.fxgl.app.services.UpdaterService, class com.almasb.fxgl.dev.DevService]
20:30:56.985 [FXGL Background Thread 3 ] DEBUG Engine               - fontGame: Abel-Regular.ttf
20:30:56.985 [FXGL Background Thread 3 ] DEBUG Engine               - fontMono: lucida_console.ttf
20:30:56.985 [FXGL Background Thread 3 ] DEBUG Engine               - fontText: Courier-Prime.ttf
20:30:56.985 [FXGL Background Thread 3 ] DEBUG Engine               - fontUI: VarelaRound-Regular.ttf
20:30:56.986 [FXGL Background Thread 3 ] DEBUG Engine               - fullScreen: BooleanProperty [value: false]
20:30:56.986 [FXGL Background Thread 3 ] DEBUG Engine               - gameDifficulty: MEDIUM
20:30:56.986 [FXGL Background Thread 3 ] DEBUG Engine               - gameDifficultyProperty: ObjectProperty [value: MEDIUM]
20:30:56.986 [FXGL Background Thread 3 ] DEBUG Engine               - globalMusicVolume: 0.5
20:30:56.987 [FXGL Background Thread 3 ] DEBUG Engine               - globalMusicVolumeProperty: DoubleProperty [value: 0.5]
20:30:56.987 [FXGL Background Thread 3 ] DEBUG Engine               - globalSoundVolume: 0.5
20:30:56.987 [FXGL Background Thread 3 ] DEBUG Engine               - globalSoundVolumeProperty: DoubleProperty [value: 0.5]
20:30:56.987 [FXGL Background Thread 3 ] DEBUG Engine               - height: 720
20:30:56.988 [FXGL Background Thread 3 ] DEBUG Engine               - isAndroid: false
20:30:56.989 [FXGL Background Thread 3 ] DEBUG Engine               - isBrowser: false
20:30:56.989 [FXGL Background Thread 3 ] DEBUG Engine               - isClickFeedbackEnabled: false
20:30:56.990 [FXGL Background Thread 3 ] DEBUG Engine               - isCloseConfirmation: false
20:30:56.990 [FXGL Background Thread 3 ] DEBUG Engine               - isDesktop: true
20:30:56.990 [FXGL Background Thread 3 ] DEBUG Engine               - isDeveloperMenuEnabled: false
20:30:56.990 [FXGL Background Thread 3 ] DEBUG Engine               - isEntityPreloadEnabled: true
20:30:56.991 [FXGL Background Thread 3 ] DEBUG Engine               - isExperimentalNative: false
20:30:56.991 [FXGL Background Thread 3 ] DEBUG Engine               - isExperimentalTiledLargeMap: false
20:30:56.991 [FXGL Background Thread 3 ] DEBUG Engine               - isFileSystemWriteAllowed: true
20:30:56.991 [FXGL Background Thread 3 ] DEBUG Engine               - isFullScreenAllowed: false
20:30:56.992 [FXGL Background Thread 3 ] DEBUG Engine               - isFullScreenFromStart: false
20:30:56.992 [FXGL Background Thread 3 ] DEBUG Engine               - isGameMenuEnabled: true
20:30:56.992 [FXGL Background Thread 3 ] DEBUG Engine               - isIOS: false
20:30:56.992 [FXGL Background Thread 3 ] DEBUG Engine               - isIntroEnabled: false
20:30:56.993 [FXGL Background Thread 3 ] DEBUG Engine               - isLinux: true
20:30:56.993 [FXGL Background Thread 3 ] DEBUG Engine               - isMac: false
20:30:56.993 [FXGL Background Thread 3 ] DEBUG Engine               - isMainMenuEnabled: true
20:30:56.994 [FXGL Background Thread 3 ] DEBUG Engine               - isManualResizeEnabled: false
20:30:56.994 [FXGL Background Thread 3 ] DEBUG Engine               - isMobile: false
20:30:56.994 [FXGL Background Thread 3 ] DEBUG Engine               - isPreserveResizeRatio: false
20:30:56.994 [FXGL Background Thread 3 ] DEBUG Engine               - isProfilingEnabled: false
20:30:56.995 [FXGL Background Thread 3 ] DEBUG Engine               - isSingleStep: false
20:30:56.995 [FXGL Background Thread 3 ] DEBUG Engine               - isUserProfileEnabled: false
20:30:56.995 [FXGL Background Thread 3 ] DEBUG Engine               - isWindows: false
20:30:56.995 [FXGL Background Thread 3 ] DEBUG Engine               - language: ObjectProperty [value: ENGLISH]
20:30:56.995 [FXGL Background Thread 3 ] DEBUG Engine               - menuKey: ESCAPE
20:30:56.996 [FXGL Background Thread 3 ] DEBUG Engine               - notificationViewClass: class com.almasb.fxgl.notification.view.XboxNotificationView
20:30:56.996 [FXGL Background Thread 3 ] DEBUG Engine               - pixelsPerMeter: 50.0
20:30:56.996 [FXGL Background Thread 3 ] DEBUG Engine               - platform: LINUX
20:30:56.996 [FXGL Background Thread 3 ] DEBUG Engine               - profileDir: profiles/
20:30:56.997 [FXGL Background Thread 3 ] DEBUG Engine               - profileName: StringProperty [value: DEFAULT]
20:30:56.997 [FXGL Background Thread 3 ] DEBUG Engine               - randomSeed: -1
20:30:56.997 [FXGL Background Thread 3 ] DEBUG Engine               - runtimeInfo: RuntimeInfo(platform=LINUX, version=11.11, build=08.09.2020 18.00)
20:30:56.997 [FXGL Background Thread 3 ] DEBUG Engine               - saveFileExt: sav
20:30:56.998 [FXGL Background Thread 3 ] DEBUG Engine               - sceneFactory: com.almasb.fxgl.app.scene.SceneFactory@1d12cb98
20:30:56.998 [FXGL Background Thread 3 ] DEBUG Engine               - secondsIn24h: 60
20:30:56.998 [FXGL Background Thread 3 ] DEBUG Engine               - soundMenuBack: menu/back.wav
20:30:56.998 [FXGL Background Thread 3 ] DEBUG Engine               - soundMenuPress: menu/press.wav
20:30:56.998 [FXGL Background Thread 3 ] DEBUG Engine               - soundMenuSelect: menu/select.wav
20:30:56.999 [FXGL Background Thread 3 ] DEBUG Engine               - soundNotification: core/notification.wav
20:30:56.999 [FXGL Background Thread 3 ] DEBUG Engine               - stageStyle: DECORATED
20:30:56.999 [FXGL Background Thread 3 ] DEBUG Engine               - supportedLanguages: [ENGLISH, FRENCH, GERMAN, HUNGARIAN, RUSSIAN]
20:30:56.999 [FXGL Background Thread 3 ] DEBUG Engine               - title: Color Switch 2
20:30:56.999 [FXGL Background Thread 3 ] DEBUG Engine               - urlGithub: https://github.com/AlmasB/FXGL
20:30:57.000 [FXGL Background Thread 3 ] DEBUG Engine               - urlLeaderboard: http://fxgl-top.herokuapp.com/
20:30:57.000 [FXGL Background Thread 3 ] DEBUG Engine               - urlPOM: https://raw.githubusercontent.com/AlmasB/FXGL/master/pom.xml
20:30:57.000 [FXGL Background Thread 3 ] DEBUG Engine               - version: 0.0
20:30:57.003 [FXGL Background Thread 3 ] DEBUG Engine               - versionCheckDays: 7
20:30:57.003 [FXGL Background Thread 3 ] DEBUG Engine               - width: 580
20:30:57.003 [FXGL Background Thread 3 ] DEBUG Engine               - Logging services
20:30:57.004 [FXGL Background Thread 3 ] DEBUG Engine               - class com.almasb.fxgl.app.FXGLApplication$GameApplicationService
20:30:57.004 [FXGL Background Thread 3 ] DEBUG Engine               - class com.almasb.fxgl.app.services.FXGLDialogService
20:30:57.004 [FXGL Background Thread 3 ] DEBUG Engine               - class com.almasb.fxgl.app.services.IOTaskExecutorService
20:30:57.004 [FXGL Background Thread 3 ] DEBUG Engine               - class com.almasb.fxgl.event.EventBusService
20:30:57.005 [FXGL Background Thread 3 ] DEBUG Engine               - class com.almasb.fxgl.io.FileSystemService
20:30:57.005 [FXGL Background Thread 3 ] DEBUG Engine               - class com.almasb.fxgl.localization.LocalizationService
20:30:57.005 [FXGL Background Thread 3 ] DEBUG Engine               - class com.almasb.fxgl.app.services.FXGLAssetLoaderService
20:30:57.005 [FXGL Background Thread 3 ] DEBUG Engine               - class com.almasb.fxgl.app.services.SystemBundleService
20:30:57.005 [FXGL Background Thread 3 ] DEBUG Engine               - class com.almasb.fxgl.profile.SaveLoadService
20:30:57.006 [FXGL Background Thread 3 ] DEBUG Engine               - class com.almasb.fxgl.ui.FXGLUIFactoryServiceProvider
20:30:57.006 [FXGL Background Thread 3 ] DEBUG Engine               - class com.almasb.fxgl.ui.FXGLDialogFactoryServiceProvider
20:30:57.006 [FXGL Background Thread 3 ] DEBUG Engine               - class com.almasb.fxgl.audio.AudioPlayer
20:30:57.006 [FXGL Background Thread 3 ] DEBUG Engine               - class com.almasb.fxgl.notification.impl.NotificationServiceProvider
20:30:57.007 [FXGL Background Thread 3 ] DEBUG Engine               - class com.almasb.fxgl.achievement.AchievementService
20:30:57.007 [FXGL Background Thread 3 ] DEBUG Engine               - class com.almasb.fxgl.cutscene.CutsceneService
20:30:57.007 [FXGL Background Thread 3 ] DEBUG Engine               - class com.almasb.fxgl.minigames.MiniGameService
20:30:57.007 [FXGL Background Thread 3 ] DEBUG Engine               - class com.almasb.fxgl.net.NetService
20:30:57.008 [FXGL Background Thread 3 ] DEBUG Engine               - class com.almasb.fxgl.app.services.UpdaterService
20:30:57.008 [FXGL Background Thread 3 ] DEBUG Engine               - class com.almasb.fxgl.dev.DevService
20:31:12.908 [JavaFX Application Thread] DEBUG FXGLApplication      - Exiting FXGL
20:31:12.909 [JavaFX Application Thread] DEBUG LoopRunner           - Stopping loop
20:31:12.910 [JavaFX Application Thread] DEBUG SystemBundleService  - Saving FXGL system data
20:31:12.920 [JavaFX Application Thread] DEBUG FileSystemAccess     - Writing to: /home/chintan/Downloads/game/system/fxgl.bundle
20:31:12.924 [JavaFX Application Thread] DEBUG Async                - Shutting down background threads
20:31:12.925 [JavaFX Application Thread] DEBUG MainWindow           - Closing main window
20:31:12.934 [JavaFX Application Thread] DEBUG Logger               - Closing Logger
