20:27:18.679 [main                     ] DEBUG Logger               - Configured Logger
20:27:18.702 [main                     ] DEBUG GameApplication      - Logging settings
Title: Color Switch 2
Version: 0.0
Width: 580
Height: 720
Fullscreen: false
Intro: false
Profiling: false
Single step:false
App Mode: DEVELOPER
Menu Key: ESCAPE
Stage Style: DECORATED
Scene Factory: class com.almasb.fxgl.app.scene.SceneFactory

20:27:19.167 [JavaFX Application Thread] DEBUG FXGLApplication      - Initializing FXGL
20:27:19.176 [JavaFX Application Thread] INFO  Engine               - FXGL-11.11 (08.09.2020 18.00) on LINUX (J:15.0.1 FX:14)
20:27:19.177 [JavaFX Application Thread] DEBUG Engine               - JRE Vendor Name: Oracle Corporation
20:27:19.177 [JavaFX Application Thread] DEBUG Engine               - Running on OS: Linux version 5.4.0-58-generic
20:27:19.177 [JavaFX Application Thread] DEBUG Engine               - Architecture: amd64
20:27:19.178 [JavaFX Application Thread] INFO  Engine               - Source code and latest versions at: https://github.com/AlmasB/FXGL
20:27:19.178 [JavaFX Application Thread] INFO  Engine               -              Join the FXGL chat at: https://gitter.im/AlmasB/FXGL
20:27:19.307 [JavaFX Application Thread] DEBUG MainWindow           - Creating a JavaFX scene
20:27:19.449 [JavaFX Application Thread] DEBUG MainWindow           - Target settings size: 580.0 x 720.0
20:27:19.449 [JavaFX Application Thread] DEBUG MainWindow           - Scaled scene size:    580.0 x 720.0
20:27:19.450 [JavaFX Application Thread] DEBUG MainWindow           - Scaled ratio: (1.0, 1.0)
20:27:19.451 [JavaFX Application Thread] DEBUG MainWindow           - Set initial scene to StartupScene
20:27:19.459 [JavaFX Application Thread] DEBUG MainWindow           - Opening main window
20:27:19.524 [JavaFX Application Thread] DEBUG MainWindow           - Window border size: (2.0, 29.0)
20:27:19.525 [JavaFX Application Thread] DEBUG MainWindow           - Scaled size: 580.0 x 720.0
20:27:19.525 [JavaFX Application Thread] DEBUG MainWindow           - Scaled ratio: (1.0, 1.0)
20:27:19.526 [JavaFX Application Thread] DEBUG MainWindow           - Scene size: 580.0 x 720.0
20:27:19.526 [JavaFX Application Thread] DEBUG MainWindow           - Stage size: 582.0 x 749.0
20:27:19.543 [FXGL Background Thread 1 ] DEBUG Engine               - Initializing environment variables
20:27:19.600 [FXGL Background Thread 1 ] DEBUG GameApplicationServi - Applying CSS: fxgl_dark.css
20:27:19.601 [FXGL Background Thread 1 ] DEBUG FXGLAssetLoaderServi - Loading from file system: /assets/ui/css/fxgl_dark.css
20:27:19.693 [FXGL Background Thread 1 ] DEBUG GameApplicationServi - Initializing application scenes
20:27:19.774 [FXGL Background Thread 1 ] DEBUG GameWorld            - Game world initialized
20:27:19.877 [FXGL Background Thread 1 ] DEBUG PhysicsWorld         - Physics world initialized: appHeight=720, physics.ppm=50.0
20:27:19.879 [FXGL Background Thread 1 ] DEBUG GameScene            - Game scene initialized: 580x720
20:27:19.940 [FXGL Background Thread 1 ] DEBUG FXGLAssetLoaderServi - Loading from file system: /assets/textures/particles/trace_horizontal.png
20:27:20.065 [FXGL Background Thread 1 ] WARN  FXGL.DefaultMenu     - FXGLDefaultMenu is not designed for resolutions < 800x600
20:27:20.066 [FXGL Background Thread 1 ] DEBUG FXGL.DefaultMenu     - createMenuBodyMainMenu()
20:27:20.103 [FXGL Background Thread 1 ] DEBUG FXGL.DefaultMenu     - createOptionsMenu()
20:27:20.116 [FXGL Background Thread 1 ] DEBUG FXGLAssetLoaderServi - Loading from file system: /assets/textures/particles/smoke.png
20:27:20.237 [FXGL Background Thread 1 ] DEBUG FXGLAssetLoaderServi - Loading from cache: /assets/textures/particles/trace_horizontal.png@64.0x64.0
20:27:20.238 [FXGL Background Thread 1 ] WARN  FXGL.DefaultMenu     - FXGLDefaultMenu is not designed for resolutions < 800x600
20:27:20.243 [FXGL Background Thread 1 ] DEBUG FXGL.DefaultMenu     - createMenuBodyGameMenu()
20:27:20.248 [FXGL Background Thread 1 ] DEBUG FXGL.DefaultMenu     - createOptionsMenu()
20:27:20.263 [FXGL Background Thread 1 ] DEBUG FXGLAssetLoaderServi - Loading from cache: /assets/textures/particles/smoke.png@128.0x128.0
20:27:20.305 [FXGL Background Thread 1 ] DEBUG GameApplicationServi - Application scenes initialized
20:27:20.322 [FXGL Background Thread 1 ] DEBUG SystemBundleService  - Loading FXGL system data
20:27:20.326 [FXGL Background Thread 1 ] DEBUG FileSystemAccess     - Reading from: /home/chintan/Downloads/game/system/fxgl.bundle
20:27:20.334 [FXGL Background Thread 1 ] DEBUG SystemBundleService  - Bundle FXGL: {}
20:27:20.335 [FXGL Background Thread 1 ] DEBUG UpdaterService       - Checking for updates
20:27:20.352 [FXGL Background Thread 1 ] DEBUG FXGLApplication      - Loading default localization
20:27:20.352 [FXGL Background Thread 1 ] DEBUG FXGLAssetLoaderServi - Loading from file system: /assets/languages/english.lang
20:27:20.353 [FXGL Background Thread 4 ] DEBUG FXGLApplication      - Loading fonts
20:27:20.356 [FXGL Background Thread 4 ] DEBUG FXGLAssetLoaderServi - Loading from file system: /assets/ui/fonts/VarelaRound-Regular.ttf
20:27:20.371 [FXGL Background Thread 4 ] DEBUG FXGLAssetLoaderServi - Loading from file system: /assets/ui/fonts/Abel-Regular.ttf
20:27:20.378 [FXGL Background Thread 4 ] DEBUG FXGLAssetLoaderServi - Loading from file system: /assets/ui/fonts/lucida_console.ttf
20:27:20.382 [FXGL Background Thread 1 ] INFO  FXGLApplication      - FXGL initialization took: 0.838 sec
20:27:20.386 [FXGL Background Thread 4 ] DEBUG FXGLAssetLoaderServi - Loading from file system: /assets/ui/fonts/Courier-Prime.ttf
20:27:20.397 [JavaFX Application Thread] DEBUG Input                - Registered new binding: Up - W
20:27:20.398 [JavaFX Application Thread] DEBUG FXGLAssetLoaderServi - Loading from file system: /assets/textures/fxgl_icon.png
20:27:20.427 [JavaFX Application Thread] DEBUG FXGLAssetLoaderServi - Loading from file system: /assets/ui/cursors/fxgl_default.png
20:27:20.430 [JavaFX Application Thread] DEBUG Input                - Registered new binding: Screenshot - P
20:27:20.431 [JavaFX Application Thread] DEBUG Input                - Registered new binding: System info dump - CTRL+9
20:27:20.436 [JavaFX Application Thread] DEBUG Input                - Registered new binding: Restart - CTRL+R
20:27:20.437 [JavaFX Application Thread] DEBUG Input                - Registered new binding: Toggle Debug Camera - CTRL+C
20:27:20.439 [JavaFX Application Thread] DEBUG LoopRunner           - Starting loop
20:27:20.443 [JavaFX Application Thread] DEBUG Input                - Clearing active input actions
20:27:20.453 [JavaFX Application Thread] DEBUG GameApplicationServi - Removing overlay from StartupScene and adding to FXGLMainMenuDummyScene
20:27:20.453 [JavaFX Application Thread] DEBUG MainWindow           - StartupScene -> FXGLMainMenuDummyScene
20:27:20.454 [JavaFX Application Thread] DEBUG MainWindow           - Push state: FXGLDefaultMenu
20:27:20.459 [JavaFX Application Thread] DEBUG Input                - Clearing active input actions
20:27:20.468 [JavaFX Application Thread] DEBUG GameApplicationServi - Removing overlay from FXGLMainMenuDummyScene and adding to FXGLDefaultMenu
20:27:20.469 [JavaFX Application Thread] DEBUG MainWindow           - FXGLMainMenuDummyScene -> FXGLDefaultMenu
20:27:20.469 [JavaFX Application Thread] DEBUG FXGLApplication      - Registering font factories with UI factory
20:27:20.921 [FXGL Background Thread 2 ] INFO  UpdaterService       - Your current version:  11.11
20:27:20.922 [FXGL Background Thread 2 ] INFO  UpdaterService       - Latest stable version: dev-SNAPSHOT
20:27:21.265 [JavaFX Application Thread] DEBUG Menu                 - fireNewGame()
20:27:21.266 [JavaFX Application Thread] DEBUG GameApplicationServi - Starting new game
20:27:21.274 [JavaFX Application Thread] DEBUG MainWindow           - Pop state: FXGLDefaultMenu
20:27:21.274 [JavaFX Application Thread] DEBUG Input                - Clearing active input actions
20:27:21.277 [JavaFX Application Thread] DEBUG GameApplicationServi - Removing overlay from FXGLDefaultMenu and adding to FXGLMainMenuDummyScene
20:27:21.278 [JavaFX Application Thread] DEBUG MainWindow           - FXGLMainMenuDummyScene <- FXGLDefaultMenu
20:27:21.278 [JavaFX Application Thread] DEBUG Input                - Clearing active input actions
20:27:21.289 [JavaFX Application Thread] DEBUG GameApplicationServi - Removing overlay from FXGLMainMenuDummyScene and adding to FXGLLoadingScene
20:27:21.290 [JavaFX Application Thread] DEBUG MainWindow           - FXGLMainMenuDummyScene -> FXGLLoadingScene
20:27:21.290 [JavaFX Application Thread] DEBUG GameApplicationServi - Clearing previous game
20:27:21.291 [JavaFX Application Thread] DEBUG GameScene            - Clearing game scene
20:27:21.291 [JavaFX Application Thread] DEBUG GameWorld            - Clearing game world
20:27:21.291 [JavaFX Application Thread] DEBUG PhysicsWorld         - Clearing physics world
20:27:21.293 [FXGL Background Thread 2 ] DEBUG FXGLApplication      - Initializing game
20:27:21.347 [FXGL Background Thread 2 ] INFO  FXGLApplication      - Game initialization took: 0.053 sec
20:27:21.366 [JavaFX Application Thread] DEBUG Input                - Clearing active input actions
20:27:21.375 [JavaFX Application Thread] DEBUG GameApplicationServi - Removing overlay from FXGLLoadingScene and adding to GameScene
20:27:21.376 [JavaFX Application Thread] DEBUG MainWindow           - FXGLLoadingScene -> GameScene
20:27:23.340 [FXGL Background Thread 3 ] DEBUG Engine               - Logging environment variables
20:27:23.342 [FXGL Background Thread 3 ] DEBUG Engine               - achievements: []
20:27:23.343 [FXGL Background Thread 3 ] DEBUG Engine               - appIcon: fxgl_icon.png
20:27:23.344 [FXGL Background Thread 3 ] DEBUG Engine               - applicationMode: DEVELOPER
20:27:23.345 [FXGL Background Thread 3 ] DEBUG Engine               - cSSList: [fxgl_dark.css]
20:27:23.346 [FXGL Background Thread 3 ] DEBUG Engine               - configClass: Optional.empty
20:27:23.347 [FXGL Background Thread 3 ] DEBUG Engine               - credits: []
20:27:23.349 [FXGL Background Thread 3 ] DEBUG Engine               - devBBoxColorProperty: ObjectProperty [value: 0xff0000ff]
20:27:23.350 [FXGL Background Thread 3 ] DEBUG Engine               - devEnableDebugCameraProperty: BooleanProperty [value: false]
20:27:23.352 [FXGL Background Thread 3 ] DEBUG Engine               - devSensorColorProperty: ObjectProperty [value: 0xffff00ff]
20:27:23.353 [FXGL Background Thread 3 ] DEBUG Engine               - devShowBBoxProperty: BooleanProperty [value: false]
20:27:23.354 [FXGL Background Thread 3 ] DEBUG Engine               - devShowPositionProperty: BooleanProperty [value: false]
20:27:23.356 [FXGL Background Thread 3 ] DEBUG Engine               - enabledMenuItems: []
20:27:23.357 [FXGL Background Thread 3 ] DEBUG Engine               - engineServices: [class com.almasb.fxgl.app.FXGLApplication$GameApplicationService, class com.almasb.fxgl.app.services.FXGLDialogService, class com.almasb.fxgl.app.services.IOTaskExecutorService, class com.almasb.fxgl.event.EventBusService, class com.almasb.fxgl.io.FileSystemService, class com.almasb.fxgl.localization.LocalizationService, class com.almasb.fxgl.app.services.FXGLAssetLoaderService, class com.almasb.fxgl.app.services.SystemBundleService, class com.almasb.fxgl.profile.SaveLoadService, class com.almasb.fxgl.ui.FXGLUIFactoryServiceProvider, class com.almasb.fxgl.ui.FXGLDialogFactoryServiceProvider, class com.almasb.fxgl.audio.AudioPlayer, class com.almasb.fxgl.notification.impl.NotificationServiceProvider, class com.almasb.fxgl.achievement.AchievementService, class com.almasb.fxgl.cutscene.CutsceneService, class com.almasb.fxgl.minigames.MiniGameService, class com.almasb.fxgl.net.NetService, class com.almasb.fxgl.app.services.UpdaterService, class com.almasb.fxgl.dev.DevService]
20:27:23.358 [FXGL Background Thread 3 ] DEBUG Engine               - fontGame: Abel-Regular.ttf
20:27:23.358 [FXGL Background Thread 3 ] DEBUG Engine               - fontMono: lucida_console.ttf
20:27:23.359 [FXGL Background Thread 3 ] DEBUG Engine               - fontText: Courier-Prime.ttf
20:27:23.360 [FXGL Background Thread 3 ] DEBUG Engine               - fontUI: VarelaRound-Regular.ttf
20:27:23.361 [FXGL Background Thread 3 ] DEBUG Engine               - fullScreen: BooleanProperty [value: false]
20:27:23.361 [FXGL Background Thread 3 ] DEBUG Engine               - gameDifficulty: MEDIUM
20:27:23.362 [FXGL Background Thread 3 ] DEBUG Engine               - gameDifficultyProperty: ObjectProperty [value: MEDIUM]
20:27:23.362 [FXGL Background Thread 3 ] DEBUG Engine               - globalMusicVolume: 0.5
20:27:23.363 [FXGL Background Thread 3 ] DEBUG Engine               - globalMusicVolumeProperty: DoubleProperty [value: 0.5]
20:27:23.364 [FXGL Background Thread 3 ] DEBUG Engine               - globalSoundVolume: 0.5
20:27:23.365 [FXGL Background Thread 3 ] DEBUG Engine               - globalSoundVolumeProperty: DoubleProperty [value: 0.5]
20:27:23.366 [FXGL Background Thread 3 ] DEBUG Engine               - height: 720
20:27:23.367 [FXGL Background Thread 3 ] DEBUG Engine               - isAndroid: false
20:27:23.368 [FXGL Background Thread 3 ] DEBUG Engine               - isBrowser: false
20:27:23.369 [FXGL Background Thread 3 ] DEBUG Engine               - isClickFeedbackEnabled: false
20:27:23.370 [FXGL Background Thread 3 ] DEBUG Engine               - isCloseConfirmation: false
20:27:23.371 [FXGL Background Thread 3 ] DEBUG Engine               - isDesktop: true
20:27:23.372 [FXGL Background Thread 3 ] DEBUG Engine               - isDeveloperMenuEnabled: false
20:27:23.373 [FXGL Background Thread 3 ] DEBUG Engine               - isEntityPreloadEnabled: true
20:27:23.373 [FXGL Background Thread 3 ] DEBUG Engine               - isExperimentalNative: false
20:27:23.374 [FXGL Background Thread 3 ] DEBUG Engine               - isExperimentalTiledLargeMap: false
20:27:23.374 [FXGL Background Thread 3 ] DEBUG Engine               - isFileSystemWriteAllowed: true
20:27:23.375 [FXGL Background Thread 3 ] DEBUG Engine               - isFullScreenAllowed: false
20:27:23.375 [FXGL Background Thread 3 ] DEBUG Engine               - isFullScreenFromStart: false
20:27:23.376 [FXGL Background Thread 3 ] DEBUG Engine               - isGameMenuEnabled: true
20:27:23.377 [FXGL Background Thread 3 ] DEBUG Engine               - isIOS: false
20:27:23.377 [FXGL Background Thread 3 ] DEBUG Engine               - isIntroEnabled: false
20:27:23.378 [FXGL Background Thread 3 ] DEBUG Engine               - isLinux: true
20:27:23.378 [FXGL Background Thread 3 ] DEBUG Engine               - isMac: false
20:27:23.379 [FXGL Background Thread 3 ] DEBUG Engine               - isMainMenuEnabled: true
20:27:23.380 [FXGL Background Thread 3 ] DEBUG Engine               - isManualResizeEnabled: false
20:27:23.380 [FXGL Background Thread 3 ] DEBUG Engine               - isMobile: false
20:27:23.381 [FXGL Background Thread 3 ] DEBUG Engine               - isPreserveResizeRatio: false
20:27:23.382 [FXGL Background Thread 3 ] DEBUG Engine               - isProfilingEnabled: false
20:27:23.383 [FXGL Background Thread 3 ] DEBUG Engine               - isSingleStep: false
20:27:23.384 [FXGL Background Thread 3 ] DEBUG Engine               - isUserProfileEnabled: false
20:27:23.384 [FXGL Background Thread 3 ] DEBUG Engine               - isWindows: false
20:27:23.385 [FXGL Background Thread 3 ] DEBUG Engine               - language: ObjectProperty [value: ENGLISH]
20:27:23.386 [FXGL Background Thread 3 ] DEBUG Engine               - menuKey: ESCAPE
20:27:23.387 [FXGL Background Thread 3 ] DEBUG Engine               - notificationViewClass: class com.almasb.fxgl.notification.view.XboxNotificationView
20:27:23.388 [FXGL Background Thread 3 ] DEBUG Engine               - pixelsPerMeter: 50.0
20:27:23.389 [FXGL Background Thread 3 ] DEBUG Engine               - platform: LINUX
20:27:23.389 [FXGL Background Thread 3 ] DEBUG Engine               - profileDir: profiles/
20:27:23.390 [FXGL Background Thread 3 ] DEBUG Engine               - profileName: StringProperty [value: DEFAULT]
20:27:23.390 [FXGL Background Thread 3 ] DEBUG Engine               - randomSeed: -1
20:27:23.391 [FXGL Background Thread 3 ] DEBUG Engine               - runtimeInfo: RuntimeInfo(platform=LINUX, version=11.11, build=08.09.2020 18.00)
20:27:23.392 [FXGL Background Thread 3 ] DEBUG Engine               - saveFileExt: sav
20:27:23.392 [FXGL Background Thread 3 ] DEBUG Engine               - sceneFactory: com.almasb.fxgl.app.scene.SceneFactory@4833822e
20:27:23.393 [FXGL Background Thread 3 ] DEBUG Engine               - secondsIn24h: 60
20:27:23.393 [FXGL Background Thread 3 ] DEBUG Engine               - soundMenuBack: menu/back.wav
20:27:23.394 [FXGL Background Thread 3 ] DEBUG Engine               - soundMenuPress: menu/press.wav
20:27:23.394 [FXGL Background Thread 3 ] DEBUG Engine               - soundMenuSelect: menu/select.wav
20:27:23.395 [FXGL Background Thread 3 ] DEBUG Engine               - soundNotification: core/notification.wav
20:27:23.396 [FXGL Background Thread 3 ] DEBUG Engine               - stageStyle: DECORATED
20:27:23.396 [FXGL Background Thread 3 ] DEBUG Engine               - supportedLanguages: [ENGLISH, FRENCH, GERMAN, HUNGARIAN, RUSSIAN]
20:27:23.397 [FXGL Background Thread 3 ] DEBUG Engine               - title: Color Switch 2
20:27:23.397 [FXGL Background Thread 3 ] DEBUG Engine               - urlGithub: https://github.com/AlmasB/FXGL
20:27:23.398 [FXGL Background Thread 3 ] DEBUG Engine               - urlLeaderboard: http://fxgl-top.herokuapp.com/
20:27:23.398 [FXGL Background Thread 3 ] DEBUG Engine               - urlPOM: https://raw.githubusercontent.com/AlmasB/FXGL/master/pom.xml
20:27:23.398 [FXGL Background Thread 3 ] DEBUG Engine               - version: 0.0
20:27:23.399 [FXGL Background Thread 3 ] DEBUG Engine               - versionCheckDays: 7
20:27:23.399 [FXGL Background Thread 3 ] DEBUG Engine               - width: 580
20:27:23.400 [FXGL Background Thread 3 ] DEBUG Engine               - Logging services
20:27:23.400 [FXGL Background Thread 3 ] DEBUG Engine               - class com.almasb.fxgl.app.FXGLApplication$GameApplicationService
20:27:23.401 [FXGL Background Thread 3 ] DEBUG Engine               - class com.almasb.fxgl.app.services.FXGLDialogService
20:27:23.401 [FXGL Background Thread 3 ] DEBUG Engine               - class com.almasb.fxgl.app.services.IOTaskExecutorService
20:27:23.402 [FXGL Background Thread 3 ] DEBUG Engine               - class com.almasb.fxgl.event.EventBusService
20:27:23.402 [FXGL Background Thread 3 ] DEBUG Engine               - class com.almasb.fxgl.io.FileSystemService
20:27:23.402 [FXGL Background Thread 3 ] DEBUG Engine               - class com.almasb.fxgl.localization.LocalizationService
20:27:23.403 [FXGL Background Thread 3 ] DEBUG Engine               - class com.almasb.fxgl.app.services.FXGLAssetLoaderService
20:27:23.403 [FXGL Background Thread 3 ] DEBUG Engine               - class com.almasb.fxgl.app.services.SystemBundleService
20:27:23.403 [FXGL Background Thread 3 ] DEBUG Engine               - class com.almasb.fxgl.profile.SaveLoadService
20:27:23.404 [FXGL Background Thread 3 ] DEBUG Engine               - class com.almasb.fxgl.ui.FXGLUIFactoryServiceProvider
20:27:23.404 [FXGL Background Thread 3 ] DEBUG Engine               - class com.almasb.fxgl.ui.FXGLDialogFactoryServiceProvider
20:27:23.405 [FXGL Background Thread 3 ] DEBUG Engine               - class com.almasb.fxgl.audio.AudioPlayer
20:27:23.405 [FXGL Background Thread 3 ] DEBUG Engine               - class com.almasb.fxgl.notification.impl.NotificationServiceProvider
20:27:23.405 [FXGL Background Thread 3 ] DEBUG Engine               - class com.almasb.fxgl.achievement.AchievementService
20:27:23.406 [FXGL Background Thread 3 ] DEBUG Engine               - class com.almasb.fxgl.cutscene.CutsceneService
20:27:23.406 [FXGL Background Thread 3 ] DEBUG Engine               - class com.almasb.fxgl.minigames.MiniGameService
20:27:23.406 [FXGL Background Thread 3 ] DEBUG Engine               - class com.almasb.fxgl.net.NetService
20:27:23.407 [FXGL Background Thread 3 ] DEBUG Engine               - class com.almasb.fxgl.app.services.UpdaterService
20:27:23.407 [FXGL Background Thread 3 ] DEBUG Engine               - class com.almasb.fxgl.dev.DevService
20:27:27.968 [JavaFX Application Thread] DEBUG FXGLApplication      - Exiting FXGL
20:27:27.969 [JavaFX Application Thread] DEBUG LoopRunner           - Stopping loop
20:27:27.970 [JavaFX Application Thread] DEBUG SystemBundleService  - Saving FXGL system data
20:27:27.980 [JavaFX Application Thread] DEBUG FileSystemAccess     - Writing to: /home/chintan/Downloads/game/system/fxgl.bundle
20:27:27.986 [JavaFX Application Thread] DEBUG Async                - Shutting down background threads
20:27:27.986 [JavaFX Application Thread] DEBUG MainWindow           - Closing main window
20:27:27.994 [JavaFX Application Thread] DEBUG Logger               - Closing Logger
