16:58:19.317 [main                     ] DEBUG Logger               - Configured Logger
16:58:19.339 [main                     ] DEBUG GameApplication      - Logging settings
Title: Color Switch 2
Version: 0.0
Width: 900
Height: 900
Fullscreen: false
Intro: false
Profiling: false
Single step:false
App Mode: DEVELOPER
Menu Key: ESCAPE
Stage Style: DECORATED
Scene Factory: class com.almasb.fxgl.app.scene.SceneFactory

16:58:19.585 [JavaFX Application Thread] DEBUG FXGLApplication      - Initializing FXGL
16:58:19.598 [JavaFX Application Thread] INFO  Engine               - FXGL-11.11 (08.09.2020 18.00) on WINDOWS (J:15.0.1 FX:15.0.1)
16:58:19.599 [JavaFX Application Thread] DEBUG Engine               - JRE Vendor Name: Oracle Corporation
16:58:19.599 [JavaFX Application Thread] DEBUG Engine               - Running on OS: Windows 10 version 10.0
16:58:19.599 [JavaFX Application Thread] DEBUG Engine               - Architecture: amd64
16:58:19.599 [JavaFX Application Thread] INFO  Engine               - Source code and latest versions at: https://github.com/AlmasB/FXGL
16:58:19.600 [JavaFX Application Thread] INFO  Engine               -              Join the FXGL chat at: https://gitter.im/AlmasB/FXGL
16:58:19.726 [JavaFX Application Thread] DEBUG MainWindow           - Creating a JavaFX scene
16:58:19.726 [JavaFX Application Thread] DEBUG MainWindow           - Target size > screen size
16:58:19.781 [JavaFX Application Thread] DEBUG MainWindow           - Target settings size: 900.0 x 900.0
16:58:19.782 [JavaFX Application Thread] DEBUG MainWindow           - Scaled scene size:    799.0 x 824.0
16:58:19.782 [JavaFX Application Thread] DEBUG MainWindow           - Scaled ratio: (0.8877777777777778, 0.9155555555555556)
16:58:19.784 [JavaFX Application Thread] DEBUG MainWindow           - Set initial scene to StartupScene
16:58:19.794 [JavaFX Application Thread] DEBUG MainWindow           - Opening main window
16:58:19.900 [JavaFX Application Thread] DEBUG MainWindow           - Window border size: (14.5999755859375, 37.5999755859375)
16:58:19.900 [JavaFX Application Thread] DEBUG MainWindow           - Scaled size: 799.0 x 824.0
16:58:19.900 [JavaFX Application Thread] DEBUG MainWindow           - Scaled ratio: (0.8877777777777778, 0.9155555555555556)
16:58:19.901 [JavaFX Application Thread] DEBUG MainWindow           - Scene size: 799.0 x 824.0
16:58:19.901 [JavaFX Application Thread] DEBUG MainWindow           - Stage size: 813.5999755859375 x 861.5999755859375
16:58:19.915 [FXGL Background Thread 1 ] DEBUG Engine               - Initializing environment variables
16:58:19.959 [FXGL Background Thread 1 ] DEBUG GameApplicationServi - Applying CSS: fxgl_dark.css
16:58:19.960 [FXGL Background Thread 1 ] DEBUG FXGLAssetLoaderServi - Loading from file system: /assets/ui/css/fxgl_dark.css
16:58:20.029 [FXGL Background Thread 1 ] DEBUG GameApplicationServi - Initializing application scenes
16:58:20.078 [FXGL Background Thread 1 ] DEBUG GameWorld            - Game world initialized
16:58:20.206 [FXGL Background Thread 1 ] DEBUG PhysicsWorld         - Physics world initialized: appHeight=900, physics.ppm=50.0
16:58:20.209 [FXGL Background Thread 1 ] DEBUG GameScene            - Game scene initialized: 900x900
16:58:20.263 [FXGL Background Thread 1 ] DEBUG FXGLAssetLoaderServi - Loading from file system: /assets/textures/particles/trace_horizontal.png
16:58:20.349 [FXGL Background Thread 1 ] DEBUG FXGL.DefaultMenu     - createMenuBodyMainMenu()
16:58:20.366 [FXGL Background Thread 1 ] DEBUG FXGL.DefaultMenu     - createOptionsMenu()
16:58:20.372 [FXGL Background Thread 1 ] DEBUG FXGLAssetLoaderServi - Loading from file system: /assets/textures/particles/smoke.png
16:58:20.448 [FXGL Background Thread 1 ] DEBUG FXGLAssetLoaderServi - Loading from cache: /assets/textures/particles/trace_horizontal.png@64.0x64.0
16:58:20.449 [FXGL Background Thread 1 ] DEBUG FXGL.DefaultMenu     - createMenuBodyGameMenu()
16:58:20.453 [FXGL Background Thread 1 ] DEBUG FXGL.DefaultMenu     - createOptionsMenu()
16:58:20.456 [FXGL Background Thread 1 ] DEBUG FXGLAssetLoaderServi - Loading from cache: /assets/textures/particles/smoke.png@128.0x128.0
16:58:20.474 [FXGL Background Thread 1 ] DEBUG GameApplicationServi - Application scenes initialized
16:58:20.487 [FXGL Background Thread 1 ] DEBUG SystemBundleService  - Loading FXGL system data
16:58:20.492 [FXGL Background Thread 1 ] DEBUG FileSystemAccess     - Reading from: C:\Users\SNEH SUMAN\Documents\GitHub\game\system\fxgl.bundle
16:58:20.500 [FXGL Background Thread 1 ] DEBUG SystemBundleService  - Bundle FXGL: {}
16:58:20.500 [FXGL Background Thread 1 ] DEBUG UpdaterService       - Checking for updates
16:58:20.507 [FXGL Background Thread 4 ] DEBUG FXGLApplication      - Loading fonts
16:58:20.507 [FXGL Background Thread 1 ] DEBUG FXGLApplication      - Loading default localization
16:58:20.507 [FXGL Background Thread 4 ] DEBUG FXGLAssetLoaderServi - Loading from file system: /assets/ui/fonts/VarelaRound-Regular.ttf
16:58:20.507 [FXGL Background Thread 1 ] DEBUG FXGLAssetLoaderServi - Loading from file system: /assets/languages/english.lang
16:58:20.525 [FXGL Background Thread 1 ] INFO  FXGLApplication      - FXGL initialization took: 0.610 sec
16:58:20.536 [JavaFX Application Thread] DEBUG Input                - Registered new binding: Up - W
16:58:20.538 [JavaFX Application Thread] DEBUG Input                - Registered new binding: action0 - F
16:58:20.538 [JavaFX Application Thread] DEBUG FXGLAssetLoaderServi - Loading from file system: /assets/textures/fxgl_icon.png
16:58:20.571 [JavaFX Application Thread] DEBUG FXGLAssetLoaderServi - Loading from file system: /assets/ui/cursors/fxgl_default.png
16:58:20.574 [JavaFX Application Thread] DEBUG Input                - Registered new binding: Screenshot - P
16:58:20.576 [JavaFX Application Thread] DEBUG Input                - Registered new binding: System info dump - CTRL+9
16:58:20.576 [JavaFX Application Thread] DEBUG Input                - Registered new binding: Restart - CTRL+R
16:58:20.578 [JavaFX Application Thread] DEBUG Input                - Registered new binding: Toggle Debug Camera - CTRL+C
16:58:20.581 [JavaFX Application Thread] DEBUG LoopRunner           - Starting loop
16:58:20.584 [JavaFX Application Thread] DEBUG Input                - Clearing active input actions
16:58:20.598 [JavaFX Application Thread] DEBUG GameApplicationServi - Removing overlay from StartupScene and adding to FXGLMainMenuDummyScene
16:58:20.598 [JavaFX Application Thread] DEBUG MainWindow           - StartupScene -> FXGLMainMenuDummyScene
16:58:20.599 [JavaFX Application Thread] DEBUG MainWindow           - Push state: FXGLDefaultMenu
16:58:20.606 [JavaFX Application Thread] DEBUG Input                - Clearing active input actions
16:58:20.607 [FXGL Background Thread 4 ] DEBUG FXGLAssetLoaderServi - Loading from file system: /assets/ui/fonts/Abel-Regular.ttf
16:58:20.612 [FXGL Background Thread 4 ] DEBUG FXGLAssetLoaderServi - Loading from file system: /assets/ui/fonts/lucida_console.ttf
16:58:20.615 [JavaFX Application Thread] DEBUG GameApplicationServi - Removing overlay from FXGLMainMenuDummyScene and adding to FXGLDefaultMenu
16:58:20.616 [JavaFX Application Thread] DEBUG MainWindow           - FXGLMainMenuDummyScene -> FXGLDefaultMenu
16:58:20.619 [FXGL Background Thread 4 ] DEBUG FXGLAssetLoaderServi - Loading from file system: /assets/ui/fonts/Courier-Prime.ttf
16:58:20.706 [JavaFX Application Thread] DEBUG FXGLApplication      - Registering font factories with UI factory
16:58:21.208 [FXGL Background Thread 2 ] INFO  UpdaterService       - Your current version:  11.11
16:58:21.208 [FXGL Background Thread 2 ] INFO  UpdaterService       - Latest stable version: dev-SNAPSHOT
16:58:22.484 [JavaFX Application Thread] DEBUG Menu                 - fireNewGame()
16:58:22.484 [JavaFX Application Thread] DEBUG GameApplicationServi - Starting new game
16:58:22.486 [JavaFX Application Thread] DEBUG MainWindow           - Pop state: FXGLDefaultMenu
16:58:22.487 [JavaFX Application Thread] DEBUG Input                - Clearing active input actions
16:58:22.489 [JavaFX Application Thread] DEBUG GameApplicationServi - Removing overlay from FXGLDefaultMenu and adding to FXGLMainMenuDummyScene
16:58:22.495 [JavaFX Application Thread] DEBUG MainWindow           - FXGLMainMenuDummyScene <- FXGLDefaultMenu
16:58:22.496 [JavaFX Application Thread] DEBUG Input                - Clearing active input actions
16:58:22.507 [JavaFX Application Thread] DEBUG GameApplicationServi - Removing overlay from FXGLMainMenuDummyScene and adding to FXGLLoadingScene
16:58:22.507 [JavaFX Application Thread] DEBUG MainWindow           - FXGLMainMenuDummyScene -> FXGLLoadingScene
16:58:22.507 [JavaFX Application Thread] DEBUG GameApplicationServi - Clearing previous game
16:58:22.508 [JavaFX Application Thread] DEBUG GameScene            - Clearing game scene
16:58:22.508 [JavaFX Application Thread] DEBUG GameWorld            - Clearing game world
16:58:22.508 [JavaFX Application Thread] DEBUG PhysicsWorld         - Clearing physics world
16:58:22.510 [FXGL Background Thread 2 ] DEBUG FXGLApplication      - Initializing game
16:58:22.551 [FXGL Background Thread 2 ] INFO  FXGLApplication      - Game initialization took: 0.041 sec
16:58:22.554 [JavaFX Application Thread] DEBUG Input                - Clearing active input actions
16:58:22.564 [JavaFX Application Thread] DEBUG GameApplicationServi - Removing overlay from FXGLLoadingScene and adding to GameScene
16:58:22.564 [JavaFX Application Thread] DEBUG MainWindow           - FXGLLoadingScene -> GameScene
16:58:23.505 [FXGL Background Thread 3 ] DEBUG Engine               - Logging environment variables
16:58:23.505 [FXGL Background Thread 3 ] DEBUG Engine               - achievements: []
16:58:23.505 [FXGL Background Thread 3 ] DEBUG Engine               - appIcon: fxgl_icon.png
16:58:23.506 [FXGL Background Thread 3 ] DEBUG Engine               - applicationMode: DEVELOPER
16:58:23.506 [FXGL Background Thread 3 ] DEBUG Engine               - cSSList: [fxgl_dark.css]
16:58:23.506 [FXGL Background Thread 3 ] DEBUG Engine               - configClass: Optional.empty
16:58:23.506 [FXGL Background Thread 3 ] DEBUG Engine               - credits: []
16:58:23.506 [FXGL Background Thread 3 ] DEBUG Engine               - devBBoxColorProperty: ObjectProperty [value: 0xff0000ff]
16:58:23.507 [FXGL Background Thread 3 ] DEBUG Engine               - devEnableDebugCameraProperty: BooleanProperty [value: false]
16:58:23.507 [FXGL Background Thread 3 ] DEBUG Engine               - devSensorColorProperty: ObjectProperty [value: 0xffff00ff]
16:58:23.507 [FXGL Background Thread 3 ] DEBUG Engine               - devShowBBoxProperty: BooleanProperty [value: false]
16:58:23.507 [FXGL Background Thread 3 ] DEBUG Engine               - devShowPositionProperty: BooleanProperty [value: false]
16:58:23.507 [FXGL Background Thread 3 ] DEBUG Engine               - enabledMenuItems: []
16:58:23.507 [FXGL Background Thread 3 ] DEBUG Engine               - engineServices: [class com.almasb.fxgl.app.FXGLApplication$GameApplicationService, class com.almasb.fxgl.app.services.FXGLDialogService, class com.almasb.fxgl.app.services.IOTaskExecutorService, class com.almasb.fxgl.event.EventBusService, class com.almasb.fxgl.io.FileSystemService, class com.almasb.fxgl.localization.LocalizationService, class com.almasb.fxgl.app.services.FXGLAssetLoaderService, class com.almasb.fxgl.app.services.SystemBundleService, class com.almasb.fxgl.profile.SaveLoadService, class com.almasb.fxgl.ui.FXGLUIFactoryServiceProvider, class com.almasb.fxgl.ui.FXGLDialogFactoryServiceProvider, class com.almasb.fxgl.audio.AudioPlayer, class com.almasb.fxgl.notification.impl.NotificationServiceProvider, class com.almasb.fxgl.achievement.AchievementService, class com.almasb.fxgl.cutscene.CutsceneService, class com.almasb.fxgl.minigames.MiniGameService, class com.almasb.fxgl.net.NetService, class com.almasb.fxgl.app.services.UpdaterService, class com.almasb.fxgl.dev.DevService]
16:58:23.508 [FXGL Background Thread 3 ] DEBUG Engine               - fontGame: Abel-Regular.ttf
16:58:23.508 [FXGL Background Thread 3 ] DEBUG Engine               - fontMono: lucida_console.ttf
16:58:23.508 [FXGL Background Thread 3 ] DEBUG Engine               - fontText: Courier-Prime.ttf
16:58:23.508 [FXGL Background Thread 3 ] DEBUG Engine               - fontUI: VarelaRound-Regular.ttf
16:58:23.508 [FXGL Background Thread 3 ] DEBUG Engine               - fullScreen: BooleanProperty [value: false]
16:58:23.508 [FXGL Background Thread 3 ] DEBUG Engine               - gameDifficulty: MEDIUM
16:58:23.509 [FXGL Background Thread 3 ] DEBUG Engine               - gameDifficultyProperty: ObjectProperty [value: MEDIUM]
16:58:23.509 [FXGL Background Thread 3 ] DEBUG Engine               - globalMusicVolume: 0.5
16:58:23.509 [FXGL Background Thread 3 ] DEBUG Engine               - globalMusicVolumeProperty: DoubleProperty [value: 0.5]
16:58:23.509 [FXGL Background Thread 3 ] DEBUG Engine               - globalSoundVolume: 0.5
16:58:23.509 [FXGL Background Thread 3 ] DEBUG Engine               - globalSoundVolumeProperty: DoubleProperty [value: 0.5]
16:58:23.509 [FXGL Background Thread 3 ] DEBUG Engine               - height: 900
16:58:23.509 [FXGL Background Thread 3 ] DEBUG Engine               - isAndroid: false
16:58:23.509 [FXGL Background Thread 3 ] DEBUG Engine               - isBrowser: false
16:58:23.510 [FXGL Background Thread 3 ] DEBUG Engine               - isClickFeedbackEnabled: false
16:58:23.510 [FXGL Background Thread 3 ] DEBUG Engine               - isCloseConfirmation: false
16:58:23.510 [FXGL Background Thread 3 ] DEBUG Engine               - isDesktop: true
16:58:23.510 [FXGL Background Thread 3 ] DEBUG Engine               - isDeveloperMenuEnabled: false
16:58:23.510 [FXGL Background Thread 3 ] DEBUG Engine               - isEntityPreloadEnabled: true
16:58:23.510 [FXGL Background Thread 3 ] DEBUG Engine               - isExperimentalNative: false
16:58:23.510 [FXGL Background Thread 3 ] DEBUG Engine               - isExperimentalTiledLargeMap: false
16:58:23.511 [FXGL Background Thread 3 ] DEBUG Engine               - isFileSystemWriteAllowed: true
16:58:23.511 [FXGL Background Thread 3 ] DEBUG Engine               - isFullScreenAllowed: false
16:58:23.511 [FXGL Background Thread 3 ] DEBUG Engine               - isFullScreenFromStart: false
16:58:23.511 [FXGL Background Thread 3 ] DEBUG Engine               - isGameMenuEnabled: true
16:58:23.511 [FXGL Background Thread 3 ] DEBUG Engine               - isIOS: false
16:58:23.511 [FXGL Background Thread 3 ] DEBUG Engine               - isIntroEnabled: false
16:58:23.511 [FXGL Background Thread 3 ] DEBUG Engine               - isLinux: false
16:58:23.511 [FXGL Background Thread 3 ] DEBUG Engine               - isMac: false
16:58:23.511 [FXGL Background Thread 3 ] DEBUG Engine               - isMainMenuEnabled: true
16:58:23.511 [FXGL Background Thread 3 ] DEBUG Engine               - isManualResizeEnabled: false
16:58:23.512 [FXGL Background Thread 3 ] DEBUG Engine               - isMobile: false
16:58:23.512 [FXGL Background Thread 3 ] DEBUG Engine               - isPreserveResizeRatio: false
16:58:23.512 [FXGL Background Thread 3 ] DEBUG Engine               - isProfilingEnabled: false
16:58:23.512 [FXGL Background Thread 3 ] DEBUG Engine               - isSingleStep: false
16:58:23.512 [FXGL Background Thread 3 ] DEBUG Engine               - isUserProfileEnabled: false
16:58:23.512 [FXGL Background Thread 3 ] DEBUG Engine               - isWindows: true
16:58:23.512 [FXGL Background Thread 3 ] DEBUG Engine               - language: ObjectProperty [value: ENGLISH]
16:58:23.513 [FXGL Background Thread 3 ] DEBUG Engine               - menuKey: ESCAPE
16:58:23.513 [FXGL Background Thread 3 ] DEBUG Engine               - notificationViewClass: class com.almasb.fxgl.notification.view.XboxNotificationView
16:58:23.513 [FXGL Background Thread 3 ] DEBUG Engine               - pixelsPerMeter: 50.0
16:58:23.513 [FXGL Background Thread 3 ] DEBUG Engine               - platform: WINDOWS
16:58:23.513 [FXGL Background Thread 3 ] DEBUG Engine               - profileDir: profiles/
16:58:23.513 [FXGL Background Thread 3 ] DEBUG Engine               - profileName: StringProperty [value: DEFAULT]
16:58:23.513 [FXGL Background Thread 3 ] DEBUG Engine               - randomSeed: -1
16:58:23.513 [FXGL Background Thread 3 ] DEBUG Engine               - runtimeInfo: RuntimeInfo(platform=WINDOWS, version=11.11, build=08.09.2020 18.00)
16:58:23.513 [FXGL Background Thread 3 ] DEBUG Engine               - saveFileExt: sav
16:58:23.513 [FXGL Background Thread 3 ] DEBUG Engine               - sceneFactory: com.almasb.fxgl.app.scene.SceneFactory@6965e1fe
16:58:23.514 [FXGL Background Thread 3 ] DEBUG Engine               - secondsIn24h: 60
16:58:23.514 [FXGL Background Thread 3 ] DEBUG Engine               - soundMenuBack: menu/back.wav
16:58:23.514 [FXGL Background Thread 3 ] DEBUG Engine               - soundMenuPress: menu/press.wav
16:58:23.514 [FXGL Background Thread 3 ] DEBUG Engine               - soundMenuSelect: menu/select.wav
16:58:23.514 [FXGL Background Thread 3 ] DEBUG Engine               - soundNotification: core/notification.wav
16:58:23.514 [FXGL Background Thread 3 ] DEBUG Engine               - stageStyle: DECORATED
16:58:23.514 [FXGL Background Thread 3 ] DEBUG Engine               - supportedLanguages: [ENGLISH, FRENCH, GERMAN, HUNGARIAN, RUSSIAN]
16:58:23.514 [FXGL Background Thread 3 ] DEBUG Engine               - title: Color Switch 2
16:58:23.515 [FXGL Background Thread 3 ] DEBUG Engine               - urlGithub: https://github.com/AlmasB/FXGL
16:58:23.515 [FXGL Background Thread 3 ] DEBUG Engine               - urlLeaderboard: http://fxgl-top.herokuapp.com/
16:58:23.515 [FXGL Background Thread 3 ] DEBUG Engine               - urlPOM: https://raw.githubusercontent.com/AlmasB/FXGL/master/pom.xml
16:58:23.515 [FXGL Background Thread 3 ] DEBUG Engine               - version: 0.0
16:58:23.515 [FXGL Background Thread 3 ] DEBUG Engine               - versionCheckDays: 7
16:58:23.515 [FXGL Background Thread 3 ] DEBUG Engine               - width: 900
16:58:23.515 [FXGL Background Thread 3 ] DEBUG Engine               - Logging services
16:58:23.515 [FXGL Background Thread 3 ] DEBUG Engine               - class com.almasb.fxgl.app.FXGLApplication$GameApplicationService
16:58:23.515 [FXGL Background Thread 3 ] DEBUG Engine               - class com.almasb.fxgl.app.services.FXGLDialogService
16:58:23.516 [FXGL Background Thread 3 ] DEBUG Engine               - class com.almasb.fxgl.app.services.IOTaskExecutorService
16:58:23.516 [FXGL Background Thread 3 ] DEBUG Engine               - class com.almasb.fxgl.event.EventBusService
16:58:23.516 [FXGL Background Thread 3 ] DEBUG Engine               - class com.almasb.fxgl.io.FileSystemService
16:58:23.516 [FXGL Background Thread 3 ] DEBUG Engine               - class com.almasb.fxgl.localization.LocalizationService
16:58:23.516 [FXGL Background Thread 3 ] DEBUG Engine               - class com.almasb.fxgl.app.services.FXGLAssetLoaderService
16:58:23.516 [FXGL Background Thread 3 ] DEBUG Engine               - class com.almasb.fxgl.app.services.SystemBundleService
16:58:23.517 [FXGL Background Thread 3 ] DEBUG Engine               - class com.almasb.fxgl.profile.SaveLoadService
16:58:23.517 [FXGL Background Thread 3 ] DEBUG Engine               - class com.almasb.fxgl.ui.FXGLUIFactoryServiceProvider
16:58:23.517 [FXGL Background Thread 3 ] DEBUG Engine               - class com.almasb.fxgl.ui.FXGLDialogFactoryServiceProvider
16:58:23.517 [FXGL Background Thread 3 ] DEBUG Engine               - class com.almasb.fxgl.audio.AudioPlayer
16:58:23.517 [FXGL Background Thread 3 ] DEBUG Engine               - class com.almasb.fxgl.notification.impl.NotificationServiceProvider
16:58:23.517 [FXGL Background Thread 3 ] DEBUG Engine               - class com.almasb.fxgl.achievement.AchievementService
16:58:23.517 [FXGL Background Thread 3 ] DEBUG Engine               - class com.almasb.fxgl.cutscene.CutsceneService
16:58:23.518 [FXGL Background Thread 3 ] DEBUG Engine               - class com.almasb.fxgl.minigames.MiniGameService
16:58:23.518 [FXGL Background Thread 3 ] DEBUG Engine               - class com.almasb.fxgl.net.NetService
16:58:23.518 [FXGL Background Thread 3 ] DEBUG Engine               - class com.almasb.fxgl.app.services.UpdaterService
16:58:23.518 [FXGL Background Thread 3 ] DEBUG Engine               - class com.almasb.fxgl.dev.DevService
16:58:31.922 [JavaFX Application Thread] DEBUG FXGLApplication      - Exiting FXGL
16:58:31.922 [JavaFX Application Thread] DEBUG LoopRunner           - Stopping loop
16:58:31.923 [JavaFX Application Thread] DEBUG SystemBundleService  - Saving FXGL system data
16:58:31.928 [JavaFX Application Thread] DEBUG FileSystemAccess     - Writing to: C:\Users\SNEH SUMAN\Documents\GitHub\game\system\fxgl.bundle
16:58:31.931 [JavaFX Application Thread] DEBUG Async                - Shutting down background threads
16:58:31.932 [JavaFX Application Thread] DEBUG MainWindow           - Closing main window
16:58:31.948 [JavaFX Application Thread] DEBUG Logger               - Closing Logger
