20:26:56.969 [main                     ] DEBUG Logger               - Configured Logger
20:26:56.990 [main                     ] DEBUG GameApplication      - Logging settings
Title: Color Switch 2
Version: 0.0
Width: 580
Height: 720
Fullscreen: false
Intro: false
Profiling: false
Single step:false
App Mode: DEVELOPER
Menu Key: ESCAPE
Stage Style: DECORATED
Scene Factory: class com.almasb.fxgl.app.scene.SceneFactory

20:26:57.464 [JavaFX Application Thread] DEBUG FXGLApplication      - Initializing FXGL
20:26:57.474 [JavaFX Application Thread] INFO  Engine               - FXGL-11.11 (08.09.2020 18.00) on LINUX (J:15.0.1 FX:14)
20:26:57.475 [JavaFX Application Thread] DEBUG Engine               - JRE Vendor Name: Oracle Corporation
20:26:57.475 [JavaFX Application Thread] DEBUG Engine               - Running on OS: Linux version 5.4.0-58-generic
20:26:57.476 [JavaFX Application Thread] DEBUG Engine               - Architecture: amd64
20:26:57.476 [JavaFX Application Thread] INFO  Engine               - Source code and latest versions at: https://github.com/AlmasB/FXGL
20:26:57.477 [JavaFX Application Thread] INFO  Engine               -              Join the FXGL chat at: https://gitter.im/AlmasB/FXGL
20:26:57.614 [JavaFX Application Thread] DEBUG MainWindow           - Creating a JavaFX scene
20:26:57.728 [JavaFX Application Thread] DEBUG MainWindow           - Target settings size: 580.0 x 720.0
20:26:57.729 [JavaFX Application Thread] DEBUG MainWindow           - Scaled scene size:    580.0 x 720.0
20:26:57.729 [JavaFX Application Thread] DEBUG MainWindow           - Scaled ratio: (1.0, 1.0)
20:26:57.731 [JavaFX Application Thread] DEBUG MainWindow           - Set initial scene to StartupScene
20:26:57.739 [JavaFX Application Thread] DEBUG MainWindow           - Opening main window
20:26:57.838 [JavaFX Application Thread] DEBUG MainWindow           - Window border size: (2.0, 29.0)
20:26:57.839 [JavaFX Application Thread] DEBUG MainWindow           - Scaled size: 580.0 x 720.0
20:26:57.839 [JavaFX Application Thread] DEBUG MainWindow           - Scaled ratio: (1.0, 1.0)
20:26:57.839 [JavaFX Application Thread] DEBUG MainWindow           - Scene size: 580.0 x 720.0
20:26:57.840 [JavaFX Application Thread] DEBUG MainWindow           - Stage size: 582.0 x 749.0
20:26:57.856 [FXGL Background Thread 1 ] DEBUG Engine               - Initializing environment variables
20:26:57.927 [FXGL Background Thread 1 ] DEBUG GameApplicationServi - Applying CSS: fxgl_dark.css
20:26:57.928 [FXGL Background Thread 1 ] DEBUG FXGLAssetLoaderServi - Loading from file system: /assets/ui/css/fxgl_dark.css
20:26:58.024 [FXGL Background Thread 1 ] DEBUG GameApplicationServi - Initializing application scenes
20:26:58.127 [FXGL Background Thread 1 ] DEBUG GameWorld            - Game world initialized
20:26:58.205 [FXGL Background Thread 1 ] DEBUG PhysicsWorld         - Physics world initialized: appHeight=720, physics.ppm=50.0
20:26:58.208 [FXGL Background Thread 1 ] DEBUG GameScene            - Game scene initialized: 580x720
20:26:58.244 [FXGL Background Thread 1 ] DEBUG FXGLAssetLoaderServi - Loading from file system: /assets/textures/particles/trace_horizontal.png
20:26:58.329 [FXGL Background Thread 1 ] WARN  FXGL.DefaultMenu     - FXGLDefaultMenu is not designed for resolutions < 800x600
20:26:58.330 [FXGL Background Thread 1 ] DEBUG FXGL.DefaultMenu     - createMenuBodyMainMenu()
20:26:58.347 [FXGL Background Thread 1 ] DEBUG FXGL.DefaultMenu     - createOptionsMenu()
20:26:58.355 [FXGL Background Thread 1 ] DEBUG FXGLAssetLoaderServi - Loading from file system: /assets/textures/particles/smoke.png
20:26:58.473 [FXGL Background Thread 1 ] DEBUG FXGLAssetLoaderServi - Loading from cache: /assets/textures/particles/trace_horizontal.png@64.0x64.0
20:26:58.474 [FXGL Background Thread 1 ] WARN  FXGL.DefaultMenu     - FXGLDefaultMenu is not designed for resolutions < 800x600
20:26:58.475 [FXGL Background Thread 1 ] DEBUG FXGL.DefaultMenu     - createMenuBodyGameMenu()
20:26:58.478 [FXGL Background Thread 1 ] DEBUG FXGL.DefaultMenu     - createOptionsMenu()
20:26:58.483 [FXGL Background Thread 1 ] DEBUG FXGLAssetLoaderServi - Loading from cache: /assets/textures/particles/smoke.png@128.0x128.0
20:26:58.524 [FXGL Background Thread 1 ] DEBUG GameApplicationServi - Application scenes initialized
20:26:58.543 [FXGL Background Thread 1 ] DEBUG SystemBundleService  - Loading FXGL system data
20:26:58.548 [FXGL Background Thread 1 ] DEBUG FileSystemAccess     - Reading from: /home/chintan/Downloads/game/system/fxgl.bundle
20:26:58.562 [FXGL Background Thread 1 ] DEBUG SystemBundleService  - Bundle FXGL: {}
20:26:58.563 [FXGL Background Thread 1 ] DEBUG UpdaterService       - Checking for updates
20:26:58.578 [FXGL Background Thread 4 ] DEBUG FXGLApplication      - Loading fonts
20:26:58.578 [FXGL Background Thread 4 ] DEBUG FXGLAssetLoaderServi - Loading from file system: /assets/ui/fonts/VarelaRound-Regular.ttf
20:26:58.581 [FXGL Background Thread 1 ] DEBUG FXGLApplication      - Loading default localization
20:26:58.582 [FXGL Background Thread 1 ] DEBUG FXGLAssetLoaderServi - Loading from file system: /assets/languages/english.lang
20:26:58.593 [FXGL Background Thread 4 ] DEBUG FXGLAssetLoaderServi - Loading from file system: /assets/ui/fonts/Abel-Regular.ttf
20:26:58.595 [FXGL Background Thread 4 ] DEBUG FXGLAssetLoaderServi - Loading from file system: /assets/ui/fonts/lucida_console.ttf
20:26:58.606 [FXGL Background Thread 1 ] INFO  FXGLApplication      - FXGL initialization took: 0.749 sec
20:26:58.606 [FXGL Background Thread 4 ] DEBUG FXGLAssetLoaderServi - Loading from file system: /assets/ui/fonts/Courier-Prime.ttf
20:26:58.615 [JavaFX Application Thread] DEBUG Input                - Registered new binding: Up - W
20:26:58.615 [JavaFX Application Thread] DEBUG FXGLAssetLoaderServi - Loading from file system: /assets/textures/fxgl_icon.png
20:26:58.647 [JavaFX Application Thread] DEBUG FXGLAssetLoaderServi - Loading from file system: /assets/ui/cursors/fxgl_default.png
20:26:58.658 [JavaFX Application Thread] DEBUG Input                - Registered new binding: Screenshot - P
20:26:58.659 [JavaFX Application Thread] DEBUG Input                - Registered new binding: System info dump - CTRL+9
20:26:58.659 [JavaFX Application Thread] DEBUG Input                - Registered new binding: Restart - CTRL+R
20:26:58.660 [JavaFX Application Thread] DEBUG Input                - Registered new binding: Toggle Debug Camera - CTRL+C
20:26:58.663 [JavaFX Application Thread] DEBUG LoopRunner           - Starting loop
20:26:58.674 [JavaFX Application Thread] DEBUG Input                - Clearing active input actions
20:26:58.695 [JavaFX Application Thread] DEBUG GameApplicationServi - Removing overlay from StartupScene and adding to FXGLMainMenuDummyScene
20:26:58.695 [JavaFX Application Thread] DEBUG MainWindow           - StartupScene -> FXGLMainMenuDummyScene
20:26:58.696 [JavaFX Application Thread] DEBUG MainWindow           - Push state: FXGLDefaultMenu
20:26:58.710 [JavaFX Application Thread] DEBUG Input                - Clearing active input actions
20:26:58.727 [JavaFX Application Thread] DEBUG GameApplicationServi - Removing overlay from FXGLMainMenuDummyScene and adding to FXGLDefaultMenu
20:26:58.733 [JavaFX Application Thread] DEBUG MainWindow           - FXGLMainMenuDummyScene -> FXGLDefaultMenu
20:26:58.736 [JavaFX Application Thread] DEBUG FXGLApplication      - Registering font factories with UI factory
20:26:59.222 [FXGL Background Thread 2 ] INFO  UpdaterService       - Your current version:  11.11
20:26:59.223 [FXGL Background Thread 2 ] INFO  UpdaterService       - Latest stable version: dev-SNAPSHOT
20:26:59.545 [JavaFX Application Thread] DEBUG Menu                 - fireNewGame()
20:26:59.545 [JavaFX Application Thread] DEBUG GameApplicationServi - Starting new game
20:26:59.551 [JavaFX Application Thread] DEBUG MainWindow           - Pop state: FXGLDefaultMenu
20:26:59.552 [JavaFX Application Thread] DEBUG Input                - Clearing active input actions
20:26:59.553 [JavaFX Application Thread] DEBUG GameApplicationServi - Removing overlay from FXGLDefaultMenu and adding to FXGLMainMenuDummyScene
20:26:59.553 [JavaFX Application Thread] DEBUG MainWindow           - FXGLMainMenuDummyScene <- FXGLDefaultMenu
20:26:59.554 [JavaFX Application Thread] DEBUG Input                - Clearing active input actions
20:26:59.563 [JavaFX Application Thread] DEBUG GameApplicationServi - Removing overlay from FXGLMainMenuDummyScene and adding to FXGLLoadingScene
20:26:59.564 [JavaFX Application Thread] DEBUG MainWindow           - FXGLMainMenuDummyScene -> FXGLLoadingScene
20:26:59.564 [JavaFX Application Thread] DEBUG GameApplicationServi - Clearing previous game
20:26:59.564 [JavaFX Application Thread] DEBUG GameScene            - Clearing game scene
20:26:59.565 [JavaFX Application Thread] DEBUG GameWorld            - Clearing game world
20:26:59.565 [JavaFX Application Thread] DEBUG PhysicsWorld         - Clearing physics world
20:26:59.567 [FXGL Background Thread 2 ] DEBUG FXGLApplication      - Initializing game
20:26:59.611 [FXGL Background Thread 2 ] INFO  FXGLApplication      - Game initialization took: 0.043 sec
20:26:59.626 [JavaFX Application Thread] DEBUG Input                - Clearing active input actions
20:26:59.636 [JavaFX Application Thread] DEBUG GameApplicationServi - Removing overlay from FXGLLoadingScene and adding to GameScene
20:26:59.637 [JavaFX Application Thread] DEBUG MainWindow           - FXGLLoadingScene -> GameScene
20:27:01.574 [FXGL Background Thread 3 ] DEBUG Engine               - Logging environment variables
20:27:01.576 [FXGL Background Thread 3 ] DEBUG Engine               - achievements: []
20:27:01.576 [FXGL Background Thread 3 ] DEBUG Engine               - appIcon: fxgl_icon.png
20:27:01.576 [FXGL Background Thread 3 ] DEBUG Engine               - applicationMode: DEVELOPER
20:27:01.577 [FXGL Background Thread 3 ] DEBUG Engine               - cSSList: [fxgl_dark.css]
20:27:01.577 [FXGL Background Thread 3 ] DEBUG Engine               - configClass: Optional.empty
20:27:01.577 [FXGL Background Thread 3 ] DEBUG Engine               - credits: []
20:27:01.578 [FXGL Background Thread 3 ] DEBUG Engine               - devBBoxColorProperty: ObjectProperty [value: 0xff0000ff]
20:27:01.578 [FXGL Background Thread 3 ] DEBUG Engine               - devEnableDebugCameraProperty: BooleanProperty [value: false]
20:27:01.579 [FXGL Background Thread 3 ] DEBUG Engine               - devSensorColorProperty: ObjectProperty [value: 0xffff00ff]
20:27:01.579 [FXGL Background Thread 3 ] DEBUG Engine               - devShowBBoxProperty: BooleanProperty [value: false]
20:27:01.579 [FXGL Background Thread 3 ] DEBUG Engine               - devShowPositionProperty: BooleanProperty [value: false]
20:27:01.579 [FXGL Background Thread 3 ] DEBUG Engine               - enabledMenuItems: []
20:27:01.580 [FXGL Background Thread 3 ] DEBUG Engine               - engineServices: [class com.almasb.fxgl.app.FXGLApplication$GameApplicationService, class com.almasb.fxgl.app.services.FXGLDialogService, class com.almasb.fxgl.app.services.IOTaskExecutorService, class com.almasb.fxgl.event.EventBusService, class com.almasb.fxgl.io.FileSystemService, class com.almasb.fxgl.localization.LocalizationService, class com.almasb.fxgl.app.services.FXGLAssetLoaderService, class com.almasb.fxgl.app.services.SystemBundleService, class com.almasb.fxgl.profile.SaveLoadService, class com.almasb.fxgl.ui.FXGLUIFactoryServiceProvider, class com.almasb.fxgl.ui.FXGLDialogFactoryServiceProvider, class com.almasb.fxgl.audio.AudioPlayer, class com.almasb.fxgl.notification.impl.NotificationServiceProvider, class com.almasb.fxgl.achievement.AchievementService, class com.almasb.fxgl.cutscene.CutsceneService, class com.almasb.fxgl.minigames.MiniGameService, class com.almasb.fxgl.net.NetService, class com.almasb.fxgl.app.services.UpdaterService, class com.almasb.fxgl.dev.DevService]
20:27:01.581 [FXGL Background Thread 3 ] DEBUG Engine               - fontGame: Abel-Regular.ttf
20:27:01.581 [FXGL Background Thread 3 ] DEBUG Engine               - fontMono: lucida_console.ttf
20:27:01.581 [FXGL Background Thread 3 ] DEBUG Engine               - fontText: Courier-Prime.ttf
20:27:01.581 [FXGL Background Thread 3 ] DEBUG Engine               - fontUI: VarelaRound-Regular.ttf
20:27:01.582 [FXGL Background Thread 3 ] DEBUG Engine               - fullScreen: BooleanProperty [value: false]
20:27:01.582 [FXGL Background Thread 3 ] DEBUG Engine               - gameDifficulty: MEDIUM
20:27:01.582 [FXGL Background Thread 3 ] DEBUG Engine               - gameDifficultyProperty: ObjectProperty [value: MEDIUM]
20:27:01.583 [FXGL Background Thread 3 ] DEBUG Engine               - globalMusicVolume: 0.5
20:27:01.583 [FXGL Background Thread 3 ] DEBUG Engine               - globalMusicVolumeProperty: DoubleProperty [value: 0.5]
20:27:01.583 [FXGL Background Thread 3 ] DEBUG Engine               - globalSoundVolume: 0.5
20:27:01.584 [FXGL Background Thread 3 ] DEBUG Engine               - globalSoundVolumeProperty: DoubleProperty [value: 0.5]
20:27:01.584 [FXGL Background Thread 3 ] DEBUG Engine               - height: 720
20:27:01.584 [FXGL Background Thread 3 ] DEBUG Engine               - isAndroid: false
20:27:01.585 [FXGL Background Thread 3 ] DEBUG Engine               - isBrowser: false
20:27:01.585 [FXGL Background Thread 3 ] DEBUG Engine               - isClickFeedbackEnabled: false
20:27:01.586 [FXGL Background Thread 3 ] DEBUG Engine               - isCloseConfirmation: false
20:27:01.586 [FXGL Background Thread 3 ] DEBUG Engine               - isDesktop: true
20:27:01.587 [FXGL Background Thread 3 ] DEBUG Engine               - isDeveloperMenuEnabled: false
20:27:01.587 [FXGL Background Thread 3 ] DEBUG Engine               - isEntityPreloadEnabled: true
20:27:01.588 [FXGL Background Thread 3 ] DEBUG Engine               - isExperimentalNative: false
20:27:01.588 [FXGL Background Thread 3 ] DEBUG Engine               - isExperimentalTiledLargeMap: false
20:27:01.588 [FXGL Background Thread 3 ] DEBUG Engine               - isFileSystemWriteAllowed: true
20:27:01.589 [FXGL Background Thread 3 ] DEBUG Engine               - isFullScreenAllowed: false
20:27:01.589 [FXGL Background Thread 3 ] DEBUG Engine               - isFullScreenFromStart: false
20:27:01.589 [FXGL Background Thread 3 ] DEBUG Engine               - isGameMenuEnabled: true
20:27:01.590 [FXGL Background Thread 3 ] DEBUG Engine               - isIOS: false
20:27:01.590 [FXGL Background Thread 3 ] DEBUG Engine               - isIntroEnabled: false
20:27:01.590 [FXGL Background Thread 3 ] DEBUG Engine               - isLinux: true
20:27:01.591 [FXGL Background Thread 3 ] DEBUG Engine               - isMac: false
20:27:01.591 [FXGL Background Thread 3 ] DEBUG Engine               - isMainMenuEnabled: true
20:27:01.591 [FXGL Background Thread 3 ] DEBUG Engine               - isManualResizeEnabled: false
20:27:01.591 [FXGL Background Thread 3 ] DEBUG Engine               - isMobile: false
20:27:01.592 [FXGL Background Thread 3 ] DEBUG Engine               - isPreserveResizeRatio: false
20:27:01.592 [FXGL Background Thread 3 ] DEBUG Engine               - isProfilingEnabled: false
20:27:01.592 [FXGL Background Thread 3 ] DEBUG Engine               - isSingleStep: false
20:27:01.592 [FXGL Background Thread 3 ] DEBUG Engine               - isUserProfileEnabled: false
20:27:01.593 [FXGL Background Thread 3 ] DEBUG Engine               - isWindows: false
20:27:01.593 [FXGL Background Thread 3 ] DEBUG Engine               - language: ObjectProperty [value: ENGLISH]
20:27:01.593 [FXGL Background Thread 3 ] DEBUG Engine               - menuKey: ESCAPE
20:27:01.594 [FXGL Background Thread 3 ] DEBUG Engine               - notificationViewClass: class com.almasb.fxgl.notification.view.XboxNotificationView
20:27:01.594 [FXGL Background Thread 3 ] DEBUG Engine               - pixelsPerMeter: 50.0
20:27:01.594 [FXGL Background Thread 3 ] DEBUG Engine               - platform: LINUX
20:27:01.594 [FXGL Background Thread 3 ] DEBUG Engine               - profileDir: profiles/
20:27:01.595 [FXGL Background Thread 3 ] DEBUG Engine               - profileName: StringProperty [value: DEFAULT]
20:27:01.595 [FXGL Background Thread 3 ] DEBUG Engine               - randomSeed: -1
20:27:01.595 [FXGL Background Thread 3 ] DEBUG Engine               - runtimeInfo: RuntimeInfo(platform=LINUX, version=11.11, build=08.09.2020 18.00)
20:27:01.596 [FXGL Background Thread 3 ] DEBUG Engine               - saveFileExt: sav
20:27:01.596 [FXGL Background Thread 3 ] DEBUG Engine               - sceneFactory: com.almasb.fxgl.app.scene.SceneFactory@65912478
20:27:01.596 [FXGL Background Thread 3 ] DEBUG Engine               - secondsIn24h: 60
20:27:01.596 [FXGL Background Thread 3 ] DEBUG Engine               - soundMenuBack: menu/back.wav
20:27:01.596 [FXGL Background Thread 3 ] DEBUG Engine               - soundMenuPress: menu/press.wav
20:27:01.596 [FXGL Background Thread 3 ] DEBUG Engine               - soundMenuSelect: menu/select.wav
20:27:01.597 [FXGL Background Thread 3 ] DEBUG Engine               - soundNotification: core/notification.wav
20:27:01.597 [FXGL Background Thread 3 ] DEBUG Engine               - stageStyle: DECORATED
20:27:01.597 [FXGL Background Thread 3 ] DEBUG Engine               - supportedLanguages: [ENGLISH, FRENCH, GERMAN, HUNGARIAN, RUSSIAN]
20:27:01.597 [FXGL Background Thread 3 ] DEBUG Engine               - title: Color Switch 2
20:27:01.597 [FXGL Background Thread 3 ] DEBUG Engine               - urlGithub: https://github.com/AlmasB/FXGL
20:27:01.597 [FXGL Background Thread 3 ] DEBUG Engine               - urlLeaderboard: http://fxgl-top.herokuapp.com/
20:27:01.597 [FXGL Background Thread 3 ] DEBUG Engine               - urlPOM: https://raw.githubusercontent.com/AlmasB/FXGL/master/pom.xml
20:27:01.598 [FXGL Background Thread 3 ] DEBUG Engine               - version: 0.0
20:27:01.598 [FXGL Background Thread 3 ] DEBUG Engine               - versionCheckDays: 7
20:27:01.598 [FXGL Background Thread 3 ] DEBUG Engine               - width: 580
20:27:01.598 [FXGL Background Thread 3 ] DEBUG Engine               - Logging services
20:27:01.598 [FXGL Background Thread 3 ] DEBUG Engine               - class com.almasb.fxgl.app.FXGLApplication$GameApplicationService
20:27:01.599 [FXGL Background Thread 3 ] DEBUG Engine               - class com.almasb.fxgl.app.services.FXGLDialogService
20:27:01.599 [FXGL Background Thread 3 ] DEBUG Engine               - class com.almasb.fxgl.app.services.IOTaskExecutorService
20:27:01.599 [FXGL Background Thread 3 ] DEBUG Engine               - class com.almasb.fxgl.event.EventBusService
20:27:01.599 [FXGL Background Thread 3 ] DEBUG Engine               - class com.almasb.fxgl.io.FileSystemService
20:27:01.599 [FXGL Background Thread 3 ] DEBUG Engine               - class com.almasb.fxgl.localization.LocalizationService
20:27:01.600 [FXGL Background Thread 3 ] DEBUG Engine               - class com.almasb.fxgl.app.services.FXGLAssetLoaderService
20:27:01.600 [FXGL Background Thread 3 ] DEBUG Engine               - class com.almasb.fxgl.app.services.SystemBundleService
20:27:01.600 [FXGL Background Thread 3 ] DEBUG Engine               - class com.almasb.fxgl.profile.SaveLoadService
20:27:01.600 [FXGL Background Thread 3 ] DEBUG Engine               - class com.almasb.fxgl.ui.FXGLUIFactoryServiceProvider
20:27:01.601 [FXGL Background Thread 3 ] DEBUG Engine               - class com.almasb.fxgl.ui.FXGLDialogFactoryServiceProvider
20:27:01.601 [FXGL Background Thread 3 ] DEBUG Engine               - class com.almasb.fxgl.audio.AudioPlayer
20:27:01.601 [FXGL Background Thread 3 ] DEBUG Engine               - class com.almasb.fxgl.notification.impl.NotificationServiceProvider
20:27:01.601 [FXGL Background Thread 3 ] DEBUG Engine               - class com.almasb.fxgl.achievement.AchievementService
20:27:01.601 [FXGL Background Thread 3 ] DEBUG Engine               - class com.almasb.fxgl.cutscene.CutsceneService
20:27:01.602 [FXGL Background Thread 3 ] DEBUG Engine               - class com.almasb.fxgl.minigames.MiniGameService
20:27:01.602 [FXGL Background Thread 3 ] DEBUG Engine               - class com.almasb.fxgl.net.NetService
20:27:01.602 [FXGL Background Thread 3 ] DEBUG Engine               - class com.almasb.fxgl.app.services.UpdaterService
20:27:01.602 [FXGL Background Thread 3 ] DEBUG Engine               - class com.almasb.fxgl.dev.DevService
20:27:06.360 [JavaFX Application Thread] DEBUG FXGLApplication      - Exiting FXGL
20:27:06.361 [JavaFX Application Thread] DEBUG LoopRunner           - Stopping loop
20:27:06.361 [JavaFX Application Thread] DEBUG SystemBundleService  - Saving FXGL system data
20:27:06.362 [JavaFX Application Thread] DEBUG FileSystemAccess     - Writing to: /home/chintan/Downloads/game/system/fxgl.bundle
20:27:06.364 [JavaFX Application Thread] DEBUG Async                - Shutting down background threads
20:27:06.365 [JavaFX Application Thread] DEBUG MainWindow           - Closing main window
20:27:06.368 [JavaFX Application Thread] DEBUG Logger               - Closing Logger
