15:37:37.651 [main                     ] DEBUG Logger               - Configured Logger
15:37:37.678 [main                     ] DEBUG GameApplication      - Logging settings
Title: Color Switch 2
Version: 0.0
Width: 900
Height: 900
Fullscreen: false
Intro: false
Profiling: false
Single step:false
App Mode: DEVELOPER
Menu Key: ESCAPE
Stage Style: DECORATED
Scene Factory: class com.almasb.fxgl.app.scene.SceneFactory

15:37:38.373 [JavaFX Application Thread] DEBUG FXGLApplication      - Initializing FXGL
15:37:38.400 [JavaFX Application Thread] INFO  Engine               - FXGL-11.11 (08.09.2020 18.00) on LINUX (J:15.0.1 FX:14)
15:37:38.401 [JavaFX Application Thread] DEBUG Engine               - JRE Vendor Name: Oracle Corporation
15:37:38.401 [JavaFX Application Thread] DEBUG Engine               - Running on OS: Linux version 5.4.0-58-generic
15:37:38.402 [JavaFX Application Thread] DEBUG Engine               - Architecture: amd64
15:37:38.403 [JavaFX Application Thread] INFO  Engine               - Source code and latest versions at: https://github.com/AlmasB/FXGL
15:37:38.403 [JavaFX Application Thread] INFO  Engine               -              Join the FXGL chat at: https://gitter.im/AlmasB/FXGL
15:37:38.660 [JavaFX Application Thread] DEBUG MainWindow           - Creating a JavaFX scene
15:37:38.844 [JavaFX Application Thread] DEBUG MainWindow           - Target settings size: 900.0 x 900.0
15:37:38.845 [JavaFX Application Thread] DEBUG MainWindow           - Scaled scene size:    900.0 x 900.0
15:37:38.845 [JavaFX Application Thread] DEBUG MainWindow           - Scaled ratio: (1.0, 1.0)
15:37:38.848 [JavaFX Application Thread] DEBUG MainWindow           - Set initial scene to StartupScene
15:37:38.857 [JavaFX Application Thread] DEBUG MainWindow           - Opening main window
15:37:38.934 [JavaFX Application Thread] DEBUG MainWindow           - Window border size: (2.0, 29.0)
15:37:38.934 [JavaFX Application Thread] DEBUG MainWindow           - Scaled size: 900.0 x 900.0
15:37:38.935 [JavaFX Application Thread] DEBUG MainWindow           - Scaled ratio: (1.0, 1.0)
15:37:38.935 [JavaFX Application Thread] DEBUG MainWindow           - Scene size: 900.0 x 900.0
15:37:38.936 [JavaFX Application Thread] DEBUG MainWindow           - Stage size: 902.0 x 929.0
15:37:38.950 [FXGL Background Thread 1 ] DEBUG Engine               - Initializing environment variables
15:37:39.018 [FXGL Background Thread 1 ] DEBUG GameApplicationServi - Applying CSS: fxgl_dark.css
15:37:39.019 [FXGL Background Thread 1 ] DEBUG FXGLAssetLoaderServi - Loading from file system: /assets/ui/css/fxgl_dark.css
15:37:39.174 [FXGL Background Thread 1 ] DEBUG GameApplicationServi - Initializing application scenes
15:37:39.274 [FXGL Background Thread 1 ] DEBUG GameWorld            - Game world initialized
15:37:39.459 [FXGL Background Thread 1 ] DEBUG PhysicsWorld         - Physics world initialized: appHeight=900, physics.ppm=50.0
15:37:39.476 [FXGL Background Thread 1 ] DEBUG GameScene            - Game scene initialized: 900x900
15:37:39.543 [FXGL Background Thread 1 ] DEBUG FXGLAssetLoaderServi - Loading from file system: /assets/textures/particles/trace_horizontal.png
15:37:39.647 [FXGL Background Thread 1 ] DEBUG FXGL.DefaultMenu     - createMenuBodyMainMenu()
15:37:39.663 [FXGL Background Thread 1 ] DEBUG FXGL.DefaultMenu     - createOptionsMenu()
15:37:39.672 [FXGL Background Thread 1 ] DEBUG FXGLAssetLoaderServi - Loading from file system: /assets/textures/particles/smoke.png
15:37:39.773 [FXGL Background Thread 1 ] DEBUG FXGLAssetLoaderServi - Loading from cache: /assets/textures/particles/trace_horizontal.png@64.0x64.0
15:37:39.774 [FXGL Background Thread 1 ] DEBUG FXGL.DefaultMenu     - createMenuBodyGameMenu()
15:37:39.776 [FXGL Background Thread 1 ] DEBUG FXGL.DefaultMenu     - createOptionsMenu()
15:37:39.782 [FXGL Background Thread 1 ] DEBUG FXGLAssetLoaderServi - Loading from cache: /assets/textures/particles/smoke.png@128.0x128.0
15:37:39.820 [FXGL Background Thread 1 ] DEBUG GameApplicationServi - Application scenes initialized
15:37:39.841 [FXGL Background Thread 1 ] DEBUG SystemBundleService  - Loading FXGL system data
15:37:39.845 [FXGL Background Thread 1 ] DEBUG FileSystemAccess     - Reading from: /home/chintan/Downloads/game/system/fxgl.bundle
15:37:39.868 [FXGL Background Thread 1 ] DEBUG SystemBundleService  - Bundle FXGL: {}
15:37:39.868 [FXGL Background Thread 1 ] DEBUG UpdaterService       - Checking for updates
15:37:39.896 [FXGL Background Thread 4 ] DEBUG FXGLApplication      - Loading fonts
15:37:39.896 [FXGL Background Thread 1 ] DEBUG FXGLApplication      - Loading default localization
15:37:39.896 [FXGL Background Thread 4 ] DEBUG FXGLAssetLoaderServi - Loading from file system: /assets/ui/fonts/VarelaRound-Regular.ttf
15:37:39.899 [FXGL Background Thread 1 ] DEBUG FXGLAssetLoaderServi - Loading from file system: /assets/languages/english.lang
15:37:39.921 [FXGL Background Thread 1 ] INFO  FXGLApplication      - FXGL initialization took: 0.970 sec
15:37:39.927 [FXGL Background Thread 4 ] DEBUG FXGLAssetLoaderServi - Loading from file system: /assets/ui/fonts/Abel-Regular.ttf
15:37:39.933 [FXGL Background Thread 4 ] DEBUG FXGLAssetLoaderServi - Loading from file system: /assets/ui/fonts/lucida_console.ttf
15:37:39.938 [FXGL Background Thread 4 ] DEBUG FXGLAssetLoaderServi - Loading from file system: /assets/ui/fonts/Courier-Prime.ttf
15:37:39.945 [JavaFX Application Thread] DEBUG Input                - Registered new binding: Up - W
15:37:39.945 [JavaFX Application Thread] DEBUG FXGLAssetLoaderServi - Loading from file system: /assets/textures/fxgl_icon.png
15:37:39.999 [JavaFX Application Thread] DEBUG FXGLAssetLoaderServi - Loading from file system: /assets/ui/cursors/fxgl_default.png
15:37:40.002 [JavaFX Application Thread] DEBUG Input                - Registered new binding: Screenshot - P
15:37:40.003 [JavaFX Application Thread] DEBUG Input                - Registered new binding: System info dump - CTRL+9
15:37:40.004 [JavaFX Application Thread] DEBUG Input                - Registered new binding: Restart - CTRL+R
15:37:40.005 [JavaFX Application Thread] DEBUG Input                - Registered new binding: Toggle Debug Camera - CTRL+C
15:37:40.008 [JavaFX Application Thread] DEBUG LoopRunner           - Starting loop
15:37:40.014 [JavaFX Application Thread] DEBUG Input                - Clearing active input actions
15:37:40.026 [JavaFX Application Thread] DEBUG GameApplicationServi - Removing overlay from StartupScene and adding to FXGLMainMenuDummyScene
15:37:40.027 [JavaFX Application Thread] DEBUG MainWindow           - StartupScene -> FXGLMainMenuDummyScene
15:37:40.028 [JavaFX Application Thread] DEBUG MainWindow           - Push state: FXGLDefaultMenu
15:37:40.033 [JavaFX Application Thread] DEBUG Input                - Clearing active input actions
15:37:40.046 [JavaFX Application Thread] DEBUG GameApplicationServi - Removing overlay from FXGLMainMenuDummyScene and adding to FXGLDefaultMenu
15:37:40.047 [JavaFX Application Thread] DEBUG MainWindow           - FXGLMainMenuDummyScene -> FXGLDefaultMenu
15:37:40.057 [JavaFX Application Thread] DEBUG FXGLApplication      - Registering font factories with UI factory
15:37:41.325 [JavaFX Application Thread] DEBUG Menu                 - fireNewGame()
15:37:41.326 [JavaFX Application Thread] DEBUG GameApplicationServi - Starting new game
15:37:41.335 [JavaFX Application Thread] DEBUG MainWindow           - Pop state: FXGLDefaultMenu
15:37:41.335 [JavaFX Application Thread] DEBUG Input                - Clearing active input actions
15:37:41.337 [JavaFX Application Thread] DEBUG GameApplicationServi - Removing overlay from FXGLDefaultMenu and adding to FXGLMainMenuDummyScene
15:37:41.338 [JavaFX Application Thread] DEBUG MainWindow           - FXGLMainMenuDummyScene <- FXGLDefaultMenu
15:37:41.338 [JavaFX Application Thread] DEBUG Input                - Clearing active input actions
15:37:41.357 [JavaFX Application Thread] DEBUG GameApplicationServi - Removing overlay from FXGLMainMenuDummyScene and adding to FXGLLoadingScene
15:37:41.357 [JavaFX Application Thread] DEBUG MainWindow           - FXGLMainMenuDummyScene -> FXGLLoadingScene
15:37:41.358 [JavaFX Application Thread] DEBUG GameApplicationServi - Clearing previous game
15:37:41.358 [JavaFX Application Thread] DEBUG GameScene            - Clearing game scene
15:37:41.358 [JavaFX Application Thread] DEBUG GameWorld            - Clearing game world
15:37:41.358 [JavaFX Application Thread] DEBUG PhysicsWorld         - Clearing physics world
15:37:41.360 [FXGL Background Thread 4 ] DEBUG FXGLApplication      - Initializing game
15:37:41.436 [FXGL Background Thread 4 ] INFO  FXGLApplication      - Game initialization took: 0.076 sec
15:37:41.441 [JavaFX Application Thread] DEBUG Input                - Clearing active input actions
15:37:41.458 [JavaFX Application Thread] DEBUG GameApplicationServi - Removing overlay from FXGLLoadingScene and adding to GameScene
15:37:41.458 [JavaFX Application Thread] DEBUG MainWindow           - FXGLLoadingScene -> GameScene
15:37:42.883 [FXGL Background Thread 3 ] DEBUG Engine               - Logging environment variables
15:37:42.887 [FXGL Background Thread 3 ] DEBUG Engine               - achievements: []
15:37:42.888 [FXGL Background Thread 3 ] DEBUG Engine               - appIcon: fxgl_icon.png
15:37:42.894 [FXGL Background Thread 3 ] DEBUG Engine               - applicationMode: DEVELOPER
15:37:42.895 [FXGL Background Thread 3 ] DEBUG Engine               - cSSList: [fxgl_dark.css]
15:37:42.896 [FXGL Background Thread 3 ] DEBUG Engine               - configClass: Optional.empty
15:37:42.897 [FXGL Background Thread 3 ] DEBUG Engine               - credits: []
15:37:42.899 [FXGL Background Thread 3 ] DEBUG Engine               - devBBoxColorProperty: ObjectProperty [value: 0xff0000ff]
15:37:42.901 [FXGL Background Thread 3 ] DEBUG Engine               - devEnableDebugCameraProperty: BooleanProperty [value: false]
15:37:42.902 [FXGL Background Thread 3 ] DEBUG Engine               - devSensorColorProperty: ObjectProperty [value: 0xffff00ff]
15:37:42.903 [FXGL Background Thread 3 ] DEBUG Engine               - devShowBBoxProperty: BooleanProperty [value: false]
15:37:42.908 [FXGL Background Thread 3 ] DEBUG Engine               - devShowPositionProperty: BooleanProperty [value: false]
15:37:42.919 [FXGL Background Thread 3 ] DEBUG Engine               - enabledMenuItems: []
15:37:42.922 [FXGL Background Thread 3 ] DEBUG Engine               - engineServices: [class com.almasb.fxgl.app.FXGLApplication$GameApplicationService, class com.almasb.fxgl.app.services.FXGLDialogService, class com.almasb.fxgl.app.services.IOTaskExecutorService, class com.almasb.fxgl.event.EventBusService, class com.almasb.fxgl.io.FileSystemService, class com.almasb.fxgl.localization.LocalizationService, class com.almasb.fxgl.app.services.FXGLAssetLoaderService, class com.almasb.fxgl.app.services.SystemBundleService, class com.almasb.fxgl.profile.SaveLoadService, class com.almasb.fxgl.ui.FXGLUIFactoryServiceProvider, class com.almasb.fxgl.ui.FXGLDialogFactoryServiceProvider, class com.almasb.fxgl.audio.AudioPlayer, class com.almasb.fxgl.notification.impl.NotificationServiceProvider, class com.almasb.fxgl.achievement.AchievementService, class com.almasb.fxgl.cutscene.CutsceneService, class com.almasb.fxgl.minigames.MiniGameService, class com.almasb.fxgl.net.NetService, class com.almasb.fxgl.app.services.UpdaterService, class com.almasb.fxgl.dev.DevService]
15:37:42.923 [FXGL Background Thread 3 ] DEBUG Engine               - fontGame: Abel-Regular.ttf
15:37:42.924 [FXGL Background Thread 3 ] DEBUG Engine               - fontMono: lucida_console.ttf
15:37:42.925 [FXGL Background Thread 3 ] DEBUG Engine               - fontText: Courier-Prime.ttf
15:37:42.926 [FXGL Background Thread 3 ] DEBUG Engine               - fontUI: VarelaRound-Regular.ttf
15:37:42.928 [FXGL Background Thread 3 ] DEBUG Engine               - fullScreen: BooleanProperty [value: false]
15:37:42.929 [FXGL Background Thread 3 ] DEBUG Engine               - gameDifficulty: MEDIUM
15:37:42.930 [FXGL Background Thread 3 ] DEBUG Engine               - gameDifficultyProperty: ObjectProperty [value: MEDIUM]
15:37:42.931 [FXGL Background Thread 3 ] DEBUG Engine               - globalMusicVolume: 0.5
15:37:42.935 [FXGL Background Thread 3 ] DEBUG Engine               - globalMusicVolumeProperty: DoubleProperty [value: 0.5]
15:37:42.936 [FXGL Background Thread 3 ] DEBUG Engine               - globalSoundVolume: 0.5
15:37:42.937 [FXGL Background Thread 3 ] DEBUG Engine               - globalSoundVolumeProperty: DoubleProperty [value: 0.5]
15:37:42.938 [FXGL Background Thread 3 ] DEBUG Engine               - height: 900
15:37:42.941 [FXGL Background Thread 3 ] DEBUG Engine               - isAndroid: false
15:37:42.942 [FXGL Background Thread 3 ] DEBUG Engine               - isBrowser: false
15:37:42.946 [FXGL Background Thread 3 ] DEBUG Engine               - isClickFeedbackEnabled: false
15:37:42.951 [FXGL Background Thread 3 ] DEBUG Engine               - isCloseConfirmation: false
15:37:42.953 [FXGL Background Thread 3 ] DEBUG Engine               - isDesktop: true
15:37:42.954 [FXGL Background Thread 3 ] DEBUG Engine               - isDeveloperMenuEnabled: false
15:37:42.955 [FXGL Background Thread 3 ] DEBUG Engine               - isEntityPreloadEnabled: true
15:37:42.955 [FXGL Background Thread 3 ] DEBUG Engine               - isExperimentalNative: false
15:37:42.959 [FXGL Background Thread 3 ] DEBUG Engine               - isExperimentalTiledLargeMap: false
15:37:42.959 [FXGL Background Thread 3 ] DEBUG Engine               - isFileSystemWriteAllowed: true
15:37:42.961 [FXGL Background Thread 3 ] DEBUG Engine               - isFullScreenAllowed: false
15:37:42.971 [FXGL Background Thread 3 ] DEBUG Engine               - isFullScreenFromStart: false
15:37:42.973 [FXGL Background Thread 3 ] DEBUG Engine               - isGameMenuEnabled: true
15:37:42.974 [FXGL Background Thread 3 ] DEBUG Engine               - isIOS: false
15:37:42.974 [FXGL Background Thread 3 ] DEBUG Engine               - isIntroEnabled: false
15:37:42.974 [FXGL Background Thread 3 ] DEBUG Engine               - isLinux: true
15:37:42.975 [FXGL Background Thread 3 ] DEBUG Engine               - isMac: false
15:37:42.978 [FXGL Background Thread 3 ] DEBUG Engine               - isMainMenuEnabled: true
15:37:42.978 [FXGL Background Thread 3 ] DEBUG Engine               - isManualResizeEnabled: false
15:37:42.980 [FXGL Background Thread 3 ] DEBUG Engine               - isMobile: false
15:37:42.981 [FXGL Background Thread 3 ] DEBUG Engine               - isPreserveResizeRatio: false
15:37:42.981 [FXGL Background Thread 3 ] DEBUG Engine               - isProfilingEnabled: false
15:37:42.982 [FXGL Background Thread 3 ] DEBUG Engine               - isSingleStep: false
15:37:42.982 [FXGL Background Thread 3 ] DEBUG Engine               - isUserProfileEnabled: false
15:37:42.982 [FXGL Background Thread 3 ] DEBUG Engine               - isWindows: false
15:37:42.982 [FXGL Background Thread 3 ] DEBUG Engine               - language: ObjectProperty [value: ENGLISH]
15:37:42.983 [FXGL Background Thread 3 ] DEBUG Engine               - menuKey: ESCAPE
15:37:42.983 [FXGL Background Thread 3 ] DEBUG Engine               - notificationViewClass: class com.almasb.fxgl.notification.view.XboxNotificationView
15:37:42.992 [FXGL Background Thread 3 ] DEBUG Engine               - pixelsPerMeter: 50.0
15:37:42.992 [FXGL Background Thread 3 ] DEBUG Engine               - platform: LINUX
15:37:42.992 [FXGL Background Thread 3 ] DEBUG Engine               - profileDir: profiles/
15:37:42.993 [FXGL Background Thread 3 ] DEBUG Engine               - profileName: StringProperty [value: DEFAULT]
15:37:42.993 [FXGL Background Thread 3 ] DEBUG Engine               - randomSeed: -1
15:37:42.994 [FXGL Background Thread 3 ] DEBUG Engine               - runtimeInfo: RuntimeInfo(platform=LINUX, version=11.11, build=08.09.2020 18.00)
15:37:42.996 [FXGL Background Thread 3 ] DEBUG Engine               - saveFileExt: sav
15:37:42.996 [FXGL Background Thread 3 ] DEBUG Engine               - sceneFactory: com.almasb.fxgl.app.scene.SceneFactory@29e2f1e0
15:37:42.996 [FXGL Background Thread 3 ] DEBUG Engine               - secondsIn24h: 60
15:37:42.997 [FXGL Background Thread 3 ] DEBUG Engine               - soundMenuBack: menu/back.wav
15:37:42.998 [FXGL Background Thread 3 ] DEBUG Engine               - soundMenuPress: menu/press.wav
15:37:42.998 [FXGL Background Thread 3 ] DEBUG Engine               - soundMenuSelect: menu/select.wav
15:37:42.998 [FXGL Background Thread 3 ] DEBUG Engine               - soundNotification: core/notification.wav
15:37:42.998 [FXGL Background Thread 3 ] DEBUG Engine               - stageStyle: DECORATED
15:37:42.999 [FXGL Background Thread 3 ] DEBUG Engine               - supportedLanguages: [ENGLISH, FRENCH, GERMAN, HUNGARIAN, RUSSIAN]
15:37:42.999 [FXGL Background Thread 3 ] DEBUG Engine               - title: Color Switch 2
15:37:42.999 [FXGL Background Thread 3 ] DEBUG Engine               - urlGithub: https://github.com/AlmasB/FXGL
15:37:42.999 [FXGL Background Thread 3 ] DEBUG Engine               - urlLeaderboard: http://fxgl-top.herokuapp.com/
15:37:42.999 [FXGL Background Thread 3 ] DEBUG Engine               - urlPOM: https://raw.githubusercontent.com/AlmasB/FXGL/master/pom.xml
15:37:43.000 [FXGL Background Thread 3 ] DEBUG Engine               - version: 0.0
15:37:43.003 [FXGL Background Thread 3 ] DEBUG Engine               - versionCheckDays: 7
15:37:43.003 [FXGL Background Thread 3 ] DEBUG Engine               - width: 900
15:37:43.003 [FXGL Background Thread 3 ] DEBUG Engine               - Logging services
15:37:43.003 [FXGL Background Thread 3 ] DEBUG Engine               - class com.almasb.fxgl.app.FXGLApplication$GameApplicationService
15:37:43.004 [FXGL Background Thread 3 ] DEBUG Engine               - class com.almasb.fxgl.app.services.FXGLDialogService
15:37:43.004 [FXGL Background Thread 3 ] DEBUG Engine               - class com.almasb.fxgl.app.services.IOTaskExecutorService
15:37:43.004 [FXGL Background Thread 3 ] DEBUG Engine               - class com.almasb.fxgl.event.EventBusService
15:37:43.004 [FXGL Background Thread 3 ] DEBUG Engine               - class com.almasb.fxgl.io.FileSystemService
15:37:43.005 [FXGL Background Thread 3 ] DEBUG Engine               - class com.almasb.fxgl.localization.LocalizationService
15:37:43.005 [FXGL Background Thread 3 ] DEBUG Engine               - class com.almasb.fxgl.app.services.FXGLAssetLoaderService
15:37:43.005 [FXGL Background Thread 3 ] DEBUG Engine               - class com.almasb.fxgl.app.services.SystemBundleService
15:37:43.005 [FXGL Background Thread 3 ] DEBUG Engine               - class com.almasb.fxgl.profile.SaveLoadService
15:37:43.005 [FXGL Background Thread 3 ] DEBUG Engine               - class com.almasb.fxgl.ui.FXGLUIFactoryServiceProvider
15:37:43.006 [FXGL Background Thread 3 ] DEBUG Engine               - class com.almasb.fxgl.ui.FXGLDialogFactoryServiceProvider
15:37:43.006 [FXGL Background Thread 3 ] DEBUG Engine               - class com.almasb.fxgl.audio.AudioPlayer
15:37:43.008 [FXGL Background Thread 3 ] DEBUG Engine               - class com.almasb.fxgl.notification.impl.NotificationServiceProvider
15:37:43.008 [FXGL Background Thread 3 ] DEBUG Engine               - class com.almasb.fxgl.achievement.AchievementService
15:37:43.008 [FXGL Background Thread 3 ] DEBUG Engine               - class com.almasb.fxgl.cutscene.CutsceneService
15:37:43.009 [FXGL Background Thread 3 ] DEBUG Engine               - class com.almasb.fxgl.minigames.MiniGameService
15:37:43.009 [FXGL Background Thread 3 ] DEBUG Engine               - class com.almasb.fxgl.net.NetService
15:37:43.010 [FXGL Background Thread 3 ] DEBUG Engine               - class com.almasb.fxgl.app.services.UpdaterService
15:37:43.010 [FXGL Background Thread 3 ] DEBUG Engine               - class com.almasb.fxgl.dev.DevService
15:37:45.749 [FXGL Background Thread 2 ] INFO  UpdaterService       - Your current version:  11.11
15:37:45.754 [FXGL Background Thread 2 ] INFO  UpdaterService       - Latest stable version: dev-SNAPSHOT
15:38:08.792 [JavaFX Application Thread] DEBUG FXGLApplication      - Exiting FXGL
15:38:08.794 [JavaFX Application Thread] DEBUG LoopRunner           - Stopping loop
15:38:08.795 [JavaFX Application Thread] DEBUG SystemBundleService  - Saving FXGL system data
15:38:08.804 [JavaFX Application Thread] DEBUG FileSystemAccess     - Writing to: /home/chintan/Downloads/game/system/fxgl.bundle
15:38:08.819 [JavaFX Application Thread] DEBUG Async                - Shutting down background threads
15:38:08.825 [JavaFX Application Thread] DEBUG MainWindow           - Closing main window
15:38:08.852 [JavaFX Application Thread] DEBUG Logger               - Closing Logger
