21:39:02.864 [main                     ] DEBUG Logger               - Configured Logger
21:39:02.884 [main                     ] DEBUG GameApplication      - Logging settings
Title: Color Switch 2
Version: 0.0
Width: 900
Height: 900
Fullscreen: false
Intro: false
Profiling: false
Single step:false
App Mode: DEVELOPER
Menu Key: ESCAPE
Stage Style: DECORATED
Scene Factory: class sample.Main$1

21:39:03.344 [JavaFX Application Thread] DEBUG FXGLApplication      - Initializing FXGL
21:39:03.357 [JavaFX Application Thread] INFO  Engine               - FXGL-11.11 (08.09.2020 18.00) on LINUX (J:15.0.1 FX:14)
21:39:03.358 [JavaFX Application Thread] DEBUG Engine               - JRE Vendor Name: Oracle Corporation
21:39:03.358 [JavaFX Application Thread] DEBUG Engine               - Running on OS: Linux version 5.4.0-58-generic
21:39:03.358 [JavaFX Application Thread] DEBUG Engine               - Architecture: amd64
21:39:03.359 [JavaFX Application Thread] INFO  Engine               - Source code and latest versions at: https://github.com/AlmasB/FXGL
21:39:03.359 [JavaFX Application Thread] INFO  Engine               -              Join the FXGL chat at: https://gitter.im/AlmasB/FXGL
21:39:03.484 [JavaFX Application Thread] DEBUG MainWindow           - Creating a JavaFX scene
21:39:03.627 [JavaFX Application Thread] DEBUG MainWindow           - Target settings size: 900.0 x 900.0
21:39:03.627 [JavaFX Application Thread] DEBUG MainWindow           - Scaled scene size:    900.0 x 900.0
21:39:03.628 [JavaFX Application Thread] DEBUG MainWindow           - Scaled ratio: (1.0, 1.0)
21:39:03.629 [JavaFX Application Thread] DEBUG MainWindow           - Set initial scene to StartupScene
21:39:03.639 [JavaFX Application Thread] DEBUG MainWindow           - Opening main window
21:39:03.701 [JavaFX Application Thread] DEBUG MainWindow           - Window border size: (2.0, 29.0)
21:39:03.701 [JavaFX Application Thread] DEBUG MainWindow           - Scaled size: 900.0 x 900.0
21:39:03.701 [JavaFX Application Thread] DEBUG MainWindow           - Scaled ratio: (1.0, 1.0)
21:39:03.702 [JavaFX Application Thread] DEBUG MainWindow           - Scene size: 900.0 x 900.0
21:39:03.705 [JavaFX Application Thread] DEBUG MainWindow           - Stage size: 902.0 x 929.0
21:39:03.716 [FXGL Background Thread 1 ] DEBUG Engine               - Initializing environment variables
21:39:03.816 [FXGL Background Thread 1 ] DEBUG GameApplicationServi - Applying CSS: fxgl_dark.css
21:39:03.817 [FXGL Background Thread 1 ] DEBUG FXGLAssetLoaderServi - Loading from file system: /assets/ui/css/fxgl_dark.css
21:39:03.962 [FXGL Background Thread 1 ] DEBUG GameApplicationServi - Initializing application scenes
21:39:04.032 [FXGL Background Thread 1 ] DEBUG GameWorld            - Game world initialized
21:39:04.098 [FXGL Background Thread 1 ] DEBUG PhysicsWorld         - Physics world initialized: appHeight=900, physics.ppm=50.0
21:39:04.102 [FXGL Background Thread 1 ] DEBUG GameScene            - Game scene initialized: 900x900
21:39:04.117 [FXGL Background Thread 1 ] DEBUG FXGLAssetLoaderServi - Loading from file system: /assets/textures/colorswitch.png
21:39:04.118 [FXGL Background Thread 1 ] WARN  FXGLAssetLoaderServi - Failed to load texture colorswitch.png Error: java.lang.IllegalArgumentException: Asset "/assets/textures/colorswitch.png" was not found!
21:39:04.183 [FXGL Background Thread 1 ] DEBUG FXGLAssetLoaderServi - Loading from file system: /assets/textures/particles/trace_horizontal.png
21:39:04.257 [FXGL Background Thread 1 ] DEBUG FXGL.DefaultMenu     - createMenuBodyGameMenu()
21:39:04.274 [FXGL Background Thread 1 ] DEBUG FXGL.DefaultMenu     - createOptionsMenu()
21:39:04.282 [FXGL Background Thread 1 ] DEBUG FXGLAssetLoaderServi - Loading from file system: /assets/textures/particles/smoke.png
21:39:04.354 [FXGL Background Thread 1 ] DEBUG GameApplicationServi - Application scenes initialized
21:39:04.366 [FXGL Background Thread 1 ] DEBUG SystemBundleService  - Loading FXGL system data
21:39:04.370 [FXGL Background Thread 1 ] DEBUG FileSystemAccess     - Reading from: /home/chintan/Downloads/game/system/fxgl.bundle
21:39:04.380 [FXGL Background Thread 1 ] DEBUG SystemBundleService  - Bundle FXGL: {}
21:39:04.380 [FXGL Background Thread 1 ] DEBUG UpdaterService       - Checking for updates
21:39:04.385 [FXGL Background Thread 4 ] DEBUG FXGLApplication      - Loading fonts
21:39:04.386 [FXGL Background Thread 4 ] DEBUG FXGLAssetLoaderServi - Loading from file system: /assets/ui/fonts/VarelaRound-Regular.ttf
21:39:04.386 [FXGL Background Thread 1 ] DEBUG FXGLApplication      - Loading default localization
21:39:04.386 [FXGL Background Thread 1 ] DEBUG FXGLAssetLoaderServi - Loading from file system: /assets/languages/english.lang
21:39:04.406 [FXGL Background Thread 1 ] INFO  FXGLApplication      - FXGL initialization took: 0.690 sec
21:39:04.413 [FXGL Background Thread 4 ] DEBUG FXGLAssetLoaderServi - Loading from file system: /assets/ui/fonts/Abel-Regular.ttf
21:39:04.415 [FXGL Background Thread 4 ] DEBUG FXGLAssetLoaderServi - Loading from file system: /assets/ui/fonts/lucida_console.ttf
21:39:04.416 [JavaFX Application Thread] DEBUG Input                - Registered new binding: Up - W
21:39:04.417 [JavaFX Application Thread] DEBUG Input                - Registered new binding: action0 - U
21:39:04.417 [JavaFX Application Thread] DEBUG FXGLAssetLoaderServi - Loading from file system: /assets/textures/fxgl_icon.png
21:39:04.420 [FXGL Background Thread 4 ] DEBUG FXGLAssetLoaderServi - Loading from file system: /assets/ui/fonts/Courier-Prime.ttf
21:39:04.480 [JavaFX Application Thread] DEBUG FXGLAssetLoaderServi - Loading from file system: /assets/ui/cursors/fxgl_default.png
21:39:04.485 [JavaFX Application Thread] DEBUG Input                - Registered new binding: Screenshot - P
21:39:04.491 [JavaFX Application Thread] DEBUG Input                - Registered new binding: System info dump - CTRL+9
21:39:04.492 [JavaFX Application Thread] DEBUG Input                - Registered new binding: Restart - CTRL+R
21:39:04.494 [JavaFX Application Thread] DEBUG Input                - Registered new binding: Toggle Debug Camera - CTRL+C
21:39:04.500 [JavaFX Application Thread] DEBUG LoopRunner           - Starting loop
21:39:04.508 [JavaFX Application Thread] DEBUG Input                - Clearing active input actions
21:39:04.532 [JavaFX Application Thread] DEBUG GameApplicationServi - Removing overlay from StartupScene and adding to FXGLMainMenuDummyScene
21:39:04.533 [JavaFX Application Thread] DEBUG MainWindow           - StartupScene -> FXGLMainMenuDummyScene
21:39:04.533 [JavaFX Application Thread] DEBUG MainWindow           - Push state: MyMenu
21:39:04.534 [JavaFX Application Thread] DEBUG Input                - Clearing active input actions
21:39:04.550 [JavaFX Application Thread] DEBUG GameApplicationServi - Removing overlay from FXGLMainMenuDummyScene and adding to MyMenu
21:39:04.550 [JavaFX Application Thread] DEBUG MainWindow           - FXGLMainMenuDummyScene -> MyMenu
21:39:04.552 [JavaFX Application Thread] DEBUG FXGLApplication      - Registering font factories with UI factory
21:39:07.385 [FXGL Background Thread 3 ] DEBUG Engine               - Logging environment variables
21:39:07.387 [FXGL Background Thread 3 ] DEBUG Engine               - achievements: []
21:39:07.388 [FXGL Background Thread 3 ] DEBUG Engine               - appIcon: fxgl_icon.png
21:39:07.389 [FXGL Background Thread 3 ] DEBUG Engine               - applicationMode: DEVELOPER
21:39:07.390 [FXGL Background Thread 3 ] DEBUG Engine               - cSSList: [fxgl_dark.css]
21:39:07.391 [FXGL Background Thread 3 ] DEBUG Engine               - configClass: Optional.empty
21:39:07.392 [FXGL Background Thread 3 ] DEBUG Engine               - credits: []
21:39:07.394 [FXGL Background Thread 3 ] DEBUG Engine               - devBBoxColorProperty: ObjectProperty [value: 0xff0000ff]
21:39:07.395 [FXGL Background Thread 3 ] DEBUG Engine               - devEnableDebugCameraProperty: BooleanProperty [value: false]
21:39:07.398 [FXGL Background Thread 3 ] DEBUG Engine               - devSensorColorProperty: ObjectProperty [value: 0xffff00ff]
21:39:07.399 [FXGL Background Thread 3 ] DEBUG Engine               - devShowBBoxProperty: BooleanProperty [value: false]
21:39:07.401 [FXGL Background Thread 3 ] DEBUG Engine               - devShowPositionProperty: BooleanProperty [value: false]
21:39:07.402 [FXGL Background Thread 3 ] DEBUG Engine               - enabledMenuItems: []
21:39:07.403 [FXGL Background Thread 3 ] DEBUG Engine               - engineServices: [class com.almasb.fxgl.app.FXGLApplication$GameApplicationService, class com.almasb.fxgl.app.services.FXGLDialogService, class com.almasb.fxgl.app.services.IOTaskExecutorService, class com.almasb.fxgl.event.EventBusService, class com.almasb.fxgl.io.FileSystemService, class com.almasb.fxgl.localization.LocalizationService, class com.almasb.fxgl.app.services.FXGLAssetLoaderService, class com.almasb.fxgl.app.services.SystemBundleService, class com.almasb.fxgl.profile.SaveLoadService, class com.almasb.fxgl.ui.FXGLUIFactoryServiceProvider, class com.almasb.fxgl.ui.FXGLDialogFactoryServiceProvider, class com.almasb.fxgl.audio.AudioPlayer, class com.almasb.fxgl.notification.impl.NotificationServiceProvider, class com.almasb.fxgl.achievement.AchievementService, class com.almasb.fxgl.cutscene.CutsceneService, class com.almasb.fxgl.minigames.MiniGameService, class com.almasb.fxgl.net.NetService, class com.almasb.fxgl.app.services.UpdaterService, class com.almasb.fxgl.dev.DevService]
21:39:07.404 [FXGL Background Thread 3 ] DEBUG Engine               - fontGame: Abel-Regular.ttf
21:39:07.405 [FXGL Background Thread 3 ] DEBUG Engine               - fontMono: lucida_console.ttf
21:39:07.406 [FXGL Background Thread 3 ] DEBUG Engine               - fontText: Courier-Prime.ttf
21:39:07.407 [FXGL Background Thread 3 ] DEBUG Engine               - fontUI: VarelaRound-Regular.ttf
21:39:07.407 [FXGL Background Thread 3 ] DEBUG Engine               - fullScreen: BooleanProperty [value: false]
21:39:07.408 [FXGL Background Thread 3 ] DEBUG Engine               - gameDifficulty: MEDIUM
21:39:07.409 [FXGL Background Thread 3 ] DEBUG Engine               - gameDifficultyProperty: ObjectProperty [value: MEDIUM]
21:39:07.410 [FXGL Background Thread 3 ] DEBUG Engine               - globalMusicVolume: 0.5
21:39:07.412 [FXGL Background Thread 3 ] DEBUG Engine               - globalMusicVolumeProperty: DoubleProperty [value: 0.5]
21:39:07.413 [FXGL Background Thread 3 ] DEBUG Engine               - globalSoundVolume: 0.5
21:39:07.414 [FXGL Background Thread 3 ] DEBUG Engine               - globalSoundVolumeProperty: DoubleProperty [value: 0.5]
21:39:07.415 [FXGL Background Thread 3 ] DEBUG Engine               - height: 900
21:39:07.416 [FXGL Background Thread 3 ] DEBUG Engine               - isAndroid: false
21:39:07.417 [FXGL Background Thread 3 ] DEBUG Engine               - isBrowser: false
21:39:07.417 [FXGL Background Thread 3 ] DEBUG Engine               - isClickFeedbackEnabled: false
21:39:07.418 [FXGL Background Thread 3 ] DEBUG Engine               - isCloseConfirmation: false
21:39:07.419 [FXGL Background Thread 3 ] DEBUG Engine               - isDesktop: true
21:39:07.420 [FXGL Background Thread 3 ] DEBUG Engine               - isDeveloperMenuEnabled: false
21:39:07.420 [FXGL Background Thread 3 ] DEBUG Engine               - isEntityPreloadEnabled: true
21:39:07.421 [FXGL Background Thread 3 ] DEBUG Engine               - isExperimentalNative: false
21:39:07.421 [FXGL Background Thread 3 ] DEBUG Engine               - isExperimentalTiledLargeMap: false
21:39:07.422 [FXGL Background Thread 3 ] DEBUG Engine               - isFileSystemWriteAllowed: true
21:39:07.422 [FXGL Background Thread 3 ] DEBUG Engine               - isFullScreenAllowed: false
21:39:07.423 [FXGL Background Thread 3 ] DEBUG Engine               - isFullScreenFromStart: false
21:39:07.424 [FXGL Background Thread 3 ] DEBUG Engine               - isGameMenuEnabled: true
21:39:07.424 [FXGL Background Thread 3 ] DEBUG Engine               - isIOS: false
21:39:07.424 [FXGL Background Thread 3 ] DEBUG Engine               - isIntroEnabled: false
21:39:07.425 [FXGL Background Thread 3 ] DEBUG Engine               - isLinux: true
21:39:07.425 [FXGL Background Thread 3 ] DEBUG Engine               - isMac: false
21:39:07.426 [FXGL Background Thread 3 ] DEBUG Engine               - isMainMenuEnabled: true
21:39:07.426 [FXGL Background Thread 3 ] DEBUG Engine               - isManualResizeEnabled: false
21:39:07.426 [FXGL Background Thread 3 ] DEBUG Engine               - isMobile: false
21:39:07.427 [FXGL Background Thread 3 ] DEBUG Engine               - isPreserveResizeRatio: false
21:39:07.427 [FXGL Background Thread 3 ] DEBUG Engine               - isProfilingEnabled: false
21:39:07.428 [FXGL Background Thread 3 ] DEBUG Engine               - isSingleStep: false
21:39:07.428 [FXGL Background Thread 3 ] DEBUG Engine               - isUserProfileEnabled: false
21:39:07.428 [FXGL Background Thread 3 ] DEBUG Engine               - isWindows: false
21:39:07.429 [FXGL Background Thread 3 ] DEBUG Engine               - language: ObjectProperty [value: ENGLISH]
21:39:07.429 [FXGL Background Thread 3 ] DEBUG Engine               - menuKey: ESCAPE
21:39:07.429 [FXGL Background Thread 3 ] DEBUG Engine               - notificationViewClass: class com.almasb.fxgl.notification.view.XboxNotificationView
21:39:07.430 [FXGL Background Thread 3 ] DEBUG Engine               - pixelsPerMeter: 50.0
21:39:07.430 [FXGL Background Thread 3 ] DEBUG Engine               - platform: LINUX
21:39:07.430 [FXGL Background Thread 3 ] DEBUG Engine               - profileDir: profiles/
21:39:07.431 [FXGL Background Thread 3 ] DEBUG Engine               - profileName: StringProperty [value: DEFAULT]
21:39:07.431 [FXGL Background Thread 3 ] DEBUG Engine               - randomSeed: -1
21:39:07.431 [FXGL Background Thread 3 ] DEBUG Engine               - runtimeInfo: RuntimeInfo(platform=LINUX, version=11.11, build=08.09.2020 18.00)
21:39:07.432 [FXGL Background Thread 3 ] DEBUG Engine               - saveFileExt: sav
21:39:07.432 [FXGL Background Thread 3 ] DEBUG Engine               - sceneFactory: sample.Main$1@1577f353
21:39:07.432 [FXGL Background Thread 3 ] DEBUG Engine               - secondsIn24h: 60
21:39:07.433 [FXGL Background Thread 3 ] DEBUG Engine               - soundMenuBack: menu/back.wav
21:39:07.433 [FXGL Background Thread 3 ] DEBUG Engine               - soundMenuPress: menu/press.wav
21:39:07.433 [FXGL Background Thread 3 ] DEBUG Engine               - soundMenuSelect: menu/select.wav
21:39:07.434 [FXGL Background Thread 3 ] DEBUG Engine               - soundNotification: core/notification.wav
21:39:07.434 [FXGL Background Thread 3 ] DEBUG Engine               - stageStyle: DECORATED
21:39:07.434 [FXGL Background Thread 3 ] DEBUG Engine               - supportedLanguages: [ENGLISH, FRENCH, GERMAN, HUNGARIAN, RUSSIAN]
21:39:07.434 [FXGL Background Thread 3 ] DEBUG Engine               - title: Color Switch 2
21:39:07.435 [FXGL Background Thread 3 ] DEBUG Engine               - urlGithub: https://github.com/AlmasB/FXGL
21:39:07.435 [FXGL Background Thread 3 ] DEBUG Engine               - urlLeaderboard: http://fxgl-top.herokuapp.com/
21:39:07.435 [FXGL Background Thread 3 ] DEBUG Engine               - urlPOM: https://raw.githubusercontent.com/AlmasB/FXGL/master/pom.xml
21:39:07.435 [FXGL Background Thread 3 ] DEBUG Engine               - version: 0.0
21:39:07.436 [FXGL Background Thread 3 ] DEBUG Engine               - versionCheckDays: 7
21:39:07.436 [FXGL Background Thread 3 ] DEBUG Engine               - width: 900
21:39:07.436 [FXGL Background Thread 3 ] DEBUG Engine               - Logging services
21:39:07.437 [FXGL Background Thread 3 ] DEBUG Engine               - class com.almasb.fxgl.app.FXGLApplication$GameApplicationService
21:39:07.437 [FXGL Background Thread 3 ] DEBUG Engine               - class com.almasb.fxgl.app.services.FXGLDialogService
21:39:07.437 [FXGL Background Thread 3 ] DEBUG Engine               - class com.almasb.fxgl.app.services.IOTaskExecutorService
21:39:07.437 [FXGL Background Thread 3 ] DEBUG Engine               - class com.almasb.fxgl.event.EventBusService
21:39:07.438 [FXGL Background Thread 3 ] DEBUG Engine               - class com.almasb.fxgl.io.FileSystemService
21:39:07.438 [FXGL Background Thread 3 ] DEBUG Engine               - class com.almasb.fxgl.localization.LocalizationService
21:39:07.438 [FXGL Background Thread 3 ] DEBUG Engine               - class com.almasb.fxgl.app.services.FXGLAssetLoaderService
21:39:07.438 [FXGL Background Thread 3 ] DEBUG Engine               - class com.almasb.fxgl.app.services.SystemBundleService
21:39:07.438 [FXGL Background Thread 3 ] DEBUG Engine               - class com.almasb.fxgl.profile.SaveLoadService
21:39:07.439 [FXGL Background Thread 3 ] DEBUG Engine               - class com.almasb.fxgl.ui.FXGLUIFactoryServiceProvider
21:39:07.439 [FXGL Background Thread 3 ] DEBUG Engine               - class com.almasb.fxgl.ui.FXGLDialogFactoryServiceProvider
21:39:07.439 [FXGL Background Thread 3 ] DEBUG Engine               - class com.almasb.fxgl.audio.AudioPlayer
21:39:07.439 [FXGL Background Thread 3 ] DEBUG Engine               - class com.almasb.fxgl.notification.impl.NotificationServiceProvider
21:39:07.439 [FXGL Background Thread 3 ] DEBUG Engine               - class com.almasb.fxgl.achievement.AchievementService
21:39:07.440 [FXGL Background Thread 3 ] DEBUG Engine               - class com.almasb.fxgl.cutscene.CutsceneService
21:39:07.440 [FXGL Background Thread 3 ] DEBUG Engine               - class com.almasb.fxgl.minigames.MiniGameService
21:39:07.440 [FXGL Background Thread 3 ] DEBUG Engine               - class com.almasb.fxgl.net.NetService
21:39:07.440 [FXGL Background Thread 3 ] DEBUG Engine               - class com.almasb.fxgl.app.services.UpdaterService
21:39:07.441 [FXGL Background Thread 3 ] DEBUG Engine               - class com.almasb.fxgl.dev.DevService
21:39:07.778 [FXGL Background Thread 2 ] INFO  UpdaterService       - Your current version:  11.11
21:39:07.780 [FXGL Background Thread 2 ] INFO  UpdaterService       - Latest stable version: dev-SNAPSHOT
21:39:09.391 [JavaFX Application Thread] DEBUG Menu                 - fireNewGame()
21:39:09.392 [JavaFX Application Thread] DEBUG GameApplicationServi - Starting new game
21:39:09.393 [JavaFX Application Thread] DEBUG MainWindow           - Pop state: MyMenu
21:39:09.394 [JavaFX Application Thread] DEBUG Input                - Clearing active input actions
21:39:09.400 [JavaFX Application Thread] DEBUG GameApplicationServi - Removing overlay from MyMenu and adding to FXGLMainMenuDummyScene
21:39:09.403 [JavaFX Application Thread] DEBUG MainWindow           - FXGLMainMenuDummyScene <- MyMenu
21:39:09.405 [JavaFX Application Thread] DEBUG Input                - Clearing active input actions
21:39:09.432 [JavaFX Application Thread] DEBUG GameApplicationServi - Removing overlay from FXGLMainMenuDummyScene and adding to FXGLLoadingScene
21:39:09.433 [JavaFX Application Thread] DEBUG MainWindow           - FXGLMainMenuDummyScene -> FXGLLoadingScene
21:39:09.433 [JavaFX Application Thread] DEBUG GameApplicationServi - Clearing previous game
21:39:09.433 [JavaFX Application Thread] DEBUG GameScene            - Clearing game scene
21:39:09.434 [JavaFX Application Thread] DEBUG GameWorld            - Clearing game world
21:39:09.434 [JavaFX Application Thread] DEBUG PhysicsWorld         - Clearing physics world
21:39:09.436 [FXGL Background Thread 2 ] DEBUG FXGLApplication      - Initializing game
21:39:09.525 [FXGL Background Thread 2 ] DEBUG FXGLAssetLoaderServi - Loading from file system: /assets/textures/star.png
21:39:09.531 [FXGL Background Thread 2 ] DEBUG FXGLAssetLoaderServi - Loading from cache: /assets/textures/star.png
21:39:09.534 [FXGL Background Thread 2 ] DEBUG FXGLAssetLoaderServi - Loading from cache: /assets/textures/star.png
21:39:09.534 [FXGL Background Thread 2 ] DEBUG FXGLAssetLoaderServi - Loading from cache: /assets/textures/star.png
21:39:09.537 [FXGL Background Thread 2 ] DEBUG FXGLAssetLoaderServi - Loading from cache: /assets/textures/star.png
21:39:09.549 [FXGL Background Thread 2 ] DEBUG FXGLAssetLoaderServi - Loading from file system: /assets/textures/heart1.png
21:39:09.589 [FXGL Background Thread 2 ] DEBUG FXGLAssetLoaderServi - Loading from cache: /assets/textures/heart1.png
21:39:09.590 [FXGL Background Thread 2 ] DEBUG FXGLAssetLoaderServi - Loading from cache: /assets/textures/heart1.png
21:39:09.590 [FXGL Background Thread 2 ] DEBUG FXGLAssetLoaderServi - Loading from cache: /assets/textures/heart1.png
21:39:09.591 [FXGL Background Thread 2 ] DEBUG FXGLAssetLoaderServi - Loading from cache: /assets/textures/heart1.png
21:39:09.595 [FXGL Background Thread 2 ] INFO  FXGLApplication      - Game initialization took: 0.159 sec
21:39:09.595 [JavaFX Application Thread] DEBUG Input                - Clearing active input actions
21:39:09.605 [JavaFX Application Thread] DEBUG GameApplicationServi - Removing overlay from FXGLLoadingScene and adding to GameScene
21:39:09.605 [JavaFX Application Thread] DEBUG MainWindow           - FXGLLoadingScene -> GameScene
21:39:29.861 [JavaFX Application Thread] DEBUG FXGLApplication      - Exiting FXGL
21:39:29.862 [JavaFX Application Thread] DEBUG LoopRunner           - Stopping loop
21:39:29.862 [JavaFX Application Thread] DEBUG SystemBundleService  - Saving FXGL system data
21:39:29.866 [JavaFX Application Thread] DEBUG FileSystemAccess     - Writing to: /home/chintan/Downloads/game/system/fxgl.bundle
21:39:29.870 [JavaFX Application Thread] DEBUG Async                - Shutting down background threads
21:39:29.871 [JavaFX Application Thread] DEBUG MainWindow           - Closing main window
21:39:29.876 [JavaFX Application Thread] DEBUG Logger               - Closing Logger
