04:08:01.172 [main                     ] DEBUG Logger               - Configured Logger
04:08:01.197 [main                     ] DEBUG GameApplication      - Logging settings
Title: Color Switch 2
Version: 0.0
Width: 580
Height: 720
Fullscreen: false
Intro: false
Profiling: false
Single step:false
App Mode: DEVELOPER
Menu Key: ESCAPE
Stage Style: DECORATED
Scene Factory: class com.almasb.fxgl.app.scene.SceneFactory

04:08:01.795 [JavaFX Application Thread] DEBUG FXGLApplication      - Initializing FXGL
04:08:01.822 [JavaFX Application Thread] INFO  Engine               - FXGL-11.11 (08.09.2020 18.00) on LINUX (J:15.0.1 FX:14)
04:08:01.823 [JavaFX Application Thread] DEBUG Engine               - JRE Vendor Name: Oracle Corporation
04:08:01.823 [JavaFX Application Thread] DEBUG Engine               - Running on OS: Linux version 5.4.0-56-generic
04:08:01.824 [JavaFX Application Thread] DEBUG Engine               - Architecture: amd64
04:08:01.824 [JavaFX Application Thread] INFO  Engine               - Source code and latest versions at: https://github.com/AlmasB/FXGL
04:08:01.825 [JavaFX Application Thread] INFO  Engine               -              Join the FXGL chat at: https://gitter.im/AlmasB/FXGL
04:08:02.001 [JavaFX Application Thread] DEBUG MainWindow           - Creating a JavaFX scene
04:08:02.179 [JavaFX Application Thread] DEBUG MainWindow           - Target settings size: 580.0 x 720.0
04:08:02.179 [JavaFX Application Thread] DEBUG MainWindow           - Scaled scene size:    580.0 x 720.0
04:08:02.180 [JavaFX Application Thread] DEBUG MainWindow           - Scaled ratio: (1.0, 1.0)
04:08:02.181 [JavaFX Application Thread] DEBUG MainWindow           - Set initial scene to StartupScene
04:08:02.190 [JavaFX Application Thread] DEBUG MainWindow           - Opening main window
04:08:02.258 [JavaFX Application Thread] DEBUG MainWindow           - Window border size: (2.0, 29.0)
04:08:02.259 [JavaFX Application Thread] DEBUG MainWindow           - Scaled size: 580.0 x 720.0
04:08:02.260 [JavaFX Application Thread] DEBUG MainWindow           - Scaled ratio: (1.0, 1.0)
04:08:02.271 [JavaFX Application Thread] DEBUG MainWindow           - Scene size: 580.0 x 720.0
04:08:02.271 [JavaFX Application Thread] DEBUG MainWindow           - Stage size: 582.0 x 749.0
04:08:02.293 [FXGL Background Thread 1 ] DEBUG Engine               - Initializing environment variables
04:08:02.378 [FXGL Background Thread 1 ] DEBUG GameApplicationServi - Applying CSS: fxgl_dark.css
04:08:02.378 [FXGL Background Thread 1 ] DEBUG FXGLAssetLoaderServi - Loading from file system: /assets/ui/css/fxgl_dark.css
04:08:02.552 [FXGL Background Thread 1 ] DEBUG GameApplicationServi - Initializing application scenes
04:08:02.715 [FXGL Background Thread 1 ] DEBUG GameWorld            - Game world initialized
04:08:02.848 [FXGL Background Thread 1 ] DEBUG PhysicsWorld         - Physics world initialized: appHeight=720, physics.ppm=50.0
04:08:02.851 [FXGL Background Thread 1 ] DEBUG GameScene            - Game scene initialized: 580x720
04:08:02.904 [FXGL Background Thread 1 ] DEBUG FXGLAssetLoaderServi - Loading from file system: /assets/textures/particles/trace_horizontal.png
04:08:02.974 [FXGL Background Thread 1 ] WARN  FXGL.DefaultMenu     - FXGLDefaultMenu is not designed for resolutions < 800x600
04:08:02.975 [FXGL Background Thread 1 ] DEBUG FXGL.DefaultMenu     - createMenuBodyMainMenu()
04:08:02.991 [FXGL Background Thread 1 ] DEBUG FXGL.DefaultMenu     - createOptionsMenu()
04:08:02.998 [FXGL Background Thread 1 ] DEBUG FXGLAssetLoaderServi - Loading from file system: /assets/textures/particles/smoke.png
04:08:03.116 [FXGL Background Thread 1 ] DEBUG FXGLAssetLoaderServi - Loading from cache: /assets/textures/particles/trace_horizontal.png@64.0x64.0
04:08:03.117 [FXGL Background Thread 1 ] WARN  FXGL.DefaultMenu     - FXGLDefaultMenu is not designed for resolutions < 800x600
04:08:03.118 [FXGL Background Thread 1 ] DEBUG FXGL.DefaultMenu     - createMenuBodyGameMenu()
04:08:03.120 [FXGL Background Thread 1 ] DEBUG FXGL.DefaultMenu     - createOptionsMenu()
04:08:03.124 [FXGL Background Thread 1 ] DEBUG FXGLAssetLoaderServi - Loading from cache: /assets/textures/particles/smoke.png@128.0x128.0
04:08:03.163 [FXGL Background Thread 1 ] DEBUG GameApplicationServi - Application scenes initialized
04:08:03.173 [FXGL Background Thread 1 ] DEBUG SystemBundleService  - Loading FXGL system data
04:08:03.177 [FXGL Background Thread 1 ] DEBUG FileSystemAccess     - Reading from: /home/chintan/Downloads/game/system/fxgl.bundle
04:08:03.186 [FXGL Background Thread 1 ] DEBUG SystemBundleService  - Bundle FXGL: {}
04:08:03.187 [FXGL Background Thread 1 ] DEBUG UpdaterService       - Checking for updates
04:08:03.193 [FXGL Background Thread 1 ] DEBUG FXGLApplication      - Loading default localization
04:08:03.194 [FXGL Background Thread 1 ] DEBUG FXGLAssetLoaderServi - Loading from file system: /assets/languages/english.lang
04:08:03.194 [FXGL Background Thread 4 ] DEBUG FXGLAssetLoaderServi - Loading from file system: /assets/ui/fonts/VarelaRound-Regular.ttf
04:08:03.213 [FXGL Background Thread 1 ] INFO  FXGLApplication      - FXGL initialization took: 0.920 sec
04:08:03.213 [FXGL Background Thread 4 ] DEBUG FXGLAssetLoaderServi - Loading from file system: /assets/ui/fonts/Abel-Regular.ttf
04:08:03.222 [JavaFX Application Thread] DEBUG Input                - Registered new binding: Up - W
04:08:03.223 [JavaFX Application Thread] DEBUG FXGLAssetLoaderServi - Loading from file system: /assets/textures/fxgl_icon.png
04:08:03.223 [FXGL Background Thread 4 ] DEBUG FXGLAssetLoaderServi - Loading from file system: /assets/ui/fonts/lucida_console.ttf
04:08:03.227 [FXGL Background Thread 4 ] DEBUG FXGLAssetLoaderServi - Loading from file system: /assets/ui/fonts/Courier-Prime.ttf
04:08:03.285 [JavaFX Application Thread] DEBUG FXGLAssetLoaderServi - Loading from file system: /assets/ui/cursors/fxgl_default.png
04:08:03.289 [JavaFX Application Thread] DEBUG Input                - Registered new binding: Screenshot - P
04:08:03.290 [JavaFX Application Thread] DEBUG Input                - Registered new binding: System info dump - CTRL+9
04:08:03.291 [JavaFX Application Thread] DEBUG Input                - Registered new binding: Restart - CTRL+R
04:08:03.292 [JavaFX Application Thread] DEBUG Input                - Registered new binding: Toggle Debug Camera - CTRL+C
04:08:03.295 [JavaFX Application Thread] DEBUG LoopRunner           - Starting loop
04:08:03.298 [JavaFX Application Thread] DEBUG Input                - Clearing active input actions
04:08:03.327 [JavaFX Application Thread] DEBUG GameApplicationServi - Removing overlay from StartupScene and adding to FXGLMainMenuDummyScene
04:08:03.328 [JavaFX Application Thread] DEBUG MainWindow           - StartupScene -> FXGLMainMenuDummyScene
04:08:03.328 [JavaFX Application Thread] DEBUG MainWindow           - Push state: FXGLDefaultMenu
04:08:03.353 [JavaFX Application Thread] DEBUG Input                - Clearing active input actions
04:08:03.369 [JavaFX Application Thread] DEBUG GameApplicationServi - Removing overlay from FXGLMainMenuDummyScene and adding to FXGLDefaultMenu
04:08:03.370 [JavaFX Application Thread] DEBUG MainWindow           - FXGLMainMenuDummyScene -> FXGLDefaultMenu
04:08:03.371 [JavaFX Application Thread] DEBUG FXGLApplication      - Registering font factories with UI factory
04:08:03.924 [FXGL Background Thread 2 ] INFO  UpdaterService       - Your current version:  11.11
04:08:03.924 [FXGL Background Thread 2 ] INFO  UpdaterService       - Latest stable version: dev-SNAPSHOT
04:08:04.734 [JavaFX Application Thread] DEBUG FXGLApplication      - Exiting FXGL
04:08:04.734 [JavaFX Application Thread] DEBUG LoopRunner           - Stopping loop
04:08:04.735 [JavaFX Application Thread] DEBUG SystemBundleService  - Saving FXGL system data
04:08:04.737 [JavaFX Application Thread] DEBUG FileSystemAccess     - Writing to: /home/chintan/Downloads/game/system/fxgl.bundle
04:08:04.739 [JavaFX Application Thread] DEBUG Async                - Shutting down background threads
04:08:04.739 [JavaFX Application Thread] DEBUG MainWindow           - Closing main window
04:08:04.748 [JavaFX Application Thread] DEBUG Logger               - Closing Logger
