07:43:54.185 [main                     ] DEBUG Logger               - Configured Logger
07:43:54.226 [main                     ] DEBUG GameApplication      - Logging settings
Title: Color Switch 2
Version: 0.0
Width: 900
Height: 900
Fullscreen: false
Intro: false
Profiling: false
Single step:false
App Mode: DEVELOPER
Menu Key: ESCAPE
Stage Style: DECORATED
Scene Factory: class com.almasb.fxgl.app.scene.SceneFactory

07:43:54.730 [JavaFX Application Thread] DEBUG FXGLApplication      - Initializing FXGL
07:43:54.750 [JavaFX Application Thread] INFO  Engine               - FXGL-11.11 (08.09.2020 18.00) on LINUX (J:15.0.1 FX:14)
07:43:54.750 [JavaFX Application Thread] DEBUG Engine               - JRE Vendor Name: Oracle Corporation
07:43:54.751 [JavaFX Application Thread] DEBUG Engine               - Running on OS: Linux version 5.4.0-58-generic
07:43:54.751 [JavaFX Application Thread] DEBUG Engine               - Architecture: amd64
07:43:54.752 [JavaFX Application Thread] INFO  Engine               - Source code and latest versions at: https://github.com/AlmasB/FXGL
07:43:54.752 [JavaFX Application Thread] INFO  Engine               -              Join the FXGL chat at: https://gitter.im/AlmasB/FXGL
07:43:54.900 [JavaFX Application Thread] DEBUG MainWindow           - Creating a JavaFX scene
07:43:55.079 [JavaFX Application Thread] DEBUG MainWindow           - Target settings size: 900.0 x 900.0
07:43:55.079 [JavaFX Application Thread] DEBUG MainWindow           - Scaled scene size:    900.0 x 900.0
07:43:55.079 [JavaFX Application Thread] DEBUG MainWindow           - Scaled ratio: (1.0, 1.0)
07:43:55.082 [JavaFX Application Thread] DEBUG MainWindow           - Set initial scene to StartupScene
07:43:55.091 [JavaFX Application Thread] DEBUG MainWindow           - Opening main window
07:43:55.228 [JavaFX Application Thread] DEBUG MainWindow           - Window border size: (2.0, 29.0)
07:43:55.230 [JavaFX Application Thread] DEBUG MainWindow           - Scaled size: 900.0 x 900.0
07:43:55.232 [JavaFX Application Thread] DEBUG MainWindow           - Scaled ratio: (1.0, 1.0)
07:43:55.235 [JavaFX Application Thread] DEBUG MainWindow           - Scene size: 900.0 x 900.0
07:43:55.236 [JavaFX Application Thread] DEBUG MainWindow           - Stage size: 902.0 x 929.0
07:43:55.265 [FXGL Background Thread 1 ] DEBUG Engine               - Initializing environment variables
07:43:55.333 [FXGL Background Thread 1 ] DEBUG GameApplicationServi - Applying CSS: fxgl_dark.css
07:43:55.338 [FXGL Background Thread 1 ] DEBUG FXGLAssetLoaderServi - Loading from file system: /assets/ui/css/fxgl_dark.css
07:43:55.498 [FXGL Background Thread 1 ] DEBUG GameApplicationServi - Initializing application scenes
07:43:55.584 [FXGL Background Thread 1 ] DEBUG GameWorld            - Game world initialized
07:43:55.695 [FXGL Background Thread 1 ] DEBUG PhysicsWorld         - Physics world initialized: appHeight=900, physics.ppm=50.0
07:43:55.703 [FXGL Background Thread 1 ] DEBUG GameScene            - Game scene initialized: 900x900
07:43:55.754 [FXGL Background Thread 1 ] DEBUG FXGLAssetLoaderServi - Loading from file system: /assets/textures/particles/trace_horizontal.png
07:43:55.833 [FXGL Background Thread 1 ] DEBUG FXGL.DefaultMenu     - createMenuBodyMainMenu()
07:43:55.851 [FXGL Background Thread 1 ] DEBUG FXGL.DefaultMenu     - createOptionsMenu()
07:43:55.858 [FXGL Background Thread 1 ] DEBUG FXGLAssetLoaderServi - Loading from file system: /assets/textures/particles/smoke.png
07:43:55.965 [FXGL Background Thread 1 ] DEBUG FXGLAssetLoaderServi - Loading from cache: /assets/textures/particles/trace_horizontal.png@64.0x64.0
07:43:55.966 [FXGL Background Thread 1 ] DEBUG FXGL.DefaultMenu     - createMenuBodyGameMenu()
07:43:55.968 [FXGL Background Thread 1 ] DEBUG FXGL.DefaultMenu     - createOptionsMenu()
07:43:55.973 [FXGL Background Thread 1 ] DEBUG FXGLAssetLoaderServi - Loading from cache: /assets/textures/particles/smoke.png@128.0x128.0
07:43:56.007 [FXGL Background Thread 1 ] DEBUG GameApplicationServi - Application scenes initialized
07:43:56.016 [FXGL Background Thread 1 ] DEBUG SystemBundleService  - Loading FXGL system data
07:43:56.019 [FXGL Background Thread 1 ] DEBUG FileSystemAccess     - Reading from: /home/chintan/Downloads/game/system/fxgl.bundle
07:43:56.024 [FXGL Background Thread 1 ] DEBUG SystemBundleService  - Bundle FXGL: {}
07:43:56.024 [FXGL Background Thread 1 ] DEBUG UpdaterService       - Checking for updates
07:43:56.029 [FXGL Background Thread 1 ] DEBUG FXGLApplication      - Loading default localization
07:43:56.030 [FXGL Background Thread 1 ] DEBUG FXGLAssetLoaderServi - Loading from file system: /assets/languages/english.lang
07:43:56.029 [FXGL Background Thread 4 ] DEBUG FXGLApplication      - Loading fonts
07:43:56.032 [FXGL Background Thread 4 ] DEBUG FXGLAssetLoaderServi - Loading from file system: /assets/ui/fonts/VarelaRound-Regular.ttf
07:43:56.046 [FXGL Background Thread 1 ] INFO  FXGLApplication      - FXGL initialization took: 0.781 sec
07:43:56.053 [FXGL Background Thread 4 ] DEBUG FXGLAssetLoaderServi - Loading from file system: /assets/ui/fonts/Abel-Regular.ttf
07:43:56.054 [JavaFX Application Thread] DEBUG Input                - Registered new binding: Up - W
07:43:56.054 [JavaFX Application Thread] DEBUG FXGLAssetLoaderServi - Loading from file system: /assets/textures/fxgl_icon.png
07:43:56.055 [FXGL Background Thread 4 ] DEBUG FXGLAssetLoaderServi - Loading from file system: /assets/ui/fonts/lucida_console.ttf
07:43:56.058 [FXGL Background Thread 4 ] DEBUG FXGLAssetLoaderServi - Loading from file system: /assets/ui/fonts/Courier-Prime.ttf
07:43:56.093 [JavaFX Application Thread] DEBUG FXGLAssetLoaderServi - Loading from file system: /assets/ui/cursors/fxgl_default.png
07:43:56.097 [JavaFX Application Thread] DEBUG Input                - Registered new binding: Screenshot - P
07:43:56.097 [JavaFX Application Thread] DEBUG Input                - Registered new binding: System info dump - CTRL+9
07:43:56.098 [JavaFX Application Thread] DEBUG Input                - Registered new binding: Restart - CTRL+R
07:43:56.099 [JavaFX Application Thread] DEBUG Input                - Registered new binding: Toggle Debug Camera - CTRL+C
07:43:56.102 [JavaFX Application Thread] DEBUG LoopRunner           - Starting loop
07:43:56.104 [JavaFX Application Thread] DEBUG Input                - Clearing active input actions
07:43:56.115 [JavaFX Application Thread] DEBUG GameApplicationServi - Removing overlay from StartupScene and adding to FXGLMainMenuDummyScene
07:43:56.116 [JavaFX Application Thread] DEBUG MainWindow           - StartupScene -> FXGLMainMenuDummyScene
07:43:56.116 [JavaFX Application Thread] DEBUG MainWindow           - Push state: FXGLDefaultMenu
07:43:56.121 [JavaFX Application Thread] DEBUG Input                - Clearing active input actions
07:43:56.140 [JavaFX Application Thread] DEBUG GameApplicationServi - Removing overlay from FXGLMainMenuDummyScene and adding to FXGLDefaultMenu
07:43:56.141 [JavaFX Application Thread] DEBUG MainWindow           - FXGLMainMenuDummyScene -> FXGLDefaultMenu
07:43:56.143 [JavaFX Application Thread] DEBUG FXGLApplication      - Registering font factories with UI factory
07:43:56.564 [FXGL Background Thread 2 ] INFO  UpdaterService       - Your current version:  11.11
07:43:56.565 [FXGL Background Thread 2 ] INFO  UpdaterService       - Latest stable version: dev-SNAPSHOT
07:43:57.862 [JavaFX Application Thread] DEBUG Menu                 - fireNewGame()
07:43:57.862 [JavaFX Application Thread] DEBUG GameApplicationServi - Starting new game
07:43:57.868 [JavaFX Application Thread] DEBUG MainWindow           - Pop state: FXGLDefaultMenu
07:43:57.868 [JavaFX Application Thread] DEBUG Input                - Clearing active input actions
07:43:57.869 [JavaFX Application Thread] DEBUG GameApplicationServi - Removing overlay from FXGLDefaultMenu and adding to FXGLMainMenuDummyScene
07:43:57.870 [JavaFX Application Thread] DEBUG MainWindow           - FXGLMainMenuDummyScene <- FXGLDefaultMenu
07:43:57.870 [JavaFX Application Thread] DEBUG Input                - Clearing active input actions
07:43:57.882 [JavaFX Application Thread] DEBUG GameApplicationServi - Removing overlay from FXGLMainMenuDummyScene and adding to FXGLLoadingScene
07:43:57.882 [JavaFX Application Thread] DEBUG MainWindow           - FXGLMainMenuDummyScene -> FXGLLoadingScene
07:43:57.883 [JavaFX Application Thread] DEBUG GameApplicationServi - Clearing previous game
07:43:57.884 [JavaFX Application Thread] DEBUG GameScene            - Clearing game scene
07:43:57.885 [JavaFX Application Thread] DEBUG GameWorld            - Clearing game world
07:43:57.885 [JavaFX Application Thread] DEBUG PhysicsWorld         - Clearing physics world
07:43:57.887 [FXGL Background Thread 2 ] DEBUG FXGLApplication      - Initializing game
07:43:57.976 [FXGL Background Thread 2 ] DEBUG FXGLAssetLoaderServi - Loading from file system: /assets/textures/star.png
07:43:57.991 [FXGL Background Thread 2 ] INFO  FXGLApplication      - Game initialization took: 0.103 sec
07:43:58.001 [JavaFX Application Thread] DEBUG Input                - Clearing active input actions
07:43:58.029 [JavaFX Application Thread] DEBUG GameApplicationServi - Removing overlay from FXGLLoadingScene and adding to GameScene
07:43:58.030 [JavaFX Application Thread] DEBUG MainWindow           - FXGLLoadingScene -> GameScene
07:43:59.027 [FXGL Background Thread 3 ] DEBUG Engine               - Logging environment variables
07:43:59.028 [FXGL Background Thread 3 ] DEBUG Engine               - achievements: []
07:43:59.028 [FXGL Background Thread 3 ] DEBUG Engine               - appIcon: fxgl_icon.png
07:43:59.028 [FXGL Background Thread 3 ] DEBUG Engine               - applicationMode: DEVELOPER
07:43:59.029 [FXGL Background Thread 3 ] DEBUG Engine               - cSSList: [fxgl_dark.css]
07:43:59.029 [FXGL Background Thread 3 ] DEBUG Engine               - configClass: Optional.empty
07:43:59.030 [FXGL Background Thread 3 ] DEBUG Engine               - credits: []
07:43:59.030 [FXGL Background Thread 3 ] DEBUG Engine               - devBBoxColorProperty: ObjectProperty [value: 0xff0000ff]
07:43:59.030 [FXGL Background Thread 3 ] DEBUG Engine               - devEnableDebugCameraProperty: BooleanProperty [value: false]
07:43:59.031 [FXGL Background Thread 3 ] DEBUG Engine               - devSensorColorProperty: ObjectProperty [value: 0xffff00ff]
07:43:59.031 [FXGL Background Thread 3 ] DEBUG Engine               - devShowBBoxProperty: BooleanProperty [value: false]
07:43:59.031 [FXGL Background Thread 3 ] DEBUG Engine               - devShowPositionProperty: BooleanProperty [value: false]
07:43:59.031 [FXGL Background Thread 3 ] DEBUG Engine               - enabledMenuItems: []
07:43:59.032 [FXGL Background Thread 3 ] DEBUG Engine               - engineServices: [class com.almasb.fxgl.app.FXGLApplication$GameApplicationService, class com.almasb.fxgl.app.services.FXGLDialogService, class com.almasb.fxgl.app.services.IOTaskExecutorService, class com.almasb.fxgl.event.EventBusService, class com.almasb.fxgl.io.FileSystemService, class com.almasb.fxgl.localization.LocalizationService, class com.almasb.fxgl.app.services.FXGLAssetLoaderService, class com.almasb.fxgl.app.services.SystemBundleService, class com.almasb.fxgl.profile.SaveLoadService, class com.almasb.fxgl.ui.FXGLUIFactoryServiceProvider, class com.almasb.fxgl.ui.FXGLDialogFactoryServiceProvider, class com.almasb.fxgl.audio.AudioPlayer, class com.almasb.fxgl.notification.impl.NotificationServiceProvider, class com.almasb.fxgl.achievement.AchievementService, class com.almasb.fxgl.cutscene.CutsceneService, class com.almasb.fxgl.minigames.MiniGameService, class com.almasb.fxgl.net.NetService, class com.almasb.fxgl.app.services.UpdaterService, class com.almasb.fxgl.dev.DevService]
07:43:59.033 [FXGL Background Thread 3 ] DEBUG Engine               - fontGame: Abel-Regular.ttf
07:43:59.033 [FXGL Background Thread 3 ] DEBUG Engine               - fontMono: lucida_console.ttf
07:43:59.033 [FXGL Background Thread 3 ] DEBUG Engine               - fontText: Courier-Prime.ttf
07:43:59.034 [FXGL Background Thread 3 ] DEBUG Engine               - fontUI: VarelaRound-Regular.ttf
07:43:59.034 [FXGL Background Thread 3 ] DEBUG Engine               - fullScreen: BooleanProperty [value: false]
07:43:59.035 [FXGL Background Thread 3 ] DEBUG Engine               - gameDifficulty: MEDIUM
07:43:59.035 [FXGL Background Thread 3 ] DEBUG Engine               - gameDifficultyProperty: ObjectProperty [value: MEDIUM]
07:43:59.035 [FXGL Background Thread 3 ] DEBUG Engine               - globalMusicVolume: 0.5
07:43:59.035 [FXGL Background Thread 3 ] DEBUG Engine               - globalMusicVolumeProperty: DoubleProperty [value: 0.5]
07:43:59.036 [FXGL Background Thread 3 ] DEBUG Engine               - globalSoundVolume: 0.5
07:43:59.036 [FXGL Background Thread 3 ] DEBUG Engine               - globalSoundVolumeProperty: DoubleProperty [value: 0.5]
07:43:59.037 [FXGL Background Thread 3 ] DEBUG Engine               - height: 900
07:43:59.037 [FXGL Background Thread 3 ] DEBUG Engine               - isAndroid: false
07:43:59.038 [FXGL Background Thread 3 ] DEBUG Engine               - isBrowser: false
07:43:59.038 [FXGL Background Thread 3 ] DEBUG Engine               - isClickFeedbackEnabled: false
07:43:59.039 [FXGL Background Thread 3 ] DEBUG Engine               - isCloseConfirmation: false
07:43:59.040 [FXGL Background Thread 3 ] DEBUG Engine               - isDesktop: true
07:43:59.040 [FXGL Background Thread 3 ] DEBUG Engine               - isDeveloperMenuEnabled: false
07:43:59.040 [FXGL Background Thread 3 ] DEBUG Engine               - isEntityPreloadEnabled: true
07:43:59.041 [FXGL Background Thread 3 ] DEBUG Engine               - isExperimentalNative: false
07:43:59.041 [FXGL Background Thread 3 ] DEBUG Engine               - isExperimentalTiledLargeMap: false
07:43:59.041 [FXGL Background Thread 3 ] DEBUG Engine               - isFileSystemWriteAllowed: true
07:43:59.042 [FXGL Background Thread 3 ] DEBUG Engine               - isFullScreenAllowed: false
07:43:59.042 [FXGL Background Thread 3 ] DEBUG Engine               - isFullScreenFromStart: false
07:43:59.042 [FXGL Background Thread 3 ] DEBUG Engine               - isGameMenuEnabled: true
07:43:59.043 [FXGL Background Thread 3 ] DEBUG Engine               - isIOS: false
07:43:59.043 [FXGL Background Thread 3 ] DEBUG Engine               - isIntroEnabled: false
07:43:59.044 [FXGL Background Thread 3 ] DEBUG Engine               - isLinux: true
07:43:59.044 [FXGL Background Thread 3 ] DEBUG Engine               - isMac: false
07:43:59.044 [FXGL Background Thread 3 ] DEBUG Engine               - isMainMenuEnabled: true
07:43:59.045 [FXGL Background Thread 3 ] DEBUG Engine               - isManualResizeEnabled: false
07:43:59.046 [FXGL Background Thread 3 ] DEBUG Engine               - isMobile: false
07:43:59.046 [FXGL Background Thread 3 ] DEBUG Engine               - isPreserveResizeRatio: false
07:43:59.047 [FXGL Background Thread 3 ] DEBUG Engine               - isProfilingEnabled: false
07:43:59.047 [FXGL Background Thread 3 ] DEBUG Engine               - isSingleStep: false
07:43:59.047 [FXGL Background Thread 3 ] DEBUG Engine               - isUserProfileEnabled: false
07:43:59.048 [FXGL Background Thread 3 ] DEBUG Engine               - isWindows: false
07:43:59.048 [FXGL Background Thread 3 ] DEBUG Engine               - language: ObjectProperty [value: ENGLISH]
07:43:59.048 [FXGL Background Thread 3 ] DEBUG Engine               - menuKey: ESCAPE
07:43:59.048 [FXGL Background Thread 3 ] DEBUG Engine               - notificationViewClass: class com.almasb.fxgl.notification.view.XboxNotificationView
07:43:59.049 [FXGL Background Thread 3 ] DEBUG Engine               - pixelsPerMeter: 50.0
07:43:59.049 [FXGL Background Thread 3 ] DEBUG Engine               - platform: LINUX
07:43:59.049 [FXGL Background Thread 3 ] DEBUG Engine               - profileDir: profiles/
07:43:59.050 [FXGL Background Thread 3 ] DEBUG Engine               - profileName: StringProperty [value: DEFAULT]
07:43:59.050 [FXGL Background Thread 3 ] DEBUG Engine               - randomSeed: -1
07:43:59.051 [FXGL Background Thread 3 ] DEBUG Engine               - runtimeInfo: RuntimeInfo(platform=LINUX, version=11.11, build=08.09.2020 18.00)
07:43:59.051 [FXGL Background Thread 3 ] DEBUG Engine               - saveFileExt: sav
07:43:59.051 [FXGL Background Thread 3 ] DEBUG Engine               - sceneFactory: com.almasb.fxgl.app.scene.SceneFactory@6b0f07ba
07:43:59.053 [FXGL Background Thread 3 ] DEBUG Engine               - secondsIn24h: 60
07:43:59.053 [FXGL Background Thread 3 ] DEBUG Engine               - soundMenuBack: menu/back.wav
07:43:59.054 [FXGL Background Thread 3 ] DEBUG Engine               - soundMenuPress: menu/press.wav
07:43:59.054 [FXGL Background Thread 3 ] DEBUG Engine               - soundMenuSelect: menu/select.wav
07:43:59.054 [FXGL Background Thread 3 ] DEBUG Engine               - soundNotification: core/notification.wav
07:43:59.055 [FXGL Background Thread 3 ] DEBUG Engine               - stageStyle: DECORATED
07:43:59.055 [FXGL Background Thread 3 ] DEBUG Engine               - supportedLanguages: [ENGLISH, FRENCH, GERMAN, HUNGARIAN, RUSSIAN]
07:43:59.055 [FXGL Background Thread 3 ] DEBUG Engine               - title: Color Switch 2
07:43:59.055 [FXGL Background Thread 3 ] DEBUG Engine               - urlGithub: https://github.com/AlmasB/FXGL
07:43:59.056 [FXGL Background Thread 3 ] DEBUG Engine               - urlLeaderboard: http://fxgl-top.herokuapp.com/
07:43:59.056 [FXGL Background Thread 3 ] DEBUG Engine               - urlPOM: https://raw.githubusercontent.com/AlmasB/FXGL/master/pom.xml
07:43:59.056 [FXGL Background Thread 3 ] DEBUG Engine               - version: 0.0
07:43:59.056 [FXGL Background Thread 3 ] DEBUG Engine               - versionCheckDays: 7
07:43:59.056 [FXGL Background Thread 3 ] DEBUG Engine               - width: 900
07:43:59.057 [FXGL Background Thread 3 ] DEBUG Engine               - Logging services
07:43:59.057 [FXGL Background Thread 3 ] DEBUG Engine               - class com.almasb.fxgl.app.FXGLApplication$GameApplicationService
07:43:59.057 [FXGL Background Thread 3 ] DEBUG Engine               - class com.almasb.fxgl.app.services.FXGLDialogService
07:43:59.058 [FXGL Background Thread 3 ] DEBUG Engine               - class com.almasb.fxgl.app.services.IOTaskExecutorService
07:43:59.059 [FXGL Background Thread 3 ] DEBUG Engine               - class com.almasb.fxgl.event.EventBusService
07:43:59.059 [FXGL Background Thread 3 ] DEBUG Engine               - class com.almasb.fxgl.io.FileSystemService
07:43:59.059 [FXGL Background Thread 3 ] DEBUG Engine               - class com.almasb.fxgl.localization.LocalizationService
07:43:59.059 [FXGL Background Thread 3 ] DEBUG Engine               - class com.almasb.fxgl.app.services.FXGLAssetLoaderService
07:43:59.059 [FXGL Background Thread 3 ] DEBUG Engine               - class com.almasb.fxgl.app.services.SystemBundleService
07:43:59.059 [FXGL Background Thread 3 ] DEBUG Engine               - class com.almasb.fxgl.profile.SaveLoadService
07:43:59.060 [FXGL Background Thread 3 ] DEBUG Engine               - class com.almasb.fxgl.ui.FXGLUIFactoryServiceProvider
07:43:59.060 [FXGL Background Thread 3 ] DEBUG Engine               - class com.almasb.fxgl.ui.FXGLDialogFactoryServiceProvider
07:43:59.060 [FXGL Background Thread 3 ] DEBUG Engine               - class com.almasb.fxgl.audio.AudioPlayer
07:43:59.060 [FXGL Background Thread 3 ] DEBUG Engine               - class com.almasb.fxgl.notification.impl.NotificationServiceProvider
07:43:59.060 [FXGL Background Thread 3 ] DEBUG Engine               - class com.almasb.fxgl.achievement.AchievementService
07:43:59.061 [FXGL Background Thread 3 ] DEBUG Engine               - class com.almasb.fxgl.cutscene.CutsceneService
07:43:59.061 [FXGL Background Thread 3 ] DEBUG Engine               - class com.almasb.fxgl.minigames.MiniGameService
07:43:59.061 [FXGL Background Thread 3 ] DEBUG Engine               - class com.almasb.fxgl.net.NetService
07:43:59.062 [FXGL Background Thread 3 ] DEBUG Engine               - class com.almasb.fxgl.app.services.UpdaterService
07:43:59.062 [FXGL Background Thread 3 ] DEBUG Engine               - class com.almasb.fxgl.dev.DevService
07:44:17.903 [JavaFX Application Thread] DEBUG FXGLApplication      - Exiting FXGL
07:44:17.905 [JavaFX Application Thread] DEBUG LoopRunner           - Stopping loop
07:44:17.906 [JavaFX Application Thread] DEBUG SystemBundleService  - Saving FXGL system data
07:44:17.913 [JavaFX Application Thread] DEBUG FileSystemAccess     - Writing to: /home/chintan/Downloads/game/system/fxgl.bundle
07:44:17.921 [JavaFX Application Thread] DEBUG Async                - Shutting down background threads
07:44:17.923 [JavaFX Application Thread] DEBUG MainWindow           - Closing main window
07:44:17.935 [JavaFX Application Thread] DEBUG Logger               - Closing Logger
