15:41:28.765 [main                     ] DEBUG Logger               - Configured Logger
15:41:28.820 [main                     ] DEBUG GameApplication      - Logging settings
Title: Color Switch 2
Version: 0.0
Width: 900
Height: 900
Fullscreen: false
Intro: false
Profiling: false
Single step:false
App Mode: DEVELOPER
Menu Key: ESCAPE
Stage Style: DECORATED
Scene Factory: class com.almasb.fxgl.app.scene.SceneFactory

15:41:29.384 [JavaFX Application Thread] DEBUG FXGLApplication      - Initializing FXGL
15:41:29.410 [JavaFX Application Thread] INFO  Engine               - FXGL-11.11 (08.09.2020 18.00) on LINUX (J:15.0.1 FX:14)
15:41:29.411 [JavaFX Application Thread] DEBUG Engine               - JRE Vendor Name: Oracle Corporation
15:41:29.411 [JavaFX Application Thread] DEBUG Engine               - Running on OS: Linux version 5.4.0-58-generic
15:41:29.412 [JavaFX Application Thread] DEBUG Engine               - Architecture: amd64
15:41:29.412 [JavaFX Application Thread] INFO  Engine               - Source code and latest versions at: https://github.com/AlmasB/FXGL
15:41:29.413 [JavaFX Application Thread] INFO  Engine               -              Join the FXGL chat at: https://gitter.im/AlmasB/FXGL
15:41:29.595 [JavaFX Application Thread] DEBUG MainWindow           - Creating a JavaFX scene
15:41:29.780 [JavaFX Application Thread] DEBUG MainWindow           - Target settings size: 900.0 x 900.0
15:41:29.780 [JavaFX Application Thread] DEBUG MainWindow           - Scaled scene size:    900.0 x 900.0
15:41:29.780 [JavaFX Application Thread] DEBUG MainWindow           - Scaled ratio: (1.0, 1.0)
15:41:29.782 [JavaFX Application Thread] DEBUG MainWindow           - Set initial scene to StartupScene
15:41:29.793 [JavaFX Application Thread] DEBUG MainWindow           - Opening main window
15:41:29.876 [JavaFX Application Thread] DEBUG MainWindow           - Window border size: (2.0, 29.0)
15:41:29.876 [JavaFX Application Thread] DEBUG MainWindow           - Scaled size: 900.0 x 900.0
15:41:29.877 [JavaFX Application Thread] DEBUG MainWindow           - Scaled ratio: (1.0, 1.0)
15:41:29.877 [JavaFX Application Thread] DEBUG MainWindow           - Scene size: 900.0 x 900.0
15:41:29.877 [JavaFX Application Thread] DEBUG MainWindow           - Stage size: 902.0 x 929.0
15:41:29.892 [FXGL Background Thread 1 ] DEBUG Engine               - Initializing environment variables
15:41:29.939 [FXGL Background Thread 1 ] DEBUG GameApplicationServi - Applying CSS: fxgl_dark.css
15:41:29.940 [FXGL Background Thread 1 ] DEBUG FXGLAssetLoaderServi - Loading from file system: /assets/ui/css/fxgl_dark.css
15:41:30.081 [FXGL Background Thread 1 ] DEBUG GameApplicationServi - Initializing application scenes
15:41:30.181 [FXGL Background Thread 1 ] DEBUG GameWorld            - Game world initialized
15:41:30.365 [FXGL Background Thread 1 ] DEBUG PhysicsWorld         - Physics world initialized: appHeight=900, physics.ppm=50.0
15:41:30.368 [FXGL Background Thread 1 ] DEBUG GameScene            - Game scene initialized: 900x900
15:41:30.449 [FXGL Background Thread 1 ] DEBUG FXGLAssetLoaderServi - Loading from file system: /assets/textures/particles/trace_horizontal.png
15:41:30.547 [FXGL Background Thread 1 ] DEBUG FXGL.DefaultMenu     - createMenuBodyMainMenu()
15:41:30.566 [FXGL Background Thread 1 ] DEBUG FXGL.DefaultMenu     - createOptionsMenu()
15:41:30.575 [FXGL Background Thread 1 ] DEBUG FXGLAssetLoaderServi - Loading from file system: /assets/textures/particles/smoke.png
15:41:30.699 [FXGL Background Thread 1 ] DEBUG FXGLAssetLoaderServi - Loading from cache: /assets/textures/particles/trace_horizontal.png@64.0x64.0
15:41:30.700 [FXGL Background Thread 1 ] DEBUG FXGL.DefaultMenu     - createMenuBodyGameMenu()
15:41:30.702 [FXGL Background Thread 1 ] DEBUG FXGL.DefaultMenu     - createOptionsMenu()
15:41:30.707 [FXGL Background Thread 1 ] DEBUG FXGLAssetLoaderServi - Loading from cache: /assets/textures/particles/smoke.png@128.0x128.0
15:41:30.733 [FXGL Background Thread 1 ] DEBUG GameApplicationServi - Application scenes initialized
15:41:30.745 [FXGL Background Thread 1 ] DEBUG SystemBundleService  - Loading FXGL system data
15:41:30.749 [FXGL Background Thread 1 ] DEBUG FileSystemAccess     - Reading from: /home/chintan/Downloads/game/system/fxgl.bundle
15:41:30.760 [FXGL Background Thread 1 ] DEBUG SystemBundleService  - Bundle FXGL: {}
15:41:30.760 [FXGL Background Thread 1 ] DEBUG UpdaterService       - Checking for updates
15:41:30.778 [FXGL Background Thread 4 ] DEBUG FXGLApplication      - Loading fonts
15:41:30.779 [FXGL Background Thread 4 ] DEBUG FXGLAssetLoaderServi - Loading from file system: /assets/ui/fonts/VarelaRound-Regular.ttf
15:41:30.779 [FXGL Background Thread 1 ] DEBUG FXGLApplication      - Loading default localization
15:41:30.779 [FXGL Background Thread 1 ] DEBUG FXGLAssetLoaderServi - Loading from file system: /assets/languages/english.lang
15:41:30.793 [FXGL Background Thread 4 ] DEBUG FXGLAssetLoaderServi - Loading from file system: /assets/ui/fonts/Abel-Regular.ttf
15:41:30.795 [FXGL Background Thread 4 ] DEBUG FXGLAssetLoaderServi - Loading from file system: /assets/ui/fonts/lucida_console.ttf
15:41:30.798 [FXGL Background Thread 4 ] DEBUG FXGLAssetLoaderServi - Loading from file system: /assets/ui/fonts/Courier-Prime.ttf
15:41:30.803 [JavaFX Application Thread] DEBUG FXGLApplication      - Registering font factories with UI factory
15:41:30.814 [FXGL Background Thread 1 ] INFO  FXGLApplication      - FXGL initialization took: 0.921 sec
15:41:30.824 [JavaFX Application Thread] DEBUG Input                - Registered new binding: Up - W
15:41:30.824 [JavaFX Application Thread] DEBUG FXGLAssetLoaderServi - Loading from file system: /assets/textures/fxgl_icon.png
15:41:30.867 [JavaFX Application Thread] DEBUG FXGLAssetLoaderServi - Loading from file system: /assets/ui/cursors/fxgl_default.png
15:41:30.870 [JavaFX Application Thread] DEBUG Input                - Registered new binding: Screenshot - P
15:41:30.871 [JavaFX Application Thread] DEBUG Input                - Registered new binding: System info dump - CTRL+9
15:41:30.879 [JavaFX Application Thread] DEBUG Input                - Registered new binding: Restart - CTRL+R
15:41:30.880 [JavaFX Application Thread] DEBUG Input                - Registered new binding: Toggle Debug Camera - CTRL+C
15:41:30.885 [JavaFX Application Thread] DEBUG LoopRunner           - Starting loop
15:41:30.899 [JavaFX Application Thread] DEBUG Input                - Clearing active input actions
15:41:30.926 [JavaFX Application Thread] DEBUG GameApplicationServi - Removing overlay from StartupScene and adding to FXGLMainMenuDummyScene
15:41:30.926 [JavaFX Application Thread] DEBUG MainWindow           - StartupScene -> FXGLMainMenuDummyScene
15:41:30.927 [JavaFX Application Thread] DEBUG MainWindow           - Push state: FXGLDefaultMenu
15:41:30.939 [JavaFX Application Thread] DEBUG Input                - Clearing active input actions
15:41:30.962 [JavaFX Application Thread] DEBUG GameApplicationServi - Removing overlay from FXGLMainMenuDummyScene and adding to FXGLDefaultMenu
15:41:30.963 [JavaFX Application Thread] DEBUG MainWindow           - FXGLMainMenuDummyScene -> FXGLDefaultMenu
15:41:31.576 [FXGL Background Thread 2 ] INFO  UpdaterService       - Your current version:  11.11
15:41:31.577 [FXGL Background Thread 2 ] INFO  UpdaterService       - Latest stable version: dev-SNAPSHOT
15:41:31.852 [JavaFX Application Thread] DEBUG Menu                 - fireNewGame()
15:41:31.853 [JavaFX Application Thread] DEBUG GameApplicationServi - Starting new game
15:41:31.866 [JavaFX Application Thread] DEBUG MainWindow           - Pop state: FXGLDefaultMenu
15:41:31.867 [JavaFX Application Thread] DEBUG Input                - Clearing active input actions
15:41:31.868 [JavaFX Application Thread] DEBUG GameApplicationServi - Removing overlay from FXGLDefaultMenu and adding to FXGLMainMenuDummyScene
15:41:31.869 [JavaFX Application Thread] DEBUG MainWindow           - FXGLMainMenuDummyScene <- FXGLDefaultMenu
15:41:31.871 [JavaFX Application Thread] DEBUG Input                - Clearing active input actions
15:41:31.882 [JavaFX Application Thread] DEBUG GameApplicationServi - Removing overlay from FXGLMainMenuDummyScene and adding to FXGLLoadingScene
15:41:31.882 [JavaFX Application Thread] DEBUG MainWindow           - FXGLMainMenuDummyScene -> FXGLLoadingScene
15:41:31.883 [JavaFX Application Thread] DEBUG GameApplicationServi - Clearing previous game
15:41:31.883 [JavaFX Application Thread] DEBUG GameScene            - Clearing game scene
15:41:31.883 [JavaFX Application Thread] DEBUG GameWorld            - Clearing game world
15:41:31.884 [JavaFX Application Thread] DEBUG PhysicsWorld         - Clearing physics world
15:41:31.885 [FXGL Background Thread 2 ] DEBUG FXGLApplication      - Initializing game
15:41:31.966 [FXGL Background Thread 2 ] INFO  FXGLApplication      - Game initialization took: 0.080 sec
15:41:31.969 [JavaFX Application Thread] DEBUG Input                - Clearing active input actions
15:41:31.981 [JavaFX Application Thread] DEBUG GameApplicationServi - Removing overlay from FXGLLoadingScene and adding to GameScene
15:41:31.981 [JavaFX Application Thread] DEBUG MainWindow           - FXGLLoadingScene -> GameScene
15:41:33.765 [FXGL Background Thread 3 ] DEBUG Engine               - Logging environment variables
15:41:33.767 [FXGL Background Thread 3 ] DEBUG Engine               - achievements: []
15:41:33.768 [FXGL Background Thread 3 ] DEBUG Engine               - appIcon: fxgl_icon.png
15:41:33.768 [FXGL Background Thread 3 ] DEBUG Engine               - applicationMode: DEVELOPER
15:41:33.771 [FXGL Background Thread 3 ] DEBUG Engine               - cSSList: [fxgl_dark.css]
15:41:33.772 [FXGL Background Thread 3 ] DEBUG Engine               - configClass: Optional.empty
15:41:33.773 [FXGL Background Thread 3 ] DEBUG Engine               - credits: []
15:41:33.775 [FXGL Background Thread 3 ] DEBUG Engine               - devBBoxColorProperty: ObjectProperty [value: 0xff0000ff]
15:41:33.775 [FXGL Background Thread 3 ] DEBUG Engine               - devEnableDebugCameraProperty: BooleanProperty [value: false]
15:41:33.776 [FXGL Background Thread 3 ] DEBUG Engine               - devSensorColorProperty: ObjectProperty [value: 0xffff00ff]
15:41:33.776 [FXGL Background Thread 3 ] DEBUG Engine               - devShowBBoxProperty: BooleanProperty [value: false]
15:41:33.777 [FXGL Background Thread 3 ] DEBUG Engine               - devShowPositionProperty: BooleanProperty [value: false]
15:41:33.778 [FXGL Background Thread 3 ] DEBUG Engine               - enabledMenuItems: []
15:41:33.778 [FXGL Background Thread 3 ] DEBUG Engine               - engineServices: [class com.almasb.fxgl.app.FXGLApplication$GameApplicationService, class com.almasb.fxgl.app.services.FXGLDialogService, class com.almasb.fxgl.app.services.IOTaskExecutorService, class com.almasb.fxgl.event.EventBusService, class com.almasb.fxgl.io.FileSystemService, class com.almasb.fxgl.localization.LocalizationService, class com.almasb.fxgl.app.services.FXGLAssetLoaderService, class com.almasb.fxgl.app.services.SystemBundleService, class com.almasb.fxgl.profile.SaveLoadService, class com.almasb.fxgl.ui.FXGLUIFactoryServiceProvider, class com.almasb.fxgl.ui.FXGLDialogFactoryServiceProvider, class com.almasb.fxgl.audio.AudioPlayer, class com.almasb.fxgl.notification.impl.NotificationServiceProvider, class com.almasb.fxgl.achievement.AchievementService, class com.almasb.fxgl.cutscene.CutsceneService, class com.almasb.fxgl.minigames.MiniGameService, class com.almasb.fxgl.net.NetService, class com.almasb.fxgl.app.services.UpdaterService, class com.almasb.fxgl.dev.DevService]
15:41:33.778 [FXGL Background Thread 3 ] DEBUG Engine               - fontGame: Abel-Regular.ttf
15:41:33.779 [FXGL Background Thread 3 ] DEBUG Engine               - fontMono: lucida_console.ttf
15:41:33.780 [FXGL Background Thread 3 ] DEBUG Engine               - fontText: Courier-Prime.ttf
15:41:33.780 [FXGL Background Thread 3 ] DEBUG Engine               - fontUI: VarelaRound-Regular.ttf
15:41:33.781 [FXGL Background Thread 3 ] DEBUG Engine               - fullScreen: BooleanProperty [value: false]
15:41:33.781 [FXGL Background Thread 3 ] DEBUG Engine               - gameDifficulty: MEDIUM
15:41:33.782 [FXGL Background Thread 3 ] DEBUG Engine               - gameDifficultyProperty: ObjectProperty [value: MEDIUM]
15:41:33.782 [FXGL Background Thread 3 ] DEBUG Engine               - globalMusicVolume: 0.5
15:41:33.783 [FXGL Background Thread 3 ] DEBUG Engine               - globalMusicVolumeProperty: DoubleProperty [value: 0.5]
15:41:33.783 [FXGL Background Thread 3 ] DEBUG Engine               - globalSoundVolume: 0.5
15:41:33.784 [FXGL Background Thread 3 ] DEBUG Engine               - globalSoundVolumeProperty: DoubleProperty [value: 0.5]
15:41:33.784 [FXGL Background Thread 3 ] DEBUG Engine               - height: 900
15:41:33.784 [FXGL Background Thread 3 ] DEBUG Engine               - isAndroid: false
15:41:33.785 [FXGL Background Thread 3 ] DEBUG Engine               - isBrowser: false
15:41:33.785 [FXGL Background Thread 3 ] DEBUG Engine               - isClickFeedbackEnabled: false
15:41:33.785 [FXGL Background Thread 3 ] DEBUG Engine               - isCloseConfirmation: false
15:41:33.788 [FXGL Background Thread 3 ] DEBUG Engine               - isDesktop: true
15:41:33.795 [FXGL Background Thread 3 ] DEBUG Engine               - isDeveloperMenuEnabled: false
15:41:33.795 [FXGL Background Thread 3 ] DEBUG Engine               - isEntityPreloadEnabled: true
15:41:33.796 [FXGL Background Thread 3 ] DEBUG Engine               - isExperimentalNative: false
15:41:33.797 [FXGL Background Thread 3 ] DEBUG Engine               - isExperimentalTiledLargeMap: false
15:41:33.797 [FXGL Background Thread 3 ] DEBUG Engine               - isFileSystemWriteAllowed: true
15:41:33.797 [FXGL Background Thread 3 ] DEBUG Engine               - isFullScreenAllowed: false
15:41:33.797 [FXGL Background Thread 3 ] DEBUG Engine               - isFullScreenFromStart: false
15:41:33.798 [FXGL Background Thread 3 ] DEBUG Engine               - isGameMenuEnabled: true
15:41:33.798 [FXGL Background Thread 3 ] DEBUG Engine               - isIOS: false
15:41:33.798 [FXGL Background Thread 3 ] DEBUG Engine               - isIntroEnabled: false
15:41:33.798 [FXGL Background Thread 3 ] DEBUG Engine               - isLinux: true
15:41:33.799 [FXGL Background Thread 3 ] DEBUG Engine               - isMac: false
15:41:33.799 [FXGL Background Thread 3 ] DEBUG Engine               - isMainMenuEnabled: true
15:41:33.800 [FXGL Background Thread 3 ] DEBUG Engine               - isManualResizeEnabled: false
15:41:33.800 [FXGL Background Thread 3 ] DEBUG Engine               - isMobile: false
15:41:33.800 [FXGL Background Thread 3 ] DEBUG Engine               - isPreserveResizeRatio: false
15:41:33.800 [FXGL Background Thread 3 ] DEBUG Engine               - isProfilingEnabled: false
15:41:33.801 [FXGL Background Thread 3 ] DEBUG Engine               - isSingleStep: false
15:41:33.801 [FXGL Background Thread 3 ] DEBUG Engine               - isUserProfileEnabled: false
15:41:33.801 [FXGL Background Thread 3 ] DEBUG Engine               - isWindows: false
15:41:33.801 [FXGL Background Thread 3 ] DEBUG Engine               - language: ObjectProperty [value: ENGLISH]
15:41:33.801 [FXGL Background Thread 3 ] DEBUG Engine               - menuKey: ESCAPE
15:41:33.802 [FXGL Background Thread 3 ] DEBUG Engine               - notificationViewClass: class com.almasb.fxgl.notification.view.XboxNotificationView
15:41:33.802 [FXGL Background Thread 3 ] DEBUG Engine               - pixelsPerMeter: 50.0
15:41:33.803 [FXGL Background Thread 3 ] DEBUG Engine               - platform: LINUX
15:41:33.803 [FXGL Background Thread 3 ] DEBUG Engine               - profileDir: profiles/
15:41:33.804 [FXGL Background Thread 3 ] DEBUG Engine               - profileName: StringProperty [value: DEFAULT]
15:41:33.804 [FXGL Background Thread 3 ] DEBUG Engine               - randomSeed: -1
15:41:33.804 [FXGL Background Thread 3 ] DEBUG Engine               - runtimeInfo: RuntimeInfo(platform=LINUX, version=11.11, build=08.09.2020 18.00)
15:41:33.805 [FXGL Background Thread 3 ] DEBUG Engine               - saveFileExt: sav
15:41:33.805 [FXGL Background Thread 3 ] DEBUG Engine               - sceneFactory: com.almasb.fxgl.app.scene.SceneFactory@675cfe2c
15:41:33.805 [FXGL Background Thread 3 ] DEBUG Engine               - secondsIn24h: 60
15:41:33.805 [FXGL Background Thread 3 ] DEBUG Engine               - soundMenuBack: menu/back.wav
15:41:33.805 [FXGL Background Thread 3 ] DEBUG Engine               - soundMenuPress: menu/press.wav
15:41:33.806 [FXGL Background Thread 3 ] DEBUG Engine               - soundMenuSelect: menu/select.wav
15:41:33.806 [FXGL Background Thread 3 ] DEBUG Engine               - soundNotification: core/notification.wav
15:41:33.806 [FXGL Background Thread 3 ] DEBUG Engine               - stageStyle: DECORATED
15:41:33.806 [FXGL Background Thread 3 ] DEBUG Engine               - supportedLanguages: [ENGLISH, FRENCH, GERMAN, HUNGARIAN, RUSSIAN]
15:41:33.807 [FXGL Background Thread 3 ] DEBUG Engine               - title: Color Switch 2
15:41:33.807 [FXGL Background Thread 3 ] DEBUG Engine               - urlGithub: https://github.com/AlmasB/FXGL
15:41:33.807 [FXGL Background Thread 3 ] DEBUG Engine               - urlLeaderboard: http://fxgl-top.herokuapp.com/
15:41:33.807 [FXGL Background Thread 3 ] DEBUG Engine               - urlPOM: https://raw.githubusercontent.com/AlmasB/FXGL/master/pom.xml
15:41:33.807 [FXGL Background Thread 3 ] DEBUG Engine               - version: 0.0
15:41:33.808 [FXGL Background Thread 3 ] DEBUG Engine               - versionCheckDays: 7
15:41:33.808 [FXGL Background Thread 3 ] DEBUG Engine               - width: 900
15:41:33.808 [FXGL Background Thread 3 ] DEBUG Engine               - Logging services
15:41:33.808 [FXGL Background Thread 3 ] DEBUG Engine               - class com.almasb.fxgl.app.FXGLApplication$GameApplicationService
15:41:33.808 [FXGL Background Thread 3 ] DEBUG Engine               - class com.almasb.fxgl.app.services.FXGLDialogService
15:41:33.809 [FXGL Background Thread 3 ] DEBUG Engine               - class com.almasb.fxgl.app.services.IOTaskExecutorService
15:41:33.809 [FXGL Background Thread 3 ] DEBUG Engine               - class com.almasb.fxgl.event.EventBusService
15:41:33.809 [FXGL Background Thread 3 ] DEBUG Engine               - class com.almasb.fxgl.io.FileSystemService
15:41:33.809 [FXGL Background Thread 3 ] DEBUG Engine               - class com.almasb.fxgl.localization.LocalizationService
15:41:33.810 [FXGL Background Thread 3 ] DEBUG Engine               - class com.almasb.fxgl.app.services.FXGLAssetLoaderService
15:41:33.810 [FXGL Background Thread 3 ] DEBUG Engine               - class com.almasb.fxgl.app.services.SystemBundleService
15:41:33.810 [FXGL Background Thread 3 ] DEBUG Engine               - class com.almasb.fxgl.profile.SaveLoadService
15:41:33.810 [FXGL Background Thread 3 ] DEBUG Engine               - class com.almasb.fxgl.ui.FXGLUIFactoryServiceProvider
15:41:33.810 [FXGL Background Thread 3 ] DEBUG Engine               - class com.almasb.fxgl.ui.FXGLDialogFactoryServiceProvider
15:41:33.810 [FXGL Background Thread 3 ] DEBUG Engine               - class com.almasb.fxgl.audio.AudioPlayer
15:41:33.811 [FXGL Background Thread 3 ] DEBUG Engine               - class com.almasb.fxgl.notification.impl.NotificationServiceProvider
15:41:33.811 [FXGL Background Thread 3 ] DEBUG Engine               - class com.almasb.fxgl.achievement.AchievementService
15:41:33.812 [FXGL Background Thread 3 ] DEBUG Engine               - class com.almasb.fxgl.cutscene.CutsceneService
15:41:33.812 [FXGL Background Thread 3 ] DEBUG Engine               - class com.almasb.fxgl.minigames.MiniGameService
15:41:33.812 [FXGL Background Thread 3 ] DEBUG Engine               - class com.almasb.fxgl.net.NetService
15:41:33.813 [FXGL Background Thread 3 ] DEBUG Engine               - class com.almasb.fxgl.app.services.UpdaterService
15:41:33.813 [FXGL Background Thread 3 ] DEBUG Engine               - class com.almasb.fxgl.dev.DevService
15:42:30.993 [JavaFX Application Thread] DEBUG FXGLApplication      - Exiting FXGL
15:42:30.994 [JavaFX Application Thread] DEBUG LoopRunner           - Stopping loop
15:42:30.994 [JavaFX Application Thread] DEBUG SystemBundleService  - Saving FXGL system data
15:42:30.996 [JavaFX Application Thread] DEBUG FileSystemAccess     - Writing to: /home/chintan/Downloads/game/system/fxgl.bundle
15:42:31.000 [JavaFX Application Thread] DEBUG Async                - Shutting down background threads
15:42:31.001 [JavaFX Application Thread] DEBUG MainWindow           - Closing main window
15:42:31.008 [JavaFX Application Thread] DEBUG Logger               - Closing Logger
