17:19:44.261 [main                     ] DEBUG Logger               - Configured Logger
17:19:44.279 [main                     ] DEBUG GameApplication      - Logging settings
Title: Color Switch 2
Version: 0.0
Width: 900
Height: 900
Fullscreen: false
Intro: false
Profiling: false
Single step:false
App Mode: DEVELOPER
Menu Key: ESCAPE
Stage Style: DECORATED
Scene Factory: class com.almasb.fxgl.app.scene.SceneFactory

17:19:44.509 [JavaFX Application Thread] DEBUG FXGLApplication      - Initializing FXGL
17:19:44.521 [JavaFX Application Thread] INFO  Engine               - FXGL-11.11 (08.09.2020 18.00) on WINDOWS (J:15.0.1 FX:15.0.1)
17:19:44.522 [JavaFX Application Thread] DEBUG Engine               - JRE Vendor Name: Oracle Corporation
17:19:44.522 [JavaFX Application Thread] DEBUG Engine               - Running on OS: Windows 10 version 10.0
17:19:44.522 [JavaFX Application Thread] DEBUG Engine               - Architecture: amd64
17:19:44.523 [JavaFX Application Thread] INFO  Engine               - Source code and latest versions at: https://github.com/AlmasB/FXGL
17:19:44.523 [JavaFX Application Thread] INFO  Engine               -              Join the FXGL chat at: https://gitter.im/AlmasB/FXGL
17:19:44.633 [JavaFX Application Thread] DEBUG MainWindow           - Creating a JavaFX scene
17:19:44.634 [JavaFX Application Thread] DEBUG MainWindow           - Target size > screen size
17:19:44.689 [JavaFX Application Thread] DEBUG MainWindow           - Target settings size: 900.0 x 900.0
17:19:44.690 [JavaFX Application Thread] DEBUG MainWindow           - Scaled scene size:    799.0 x 824.0
17:19:44.690 [JavaFX Application Thread] DEBUG MainWindow           - Scaled ratio: (0.8877777777777778, 0.9155555555555556)
17:19:44.691 [JavaFX Application Thread] DEBUG MainWindow           - Set initial scene to StartupScene
17:19:44.698 [JavaFX Application Thread] DEBUG MainWindow           - Opening main window
17:19:44.791 [JavaFX Application Thread] DEBUG MainWindow           - Window border size: (14.5999755859375, 37.5999755859375)
17:19:44.791 [JavaFX Application Thread] DEBUG MainWindow           - Scaled size: 799.0 x 824.0
17:19:44.791 [JavaFX Application Thread] DEBUG MainWindow           - Scaled ratio: (0.8877777777777778, 0.9155555555555556)
17:19:44.792 [JavaFX Application Thread] DEBUG MainWindow           - Scene size: 799.0 x 824.0
17:19:44.792 [JavaFX Application Thread] DEBUG MainWindow           - Stage size: 813.5999755859375 x 861.5999755859375
17:19:44.800 [FXGL Background Thread 1 ] DEBUG Engine               - Initializing environment variables
17:19:44.843 [FXGL Background Thread 1 ] DEBUG GameApplicationServi - Applying CSS: fxgl_dark.css
17:19:44.844 [FXGL Background Thread 1 ] DEBUG FXGLAssetLoaderServi - Loading from file system: /assets/ui/css/fxgl_dark.css
17:19:44.911 [FXGL Background Thread 1 ] DEBUG GameApplicationServi - Initializing application scenes
17:19:44.954 [FXGL Background Thread 1 ] DEBUG GameWorld            - Game world initialized
17:19:45.049 [FXGL Background Thread 1 ] DEBUG PhysicsWorld         - Physics world initialized: appHeight=900, physics.ppm=50.0
17:19:45.052 [FXGL Background Thread 1 ] DEBUG GameScene            - Game scene initialized: 900x900
17:19:45.093 [FXGL Background Thread 1 ] DEBUG FXGLAssetLoaderServi - Loading from file system: /assets/textures/particles/trace_horizontal.png
17:19:45.162 [FXGL Background Thread 1 ] DEBUG FXGL.DefaultMenu     - createMenuBodyMainMenu()
17:19:45.181 [FXGL Background Thread 1 ] DEBUG FXGL.DefaultMenu     - createOptionsMenu()
17:19:45.188 [FXGL Background Thread 1 ] DEBUG FXGLAssetLoaderServi - Loading from file system: /assets/textures/particles/smoke.png
17:19:45.258 [FXGL Background Thread 1 ] DEBUG FXGLAssetLoaderServi - Loading from cache: /assets/textures/particles/trace_horizontal.png@64.0x64.0
17:19:45.259 [FXGL Background Thread 1 ] DEBUG FXGL.DefaultMenu     - createMenuBodyGameMenu()
17:19:45.260 [FXGL Background Thread 1 ] DEBUG FXGL.DefaultMenu     - createOptionsMenu()
17:19:45.263 [FXGL Background Thread 1 ] DEBUG FXGLAssetLoaderServi - Loading from cache: /assets/textures/particles/smoke.png@128.0x128.0
17:19:45.278 [FXGL Background Thread 1 ] DEBUG GameApplicationServi - Application scenes initialized
17:19:45.290 [FXGL Background Thread 1 ] DEBUG SystemBundleService  - Loading FXGL system data
17:19:45.294 [FXGL Background Thread 1 ] DEBUG FileSystemAccess     - Reading from: C:\Users\SNEH SUMAN\Documents\GitHub\game\system\fxgl.bundle
17:19:45.303 [FXGL Background Thread 1 ] DEBUG SystemBundleService  - Bundle FXGL: {}
17:19:45.303 [FXGL Background Thread 1 ] DEBUG UpdaterService       - Checking for updates
17:19:45.310 [FXGL Background Thread 4 ] DEBUG FXGLApplication      - Loading fonts
17:19:45.310 [FXGL Background Thread 4 ] DEBUG FXGLAssetLoaderServi - Loading from file system: /assets/ui/fonts/VarelaRound-Regular.ttf
17:19:45.310 [FXGL Background Thread 1 ] DEBUG FXGLApplication      - Loading default localization
17:19:45.310 [FXGL Background Thread 1 ] DEBUG FXGLAssetLoaderServi - Loading from file system: /assets/languages/english.lang
17:19:45.330 [FXGL Background Thread 1 ] INFO  FXGLApplication      - FXGL initialization took: 0.530 sec
17:19:45.337 [JavaFX Application Thread] DEBUG Input                - Registered new binding: Up - W
17:19:45.339 [JavaFX Application Thread] DEBUG Input                - Registered new binding: action0 - F
17:19:45.339 [JavaFX Application Thread] DEBUG FXGLAssetLoaderServi - Loading from file system: /assets/textures/fxgl_icon.png
17:19:45.357 [JavaFX Application Thread] DEBUG FXGLAssetLoaderServi - Loading from file system: /assets/ui/cursors/fxgl_default.png
17:19:45.360 [JavaFX Application Thread] DEBUG Input                - Registered new binding: Screenshot - P
17:19:45.361 [JavaFX Application Thread] DEBUG Input                - Registered new binding: System info dump - CTRL+9
17:19:45.362 [JavaFX Application Thread] DEBUG Input                - Registered new binding: Restart - CTRL+R
17:19:45.363 [JavaFX Application Thread] DEBUG Input                - Registered new binding: Toggle Debug Camera - CTRL+C
17:19:45.365 [JavaFX Application Thread] DEBUG LoopRunner           - Starting loop
17:19:45.369 [JavaFX Application Thread] DEBUG Input                - Clearing active input actions
17:19:45.379 [JavaFX Application Thread] DEBUG GameApplicationServi - Removing overlay from StartupScene and adding to FXGLMainMenuDummyScene
17:19:45.384 [JavaFX Application Thread] DEBUG MainWindow           - StartupScene -> FXGLMainMenuDummyScene
17:19:45.384 [JavaFX Application Thread] DEBUG MainWindow           - Push state: FXGLDefaultMenu
17:19:45.389 [JavaFX Application Thread] DEBUG Input                - Clearing active input actions
17:19:45.397 [JavaFX Application Thread] DEBUG GameApplicationServi - Removing overlay from FXGLMainMenuDummyScene and adding to FXGLDefaultMenu
17:19:45.398 [JavaFX Application Thread] DEBUG MainWindow           - FXGLMainMenuDummyScene -> FXGLDefaultMenu
17:19:45.404 [FXGL Background Thread 4 ] DEBUG FXGLAssetLoaderServi - Loading from file system: /assets/ui/fonts/Abel-Regular.ttf
17:19:45.409 [FXGL Background Thread 4 ] DEBUG FXGLAssetLoaderServi - Loading from file system: /assets/ui/fonts/lucida_console.ttf
17:19:45.418 [FXGL Background Thread 4 ] DEBUG FXGLAssetLoaderServi - Loading from file system: /assets/ui/fonts/Courier-Prime.ttf
17:19:45.479 [JavaFX Application Thread] DEBUG FXGLApplication      - Registering font factories with UI factory
17:19:46.232 [FXGL Background Thread 2 ] INFO  UpdaterService       - Your current version:  11.11
17:19:46.232 [FXGL Background Thread 2 ] INFO  UpdaterService       - Latest stable version: dev-SNAPSHOT
17:19:48.309 [FXGL Background Thread 3 ] DEBUG Engine               - Logging environment variables
17:19:48.309 [FXGL Background Thread 3 ] DEBUG Engine               - achievements: []
17:19:48.309 [FXGL Background Thread 3 ] DEBUG Engine               - appIcon: fxgl_icon.png
17:19:48.310 [FXGL Background Thread 3 ] DEBUG Engine               - applicationMode: DEVELOPER
17:19:48.310 [FXGL Background Thread 3 ] DEBUG Engine               - cSSList: [fxgl_dark.css]
17:19:48.310 [FXGL Background Thread 3 ] DEBUG Engine               - configClass: Optional.empty
17:19:48.310 [FXGL Background Thread 3 ] DEBUG Engine               - credits: []
17:19:48.311 [FXGL Background Thread 3 ] DEBUG Engine               - devBBoxColorProperty: ObjectProperty [value: 0xff0000ff]
17:19:48.311 [FXGL Background Thread 3 ] DEBUG Engine               - devEnableDebugCameraProperty: BooleanProperty [value: false]
17:19:48.311 [FXGL Background Thread 3 ] DEBUG Engine               - devSensorColorProperty: ObjectProperty [value: 0xffff00ff]
17:19:48.311 [FXGL Background Thread 3 ] DEBUG Engine               - devShowBBoxProperty: BooleanProperty [value: false]
17:19:48.312 [FXGL Background Thread 3 ] DEBUG Engine               - devShowPositionProperty: BooleanProperty [value: false]
17:19:48.312 [FXGL Background Thread 3 ] DEBUG Engine               - enabledMenuItems: []
17:19:48.312 [FXGL Background Thread 3 ] DEBUG Engine               - engineServices: [class com.almasb.fxgl.app.FXGLApplication$GameApplicationService, class com.almasb.fxgl.app.services.FXGLDialogService, class com.almasb.fxgl.app.services.IOTaskExecutorService, class com.almasb.fxgl.event.EventBusService, class com.almasb.fxgl.io.FileSystemService, class com.almasb.fxgl.localization.LocalizationService, class com.almasb.fxgl.app.services.FXGLAssetLoaderService, class com.almasb.fxgl.app.services.SystemBundleService, class com.almasb.fxgl.profile.SaveLoadService, class com.almasb.fxgl.ui.FXGLUIFactoryServiceProvider, class com.almasb.fxgl.ui.FXGLDialogFactoryServiceProvider, class com.almasb.fxgl.audio.AudioPlayer, class com.almasb.fxgl.notification.impl.NotificationServiceProvider, class com.almasb.fxgl.achievement.AchievementService, class com.almasb.fxgl.cutscene.CutsceneService, class com.almasb.fxgl.minigames.MiniGameService, class com.almasb.fxgl.net.NetService, class com.almasb.fxgl.app.services.UpdaterService, class com.almasb.fxgl.dev.DevService]
17:19:48.312 [FXGL Background Thread 3 ] DEBUG Engine               - fontGame: Abel-Regular.ttf
17:19:48.312 [FXGL Background Thread 3 ] DEBUG Engine               - fontMono: lucida_console.ttf
17:19:48.313 [FXGL Background Thread 3 ] DEBUG Engine               - fontText: Courier-Prime.ttf
17:19:48.313 [FXGL Background Thread 3 ] DEBUG Engine               - fontUI: VarelaRound-Regular.ttf
17:19:48.313 [FXGL Background Thread 3 ] DEBUG Engine               - fullScreen: BooleanProperty [value: false]
17:19:48.313 [FXGL Background Thread 3 ] DEBUG Engine               - gameDifficulty: MEDIUM
17:19:48.313 [FXGL Background Thread 3 ] DEBUG Engine               - gameDifficultyProperty: ObjectProperty [value: MEDIUM]
17:19:48.314 [FXGL Background Thread 3 ] DEBUG Engine               - globalMusicVolume: 0.5
17:19:48.314 [FXGL Background Thread 3 ] DEBUG Engine               - globalMusicVolumeProperty: DoubleProperty [value: 0.5]
17:19:48.314 [FXGL Background Thread 3 ] DEBUG Engine               - globalSoundVolume: 0.5
17:19:48.314 [FXGL Background Thread 3 ] DEBUG Engine               - globalSoundVolumeProperty: DoubleProperty [value: 0.5]
17:19:48.314 [FXGL Background Thread 3 ] DEBUG Engine               - height: 900
17:19:48.315 [FXGL Background Thread 3 ] DEBUG Engine               - isAndroid: false
17:19:48.315 [FXGL Background Thread 3 ] DEBUG Engine               - isBrowser: false
17:19:48.315 [FXGL Background Thread 3 ] DEBUG Engine               - isClickFeedbackEnabled: false
17:19:48.315 [FXGL Background Thread 3 ] DEBUG Engine               - isCloseConfirmation: false
17:19:48.315 [FXGL Background Thread 3 ] DEBUG Engine               - isDesktop: true
17:19:48.316 [FXGL Background Thread 3 ] DEBUG Engine               - isDeveloperMenuEnabled: false
17:19:48.316 [FXGL Background Thread 3 ] DEBUG Engine               - isEntityPreloadEnabled: true
17:19:48.316 [FXGL Background Thread 3 ] DEBUG Engine               - isExperimentalNative: false
17:19:48.316 [FXGL Background Thread 3 ] DEBUG Engine               - isExperimentalTiledLargeMap: false
17:19:48.316 [FXGL Background Thread 3 ] DEBUG Engine               - isFileSystemWriteAllowed: true
17:19:48.316 [FXGL Background Thread 3 ] DEBUG Engine               - isFullScreenAllowed: false
17:19:48.317 [FXGL Background Thread 3 ] DEBUG Engine               - isFullScreenFromStart: false
17:19:48.317 [FXGL Background Thread 3 ] DEBUG Engine               - isGameMenuEnabled: true
17:19:48.317 [FXGL Background Thread 3 ] DEBUG Engine               - isIOS: false
17:19:48.317 [FXGL Background Thread 3 ] DEBUG Engine               - isIntroEnabled: false
17:19:48.317 [FXGL Background Thread 3 ] DEBUG Engine               - isLinux: false
17:19:48.317 [FXGL Background Thread 3 ] DEBUG Engine               - isMac: false
17:19:48.318 [FXGL Background Thread 3 ] DEBUG Engine               - isMainMenuEnabled: true
17:19:48.318 [FXGL Background Thread 3 ] DEBUG Engine               - isManualResizeEnabled: false
17:19:48.318 [FXGL Background Thread 3 ] DEBUG Engine               - isMobile: false
17:19:48.319 [FXGL Background Thread 3 ] DEBUG Engine               - isPreserveResizeRatio: false
17:19:48.319 [FXGL Background Thread 3 ] DEBUG Engine               - isProfilingEnabled: false
17:19:48.319 [FXGL Background Thread 3 ] DEBUG Engine               - isSingleStep: false
17:19:48.319 [FXGL Background Thread 3 ] DEBUG Engine               - isUserProfileEnabled: false
17:19:48.319 [FXGL Background Thread 3 ] DEBUG Engine               - isWindows: true
17:19:48.319 [FXGL Background Thread 3 ] DEBUG Engine               - language: ObjectProperty [value: ENGLISH]
17:19:48.319 [FXGL Background Thread 3 ] DEBUG Engine               - menuKey: ESCAPE
17:19:48.320 [FXGL Background Thread 3 ] DEBUG Engine               - notificationViewClass: class com.almasb.fxgl.notification.view.XboxNotificationView
17:19:48.320 [FXGL Background Thread 3 ] DEBUG Engine               - pixelsPerMeter: 50.0
17:19:48.320 [FXGL Background Thread 3 ] DEBUG Engine               - platform: WINDOWS
17:19:48.320 [FXGL Background Thread 3 ] DEBUG Engine               - profileDir: profiles/
17:19:48.321 [FXGL Background Thread 3 ] DEBUG Engine               - profileName: StringProperty [value: DEFAULT]
17:19:48.321 [FXGL Background Thread 3 ] DEBUG Engine               - randomSeed: -1
17:19:48.321 [FXGL Background Thread 3 ] DEBUG Engine               - runtimeInfo: RuntimeInfo(platform=WINDOWS, version=11.11, build=08.09.2020 18.00)
17:19:48.321 [FXGL Background Thread 3 ] DEBUG Engine               - saveFileExt: sav
17:19:48.322 [FXGL Background Thread 3 ] DEBUG Engine               - sceneFactory: com.almasb.fxgl.app.scene.SceneFactory@493f7688
17:19:48.322 [FXGL Background Thread 3 ] DEBUG Engine               - secondsIn24h: 60
17:19:48.322 [FXGL Background Thread 3 ] DEBUG Engine               - soundMenuBack: menu/back.wav
17:19:48.322 [FXGL Background Thread 3 ] DEBUG Engine               - soundMenuPress: menu/press.wav
17:19:48.322 [FXGL Background Thread 3 ] DEBUG Engine               - soundMenuSelect: menu/select.wav
17:19:48.322 [FXGL Background Thread 3 ] DEBUG Engine               - soundNotification: core/notification.wav
17:19:48.322 [FXGL Background Thread 3 ] DEBUG Engine               - stageStyle: DECORATED
17:19:48.322 [FXGL Background Thread 3 ] DEBUG Engine               - supportedLanguages: [ENGLISH, FRENCH, GERMAN, HUNGARIAN, RUSSIAN]
17:19:48.323 [FXGL Background Thread 3 ] DEBUG Engine               - title: Color Switch 2
17:19:48.323 [FXGL Background Thread 3 ] DEBUG Engine               - urlGithub: https://github.com/AlmasB/FXGL
17:19:48.323 [FXGL Background Thread 3 ] DEBUG Engine               - urlLeaderboard: http://fxgl-top.herokuapp.com/
17:19:48.323 [FXGL Background Thread 3 ] DEBUG Engine               - urlPOM: https://raw.githubusercontent.com/AlmasB/FXGL/master/pom.xml
17:19:48.323 [FXGL Background Thread 3 ] DEBUG Engine               - version: 0.0
17:19:48.323 [FXGL Background Thread 3 ] DEBUG Engine               - versionCheckDays: 7
17:19:48.323 [FXGL Background Thread 3 ] DEBUG Engine               - width: 900
17:19:48.324 [FXGL Background Thread 3 ] DEBUG Engine               - Logging services
17:19:48.324 [FXGL Background Thread 3 ] DEBUG Engine               - class com.almasb.fxgl.app.FXGLApplication$GameApplicationService
17:19:48.324 [FXGL Background Thread 3 ] DEBUG Engine               - class com.almasb.fxgl.app.services.FXGLDialogService
17:19:48.324 [FXGL Background Thread 3 ] DEBUG Engine               - class com.almasb.fxgl.app.services.IOTaskExecutorService
17:19:48.324 [FXGL Background Thread 3 ] DEBUG Engine               - class com.almasb.fxgl.event.EventBusService
17:19:48.324 [FXGL Background Thread 3 ] DEBUG Engine               - class com.almasb.fxgl.io.FileSystemService
17:19:48.324 [FXGL Background Thread 3 ] DEBUG Engine               - class com.almasb.fxgl.localization.LocalizationService
17:19:48.325 [FXGL Background Thread 3 ] DEBUG Engine               - class com.almasb.fxgl.app.services.FXGLAssetLoaderService
17:19:48.325 [FXGL Background Thread 3 ] DEBUG Engine               - class com.almasb.fxgl.app.services.SystemBundleService
17:19:48.325 [FXGL Background Thread 3 ] DEBUG Engine               - class com.almasb.fxgl.profile.SaveLoadService
17:19:48.325 [FXGL Background Thread 3 ] DEBUG Engine               - class com.almasb.fxgl.ui.FXGLUIFactoryServiceProvider
17:19:48.325 [FXGL Background Thread 3 ] DEBUG Engine               - class com.almasb.fxgl.ui.FXGLDialogFactoryServiceProvider
17:19:48.325 [FXGL Background Thread 3 ] DEBUG Engine               - class com.almasb.fxgl.audio.AudioPlayer
17:19:48.325 [FXGL Background Thread 3 ] DEBUG Engine               - class com.almasb.fxgl.notification.impl.NotificationServiceProvider
17:19:48.325 [FXGL Background Thread 3 ] DEBUG Engine               - class com.almasb.fxgl.achievement.AchievementService
17:19:48.326 [FXGL Background Thread 3 ] DEBUG Engine               - class com.almasb.fxgl.cutscene.CutsceneService
17:19:48.326 [FXGL Background Thread 3 ] DEBUG Engine               - class com.almasb.fxgl.minigames.MiniGameService
17:19:48.326 [FXGL Background Thread 3 ] DEBUG Engine               - class com.almasb.fxgl.net.NetService
17:19:48.326 [FXGL Background Thread 3 ] DEBUG Engine               - class com.almasb.fxgl.app.services.UpdaterService
17:19:48.326 [FXGL Background Thread 3 ] DEBUG Engine               - class com.almasb.fxgl.dev.DevService
17:20:23.529 [JavaFX Application Thread] DEBUG Menu                 - fireNewGame()
17:20:23.529 [JavaFX Application Thread] DEBUG GameApplicationServi - Starting new game
17:20:23.531 [JavaFX Application Thread] DEBUG MainWindow           - Pop state: FXGLDefaultMenu
17:20:23.531 [JavaFX Application Thread] DEBUG Input                - Clearing active input actions
17:20:23.532 [JavaFX Application Thread] DEBUG GameApplicationServi - Removing overlay from FXGLDefaultMenu and adding to FXGLMainMenuDummyScene
17:20:23.532 [JavaFX Application Thread] DEBUG MainWindow           - FXGLMainMenuDummyScene <- FXGLDefaultMenu
17:20:23.532 [JavaFX Application Thread] DEBUG Input                - Clearing active input actions
17:20:23.539 [JavaFX Application Thread] DEBUG GameApplicationServi - Removing overlay from FXGLMainMenuDummyScene and adding to FXGLLoadingScene
17:20:23.539 [JavaFX Application Thread] DEBUG MainWindow           - FXGLMainMenuDummyScene -> FXGLLoadingScene
17:20:23.539 [JavaFX Application Thread] DEBUG GameApplicationServi - Clearing previous game
17:20:23.540 [JavaFX Application Thread] DEBUG GameScene            - Clearing game scene
17:20:23.540 [JavaFX Application Thread] DEBUG GameWorld            - Clearing game world
17:20:23.540 [JavaFX Application Thread] DEBUG PhysicsWorld         - Clearing physics world
17:20:23.542 [FXGL Background Thread 2 ] DEBUG FXGLApplication      - Initializing game
17:20:23.568 [FXGL Background Thread 2 ] INFO  FXGLApplication      - Game initialization took: 0.026 sec
17:20:23.572 [JavaFX Application Thread] DEBUG Input                - Clearing active input actions
17:20:23.578 [JavaFX Application Thread] DEBUG GameApplicationServi - Removing overlay from FXGLLoadingScene and adding to GameScene
17:20:23.579 [JavaFX Application Thread] DEBUG MainWindow           - FXGLLoadingScene -> GameScene
17:20:26.272 [JavaFX Application Thread] DEBUG FXGLAssetLoaderServi - Loading from file system: /assets/sounds/hello.wav
17:21:01.595 [JavaFX Application Thread] DEBUG FXGLAssetLoaderServi - Loading from cache: /assets/sounds/hello.wav
17:22:02.945 [JavaFX Application Thread] DEBUG FXGLApplication      - Exiting FXGL
17:22:02.945 [JavaFX Application Thread] DEBUG LoopRunner           - Stopping loop
17:22:02.945 [JavaFX Application Thread] DEBUG SystemBundleService  - Saving FXGL system data
17:22:02.948 [JavaFX Application Thread] DEBUG FileSystemAccess     - Writing to: C:\Users\SNEH SUMAN\Documents\GitHub\game\system\fxgl.bundle
17:22:02.949 [JavaFX Application Thread] DEBUG Async                - Shutting down background threads
17:22:02.949 [JavaFX Application Thread] DEBUG MainWindow           - Closing main window
17:22:02.993 [JavaFX Application Thread] DEBUG Logger               - Closing Logger
