21:06:39.035 [main                     ] DEBUG Logger               - Configured Logger
21:06:39.055 [main                     ] DEBUG GameApplication      - Logging settings
Title: Color Switch 2
Version: 0.0
Width: 900
Height: 900
Fullscreen: false
Intro: false
Profiling: false
Single step:false
App Mode: DEVELOPER
Menu Key: ESCAPE
Stage Style: DECORATED
Scene Factory: class com.almasb.fxgl.app.scene.SceneFactory

21:06:39.794 [JavaFX Application Thread] DEBUG FXGLApplication      - Initializing FXGL
21:06:39.828 [JavaFX Application Thread] INFO  Engine               - FXGL-11.11 (08.09.2020 18.00) on LINUX (J:15.0.1 FX:14)
21:06:39.829 [JavaFX Application Thread] DEBUG Engine               - JRE Vendor Name: Oracle Corporation
21:06:39.830 [JavaFX Application Thread] DEBUG Engine               - Running on OS: Linux version 5.4.0-58-generic
21:06:39.831 [JavaFX Application Thread] DEBUG Engine               - Architecture: amd64
21:06:39.832 [JavaFX Application Thread] INFO  Engine               - Source code and latest versions at: https://github.com/AlmasB/FXGL
21:06:39.833 [JavaFX Application Thread] INFO  Engine               -              Join the FXGL chat at: https://gitter.im/AlmasB/FXGL
21:06:40.076 [JavaFX Application Thread] DEBUG MainWindow           - Creating a JavaFX scene
21:06:40.320 [JavaFX Application Thread] DEBUG MainWindow           - Target settings size: 900.0 x 900.0
21:06:40.323 [JavaFX Application Thread] DEBUG MainWindow           - Scaled scene size:    900.0 x 900.0
21:06:40.324 [JavaFX Application Thread] DEBUG MainWindow           - Scaled ratio: (1.0, 1.0)
21:06:40.329 [JavaFX Application Thread] DEBUG MainWindow           - Set initial scene to StartupScene
21:06:40.344 [JavaFX Application Thread] DEBUG MainWindow           - Opening main window
21:06:40.462 [JavaFX Application Thread] DEBUG MainWindow           - Window border size: (2.0, 29.0)
21:06:40.462 [JavaFX Application Thread] DEBUG MainWindow           - Scaled size: 900.0 x 900.0
21:06:40.463 [JavaFX Application Thread] DEBUG MainWindow           - Scaled ratio: (1.0, 1.0)
21:06:40.463 [JavaFX Application Thread] DEBUG MainWindow           - Scene size: 900.0 x 900.0
21:06:40.464 [JavaFX Application Thread] DEBUG MainWindow           - Stage size: 902.0 x 929.0
21:06:40.482 [FXGL Background Thread 1 ] DEBUG Engine               - Initializing environment variables
21:06:40.600 [FXGL Background Thread 1 ] DEBUG GameApplicationServi - Applying CSS: fxgl_dark.css
21:06:40.600 [FXGL Background Thread 1 ] DEBUG FXGLAssetLoaderServi - Loading from file system: /assets/ui/css/fxgl_dark.css
21:06:40.810 [FXGL Background Thread 1 ] DEBUG GameApplicationServi - Initializing application scenes
21:06:40.955 [FXGL Background Thread 1 ] DEBUG GameWorld            - Game world initialized
21:06:41.102 [FXGL Background Thread 1 ] DEBUG PhysicsWorld         - Physics world initialized: appHeight=900, physics.ppm=50.0
21:06:41.118 [FXGL Background Thread 1 ] DEBUG GameScene            - Game scene initialized: 900x900
21:06:41.181 [FXGL Background Thread 1 ] DEBUG FXGLAssetLoaderServi - Loading from file system: /assets/textures/particles/trace_horizontal.png
21:06:41.294 [FXGL Background Thread 1 ] DEBUG FXGL.DefaultMenu     - createMenuBodyMainMenu()
21:06:41.307 [FXGL Background Thread 1 ] DEBUG FXGL.DefaultMenu     - createOptionsMenu()
21:06:41.314 [FXGL Background Thread 1 ] DEBUG FXGLAssetLoaderServi - Loading from file system: /assets/textures/particles/smoke.png
21:06:41.422 [FXGL Background Thread 1 ] DEBUG FXGLAssetLoaderServi - Loading from cache: /assets/textures/particles/trace_horizontal.png@64.0x64.0
21:06:41.424 [FXGL Background Thread 1 ] DEBUG FXGL.DefaultMenu     - createMenuBodyGameMenu()
21:06:41.425 [FXGL Background Thread 1 ] DEBUG FXGL.DefaultMenu     - createOptionsMenu()
21:06:41.428 [FXGL Background Thread 1 ] DEBUG FXGLAssetLoaderServi - Loading from cache: /assets/textures/particles/smoke.png@128.0x128.0
21:06:41.461 [FXGL Background Thread 1 ] DEBUG GameApplicationServi - Application scenes initialized
21:06:41.477 [FXGL Background Thread 1 ] DEBUG SystemBundleService  - Loading FXGL system data
21:06:41.481 [FXGL Background Thread 1 ] DEBUG FileSystemAccess     - Reading from: /home/chintan/Downloads/game/system/fxgl.bundle
21:06:41.488 [FXGL Background Thread 1 ] DEBUG SystemBundleService  - Bundle FXGL: {}
21:06:41.489 [FXGL Background Thread 1 ] DEBUG UpdaterService       - Checking for updates
21:06:41.494 [FXGL Background Thread 1 ] DEBUG FXGLApplication      - Loading default localization
21:06:41.494 [FXGL Background Thread 1 ] DEBUG FXGLAssetLoaderServi - Loading from file system: /assets/languages/english.lang
21:06:41.493 [FXGL Background Thread 4 ] DEBUG FXGLApplication      - Loading fonts
21:06:41.498 [FXGL Background Thread 4 ] DEBUG FXGLAssetLoaderServi - Loading from file system: /assets/ui/fonts/VarelaRound-Regular.ttf
21:06:41.528 [FXGL Background Thread 1 ] INFO  FXGLApplication      - FXGL initialization took: 1.046 sec
21:06:41.535 [FXGL Background Thread 4 ] DEBUG FXGLAssetLoaderServi - Loading from file system: /assets/ui/fonts/Abel-Regular.ttf
21:06:41.542 [FXGL Background Thread 4 ] DEBUG FXGLAssetLoaderServi - Loading from file system: /assets/ui/fonts/lucida_console.ttf
21:06:41.544 [JavaFX Application Thread] DEBUG Input                - Registered new binding: Up - W
21:06:41.546 [JavaFX Application Thread] DEBUG Input                - Registered new binding: action0 - F
21:06:41.547 [JavaFX Application Thread] DEBUG FXGLAssetLoaderServi - Loading from file system: /assets/textures/fxgl_icon.png
21:06:41.547 [FXGL Background Thread 4 ] DEBUG FXGLAssetLoaderServi - Loading from file system: /assets/ui/fonts/Courier-Prime.ttf
21:06:41.608 [JavaFX Application Thread] DEBUG FXGLAssetLoaderServi - Loading from file system: /assets/ui/cursors/fxgl_default.png
21:06:41.611 [JavaFX Application Thread] DEBUG Input                - Registered new binding: Screenshot - P
21:06:41.613 [JavaFX Application Thread] DEBUG Input                - Registered new binding: System info dump - CTRL+9
21:06:41.613 [JavaFX Application Thread] DEBUG Input                - Registered new binding: Restart - CTRL+R
21:06:41.615 [JavaFX Application Thread] DEBUG Input                - Registered new binding: Toggle Debug Camera - CTRL+C
21:06:41.617 [JavaFX Application Thread] DEBUG LoopRunner           - Starting loop
21:06:41.621 [JavaFX Application Thread] DEBUG Input                - Clearing active input actions
21:06:41.662 [JavaFX Application Thread] DEBUG GameApplicationServi - Removing overlay from StartupScene and adding to FXGLMainMenuDummyScene
21:06:41.663 [JavaFX Application Thread] DEBUG MainWindow           - StartupScene -> FXGLMainMenuDummyScene
21:06:41.663 [JavaFX Application Thread] DEBUG MainWindow           - Push state: FXGLDefaultMenu
21:06:41.670 [JavaFX Application Thread] DEBUG Input                - Clearing active input actions
21:06:41.680 [JavaFX Application Thread] DEBUG GameApplicationServi - Removing overlay from FXGLMainMenuDummyScene and adding to FXGLDefaultMenu
21:06:41.680 [JavaFX Application Thread] DEBUG MainWindow           - FXGLMainMenuDummyScene -> FXGLDefaultMenu
21:06:41.682 [JavaFX Application Thread] DEBUG FXGLApplication      - Registering font factories with UI factory
21:06:42.525 [JavaFX Application Thread] DEBUG Menu                 - fireNewGame()
21:06:42.525 [JavaFX Application Thread] DEBUG GameApplicationServi - Starting new game
21:06:42.532 [JavaFX Application Thread] DEBUG MainWindow           - Pop state: FXGLDefaultMenu
21:06:42.532 [JavaFX Application Thread] DEBUG Input                - Clearing active input actions
21:06:42.533 [JavaFX Application Thread] DEBUG GameApplicationServi - Removing overlay from FXGLDefaultMenu and adding to FXGLMainMenuDummyScene
21:06:42.533 [JavaFX Application Thread] DEBUG MainWindow           - FXGLMainMenuDummyScene <- FXGLDefaultMenu
21:06:42.533 [JavaFX Application Thread] DEBUG Input                - Clearing active input actions
21:06:42.540 [JavaFX Application Thread] DEBUG GameApplicationServi - Removing overlay from FXGLMainMenuDummyScene and adding to FXGLLoadingScene
21:06:42.540 [JavaFX Application Thread] DEBUG MainWindow           - FXGLMainMenuDummyScene -> FXGLLoadingScene
21:06:42.541 [JavaFX Application Thread] DEBUG GameApplicationServi - Clearing previous game
21:06:42.541 [JavaFX Application Thread] DEBUG GameScene            - Clearing game scene
21:06:42.541 [JavaFX Application Thread] DEBUG GameWorld            - Clearing game world
21:06:42.541 [JavaFX Application Thread] DEBUG PhysicsWorld         - Clearing physics world
21:06:42.542 [FXGL Background Thread 4 ] DEBUG FXGLApplication      - Initializing game
21:06:42.647 [FXGL Background Thread 2 ] INFO  UpdaterService       - Your current version:  11.11
21:06:42.648 [FXGL Background Thread 2 ] INFO  UpdaterService       - Latest stable version: dev-SNAPSHOT
21:06:42.658 [FXGL Background Thread 4 ] DEBUG FXGLAssetLoaderServi - Loading from file system: /assets/textures/star.png
21:06:42.684 [FXGL Background Thread 4 ] DEBUG FXGLAssetLoaderServi - Loading from cache: /assets/textures/star.png
21:06:42.686 [FXGL Background Thread 4 ] DEBUG FXGLAssetLoaderServi - Loading from cache: /assets/textures/star.png
21:06:42.688 [FXGL Background Thread 4 ] DEBUG FXGLAssetLoaderServi - Loading from cache: /assets/textures/star.png
21:06:42.690 [FXGL Background Thread 4 ] DEBUG FXGLAssetLoaderServi - Loading from cache: /assets/textures/star.png
21:06:42.706 [FXGL Background Thread 4 ] DEBUG FXGLAssetLoaderServi - Loading from file system: /assets/textures/heart1.png
21:06:42.796 [FXGL Background Thread 4 ] DEBUG FXGLAssetLoaderServi - Loading from cache: /assets/textures/heart1.png
21:06:42.798 [FXGL Background Thread 4 ] DEBUG FXGLAssetLoaderServi - Loading from cache: /assets/textures/heart1.png
21:06:42.800 [FXGL Background Thread 4 ] DEBUG FXGLAssetLoaderServi - Loading from cache: /assets/textures/heart1.png
21:06:42.801 [FXGL Background Thread 4 ] DEBUG FXGLAssetLoaderServi - Loading from cache: /assets/textures/heart1.png
21:06:42.807 [FXGL Background Thread 4 ] INFO  FXGLApplication      - Game initialization took: 0.265 sec
21:06:42.808 [JavaFX Application Thread] DEBUG Input                - Clearing active input actions
21:06:42.817 [JavaFX Application Thread] DEBUG GameApplicationServi - Removing overlay from FXGLLoadingScene and adding to GameScene
21:06:42.818 [JavaFX Application Thread] DEBUG MainWindow           - FXGLLoadingScene -> GameScene
21:06:44.491 [FXGL Background Thread 3 ] DEBUG Engine               - Logging environment variables
21:06:44.492 [FXGL Background Thread 3 ] DEBUG Engine               - achievements: []
21:06:44.493 [FXGL Background Thread 3 ] DEBUG Engine               - appIcon: fxgl_icon.png
21:06:44.493 [FXGL Background Thread 3 ] DEBUG Engine               - applicationMode: DEVELOPER
21:06:44.493 [FXGL Background Thread 3 ] DEBUG Engine               - cSSList: [fxgl_dark.css]
21:06:44.494 [FXGL Background Thread 3 ] DEBUG Engine               - configClass: Optional.empty
21:06:44.494 [FXGL Background Thread 3 ] DEBUG Engine               - credits: []
21:06:44.495 [FXGL Background Thread 3 ] DEBUG Engine               - devBBoxColorProperty: ObjectProperty [value: 0xff0000ff]
21:06:44.495 [FXGL Background Thread 3 ] DEBUG Engine               - devEnableDebugCameraProperty: BooleanProperty [value: false]
21:06:44.496 [FXGL Background Thread 3 ] DEBUG Engine               - devSensorColorProperty: ObjectProperty [value: 0xffff00ff]
21:06:44.496 [FXGL Background Thread 3 ] DEBUG Engine               - devShowBBoxProperty: BooleanProperty [value: false]
21:06:44.496 [FXGL Background Thread 3 ] DEBUG Engine               - devShowPositionProperty: BooleanProperty [value: false]
21:06:44.497 [FXGL Background Thread 3 ] DEBUG Engine               - enabledMenuItems: []
21:06:44.497 [FXGL Background Thread 3 ] DEBUG Engine               - engineServices: [class com.almasb.fxgl.app.FXGLApplication$GameApplicationService, class com.almasb.fxgl.app.services.FXGLDialogService, class com.almasb.fxgl.app.services.IOTaskExecutorService, class com.almasb.fxgl.event.EventBusService, class com.almasb.fxgl.io.FileSystemService, class com.almasb.fxgl.localization.LocalizationService, class com.almasb.fxgl.app.services.FXGLAssetLoaderService, class com.almasb.fxgl.app.services.SystemBundleService, class com.almasb.fxgl.profile.SaveLoadService, class com.almasb.fxgl.ui.FXGLUIFactoryServiceProvider, class com.almasb.fxgl.ui.FXGLDialogFactoryServiceProvider, class com.almasb.fxgl.audio.AudioPlayer, class com.almasb.fxgl.notification.impl.NotificationServiceProvider, class com.almasb.fxgl.achievement.AchievementService, class com.almasb.fxgl.cutscene.CutsceneService, class com.almasb.fxgl.minigames.MiniGameService, class com.almasb.fxgl.net.NetService, class com.almasb.fxgl.app.services.UpdaterService, class com.almasb.fxgl.dev.DevService]
21:06:44.497 [FXGL Background Thread 3 ] DEBUG Engine               - fontGame: Abel-Regular.ttf
21:06:44.498 [FXGL Background Thread 3 ] DEBUG Engine               - fontMono: lucida_console.ttf
21:06:44.498 [FXGL Background Thread 3 ] DEBUG Engine               - fontText: Courier-Prime.ttf
21:06:44.498 [FXGL Background Thread 3 ] DEBUG Engine               - fontUI: VarelaRound-Regular.ttf
21:06:44.498 [FXGL Background Thread 3 ] DEBUG Engine               - fullScreen: BooleanProperty [value: false]
21:06:44.499 [FXGL Background Thread 3 ] DEBUG Engine               - gameDifficulty: MEDIUM
21:06:44.499 [FXGL Background Thread 3 ] DEBUG Engine               - gameDifficultyProperty: ObjectProperty [value: MEDIUM]
21:06:44.499 [FXGL Background Thread 3 ] DEBUG Engine               - globalMusicVolume: 0.5
21:06:44.500 [FXGL Background Thread 3 ] DEBUG Engine               - globalMusicVolumeProperty: DoubleProperty [value: 0.5]
21:06:44.500 [FXGL Background Thread 3 ] DEBUG Engine               - globalSoundVolume: 0.5
21:06:44.500 [FXGL Background Thread 3 ] DEBUG Engine               - globalSoundVolumeProperty: DoubleProperty [value: 0.5]
21:06:44.503 [FXGL Background Thread 3 ] DEBUG Engine               - height: 900
21:06:44.503 [FXGL Background Thread 3 ] DEBUG Engine               - isAndroid: false
21:06:44.504 [FXGL Background Thread 3 ] DEBUG Engine               - isBrowser: false
21:06:44.504 [FXGL Background Thread 3 ] DEBUG Engine               - isClickFeedbackEnabled: false
21:06:44.504 [FXGL Background Thread 3 ] DEBUG Engine               - isCloseConfirmation: false
21:06:44.504 [FXGL Background Thread 3 ] DEBUG Engine               - isDesktop: true
21:06:44.504 [FXGL Background Thread 3 ] DEBUG Engine               - isDeveloperMenuEnabled: false
21:06:44.504 [FXGL Background Thread 3 ] DEBUG Engine               - isEntityPreloadEnabled: true
21:06:44.504 [FXGL Background Thread 3 ] DEBUG Engine               - isExperimentalNative: false
21:06:44.505 [FXGL Background Thread 3 ] DEBUG Engine               - isExperimentalTiledLargeMap: false
21:06:44.505 [FXGL Background Thread 3 ] DEBUG Engine               - isFileSystemWriteAllowed: true
21:06:44.505 [FXGL Background Thread 3 ] DEBUG Engine               - isFullScreenAllowed: false
21:06:44.505 [FXGL Background Thread 3 ] DEBUG Engine               - isFullScreenFromStart: false
21:06:44.505 [FXGL Background Thread 3 ] DEBUG Engine               - isGameMenuEnabled: true
21:06:44.505 [FXGL Background Thread 3 ] DEBUG Engine               - isIOS: false
21:06:44.505 [FXGL Background Thread 3 ] DEBUG Engine               - isIntroEnabled: false
21:06:44.505 [FXGL Background Thread 3 ] DEBUG Engine               - isLinux: true
21:06:44.506 [FXGL Background Thread 3 ] DEBUG Engine               - isMac: false
21:06:44.506 [FXGL Background Thread 3 ] DEBUG Engine               - isMainMenuEnabled: true
21:06:44.506 [FXGL Background Thread 3 ] DEBUG Engine               - isManualResizeEnabled: false
21:06:44.506 [FXGL Background Thread 3 ] DEBUG Engine               - isMobile: false
21:06:44.506 [FXGL Background Thread 3 ] DEBUG Engine               - isPreserveResizeRatio: false
21:06:44.506 [FXGL Background Thread 3 ] DEBUG Engine               - isProfilingEnabled: false
21:06:44.506 [FXGL Background Thread 3 ] DEBUG Engine               - isSingleStep: false
21:06:44.506 [FXGL Background Thread 3 ] DEBUG Engine               - isUserProfileEnabled: false
21:06:44.506 [FXGL Background Thread 3 ] DEBUG Engine               - isWindows: false
21:06:44.507 [FXGL Background Thread 3 ] DEBUG Engine               - language: ObjectProperty [value: ENGLISH]
21:06:44.507 [FXGL Background Thread 3 ] DEBUG Engine               - menuKey: ESCAPE
21:06:44.507 [FXGL Background Thread 3 ] DEBUG Engine               - notificationViewClass: class com.almasb.fxgl.notification.view.XboxNotificationView
21:06:44.507 [FXGL Background Thread 3 ] DEBUG Engine               - pixelsPerMeter: 50.0
21:06:44.507 [FXGL Background Thread 3 ] DEBUG Engine               - platform: LINUX
21:06:44.507 [FXGL Background Thread 3 ] DEBUG Engine               - profileDir: profiles/
21:06:44.507 [FXGL Background Thread 3 ] DEBUG Engine               - profileName: StringProperty [value: DEFAULT]
21:06:44.508 [FXGL Background Thread 3 ] DEBUG Engine               - randomSeed: -1
21:06:44.508 [FXGL Background Thread 3 ] DEBUG Engine               - runtimeInfo: RuntimeInfo(platform=LINUX, version=11.11, build=08.09.2020 18.00)
21:06:44.508 [FXGL Background Thread 3 ] DEBUG Engine               - saveFileExt: sav
21:06:44.508 [FXGL Background Thread 3 ] DEBUG Engine               - sceneFactory: com.almasb.fxgl.app.scene.SceneFactory@42546ded
21:06:44.508 [FXGL Background Thread 3 ] DEBUG Engine               - secondsIn24h: 60
21:06:44.508 [FXGL Background Thread 3 ] DEBUG Engine               - soundMenuBack: menu/back.wav
21:06:44.508 [FXGL Background Thread 3 ] DEBUG Engine               - soundMenuPress: menu/press.wav
21:06:44.508 [FXGL Background Thread 3 ] DEBUG Engine               - soundMenuSelect: menu/select.wav
21:06:44.509 [FXGL Background Thread 3 ] DEBUG Engine               - soundNotification: core/notification.wav
21:06:44.509 [FXGL Background Thread 3 ] DEBUG Engine               - stageStyle: DECORATED
21:06:44.509 [FXGL Background Thread 3 ] DEBUG Engine               - supportedLanguages: [ENGLISH, FRENCH, GERMAN, HUNGARIAN, RUSSIAN]
21:06:44.509 [FXGL Background Thread 3 ] DEBUG Engine               - title: Color Switch 2
21:06:44.509 [FXGL Background Thread 3 ] DEBUG Engine               - urlGithub: https://github.com/AlmasB/FXGL
21:06:44.509 [FXGL Background Thread 3 ] DEBUG Engine               - urlLeaderboard: http://fxgl-top.herokuapp.com/
21:06:44.509 [FXGL Background Thread 3 ] DEBUG Engine               - urlPOM: https://raw.githubusercontent.com/AlmasB/FXGL/master/pom.xml
21:06:44.509 [FXGL Background Thread 3 ] DEBUG Engine               - version: 0.0
21:06:44.510 [FXGL Background Thread 3 ] DEBUG Engine               - versionCheckDays: 7
21:06:44.510 [FXGL Background Thread 3 ] DEBUG Engine               - width: 900
21:06:44.510 [FXGL Background Thread 3 ] DEBUG Engine               - Logging services
21:06:44.510 [FXGL Background Thread 3 ] DEBUG Engine               - class com.almasb.fxgl.app.FXGLApplication$GameApplicationService
21:06:44.510 [FXGL Background Thread 3 ] DEBUG Engine               - class com.almasb.fxgl.app.services.FXGLDialogService
21:06:44.510 [FXGL Background Thread 3 ] DEBUG Engine               - class com.almasb.fxgl.app.services.IOTaskExecutorService
21:06:44.511 [FXGL Background Thread 3 ] DEBUG Engine               - class com.almasb.fxgl.event.EventBusService
21:06:44.511 [FXGL Background Thread 3 ] DEBUG Engine               - class com.almasb.fxgl.io.FileSystemService
21:06:44.512 [FXGL Background Thread 3 ] DEBUG Engine               - class com.almasb.fxgl.localization.LocalizationService
21:06:44.512 [FXGL Background Thread 3 ] DEBUG Engine               - class com.almasb.fxgl.app.services.FXGLAssetLoaderService
21:06:44.513 [FXGL Background Thread 3 ] DEBUG Engine               - class com.almasb.fxgl.app.services.SystemBundleService
21:06:44.514 [FXGL Background Thread 3 ] DEBUG Engine               - class com.almasb.fxgl.profile.SaveLoadService
21:06:44.516 [FXGL Background Thread 3 ] DEBUG Engine               - class com.almasb.fxgl.ui.FXGLUIFactoryServiceProvider
21:06:44.517 [FXGL Background Thread 3 ] DEBUG Engine               - class com.almasb.fxgl.ui.FXGLDialogFactoryServiceProvider
21:06:44.519 [FXGL Background Thread 3 ] DEBUG Engine               - class com.almasb.fxgl.audio.AudioPlayer
21:06:44.521 [FXGL Background Thread 3 ] DEBUG Engine               - class com.almasb.fxgl.notification.impl.NotificationServiceProvider
21:06:44.522 [FXGL Background Thread 3 ] DEBUG Engine               - class com.almasb.fxgl.achievement.AchievementService
21:06:44.523 [FXGL Background Thread 3 ] DEBUG Engine               - class com.almasb.fxgl.cutscene.CutsceneService
21:06:44.524 [FXGL Background Thread 3 ] DEBUG Engine               - class com.almasb.fxgl.minigames.MiniGameService
21:06:44.525 [FXGL Background Thread 3 ] DEBUG Engine               - class com.almasb.fxgl.net.NetService
21:06:44.526 [FXGL Background Thread 3 ] DEBUG Engine               - class com.almasb.fxgl.app.services.UpdaterService
21:06:44.526 [FXGL Background Thread 3 ] DEBUG Engine               - class com.almasb.fxgl.dev.DevService
21:07:05.122 [JavaFX Application Thread] DEBUG FXGLAssetLoaderServi - Loading from cache: /assets/textures/star.png
21:07:05.125 [JavaFX Application Thread] DEBUG FXGLAssetLoaderServi - Loading from cache: /assets/textures/star.png
21:07:05.127 [JavaFX Application Thread] DEBUG FXGLAssetLoaderServi - Loading from cache: /assets/textures/star.png
21:07:05.130 [JavaFX Application Thread] DEBUG FXGLAssetLoaderServi - Loading from cache: /assets/textures/star.png
21:07:05.131 [JavaFX Application Thread] DEBUG FXGLAssetLoaderServi - Loading from cache: /assets/textures/star.png
21:07:05.133 [JavaFX Application Thread] DEBUG FXGLAssetLoaderServi - Loading from cache: /assets/textures/heart1.png
21:07:05.134 [JavaFX Application Thread] DEBUG FXGLAssetLoaderServi - Loading from cache: /assets/textures/heart1.png
21:07:05.136 [JavaFX Application Thread] DEBUG FXGLAssetLoaderServi - Loading from cache: /assets/textures/heart1.png
21:07:05.138 [JavaFX Application Thread] DEBUG FXGLAssetLoaderServi - Loading from cache: /assets/textures/heart1.png
21:07:05.139 [JavaFX Application Thread] DEBUG FXGLAssetLoaderServi - Loading from cache: /assets/textures/heart1.png
21:07:31.246 [JavaFX Application Thread] DEBUG FXGLApplication      - Exiting FXGL
21:07:31.246 [JavaFX Application Thread] DEBUG LoopRunner           - Stopping loop
21:07:31.246 [JavaFX Application Thread] DEBUG SystemBundleService  - Saving FXGL system data
21:07:31.252 [JavaFX Application Thread] DEBUG FileSystemAccess     - Writing to: /home/chintan/Downloads/game/system/fxgl.bundle
21:07:31.258 [JavaFX Application Thread] DEBUG Async                - Shutting down background threads
21:07:31.258 [JavaFX Application Thread] DEBUG MainWindow           - Closing main window
21:07:31.274 [JavaFX Application Thread] DEBUG Logger               - Closing Logger
