07:57:29.020 [main                     ] DEBUG Logger               - Configured Logger
07:57:29.044 [main                     ] DEBUG GameApplication      - Logging settings
Title: Color Switch 2
Version: 0.0
Width: 900
Height: 900
Fullscreen: false
Intro: false
Profiling: false
Single step:false
App Mode: DEVELOPER
Menu Key: ESCAPE
Stage Style: DECORATED
Scene Factory: class com.almasb.fxgl.app.scene.SceneFactory

07:57:29.803 [JavaFX Application Thread] DEBUG FXGLApplication      - Initializing FXGL
07:57:29.847 [JavaFX Application Thread] INFO  Engine               - FXGL-11.11 (08.09.2020 18.00) on LINUX (J:15.0.1 FX:14)
07:57:29.848 [JavaFX Application Thread] DEBUG Engine               - JRE Vendor Name: Oracle Corporation
07:57:29.848 [JavaFX Application Thread] DEBUG Engine               - Running on OS: Linux version 5.4.0-58-generic
07:57:29.849 [JavaFX Application Thread] DEBUG Engine               - Architecture: amd64
07:57:29.850 [JavaFX Application Thread] INFO  Engine               - Source code and latest versions at: https://github.com/AlmasB/FXGL
07:57:29.850 [JavaFX Application Thread] INFO  Engine               -              Join the FXGL chat at: https://gitter.im/AlmasB/FXGL
07:57:30.022 [JavaFX Application Thread] DEBUG MainWindow           - Creating a JavaFX scene
07:57:30.164 [JavaFX Application Thread] DEBUG MainWindow           - Target settings size: 900.0 x 900.0
07:57:30.164 [JavaFX Application Thread] DEBUG MainWindow           - Scaled scene size:    900.0 x 900.0
07:57:30.165 [JavaFX Application Thread] DEBUG MainWindow           - Scaled ratio: (1.0, 1.0)
07:57:30.167 [JavaFX Application Thread] DEBUG MainWindow           - Set initial scene to StartupScene
07:57:30.175 [JavaFX Application Thread] DEBUG MainWindow           - Opening main window
07:57:30.255 [JavaFX Application Thread] DEBUG MainWindow           - Window border size: (2.0, 29.0)
07:57:30.255 [JavaFX Application Thread] DEBUG MainWindow           - Scaled size: 900.0 x 900.0
07:57:30.262 [JavaFX Application Thread] DEBUG MainWindow           - Scaled ratio: (1.0, 1.0)
07:57:30.262 [JavaFX Application Thread] DEBUG MainWindow           - Scene size: 900.0 x 900.0
07:57:30.263 [JavaFX Application Thread] DEBUG MainWindow           - Stage size: 902.0 x 929.0
07:57:30.292 [FXGL Background Thread 1 ] DEBUG Engine               - Initializing environment variables
07:57:30.344 [FXGL Background Thread 1 ] DEBUG GameApplicationServi - Applying CSS: fxgl_dark.css
07:57:30.345 [FXGL Background Thread 1 ] DEBUG FXGLAssetLoaderServi - Loading from file system: /assets/ui/css/fxgl_dark.css
07:57:30.475 [FXGL Background Thread 1 ] DEBUG GameApplicationServi - Initializing application scenes
07:57:30.531 [FXGL Background Thread 1 ] DEBUG GameWorld            - Game world initialized
07:57:30.624 [FXGL Background Thread 1 ] DEBUG PhysicsWorld         - Physics world initialized: appHeight=900, physics.ppm=50.0
07:57:30.627 [FXGL Background Thread 1 ] DEBUG GameScene            - Game scene initialized: 900x900
07:57:30.670 [FXGL Background Thread 1 ] DEBUG FXGLAssetLoaderServi - Loading from file system: /assets/textures/particles/trace_horizontal.png
07:57:30.731 [FXGL Background Thread 1 ] DEBUG FXGL.DefaultMenu     - createMenuBodyMainMenu()
07:57:30.749 [FXGL Background Thread 1 ] DEBUG FXGL.DefaultMenu     - createOptionsMenu()
07:57:30.757 [FXGL Background Thread 1 ] DEBUG FXGLAssetLoaderServi - Loading from file system: /assets/textures/particles/smoke.png
07:57:30.829 [FXGL Background Thread 1 ] DEBUG FXGLAssetLoaderServi - Loading from cache: /assets/textures/particles/trace_horizontal.png@64.0x64.0
07:57:30.830 [FXGL Background Thread 1 ] DEBUG FXGL.DefaultMenu     - createMenuBodyGameMenu()
07:57:30.832 [FXGL Background Thread 1 ] DEBUG FXGL.DefaultMenu     - createOptionsMenu()
07:57:30.837 [FXGL Background Thread 1 ] DEBUG FXGLAssetLoaderServi - Loading from cache: /assets/textures/particles/smoke.png@128.0x128.0
07:57:30.854 [FXGL Background Thread 1 ] DEBUG GameApplicationServi - Application scenes initialized
07:57:30.863 [FXGL Background Thread 1 ] DEBUG SystemBundleService  - Loading FXGL system data
07:57:30.867 [FXGL Background Thread 1 ] DEBUG FileSystemAccess     - Reading from: /home/chintan/Downloads/game/system/fxgl.bundle
07:57:30.874 [FXGL Background Thread 1 ] DEBUG SystemBundleService  - Bundle FXGL: {}
07:57:30.874 [FXGL Background Thread 1 ] DEBUG UpdaterService       - Checking for updates
07:57:30.879 [FXGL Background Thread 1 ] DEBUG FXGLApplication      - Loading default localization
07:57:30.879 [FXGL Background Thread 1 ] DEBUG FXGLAssetLoaderServi - Loading from file system: /assets/languages/english.lang
07:57:30.890 [FXGL Background Thread 4 ] DEBUG FXGLApplication      - Loading fonts
07:57:30.891 [FXGL Background Thread 4 ] DEBUG FXGLAssetLoaderServi - Loading from file system: /assets/ui/fonts/VarelaRound-Regular.ttf
07:57:30.909 [FXGL Background Thread 1 ] INFO  FXGLApplication      - FXGL initialization took: 0.617 sec
07:57:30.910 [FXGL Background Thread 4 ] DEBUG FXGLAssetLoaderServi - Loading from file system: /assets/ui/fonts/Abel-Regular.ttf
07:57:30.913 [FXGL Background Thread 4 ] DEBUG FXGLAssetLoaderServi - Loading from file system: /assets/ui/fonts/lucida_console.ttf
07:57:30.916 [FXGL Background Thread 4 ] DEBUG FXGLAssetLoaderServi - Loading from file system: /assets/ui/fonts/Courier-Prime.ttf
07:57:30.923 [JavaFX Application Thread] DEBUG Input                - Registered new binding: Up - W
07:57:30.924 [JavaFX Application Thread] DEBUG FXGLAssetLoaderServi - Loading from file system: /assets/textures/fxgl_icon.png
07:57:30.981 [JavaFX Application Thread] DEBUG FXGLAssetLoaderServi - Loading from file system: /assets/ui/cursors/fxgl_default.png
07:57:31.004 [JavaFX Application Thread] DEBUG Input                - Registered new binding: Screenshot - P
07:57:31.005 [JavaFX Application Thread] DEBUG Input                - Registered new binding: System info dump - CTRL+9
07:57:31.006 [JavaFX Application Thread] DEBUG Input                - Registered new binding: Restart - CTRL+R
07:57:31.019 [JavaFX Application Thread] DEBUG Input                - Registered new binding: Toggle Debug Camera - CTRL+C
07:57:31.023 [JavaFX Application Thread] DEBUG LoopRunner           - Starting loop
07:57:31.029 [JavaFX Application Thread] DEBUG Input                - Clearing active input actions
07:57:31.062 [JavaFX Application Thread] DEBUG GameApplicationServi - Removing overlay from StartupScene and adding to FXGLMainMenuDummyScene
07:57:31.063 [JavaFX Application Thread] DEBUG MainWindow           - StartupScene -> FXGLMainMenuDummyScene
07:57:31.064 [JavaFX Application Thread] DEBUG MainWindow           - Push state: FXGLDefaultMenu
07:57:31.071 [JavaFX Application Thread] DEBUG Input                - Clearing active input actions
07:57:31.086 [JavaFX Application Thread] DEBUG GameApplicationServi - Removing overlay from FXGLMainMenuDummyScene and adding to FXGLDefaultMenu
07:57:31.088 [JavaFX Application Thread] DEBUG MainWindow           - FXGLMainMenuDummyScene -> FXGLDefaultMenu
07:57:31.089 [JavaFX Application Thread] DEBUG FXGLApplication      - Registering font factories with UI factory
07:57:31.948 [FXGL Background Thread 2 ] INFO  UpdaterService       - Your current version:  11.11
07:57:31.949 [FXGL Background Thread 2 ] INFO  UpdaterService       - Latest stable version: dev-SNAPSHOT
07:57:32.069 [JavaFX Application Thread] DEBUG Menu                 - fireNewGame()
07:57:32.070 [JavaFX Application Thread] DEBUG GameApplicationServi - Starting new game
07:57:32.075 [JavaFX Application Thread] DEBUG MainWindow           - Pop state: FXGLDefaultMenu
07:57:32.075 [JavaFX Application Thread] DEBUG Input                - Clearing active input actions
07:57:32.076 [JavaFX Application Thread] DEBUG GameApplicationServi - Removing overlay from FXGLDefaultMenu and adding to FXGLMainMenuDummyScene
07:57:32.077 [JavaFX Application Thread] DEBUG MainWindow           - FXGLMainMenuDummyScene <- FXGLDefaultMenu
07:57:32.078 [JavaFX Application Thread] DEBUG Input                - Clearing active input actions
07:57:32.088 [JavaFX Application Thread] DEBUG GameApplicationServi - Removing overlay from FXGLMainMenuDummyScene and adding to FXGLLoadingScene
07:57:32.088 [JavaFX Application Thread] DEBUG MainWindow           - FXGLMainMenuDummyScene -> FXGLLoadingScene
07:57:32.089 [JavaFX Application Thread] DEBUG GameApplicationServi - Clearing previous game
07:57:32.089 [JavaFX Application Thread] DEBUG GameScene            - Clearing game scene
07:57:32.089 [JavaFX Application Thread] DEBUG GameWorld            - Clearing game world
07:57:32.089 [JavaFX Application Thread] DEBUG PhysicsWorld         - Clearing physics world
07:57:32.091 [FXGL Background Thread 2 ] DEBUG FXGLApplication      - Initializing game
07:57:32.185 [FXGL Background Thread 2 ] INFO  FXGLApplication      - Game initialization took: 0.094 sec
07:57:32.189 [JavaFX Application Thread] DEBUG Input                - Clearing active input actions
07:57:32.199 [JavaFX Application Thread] DEBUG GameApplicationServi - Removing overlay from FXGLLoadingScene and adding to GameScene
07:57:32.199 [JavaFX Application Thread] DEBUG MainWindow           - FXGLLoadingScene -> GameScene
07:57:33.665 [JavaFX Application Thread] DEBUG LoopRunner           - Stopping loop
07:57:33.667 [JavaFX Application Thread] FATAL FXGLApplication      - Uncaught Exception:
java.lang.NullPointerException: Cannot invoke "java.util.List.size()" because "this.this$0.total_stars" is null
	at sample.Main$1.onAction(Main.java:66)
	at com.almasb.fxgl.input.UserAction.action$fxgl_input(UserAction.kt:38)
	at com.almasb.fxgl.input.Input.update(Input.kt:182)
	at com.almasb.fxgl.scene.Scene.update(Scene.kt:76)
	at com.almasb.fxgl.app.MainWindow$update$1.invoke(MainWindow.kt:219)
	at com.almasb.fxgl.app.MainWindow$update$1.invoke(MainWindow.kt:40)
	at com.almasb.fxgl.core.fsm.StateMachine.runOnActiveStates(StateMachine.kt:60)
	at com.almasb.fxgl.app.MainWindow.update(MainWindow.kt:219)
	at com.almasb.fxgl.app.FXGLApplication$GameApplicationService.onUpdate(FXGLApplication.kt:400)
	at com.almasb.fxgl.app.Engine.loop(Engine.kt:130)
	at com.almasb.fxgl.app.Engine.access$loop(Engine.kt:24)
	at com.almasb.fxgl.app.Engine$loop$1.invoke(Engine.kt:28)
	at com.almasb.fxgl.app.Engine$loop$1.invoke(Engine.kt:24)
	at com.almasb.fxgl.app.LoopRunner.frame(LoopRunner.kt:86)
	at com.almasb.fxgl.app.LoopRunner.access$frame(LoopRunner.kt:17)
	at com.almasb.fxgl.app.LoopRunner$impl$2$1.handle(LoopRunner.kt:37)
	at javafx.animation.AnimationTimer$AnimationTimerReceiver.lambda$handle$0(AnimationTimer.java:57)
	at java.base/java.security.AccessController.doPrivileged(AccessController.java:391)
	at javafx.animation.AnimationTimer$AnimationTimerReceiver.handle(AnimationTimer.java:56)
	at com.sun.scenario.animation.AbstractMasterTimer.timePulseImpl(AbstractMasterTimer.java:357)
	at com.sun.scenario.animation.AbstractMasterTimer$MainLoop.run(AbstractMasterTimer.java:267)
	at com.sun.javafx.tk.quantum.QuantumToolkit.pulse(QuantumToolkit.java:559)
	at com.sun.javafx.tk.quantum.QuantumToolkit.pulse(QuantumToolkit.java:543)
	at com.sun.javafx.tk.quantum.QuantumToolkit.pulseFromQueue(QuantumToolkit.java:536)
	at com.sun.javafx.tk.quantum.QuantumToolkit.lambda$runToolkit$11(QuantumToolkit.java:342)
	at com.sun.glass.ui.InvokeLaterDispatcher$Future.run(InvokeLaterDispatcher.java:96)
	at com.sun.glass.ui.gtk.GtkApplication._runLoop(Native Method)
	at com.sun.glass.ui.gtk.GtkApplication.lambda$runLoop$11(GtkApplication.java:277)
	at java.base/java.lang.Thread.run(Thread.java:832)

07:57:33.668 [JavaFX Application Thread] FATAL FXGLApplication      - Application will now exit
07:57:33.823 [JavaFX Application Thread] DEBUG MainWindow           - Push state: ErrorSubScene
07:57:33.824 [JavaFX Application Thread] DEBUG Input                - Clearing active input actions
07:57:33.826 [JavaFX Application Thread] DEBUG GameApplicationServi - Removing overlay from GameScene and adding to ErrorSubScene
07:57:33.827 [JavaFX Application Thread] DEBUG MainWindow           - GameScene -> ErrorSubScene
07:57:33.877 [FXGL Background Thread 3 ] DEBUG Engine               - Logging environment variables
07:57:33.878 [FXGL Background Thread 3 ] DEBUG Engine               - achievements: []
07:57:33.878 [FXGL Background Thread 3 ] DEBUG Engine               - appIcon: fxgl_icon.png
07:57:33.879 [FXGL Background Thread 3 ] DEBUG Engine               - applicationMode: DEVELOPER
07:57:33.879 [FXGL Background Thread 3 ] DEBUG Engine               - cSSList: [fxgl_dark.css]
07:57:33.879 [FXGL Background Thread 3 ] DEBUG Engine               - configClass: Optional.empty
07:57:33.879 [FXGL Background Thread 3 ] DEBUG Engine               - credits: []
07:57:33.880 [FXGL Background Thread 3 ] DEBUG Engine               - devBBoxColorProperty: ObjectProperty [value: 0xff0000ff]
07:57:33.880 [FXGL Background Thread 3 ] DEBUG Engine               - devEnableDebugCameraProperty: BooleanProperty [value: false]
07:57:33.881 [FXGL Background Thread 3 ] DEBUG Engine               - devSensorColorProperty: ObjectProperty [value: 0xffff00ff]
07:57:33.881 [FXGL Background Thread 3 ] DEBUG Engine               - devShowBBoxProperty: BooleanProperty [value: false]
07:57:33.881 [FXGL Background Thread 3 ] DEBUG Engine               - devShowPositionProperty: BooleanProperty [value: false]
07:57:33.882 [FXGL Background Thread 3 ] DEBUG Engine               - enabledMenuItems: []
07:57:33.882 [FXGL Background Thread 3 ] DEBUG Engine               - engineServices: [class com.almasb.fxgl.app.FXGLApplication$GameApplicationService, class com.almasb.fxgl.app.services.FXGLDialogService, class com.almasb.fxgl.app.services.IOTaskExecutorService, class com.almasb.fxgl.event.EventBusService, class com.almasb.fxgl.io.FileSystemService, class com.almasb.fxgl.localization.LocalizationService, class com.almasb.fxgl.app.services.FXGLAssetLoaderService, class com.almasb.fxgl.app.services.SystemBundleService, class com.almasb.fxgl.profile.SaveLoadService, class com.almasb.fxgl.ui.FXGLUIFactoryServiceProvider, class com.almasb.fxgl.ui.FXGLDialogFactoryServiceProvider, class com.almasb.fxgl.audio.AudioPlayer, class com.almasb.fxgl.notification.impl.NotificationServiceProvider, class com.almasb.fxgl.achievement.AchievementService, class com.almasb.fxgl.cutscene.CutsceneService, class com.almasb.fxgl.minigames.MiniGameService, class com.almasb.fxgl.net.NetService, class com.almasb.fxgl.app.services.UpdaterService, class com.almasb.fxgl.dev.DevService]
07:57:33.884 [FXGL Background Thread 3 ] DEBUG Engine               - fontGame: Abel-Regular.ttf
07:57:33.884 [FXGL Background Thread 3 ] DEBUG Engine               - fontMono: lucida_console.ttf
07:57:33.885 [FXGL Background Thread 3 ] DEBUG Engine               - fontText: Courier-Prime.ttf
07:57:33.885 [FXGL Background Thread 3 ] DEBUG Engine               - fontUI: VarelaRound-Regular.ttf
07:57:33.885 [FXGL Background Thread 3 ] DEBUG Engine               - fullScreen: BooleanProperty [value: false]
07:57:33.885 [FXGL Background Thread 3 ] DEBUG Engine               - gameDifficulty: MEDIUM
07:57:33.886 [FXGL Background Thread 3 ] DEBUG Engine               - gameDifficultyProperty: ObjectProperty [value: MEDIUM]
07:57:33.886 [FXGL Background Thread 3 ] DEBUG Engine               - globalMusicVolume: 0.5
07:57:33.886 [FXGL Background Thread 3 ] DEBUG Engine               - globalMusicVolumeProperty: DoubleProperty [value: 0.5]
07:57:33.886 [FXGL Background Thread 3 ] DEBUG Engine               - globalSoundVolume: 0.5
07:57:33.886 [FXGL Background Thread 3 ] DEBUG Engine               - globalSoundVolumeProperty: DoubleProperty [value: 0.5]
07:57:33.887 [FXGL Background Thread 3 ] DEBUG Engine               - height: 900
07:57:33.887 [FXGL Background Thread 3 ] DEBUG Engine               - isAndroid: false
07:57:33.887 [FXGL Background Thread 3 ] DEBUG Engine               - isBrowser: false
07:57:33.887 [FXGL Background Thread 3 ] DEBUG Engine               - isClickFeedbackEnabled: false
07:57:33.887 [FXGL Background Thread 3 ] DEBUG Engine               - isCloseConfirmation: false
07:57:33.888 [FXGL Background Thread 3 ] DEBUG Engine               - isDesktop: true
07:57:33.888 [FXGL Background Thread 3 ] DEBUG Engine               - isDeveloperMenuEnabled: false
07:57:33.888 [FXGL Background Thread 3 ] DEBUG Engine               - isEntityPreloadEnabled: true
07:57:33.888 [FXGL Background Thread 3 ] DEBUG Engine               - isExperimentalNative: false
07:57:33.889 [FXGL Background Thread 3 ] DEBUG Engine               - isExperimentalTiledLargeMap: false
07:57:33.889 [FXGL Background Thread 3 ] DEBUG Engine               - isFileSystemWriteAllowed: true
07:57:33.889 [FXGL Background Thread 3 ] DEBUG Engine               - isFullScreenAllowed: false
07:57:33.889 [FXGL Background Thread 3 ] DEBUG Engine               - isFullScreenFromStart: false
07:57:33.890 [FXGL Background Thread 3 ] DEBUG Engine               - isGameMenuEnabled: true
07:57:33.890 [FXGL Background Thread 3 ] DEBUG Engine               - isIOS: false
07:57:33.890 [FXGL Background Thread 3 ] DEBUG Engine               - isIntroEnabled: false
07:57:33.890 [FXGL Background Thread 3 ] DEBUG Engine               - isLinux: true
07:57:33.891 [FXGL Background Thread 3 ] DEBUG Engine               - isMac: false
07:57:33.891 [FXGL Background Thread 3 ] DEBUG Engine               - isMainMenuEnabled: true
07:57:33.891 [FXGL Background Thread 3 ] DEBUG Engine               - isManualResizeEnabled: false
07:57:33.891 [FXGL Background Thread 3 ] DEBUG Engine               - isMobile: false
07:57:33.892 [FXGL Background Thread 3 ] DEBUG Engine               - isPreserveResizeRatio: false
07:57:33.892 [FXGL Background Thread 3 ] DEBUG Engine               - isProfilingEnabled: false
07:57:33.892 [FXGL Background Thread 3 ] DEBUG Engine               - isSingleStep: false
07:57:33.893 [FXGL Background Thread 3 ] DEBUG Engine               - isUserProfileEnabled: false
07:57:33.893 [FXGL Background Thread 3 ] DEBUG Engine               - isWindows: false
07:57:33.893 [FXGL Background Thread 3 ] DEBUG Engine               - language: ObjectProperty [value: ENGLISH]
07:57:33.893 [FXGL Background Thread 3 ] DEBUG Engine               - menuKey: ESCAPE
07:57:33.894 [FXGL Background Thread 3 ] DEBUG Engine               - notificationViewClass: class com.almasb.fxgl.notification.view.XboxNotificationView
07:57:33.894 [FXGL Background Thread 3 ] DEBUG Engine               - pixelsPerMeter: 50.0
07:57:33.894 [FXGL Background Thread 3 ] DEBUG Engine               - platform: LINUX
07:57:33.894 [FXGL Background Thread 3 ] DEBUG Engine               - profileDir: profiles/
07:57:33.895 [FXGL Background Thread 3 ] DEBUG Engine               - profileName: StringProperty [value: DEFAULT]
07:57:33.895 [FXGL Background Thread 3 ] DEBUG Engine               - randomSeed: -1
07:57:33.895 [FXGL Background Thread 3 ] DEBUG Engine               - runtimeInfo: RuntimeInfo(platform=LINUX, version=11.11, build=08.09.2020 18.00)
07:57:33.895 [FXGL Background Thread 3 ] DEBUG Engine               - saveFileExt: sav
07:57:33.896 [FXGL Background Thread 3 ] DEBUG Engine               - sceneFactory: com.almasb.fxgl.app.scene.SceneFactory@54602526
07:57:33.899 [FXGL Background Thread 3 ] DEBUG Engine               - secondsIn24h: 60
07:57:33.900 [FXGL Background Thread 3 ] DEBUG Engine               - soundMenuBack: menu/back.wav
07:57:33.900 [FXGL Background Thread 3 ] DEBUG Engine               - soundMenuPress: menu/press.wav
07:57:33.900 [FXGL Background Thread 3 ] DEBUG Engine               - soundMenuSelect: menu/select.wav
07:57:33.900 [FXGL Background Thread 3 ] DEBUG Engine               - soundNotification: core/notification.wav
07:57:33.901 [FXGL Background Thread 3 ] DEBUG Engine               - stageStyle: DECORATED
07:57:33.901 [FXGL Background Thread 3 ] DEBUG Engine               - supportedLanguages: [ENGLISH, FRENCH, GERMAN, HUNGARIAN, RUSSIAN]
07:57:33.901 [FXGL Background Thread 3 ] DEBUG Engine               - title: Color Switch 2
07:57:33.901 [FXGL Background Thread 3 ] DEBUG Engine               - urlGithub: https://github.com/AlmasB/FXGL
07:57:33.902 [FXGL Background Thread 3 ] DEBUG Engine               - urlLeaderboard: http://fxgl-top.herokuapp.com/
07:57:33.902 [FXGL Background Thread 3 ] DEBUG Engine               - urlPOM: https://raw.githubusercontent.com/AlmasB/FXGL/master/pom.xml
07:57:33.910 [FXGL Background Thread 3 ] DEBUG Engine               - version: 0.0
07:57:33.911 [FXGL Background Thread 3 ] DEBUG Engine               - versionCheckDays: 7
07:57:33.911 [FXGL Background Thread 3 ] DEBUG Engine               - width: 900
07:57:33.911 [FXGL Background Thread 3 ] DEBUG Engine               - Logging services
07:57:33.911 [FXGL Background Thread 3 ] DEBUG Engine               - class com.almasb.fxgl.app.FXGLApplication$GameApplicationService
07:57:33.912 [FXGL Background Thread 3 ] DEBUG Engine               - class com.almasb.fxgl.app.services.FXGLDialogService
07:57:33.912 [FXGL Background Thread 3 ] DEBUG Engine               - class com.almasb.fxgl.app.services.IOTaskExecutorService
07:57:33.912 [FXGL Background Thread 3 ] DEBUG Engine               - class com.almasb.fxgl.event.EventBusService
07:57:33.912 [FXGL Background Thread 3 ] DEBUG Engine               - class com.almasb.fxgl.io.FileSystemService
07:57:33.913 [FXGL Background Thread 3 ] DEBUG Engine               - class com.almasb.fxgl.localization.LocalizationService
07:57:33.913 [FXGL Background Thread 3 ] DEBUG Engine               - class com.almasb.fxgl.app.services.FXGLAssetLoaderService
07:57:33.913 [FXGL Background Thread 3 ] DEBUG Engine               - class com.almasb.fxgl.app.services.SystemBundleService
07:57:33.913 [FXGL Background Thread 3 ] DEBUG Engine               - class com.almasb.fxgl.profile.SaveLoadService
07:57:33.913 [FXGL Background Thread 3 ] DEBUG Engine               - class com.almasb.fxgl.ui.FXGLUIFactoryServiceProvider
07:57:33.914 [FXGL Background Thread 3 ] DEBUG Engine               - class com.almasb.fxgl.ui.FXGLDialogFactoryServiceProvider
07:57:33.914 [FXGL Background Thread 3 ] DEBUG Engine               - class com.almasb.fxgl.audio.AudioPlayer
07:57:33.914 [FXGL Background Thread 3 ] DEBUG Engine               - class com.almasb.fxgl.notification.impl.NotificationServiceProvider
07:57:33.914 [FXGL Background Thread 3 ] DEBUG Engine               - class com.almasb.fxgl.achievement.AchievementService
07:57:33.915 [FXGL Background Thread 3 ] DEBUG Engine               - class com.almasb.fxgl.cutscene.CutsceneService
07:57:33.915 [FXGL Background Thread 3 ] DEBUG Engine               - class com.almasb.fxgl.minigames.MiniGameService
07:57:33.915 [FXGL Background Thread 3 ] DEBUG Engine               - class com.almasb.fxgl.net.NetService
07:57:33.916 [FXGL Background Thread 3 ] DEBUG Engine               - class com.almasb.fxgl.app.services.UpdaterService
07:57:33.916 [FXGL Background Thread 3 ] DEBUG Engine               - class com.almasb.fxgl.dev.DevService
07:57:43.310 [JavaFX Application Thread] DEBUG FXGLApplication      - Exiting FXGL
07:57:43.310 [JavaFX Application Thread] DEBUG Async                - Shutting down background threads
07:57:43.311 [JavaFX Application Thread] DEBUG MainWindow           - Closing main window
07:57:43.314 [JavaFX Application Thread] DEBUG Logger               - Closing Logger
