21:15:03.258 [main                     ] DEBUG Logger               - Configured Logger
21:15:03.284 [main                     ] DEBUG GameApplication      - Logging settings
Title: Color Switch 2
Version: 0.0
Width: 900
Height: 900
Fullscreen: false
Intro: false
Profiling: false
Single step:false
App Mode: DEVELOPER
Menu Key: ESCAPE
Stage Style: DECORATED
Scene Factory: class com.almasb.fxgl.app.scene.SceneFactory

21:15:03.797 [JavaFX Application Thread] DEBUG FXGLApplication      - Initializing FXGL
21:15:03.814 [JavaFX Application Thread] INFO  Engine               - FXGL-11.11 (08.09.2020 18.00) on LINUX (J:15.0.1 FX:14)
21:15:03.815 [JavaFX Application Thread] DEBUG Engine               - JRE Vendor Name: Oracle Corporation
21:15:03.815 [JavaFX Application Thread] DEBUG Engine               - Running on OS: Linux version 5.4.0-58-generic
21:15:03.816 [JavaFX Application Thread] DEBUG Engine               - Architecture: amd64
21:15:03.816 [JavaFX Application Thread] INFO  Engine               - Source code and latest versions at: https://github.com/AlmasB/FXGL
21:15:03.816 [JavaFX Application Thread] INFO  Engine               -              Join the FXGL chat at: https://gitter.im/AlmasB/FXGL
21:15:03.957 [JavaFX Application Thread] DEBUG MainWindow           - Creating a JavaFX scene
21:15:04.071 [JavaFX Application Thread] DEBUG MainWindow           - Target settings size: 900.0 x 900.0
21:15:04.072 [JavaFX Application Thread] DEBUG MainWindow           - Scaled scene size:    900.0 x 900.0
21:15:04.072 [JavaFX Application Thread] DEBUG MainWindow           - Scaled ratio: (1.0, 1.0)
21:15:04.074 [JavaFX Application Thread] DEBUG MainWindow           - Set initial scene to StartupScene
21:15:04.082 [JavaFX Application Thread] DEBUG MainWindow           - Opening main window
21:15:04.152 [JavaFX Application Thread] DEBUG MainWindow           - Window border size: (2.0, 29.0)
21:15:04.153 [JavaFX Application Thread] DEBUG MainWindow           - Scaled size: 900.0 x 900.0
21:15:04.153 [JavaFX Application Thread] DEBUG MainWindow           - Scaled ratio: (1.0, 1.0)
21:15:04.154 [JavaFX Application Thread] DEBUG MainWindow           - Scene size: 900.0 x 900.0
21:15:04.154 [JavaFX Application Thread] DEBUG MainWindow           - Stage size: 902.0 x 929.0
21:15:04.176 [FXGL Background Thread 1 ] DEBUG Engine               - Initializing environment variables
21:15:04.222 [FXGL Background Thread 1 ] DEBUG GameApplicationServi - Applying CSS: fxgl_dark.css
21:15:04.223 [FXGL Background Thread 1 ] DEBUG FXGLAssetLoaderServi - Loading from file system: /assets/ui/css/fxgl_dark.css
21:15:04.328 [FXGL Background Thread 1 ] DEBUG GameApplicationServi - Initializing application scenes
21:15:04.409 [FXGL Background Thread 1 ] DEBUG GameWorld            - Game world initialized
21:15:04.537 [FXGL Background Thread 1 ] DEBUG PhysicsWorld         - Physics world initialized: appHeight=900, physics.ppm=50.0
21:15:04.543 [FXGL Background Thread 1 ] DEBUG GameScene            - Game scene initialized: 900x900
21:15:04.579 [FXGL Background Thread 1 ] DEBUG FXGLAssetLoaderServi - Loading from file system: /assets/textures/particles/trace_horizontal.png
21:15:04.636 [FXGL Background Thread 1 ] DEBUG FXGL.DefaultMenu     - createMenuBodyMainMenu()
21:15:04.649 [FXGL Background Thread 1 ] DEBUG FXGL.DefaultMenu     - createOptionsMenu()
21:15:04.656 [FXGL Background Thread 1 ] DEBUG FXGLAssetLoaderServi - Loading from file system: /assets/textures/particles/smoke.png
21:15:04.721 [FXGL Background Thread 1 ] DEBUG FXGLAssetLoaderServi - Loading from cache: /assets/textures/particles/trace_horizontal.png@64.0x64.0
21:15:04.722 [FXGL Background Thread 1 ] DEBUG FXGL.DefaultMenu     - createMenuBodyGameMenu()
21:15:04.724 [FXGL Background Thread 1 ] DEBUG FXGL.DefaultMenu     - createOptionsMenu()
21:15:04.728 [FXGL Background Thread 1 ] DEBUG FXGLAssetLoaderServi - Loading from cache: /assets/textures/particles/smoke.png@128.0x128.0
21:15:04.757 [FXGL Background Thread 1 ] DEBUG GameApplicationServi - Application scenes initialized
21:15:04.766 [FXGL Background Thread 1 ] DEBUG SystemBundleService  - Loading FXGL system data
21:15:04.769 [FXGL Background Thread 1 ] DEBUG FileSystemAccess     - Reading from: /home/chintan/Downloads/game/system/fxgl.bundle
21:15:04.776 [FXGL Background Thread 1 ] DEBUG SystemBundleService  - Bundle FXGL: {}
21:15:04.777 [FXGL Background Thread 1 ] DEBUG UpdaterService       - Checking for updates
21:15:04.781 [FXGL Background Thread 1 ] DEBUG FXGLApplication      - Loading default localization
21:15:04.782 [FXGL Background Thread 1 ] DEBUG FXGLAssetLoaderServi - Loading from file system: /assets/languages/english.lang
21:15:04.782 [FXGL Background Thread 4 ] DEBUG FXGLApplication      - Loading fonts
21:15:04.785 [FXGL Background Thread 4 ] DEBUG FXGLAssetLoaderServi - Loading from file system: /assets/ui/fonts/VarelaRound-Regular.ttf
21:15:04.798 [FXGL Background Thread 4 ] DEBUG FXGLAssetLoaderServi - Loading from file system: /assets/ui/fonts/Abel-Regular.ttf
21:15:04.800 [FXGL Background Thread 1 ] INFO  FXGLApplication      - FXGL initialization took: 0.623 sec
21:15:04.800 [FXGL Background Thread 4 ] DEBUG FXGLAssetLoaderServi - Loading from file system: /assets/ui/fonts/lucida_console.ttf
21:15:04.803 [FXGL Background Thread 4 ] DEBUG FXGLAssetLoaderServi - Loading from file system: /assets/ui/fonts/Courier-Prime.ttf
21:15:04.809 [JavaFX Application Thread] DEBUG Input                - Registered new binding: Up - W
21:15:04.810 [JavaFX Application Thread] DEBUG Input                - Registered new binding: action0 - F
21:15:04.811 [JavaFX Application Thread] DEBUG FXGLAssetLoaderServi - Loading from file system: /assets/textures/fxgl_icon.png
21:15:04.849 [JavaFX Application Thread] DEBUG FXGLAssetLoaderServi - Loading from file system: /assets/ui/cursors/fxgl_default.png
21:15:04.852 [JavaFX Application Thread] DEBUG Input                - Registered new binding: Screenshot - P
21:15:04.852 [JavaFX Application Thread] DEBUG Input                - Registered new binding: System info dump - CTRL+9
21:15:04.854 [JavaFX Application Thread] DEBUG Input                - Registered new binding: Restart - CTRL+R
21:15:04.855 [JavaFX Application Thread] DEBUG Input                - Registered new binding: Toggle Debug Camera - CTRL+C
21:15:04.861 [JavaFX Application Thread] DEBUG LoopRunner           - Starting loop
21:15:04.868 [JavaFX Application Thread] DEBUG Input                - Clearing active input actions
21:15:04.878 [JavaFX Application Thread] DEBUG GameApplicationServi - Removing overlay from StartupScene and adding to FXGLMainMenuDummyScene
21:15:04.878 [JavaFX Application Thread] DEBUG MainWindow           - StartupScene -> FXGLMainMenuDummyScene
21:15:04.879 [JavaFX Application Thread] DEBUG MainWindow           - Push state: FXGLDefaultMenu
21:15:04.883 [JavaFX Application Thread] DEBUG Input                - Clearing active input actions
21:15:04.894 [JavaFX Application Thread] DEBUG GameApplicationServi - Removing overlay from FXGLMainMenuDummyScene and adding to FXGLDefaultMenu
21:15:04.894 [JavaFX Application Thread] DEBUG MainWindow           - FXGLMainMenuDummyScene -> FXGLDefaultMenu
21:15:04.895 [JavaFX Application Thread] DEBUG FXGLApplication      - Registering font factories with UI factory
21:15:05.618 [FXGL Background Thread 2 ] INFO  UpdaterService       - Your current version:  11.11
21:15:05.619 [FXGL Background Thread 2 ] INFO  UpdaterService       - Latest stable version: dev-SNAPSHOT
21:15:05.622 [JavaFX Application Thread] DEBUG Menu                 - fireNewGame()
21:15:05.622 [JavaFX Application Thread] DEBUG GameApplicationServi - Starting new game
21:15:05.629 [JavaFX Application Thread] DEBUG MainWindow           - Pop state: FXGLDefaultMenu
21:15:05.629 [JavaFX Application Thread] DEBUG Input                - Clearing active input actions
21:15:05.630 [JavaFX Application Thread] DEBUG GameApplicationServi - Removing overlay from FXGLDefaultMenu and adding to FXGLMainMenuDummyScene
21:15:05.631 [JavaFX Application Thread] DEBUG MainWindow           - FXGLMainMenuDummyScene <- FXGLDefaultMenu
21:15:05.631 [JavaFX Application Thread] DEBUG Input                - Clearing active input actions
21:15:05.643 [JavaFX Application Thread] DEBUG GameApplicationServi - Removing overlay from FXGLMainMenuDummyScene and adding to FXGLLoadingScene
21:15:05.644 [JavaFX Application Thread] DEBUG MainWindow           - FXGLMainMenuDummyScene -> FXGLLoadingScene
21:15:05.644 [JavaFX Application Thread] DEBUG GameApplicationServi - Clearing previous game
21:15:05.644 [JavaFX Application Thread] DEBUG GameScene            - Clearing game scene
21:15:05.644 [JavaFX Application Thread] DEBUG GameWorld            - Clearing game world
21:15:05.645 [JavaFX Application Thread] DEBUG PhysicsWorld         - Clearing physics world
21:15:05.646 [FXGL Background Thread 2 ] DEBUG FXGLApplication      - Initializing game
21:15:05.854 [FXGL Background Thread 2 ] DEBUG FXGLAssetLoaderServi - Loading from file system: /assets/textures/star.png
21:15:05.862 [FXGL Background Thread 2 ] DEBUG FXGLAssetLoaderServi - Loading from cache: /assets/textures/star.png
21:15:05.863 [FXGL Background Thread 2 ] DEBUG FXGLAssetLoaderServi - Loading from cache: /assets/textures/star.png
21:15:05.863 [FXGL Background Thread 2 ] DEBUG FXGLAssetLoaderServi - Loading from cache: /assets/textures/star.png
21:15:05.864 [FXGL Background Thread 2 ] DEBUG FXGLAssetLoaderServi - Loading from cache: /assets/textures/star.png
21:15:05.871 [FXGL Background Thread 2 ] DEBUG FXGLAssetLoaderServi - Loading from file system: /assets/textures/heart1.png
21:15:05.923 [FXGL Background Thread 2 ] DEBUG FXGLAssetLoaderServi - Loading from cache: /assets/textures/heart1.png
21:15:05.924 [FXGL Background Thread 2 ] DEBUG FXGLAssetLoaderServi - Loading from cache: /assets/textures/heart1.png
21:15:05.924 [FXGL Background Thread 2 ] DEBUG FXGLAssetLoaderServi - Loading from cache: /assets/textures/heart1.png
21:15:05.925 [FXGL Background Thread 2 ] DEBUG FXGLAssetLoaderServi - Loading from cache: /assets/textures/heart1.png
21:15:05.930 [FXGL Background Thread 2 ] INFO  FXGLApplication      - Game initialization took: 0.283 sec
21:15:05.932 [JavaFX Application Thread] DEBUG Input                - Clearing active input actions
21:15:05.953 [JavaFX Application Thread] DEBUG GameApplicationServi - Removing overlay from FXGLLoadingScene and adding to GameScene
21:15:05.954 [JavaFX Application Thread] DEBUG MainWindow           - FXGLLoadingScene -> GameScene
21:15:07.779 [FXGL Background Thread 3 ] DEBUG Engine               - Logging environment variables
21:15:07.780 [FXGL Background Thread 3 ] DEBUG Engine               - achievements: []
21:15:07.780 [FXGL Background Thread 3 ] DEBUG Engine               - appIcon: fxgl_icon.png
21:15:07.781 [FXGL Background Thread 3 ] DEBUG Engine               - applicationMode: DEVELOPER
21:15:07.781 [FXGL Background Thread 3 ] DEBUG Engine               - cSSList: [fxgl_dark.css]
21:15:07.781 [FXGL Background Thread 3 ] DEBUG Engine               - configClass: Optional.empty
21:15:07.781 [FXGL Background Thread 3 ] DEBUG Engine               - credits: []
21:15:07.782 [FXGL Background Thread 3 ] DEBUG Engine               - devBBoxColorProperty: ObjectProperty [value: 0xff0000ff]
21:15:07.782 [FXGL Background Thread 3 ] DEBUG Engine               - devEnableDebugCameraProperty: BooleanProperty [value: false]
21:15:07.782 [FXGL Background Thread 3 ] DEBUG Engine               - devSensorColorProperty: ObjectProperty [value: 0xffff00ff]
21:15:07.782 [FXGL Background Thread 3 ] DEBUG Engine               - devShowBBoxProperty: BooleanProperty [value: false]
21:15:07.782 [FXGL Background Thread 3 ] DEBUG Engine               - devShowPositionProperty: BooleanProperty [value: false]
21:15:07.782 [FXGL Background Thread 3 ] DEBUG Engine               - enabledMenuItems: []
21:15:07.783 [FXGL Background Thread 3 ] DEBUG Engine               - engineServices: [class com.almasb.fxgl.app.FXGLApplication$GameApplicationService, class com.almasb.fxgl.app.services.FXGLDialogService, class com.almasb.fxgl.app.services.IOTaskExecutorService, class com.almasb.fxgl.event.EventBusService, class com.almasb.fxgl.io.FileSystemService, class com.almasb.fxgl.localization.LocalizationService, class com.almasb.fxgl.app.services.FXGLAssetLoaderService, class com.almasb.fxgl.app.services.SystemBundleService, class com.almasb.fxgl.profile.SaveLoadService, class com.almasb.fxgl.ui.FXGLUIFactoryServiceProvider, class com.almasb.fxgl.ui.FXGLDialogFactoryServiceProvider, class com.almasb.fxgl.audio.AudioPlayer, class com.almasb.fxgl.notification.impl.NotificationServiceProvider, class com.almasb.fxgl.achievement.AchievementService, class com.almasb.fxgl.cutscene.CutsceneService, class com.almasb.fxgl.minigames.MiniGameService, class com.almasb.fxgl.net.NetService, class com.almasb.fxgl.app.services.UpdaterService, class com.almasb.fxgl.dev.DevService]
21:15:07.783 [FXGL Background Thread 3 ] DEBUG Engine               - fontGame: Abel-Regular.ttf
21:15:07.783 [FXGL Background Thread 3 ] DEBUG Engine               - fontMono: lucida_console.ttf
21:15:07.783 [FXGL Background Thread 3 ] DEBUG Engine               - fontText: Courier-Prime.ttf
21:15:07.783 [FXGL Background Thread 3 ] DEBUG Engine               - fontUI: VarelaRound-Regular.ttf
21:15:07.783 [FXGL Background Thread 3 ] DEBUG Engine               - fullScreen: BooleanProperty [value: false]
21:15:07.784 [FXGL Background Thread 3 ] DEBUG Engine               - gameDifficulty: MEDIUM
21:15:07.784 [FXGL Background Thread 3 ] DEBUG Engine               - gameDifficultyProperty: ObjectProperty [value: MEDIUM]
21:15:07.784 [FXGL Background Thread 3 ] DEBUG Engine               - globalMusicVolume: 0.5
21:15:07.784 [FXGL Background Thread 3 ] DEBUG Engine               - globalMusicVolumeProperty: DoubleProperty [value: 0.5]
21:15:07.784 [FXGL Background Thread 3 ] DEBUG Engine               - globalSoundVolume: 0.5
21:15:07.784 [FXGL Background Thread 3 ] DEBUG Engine               - globalSoundVolumeProperty: DoubleProperty [value: 0.5]
21:15:07.784 [FXGL Background Thread 3 ] DEBUG Engine               - height: 900
21:15:07.784 [FXGL Background Thread 3 ] DEBUG Engine               - isAndroid: false
21:15:07.785 [FXGL Background Thread 3 ] DEBUG Engine               - isBrowser: false
21:15:07.785 [FXGL Background Thread 3 ] DEBUG Engine               - isClickFeedbackEnabled: false
21:15:07.785 [FXGL Background Thread 3 ] DEBUG Engine               - isCloseConfirmation: false
21:15:07.785 [FXGL Background Thread 3 ] DEBUG Engine               - isDesktop: true
21:15:07.785 [FXGL Background Thread 3 ] DEBUG Engine               - isDeveloperMenuEnabled: false
21:15:07.785 [FXGL Background Thread 3 ] DEBUG Engine               - isEntityPreloadEnabled: true
21:15:07.785 [FXGL Background Thread 3 ] DEBUG Engine               - isExperimentalNative: false
21:15:07.786 [FXGL Background Thread 3 ] DEBUG Engine               - isExperimentalTiledLargeMap: false
21:15:07.786 [FXGL Background Thread 3 ] DEBUG Engine               - isFileSystemWriteAllowed: true
21:15:07.786 [FXGL Background Thread 3 ] DEBUG Engine               - isFullScreenAllowed: false
21:15:07.786 [FXGL Background Thread 3 ] DEBUG Engine               - isFullScreenFromStart: false
21:15:07.787 [FXGL Background Thread 3 ] DEBUG Engine               - isGameMenuEnabled: true
21:15:07.787 [FXGL Background Thread 3 ] DEBUG Engine               - isIOS: false
21:15:07.787 [FXGL Background Thread 3 ] DEBUG Engine               - isIntroEnabled: false
21:15:07.787 [FXGL Background Thread 3 ] DEBUG Engine               - isLinux: true
21:15:07.787 [FXGL Background Thread 3 ] DEBUG Engine               - isMac: false
21:15:07.787 [FXGL Background Thread 3 ] DEBUG Engine               - isMainMenuEnabled: true
21:15:07.788 [FXGL Background Thread 3 ] DEBUG Engine               - isManualResizeEnabled: false
21:15:07.788 [FXGL Background Thread 3 ] DEBUG Engine               - isMobile: false
21:15:07.788 [FXGL Background Thread 3 ] DEBUG Engine               - isPreserveResizeRatio: false
21:15:07.788 [FXGL Background Thread 3 ] DEBUG Engine               - isProfilingEnabled: false
21:15:07.788 [FXGL Background Thread 3 ] DEBUG Engine               - isSingleStep: false
21:15:07.788 [FXGL Background Thread 3 ] DEBUG Engine               - isUserProfileEnabled: false
21:15:07.789 [FXGL Background Thread 3 ] DEBUG Engine               - isWindows: false
21:15:07.789 [FXGL Background Thread 3 ] DEBUG Engine               - language: ObjectProperty [value: ENGLISH]
21:15:07.789 [FXGL Background Thread 3 ] DEBUG Engine               - menuKey: ESCAPE
21:15:07.789 [FXGL Background Thread 3 ] DEBUG Engine               - notificationViewClass: class com.almasb.fxgl.notification.view.XboxNotificationView
21:15:07.790 [FXGL Background Thread 3 ] DEBUG Engine               - pixelsPerMeter: 50.0
21:15:07.790 [FXGL Background Thread 3 ] DEBUG Engine               - platform: LINUX
21:15:07.790 [FXGL Background Thread 3 ] DEBUG Engine               - profileDir: profiles/
21:15:07.790 [FXGL Background Thread 3 ] DEBUG Engine               - profileName: StringProperty [value: DEFAULT]
21:15:07.790 [FXGL Background Thread 3 ] DEBUG Engine               - randomSeed: -1
21:15:07.791 [FXGL Background Thread 3 ] DEBUG Engine               - runtimeInfo: RuntimeInfo(platform=LINUX, version=11.11, build=08.09.2020 18.00)
21:15:07.791 [FXGL Background Thread 3 ] DEBUG Engine               - saveFileExt: sav
21:15:07.791 [FXGL Background Thread 3 ] DEBUG Engine               - sceneFactory: com.almasb.fxgl.app.scene.SceneFactory@14f61deb
21:15:07.791 [FXGL Background Thread 3 ] DEBUG Engine               - secondsIn24h: 60
21:15:07.791 [FXGL Background Thread 3 ] DEBUG Engine               - soundMenuBack: menu/back.wav
21:15:07.792 [FXGL Background Thread 3 ] DEBUG Engine               - soundMenuPress: menu/press.wav
21:15:07.792 [FXGL Background Thread 3 ] DEBUG Engine               - soundMenuSelect: menu/select.wav
21:15:07.792 [FXGL Background Thread 3 ] DEBUG Engine               - soundNotification: core/notification.wav
21:15:07.792 [FXGL Background Thread 3 ] DEBUG Engine               - stageStyle: DECORATED
21:15:07.792 [FXGL Background Thread 3 ] DEBUG Engine               - supportedLanguages: [ENGLISH, FRENCH, GERMAN, HUNGARIAN, RUSSIAN]
21:15:07.793 [FXGL Background Thread 3 ] DEBUG Engine               - title: Color Switch 2
21:15:07.793 [FXGL Background Thread 3 ] DEBUG Engine               - urlGithub: https://github.com/AlmasB/FXGL
21:15:07.793 [FXGL Background Thread 3 ] DEBUG Engine               - urlLeaderboard: http://fxgl-top.herokuapp.com/
21:15:07.793 [FXGL Background Thread 3 ] DEBUG Engine               - urlPOM: https://raw.githubusercontent.com/AlmasB/FXGL/master/pom.xml
21:15:07.793 [FXGL Background Thread 3 ] DEBUG Engine               - version: 0.0
21:15:07.793 [FXGL Background Thread 3 ] DEBUG Engine               - versionCheckDays: 7
21:15:07.794 [FXGL Background Thread 3 ] DEBUG Engine               - width: 900
21:15:07.794 [FXGL Background Thread 3 ] DEBUG Engine               - Logging services
21:15:07.794 [FXGL Background Thread 3 ] DEBUG Engine               - class com.almasb.fxgl.app.FXGLApplication$GameApplicationService
21:15:07.794 [FXGL Background Thread 3 ] DEBUG Engine               - class com.almasb.fxgl.app.services.FXGLDialogService
21:15:07.794 [FXGL Background Thread 3 ] DEBUG Engine               - class com.almasb.fxgl.app.services.IOTaskExecutorService
21:15:07.794 [FXGL Background Thread 3 ] DEBUG Engine               - class com.almasb.fxgl.event.EventBusService
21:15:07.795 [FXGL Background Thread 3 ] DEBUG Engine               - class com.almasb.fxgl.io.FileSystemService
21:15:07.795 [FXGL Background Thread 3 ] DEBUG Engine               - class com.almasb.fxgl.localization.LocalizationService
21:15:07.795 [FXGL Background Thread 3 ] DEBUG Engine               - class com.almasb.fxgl.app.services.FXGLAssetLoaderService
21:15:07.795 [FXGL Background Thread 3 ] DEBUG Engine               - class com.almasb.fxgl.app.services.SystemBundleService
21:15:07.795 [FXGL Background Thread 3 ] DEBUG Engine               - class com.almasb.fxgl.profile.SaveLoadService
21:15:07.795 [FXGL Background Thread 3 ] DEBUG Engine               - class com.almasb.fxgl.ui.FXGLUIFactoryServiceProvider
21:15:07.795 [FXGL Background Thread 3 ] DEBUG Engine               - class com.almasb.fxgl.ui.FXGLDialogFactoryServiceProvider
21:15:07.795 [FXGL Background Thread 3 ] DEBUG Engine               - class com.almasb.fxgl.audio.AudioPlayer
21:15:07.796 [FXGL Background Thread 3 ] DEBUG Engine               - class com.almasb.fxgl.notification.impl.NotificationServiceProvider
21:15:07.796 [FXGL Background Thread 3 ] DEBUG Engine               - class com.almasb.fxgl.achievement.AchievementService
21:15:07.796 [FXGL Background Thread 3 ] DEBUG Engine               - class com.almasb.fxgl.cutscene.CutsceneService
21:15:07.796 [FXGL Background Thread 3 ] DEBUG Engine               - class com.almasb.fxgl.minigames.MiniGameService
21:15:07.796 [FXGL Background Thread 3 ] DEBUG Engine               - class com.almasb.fxgl.net.NetService
21:15:07.796 [FXGL Background Thread 3 ] DEBUG Engine               - class com.almasb.fxgl.app.services.UpdaterService
21:15:07.796 [FXGL Background Thread 3 ] DEBUG Engine               - class com.almasb.fxgl.dev.DevService
21:15:27.336 [JavaFX Application Thread] DEBUG FXGLAssetLoaderServi - Loading from cache: /assets/textures/star.png
21:15:27.336 [JavaFX Application Thread] DEBUG FXGLAssetLoaderServi - Loading from cache: /assets/textures/star.png
21:15:27.337 [JavaFX Application Thread] DEBUG FXGLAssetLoaderServi - Loading from cache: /assets/textures/star.png
21:15:27.337 [JavaFX Application Thread] DEBUG FXGLAssetLoaderServi - Loading from cache: /assets/textures/star.png
21:15:27.337 [JavaFX Application Thread] DEBUG FXGLAssetLoaderServi - Loading from cache: /assets/textures/star.png
21:15:27.338 [JavaFX Application Thread] DEBUG FXGLAssetLoaderServi - Loading from cache: /assets/textures/heart1.png
21:15:27.338 [JavaFX Application Thread] DEBUG FXGLAssetLoaderServi - Loading from cache: /assets/textures/heart1.png
21:15:27.338 [JavaFX Application Thread] DEBUG FXGLAssetLoaderServi - Loading from cache: /assets/textures/heart1.png
21:15:27.338 [JavaFX Application Thread] DEBUG FXGLAssetLoaderServi - Loading from cache: /assets/textures/heart1.png
21:15:27.338 [JavaFX Application Thread] DEBUG FXGLAssetLoaderServi - Loading from cache: /assets/textures/heart1.png
21:16:09.700 [JavaFX Application Thread] DEBUG FXGLApplication      - Exiting FXGL
21:16:09.701 [JavaFX Application Thread] DEBUG LoopRunner           - Stopping loop
21:16:09.701 [JavaFX Application Thread] DEBUG SystemBundleService  - Saving FXGL system data
21:16:09.702 [JavaFX Application Thread] DEBUG FileSystemAccess     - Writing to: /home/chintan/Downloads/game/system/fxgl.bundle
21:16:09.703 [JavaFX Application Thread] DEBUG Async                - Shutting down background threads
21:16:09.704 [JavaFX Application Thread] DEBUG MainWindow           - Closing main window
21:16:09.707 [JavaFX Application Thread] DEBUG Logger               - Closing Logger
