15:43:01.364 [main                     ] DEBUG Logger               - Configured Logger
15:43:01.452 [main                     ] DEBUG GameApplication      - Logging settings
Title: Color Switch 2
Version: 0.0
Width: 900
Height: 900
Fullscreen: false
Intro: false
Profiling: false
Single step:false
App Mode: DEVELOPER
Menu Key: ESCAPE
Stage Style: DECORATED
Scene Factory: class com.almasb.fxgl.app.scene.SceneFactory

15:43:02.018 [JavaFX Application Thread] DEBUG FXGLApplication      - Initializing FXGL
15:43:02.044 [JavaFX Application Thread] INFO  Engine               - FXGL-11.11 (08.09.2020 18.00) on LINUX (J:15.0.1 FX:14)
15:43:02.055 [JavaFX Application Thread] DEBUG Engine               - JRE Vendor Name: Oracle Corporation
15:43:02.061 [JavaFX Application Thread] DEBUG Engine               - Running on OS: Linux version 5.4.0-58-generic
15:43:02.061 [JavaFX Application Thread] DEBUG Engine               - Architecture: amd64
15:43:02.062 [JavaFX Application Thread] INFO  Engine               - Source code and latest versions at: https://github.com/AlmasB/FXGL
15:43:02.063 [JavaFX Application Thread] INFO  Engine               -              Join the FXGL chat at: https://gitter.im/AlmasB/FXGL
15:43:02.224 [JavaFX Application Thread] DEBUG MainWindow           - Creating a JavaFX scene
15:43:02.374 [JavaFX Application Thread] DEBUG MainWindow           - Target settings size: 900.0 x 900.0
15:43:02.375 [JavaFX Application Thread] DEBUG MainWindow           - Scaled scene size:    900.0 x 900.0
15:43:02.375 [JavaFX Application Thread] DEBUG MainWindow           - Scaled ratio: (1.0, 1.0)
15:43:02.377 [JavaFX Application Thread] DEBUG MainWindow           - Set initial scene to StartupScene
15:43:02.385 [JavaFX Application Thread] DEBUG MainWindow           - Opening main window
15:43:02.452 [JavaFX Application Thread] DEBUG MainWindow           - Window border size: (2.0, 29.0)
15:43:02.452 [JavaFX Application Thread] DEBUG MainWindow           - Scaled size: 900.0 x 900.0
15:43:02.453 [JavaFX Application Thread] DEBUG MainWindow           - Scaled ratio: (1.0, 1.0)
15:43:02.453 [JavaFX Application Thread] DEBUG MainWindow           - Scene size: 900.0 x 900.0
15:43:02.453 [JavaFX Application Thread] DEBUG MainWindow           - Stage size: 902.0 x 929.0
15:43:02.471 [FXGL Background Thread 1 ] DEBUG Engine               - Initializing environment variables
15:43:02.523 [FXGL Background Thread 1 ] DEBUG GameApplicationServi - Applying CSS: fxgl_dark.css
15:43:02.524 [FXGL Background Thread 1 ] DEBUG FXGLAssetLoaderServi - Loading from file system: /assets/ui/css/fxgl_dark.css
15:43:02.666 [FXGL Background Thread 1 ] DEBUG GameApplicationServi - Initializing application scenes
15:43:02.740 [FXGL Background Thread 1 ] DEBUG GameWorld            - Game world initialized
15:43:02.833 [FXGL Background Thread 1 ] DEBUG PhysicsWorld         - Physics world initialized: appHeight=900, physics.ppm=50.0
15:43:02.839 [FXGL Background Thread 1 ] DEBUG GameScene            - Game scene initialized: 900x900
15:43:02.919 [FXGL Background Thread 1 ] DEBUG FXGLAssetLoaderServi - Loading from file system: /assets/textures/particles/trace_horizontal.png
15:43:03.088 [FXGL Background Thread 1 ] DEBUG FXGL.DefaultMenu     - createMenuBodyMainMenu()
15:43:03.133 [FXGL Background Thread 1 ] DEBUG FXGL.DefaultMenu     - createOptionsMenu()
15:43:03.142 [FXGL Background Thread 1 ] DEBUG FXGLAssetLoaderServi - Loading from file system: /assets/textures/particles/smoke.png
15:43:03.222 [FXGL Background Thread 1 ] DEBUG FXGLAssetLoaderServi - Loading from cache: /assets/textures/particles/trace_horizontal.png@64.0x64.0
15:43:03.224 [FXGL Background Thread 1 ] DEBUG FXGL.DefaultMenu     - createMenuBodyGameMenu()
15:43:03.225 [FXGL Background Thread 1 ] DEBUG FXGL.DefaultMenu     - createOptionsMenu()
15:43:03.232 [FXGL Background Thread 1 ] DEBUG FXGLAssetLoaderServi - Loading from cache: /assets/textures/particles/smoke.png@128.0x128.0
15:43:03.274 [FXGL Background Thread 1 ] DEBUG GameApplicationServi - Application scenes initialized
15:43:03.288 [FXGL Background Thread 1 ] DEBUG SystemBundleService  - Loading FXGL system data
15:43:03.292 [FXGL Background Thread 1 ] DEBUG FileSystemAccess     - Reading from: /home/chintan/Downloads/game/system/fxgl.bundle
15:43:03.300 [FXGL Background Thread 1 ] DEBUG SystemBundleService  - Bundle FXGL: {}
15:43:03.301 [FXGL Background Thread 1 ] DEBUG UpdaterService       - Checking for updates
15:43:03.324 [FXGL Background Thread 4 ] DEBUG FXGLApplication      - Loading fonts
15:43:03.324 [FXGL Background Thread 1 ] DEBUG FXGLApplication      - Loading default localization
15:43:03.325 [FXGL Background Thread 4 ] DEBUG FXGLAssetLoaderServi - Loading from file system: /assets/ui/fonts/VarelaRound-Regular.ttf
15:43:03.325 [FXGL Background Thread 1 ] DEBUG FXGLAssetLoaderServi - Loading from file system: /assets/languages/english.lang
15:43:03.345 [FXGL Background Thread 1 ] INFO  FXGLApplication      - FXGL initialization took: 0.874 sec
15:43:03.352 [FXGL Background Thread 4 ] DEBUG FXGLAssetLoaderServi - Loading from file system: /assets/ui/fonts/Abel-Regular.ttf
15:43:03.355 [JavaFX Application Thread] DEBUG Input                - Registered new binding: Up - W
15:43:03.356 [JavaFX Application Thread] DEBUG FXGLAssetLoaderServi - Loading from file system: /assets/textures/fxgl_icon.png
15:43:03.358 [FXGL Background Thread 4 ] DEBUG FXGLAssetLoaderServi - Loading from file system: /assets/ui/fonts/lucida_console.ttf
15:43:03.364 [FXGL Background Thread 4 ] DEBUG FXGLAssetLoaderServi - Loading from file system: /assets/ui/fonts/Courier-Prime.ttf
15:43:03.441 [JavaFX Application Thread] DEBUG FXGLAssetLoaderServi - Loading from file system: /assets/ui/cursors/fxgl_default.png
15:43:03.444 [JavaFX Application Thread] DEBUG Input                - Registered new binding: Screenshot - P
15:43:03.445 [JavaFX Application Thread] DEBUG Input                - Registered new binding: System info dump - CTRL+9
15:43:03.451 [JavaFX Application Thread] DEBUG Input                - Registered new binding: Restart - CTRL+R
15:43:03.452 [JavaFX Application Thread] DEBUG Input                - Registered new binding: Toggle Debug Camera - CTRL+C
15:43:03.454 [JavaFX Application Thread] DEBUG LoopRunner           - Starting loop
15:43:03.458 [JavaFX Application Thread] DEBUG Input                - Clearing active input actions
15:43:03.476 [JavaFX Application Thread] DEBUG GameApplicationServi - Removing overlay from StartupScene and adding to FXGLMainMenuDummyScene
15:43:03.478 [JavaFX Application Thread] DEBUG MainWindow           - StartupScene -> FXGLMainMenuDummyScene
15:43:03.482 [JavaFX Application Thread] DEBUG MainWindow           - Push state: FXGLDefaultMenu
15:43:03.488 [JavaFX Application Thread] DEBUG Input                - Clearing active input actions
15:43:03.502 [JavaFX Application Thread] DEBUG GameApplicationServi - Removing overlay from FXGLMainMenuDummyScene and adding to FXGLDefaultMenu
15:43:03.503 [JavaFX Application Thread] DEBUG MainWindow           - FXGLMainMenuDummyScene -> FXGLDefaultMenu
15:43:03.508 [JavaFX Application Thread] DEBUG FXGLApplication      - Registering font factories with UI factory
15:43:04.056 [FXGL Background Thread 2 ] INFO  UpdaterService       - Your current version:  11.11
15:43:04.056 [FXGL Background Thread 2 ] INFO  UpdaterService       - Latest stable version: dev-SNAPSHOT
15:43:04.432 [JavaFX Application Thread] DEBUG Menu                 - fireNewGame()
15:43:04.432 [JavaFX Application Thread] DEBUG GameApplicationServi - Starting new game
15:43:04.438 [JavaFX Application Thread] DEBUG MainWindow           - Pop state: FXGLDefaultMenu
15:43:04.439 [JavaFX Application Thread] DEBUG Input                - Clearing active input actions
15:43:04.440 [JavaFX Application Thread] DEBUG GameApplicationServi - Removing overlay from FXGLDefaultMenu and adding to FXGLMainMenuDummyScene
15:43:04.441 [JavaFX Application Thread] DEBUG MainWindow           - FXGLMainMenuDummyScene <- FXGLDefaultMenu
15:43:04.441 [JavaFX Application Thread] DEBUG Input                - Clearing active input actions
15:43:04.473 [JavaFX Application Thread] DEBUG GameApplicationServi - Removing overlay from FXGLMainMenuDummyScene and adding to FXGLLoadingScene
15:43:04.473 [JavaFX Application Thread] DEBUG MainWindow           - FXGLMainMenuDummyScene -> FXGLLoadingScene
15:43:04.474 [JavaFX Application Thread] DEBUG GameApplicationServi - Clearing previous game
15:43:04.474 [JavaFX Application Thread] DEBUG GameScene            - Clearing game scene
15:43:04.474 [JavaFX Application Thread] DEBUG GameWorld            - Clearing game world
15:43:04.474 [JavaFX Application Thread] DEBUG PhysicsWorld         - Clearing physics world
15:43:04.476 [FXGL Background Thread 2 ] DEBUG FXGLApplication      - Initializing game
15:43:04.526 [FXGL Background Thread 2 ] INFO  FXGLApplication      - Game initialization took: 0.049 sec
15:43:04.548 [JavaFX Application Thread] DEBUG Input                - Clearing active input actions
15:43:04.558 [JavaFX Application Thread] DEBUG GameApplicationServi - Removing overlay from FXGLLoadingScene and adding to GameScene
15:43:04.559 [JavaFX Application Thread] DEBUG MainWindow           - FXGLLoadingScene -> GameScene
15:43:06.305 [FXGL Background Thread 3 ] DEBUG Engine               - Logging environment variables
15:43:06.307 [FXGL Background Thread 3 ] DEBUG Engine               - achievements: []
15:43:06.308 [FXGL Background Thread 3 ] DEBUG Engine               - appIcon: fxgl_icon.png
15:43:06.310 [FXGL Background Thread 3 ] DEBUG Engine               - applicationMode: DEVELOPER
15:43:06.321 [FXGL Background Thread 3 ] DEBUG Engine               - cSSList: [fxgl_dark.css]
15:43:06.331 [FXGL Background Thread 3 ] DEBUG Engine               - configClass: Optional.empty
15:43:06.335 [FXGL Background Thread 3 ] DEBUG Engine               - credits: []
15:43:06.338 [FXGL Background Thread 3 ] DEBUG Engine               - devBBoxColorProperty: ObjectProperty [value: 0xff0000ff]
15:43:06.340 [FXGL Background Thread 3 ] DEBUG Engine               - devEnableDebugCameraProperty: BooleanProperty [value: false]
15:43:06.347 [FXGL Background Thread 3 ] DEBUG Engine               - devSensorColorProperty: ObjectProperty [value: 0xffff00ff]
15:43:06.362 [FXGL Background Thread 3 ] DEBUG Engine               - devShowBBoxProperty: BooleanProperty [value: false]
15:43:06.363 [FXGL Background Thread 3 ] DEBUG Engine               - devShowPositionProperty: BooleanProperty [value: false]
15:43:06.363 [FXGL Background Thread 3 ] DEBUG Engine               - enabledMenuItems: []
15:43:06.364 [FXGL Background Thread 3 ] DEBUG Engine               - engineServices: [class com.almasb.fxgl.app.FXGLApplication$GameApplicationService, class com.almasb.fxgl.app.services.FXGLDialogService, class com.almasb.fxgl.app.services.IOTaskExecutorService, class com.almasb.fxgl.event.EventBusService, class com.almasb.fxgl.io.FileSystemService, class com.almasb.fxgl.localization.LocalizationService, class com.almasb.fxgl.app.services.FXGLAssetLoaderService, class com.almasb.fxgl.app.services.SystemBundleService, class com.almasb.fxgl.profile.SaveLoadService, class com.almasb.fxgl.ui.FXGLUIFactoryServiceProvider, class com.almasb.fxgl.ui.FXGLDialogFactoryServiceProvider, class com.almasb.fxgl.audio.AudioPlayer, class com.almasb.fxgl.notification.impl.NotificationServiceProvider, class com.almasb.fxgl.achievement.AchievementService, class com.almasb.fxgl.cutscene.CutsceneService, class com.almasb.fxgl.minigames.MiniGameService, class com.almasb.fxgl.net.NetService, class com.almasb.fxgl.app.services.UpdaterService, class com.almasb.fxgl.dev.DevService]
15:43:06.364 [FXGL Background Thread 3 ] DEBUG Engine               - fontGame: Abel-Regular.ttf
15:43:06.365 [FXGL Background Thread 3 ] DEBUG Engine               - fontMono: lucida_console.ttf
15:43:06.366 [FXGL Background Thread 3 ] DEBUG Engine               - fontText: Courier-Prime.ttf
15:43:06.367 [FXGL Background Thread 3 ] DEBUG Engine               - fontUI: VarelaRound-Regular.ttf
15:43:06.368 [FXGL Background Thread 3 ] DEBUG Engine               - fullScreen: BooleanProperty [value: false]
15:43:06.368 [FXGL Background Thread 3 ] DEBUG Engine               - gameDifficulty: MEDIUM
15:43:06.369 [FXGL Background Thread 3 ] DEBUG Engine               - gameDifficultyProperty: ObjectProperty [value: MEDIUM]
15:43:06.370 [FXGL Background Thread 3 ] DEBUG Engine               - globalMusicVolume: 0.5
15:43:06.370 [FXGL Background Thread 3 ] DEBUG Engine               - globalMusicVolumeProperty: DoubleProperty [value: 0.5]
15:43:06.371 [FXGL Background Thread 3 ] DEBUG Engine               - globalSoundVolume: 0.5
15:43:06.371 [FXGL Background Thread 3 ] DEBUG Engine               - globalSoundVolumeProperty: DoubleProperty [value: 0.5]
15:43:06.372 [FXGL Background Thread 3 ] DEBUG Engine               - height: 900
15:43:06.372 [FXGL Background Thread 3 ] DEBUG Engine               - isAndroid: false
15:43:06.373 [FXGL Background Thread 3 ] DEBUG Engine               - isBrowser: false
15:43:06.373 [FXGL Background Thread 3 ] DEBUG Engine               - isClickFeedbackEnabled: false
15:43:06.374 [FXGL Background Thread 3 ] DEBUG Engine               - isCloseConfirmation: false
15:43:06.374 [FXGL Background Thread 3 ] DEBUG Engine               - isDesktop: true
15:43:06.375 [FXGL Background Thread 3 ] DEBUG Engine               - isDeveloperMenuEnabled: false
15:43:06.375 [FXGL Background Thread 3 ] DEBUG Engine               - isEntityPreloadEnabled: true
15:43:06.376 [FXGL Background Thread 3 ] DEBUG Engine               - isExperimentalNative: false
15:43:06.376 [FXGL Background Thread 3 ] DEBUG Engine               - isExperimentalTiledLargeMap: false
15:43:06.377 [FXGL Background Thread 3 ] DEBUG Engine               - isFileSystemWriteAllowed: true
15:43:06.378 [FXGL Background Thread 3 ] DEBUG Engine               - isFullScreenAllowed: false
15:43:06.378 [FXGL Background Thread 3 ] DEBUG Engine               - isFullScreenFromStart: false
15:43:06.379 [FXGL Background Thread 3 ] DEBUG Engine               - isGameMenuEnabled: true
15:43:06.379 [FXGL Background Thread 3 ] DEBUG Engine               - isIOS: false
15:43:06.380 [FXGL Background Thread 3 ] DEBUG Engine               - isIntroEnabled: false
15:43:06.380 [FXGL Background Thread 3 ] DEBUG Engine               - isLinux: true
15:43:06.380 [FXGL Background Thread 3 ] DEBUG Engine               - isMac: false
15:43:06.381 [FXGL Background Thread 3 ] DEBUG Engine               - isMainMenuEnabled: true
15:43:06.382 [FXGL Background Thread 3 ] DEBUG Engine               - isManualResizeEnabled: false
15:43:06.382 [FXGL Background Thread 3 ] DEBUG Engine               - isMobile: false
15:43:06.382 [FXGL Background Thread 3 ] DEBUG Engine               - isPreserveResizeRatio: false
15:43:06.382 [FXGL Background Thread 3 ] DEBUG Engine               - isProfilingEnabled: false
15:43:06.382 [FXGL Background Thread 3 ] DEBUG Engine               - isSingleStep: false
15:43:06.383 [FXGL Background Thread 3 ] DEBUG Engine               - isUserProfileEnabled: false
15:43:06.383 [FXGL Background Thread 3 ] DEBUG Engine               - isWindows: false
15:43:06.383 [FXGL Background Thread 3 ] DEBUG Engine               - language: ObjectProperty [value: ENGLISH]
15:43:06.383 [FXGL Background Thread 3 ] DEBUG Engine               - menuKey: ESCAPE
15:43:06.384 [FXGL Background Thread 3 ] DEBUG Engine               - notificationViewClass: class com.almasb.fxgl.notification.view.XboxNotificationView
15:43:06.384 [FXGL Background Thread 3 ] DEBUG Engine               - pixelsPerMeter: 50.0
15:43:06.384 [FXGL Background Thread 3 ] DEBUG Engine               - platform: LINUX
15:43:06.385 [FXGL Background Thread 3 ] DEBUG Engine               - profileDir: profiles/
15:43:06.385 [FXGL Background Thread 3 ] DEBUG Engine               - profileName: StringProperty [value: DEFAULT]
15:43:06.386 [FXGL Background Thread 3 ] DEBUG Engine               - randomSeed: -1
15:43:06.386 [FXGL Background Thread 3 ] DEBUG Engine               - runtimeInfo: RuntimeInfo(platform=LINUX, version=11.11, build=08.09.2020 18.00)
15:43:06.386 [FXGL Background Thread 3 ] DEBUG Engine               - saveFileExt: sav
15:43:06.387 [FXGL Background Thread 3 ] DEBUG Engine               - sceneFactory: com.almasb.fxgl.app.scene.SceneFactory@434ee64f
15:43:06.387 [FXGL Background Thread 3 ] DEBUG Engine               - secondsIn24h: 60
15:43:06.387 [FXGL Background Thread 3 ] DEBUG Engine               - soundMenuBack: menu/back.wav
15:43:06.387 [FXGL Background Thread 3 ] DEBUG Engine               - soundMenuPress: menu/press.wav
15:43:06.387 [FXGL Background Thread 3 ] DEBUG Engine               - soundMenuSelect: menu/select.wav
15:43:06.387 [FXGL Background Thread 3 ] DEBUG Engine               - soundNotification: core/notification.wav
15:43:06.388 [FXGL Background Thread 3 ] DEBUG Engine               - stageStyle: DECORATED
15:43:06.388 [FXGL Background Thread 3 ] DEBUG Engine               - supportedLanguages: [ENGLISH, FRENCH, GERMAN, HUNGARIAN, RUSSIAN]
15:43:06.388 [FXGL Background Thread 3 ] DEBUG Engine               - title: Color Switch 2
15:43:06.389 [FXGL Background Thread 3 ] DEBUG Engine               - urlGithub: https://github.com/AlmasB/FXGL
15:43:06.389 [FXGL Background Thread 3 ] DEBUG Engine               - urlLeaderboard: http://fxgl-top.herokuapp.com/
15:43:06.389 [FXGL Background Thread 3 ] DEBUG Engine               - urlPOM: https://raw.githubusercontent.com/AlmasB/FXGL/master/pom.xml
15:43:06.389 [FXGL Background Thread 3 ] DEBUG Engine               - version: 0.0
15:43:06.390 [FXGL Background Thread 3 ] DEBUG Engine               - versionCheckDays: 7
15:43:06.390 [FXGL Background Thread 3 ] DEBUG Engine               - width: 900
15:43:06.390 [FXGL Background Thread 3 ] DEBUG Engine               - Logging services
15:43:06.390 [FXGL Background Thread 3 ] DEBUG Engine               - class com.almasb.fxgl.app.FXGLApplication$GameApplicationService
15:43:06.391 [FXGL Background Thread 3 ] DEBUG Engine               - class com.almasb.fxgl.app.services.FXGLDialogService
15:43:06.391 [FXGL Background Thread 3 ] DEBUG Engine               - class com.almasb.fxgl.app.services.IOTaskExecutorService
15:43:06.391 [FXGL Background Thread 3 ] DEBUG Engine               - class com.almasb.fxgl.event.EventBusService
15:43:06.392 [FXGL Background Thread 3 ] DEBUG Engine               - class com.almasb.fxgl.io.FileSystemService
15:43:06.392 [FXGL Background Thread 3 ] DEBUG Engine               - class com.almasb.fxgl.localization.LocalizationService
15:43:06.392 [FXGL Background Thread 3 ] DEBUG Engine               - class com.almasb.fxgl.app.services.FXGLAssetLoaderService
15:43:06.392 [FXGL Background Thread 3 ] DEBUG Engine               - class com.almasb.fxgl.app.services.SystemBundleService
15:43:06.392 [FXGL Background Thread 3 ] DEBUG Engine               - class com.almasb.fxgl.profile.SaveLoadService
15:43:06.393 [FXGL Background Thread 3 ] DEBUG Engine               - class com.almasb.fxgl.ui.FXGLUIFactoryServiceProvider
15:43:06.393 [FXGL Background Thread 3 ] DEBUG Engine               - class com.almasb.fxgl.ui.FXGLDialogFactoryServiceProvider
15:43:06.394 [FXGL Background Thread 3 ] DEBUG Engine               - class com.almasb.fxgl.audio.AudioPlayer
15:43:06.394 [FXGL Background Thread 3 ] DEBUG Engine               - class com.almasb.fxgl.notification.impl.NotificationServiceProvider
15:43:06.394 [FXGL Background Thread 3 ] DEBUG Engine               - class com.almasb.fxgl.achievement.AchievementService
15:43:06.394 [FXGL Background Thread 3 ] DEBUG Engine               - class com.almasb.fxgl.cutscene.CutsceneService
15:43:06.395 [FXGL Background Thread 3 ] DEBUG Engine               - class com.almasb.fxgl.minigames.MiniGameService
15:43:06.395 [FXGL Background Thread 3 ] DEBUG Engine               - class com.almasb.fxgl.net.NetService
15:43:06.395 [FXGL Background Thread 3 ] DEBUG Engine               - class com.almasb.fxgl.app.services.UpdaterService
15:43:06.396 [FXGL Background Thread 3 ] DEBUG Engine               - class com.almasb.fxgl.dev.DevService
15:43:10.670 [JavaFX Application Thread] DEBUG FXGLApplication      - Exiting FXGL
15:43:10.670 [JavaFX Application Thread] DEBUG LoopRunner           - Stopping loop
15:43:10.671 [JavaFX Application Thread] DEBUG SystemBundleService  - Saving FXGL system data
15:43:10.672 [JavaFX Application Thread] DEBUG FileSystemAccess     - Writing to: /home/chintan/Downloads/game/system/fxgl.bundle
15:43:10.674 [JavaFX Application Thread] DEBUG Async                - Shutting down background threads
15:43:10.675 [JavaFX Application Thread] DEBUG MainWindow           - Closing main window
15:43:10.682 [JavaFX Application Thread] DEBUG Logger               - Closing Logger
