22:02:20.096 [main                     ] DEBUG Logger               - Configured Logger
22:02:20.181 [main                     ] DEBUG GameApplication      - Logging settings
Title: Color Switch 2
Version: 0.0
Width: 900
Height: 900
Fullscreen: false
Intro: false
Profiling: false
Single step:false
App Mode: DEVELOPER
Menu Key: ESCAPE
Stage Style: DECORATED
Scene Factory: class sample.Main$1

22:02:21.485 [JavaFX Application Thread] DEBUG FXGLApplication      - Initializing FXGL
22:02:21.530 [JavaFX Application Thread] INFO  Engine               - FXGL-11.11 (08.09.2020 18.00) on LINUX (J:15.0.1 FX:14)
22:02:21.531 [JavaFX Application Thread] DEBUG Engine               - JRE Vendor Name: Oracle Corporation
22:02:21.539 [JavaFX Application Thread] DEBUG Engine               - Running on OS: Linux version 5.4.0-58-generic
22:02:21.539 [JavaFX Application Thread] DEBUG Engine               - Architecture: amd64
22:02:21.539 [JavaFX Application Thread] INFO  Engine               - Source code and latest versions at: https://github.com/AlmasB/FXGL
22:02:21.540 [JavaFX Application Thread] INFO  Engine               -              Join the FXGL chat at: https://gitter.im/AlmasB/FXGL
22:02:21.835 [JavaFX Application Thread] DEBUG MainWindow           - Creating a JavaFX scene
22:02:22.155 [JavaFX Application Thread] DEBUG MainWindow           - Target settings size: 900.0 x 900.0
22:02:22.155 [JavaFX Application Thread] DEBUG MainWindow           - Scaled scene size:    900.0 x 900.0
22:02:22.155 [JavaFX Application Thread] DEBUG MainWindow           - Scaled ratio: (1.0, 1.0)
22:02:22.157 [JavaFX Application Thread] DEBUG MainWindow           - Set initial scene to StartupScene
22:02:22.182 [JavaFX Application Thread] DEBUG MainWindow           - Opening main window
22:02:22.275 [JavaFX Application Thread] DEBUG MainWindow           - Window border size: (2.0, 29.0)
22:02:22.276 [JavaFX Application Thread] DEBUG MainWindow           - Scaled size: 900.0 x 900.0
22:02:22.276 [JavaFX Application Thread] DEBUG MainWindow           - Scaled ratio: (1.0, 1.0)
22:02:22.276 [JavaFX Application Thread] DEBUG MainWindow           - Scene size: 900.0 x 900.0
22:02:22.277 [JavaFX Application Thread] DEBUG MainWindow           - Stage size: 902.0 x 929.0
22:02:22.297 [FXGL Background Thread 1 ] DEBUG Engine               - Initializing environment variables
22:02:22.372 [FXGL Background Thread 1 ] DEBUG GameApplicationServi - Applying CSS: fxgl_dark.css
22:02:22.373 [FXGL Background Thread 1 ] DEBUG FXGLAssetLoaderServi - Loading from file system: /assets/ui/css/fxgl_dark.css
22:02:22.498 [FXGL Background Thread 1 ] DEBUG GameApplicationServi - Initializing application scenes
22:02:22.647 [FXGL Background Thread 1 ] DEBUG GameWorld            - Game world initialized
22:02:22.802 [FXGL Background Thread 1 ] DEBUG PhysicsWorld         - Physics world initialized: appHeight=900, physics.ppm=50.0
22:02:22.812 [FXGL Background Thread 1 ] DEBUG GameScene            - Game scene initialized: 900x900
22:02:22.831 [FXGL Background Thread 1 ] DEBUG FXGLAssetLoaderServi - Loading from file system: /assets/textures/colorswitch.png
22:02:22.832 [FXGL Background Thread 1 ] WARN  FXGLAssetLoaderServi - Failed to load texture colorswitch.png Error: java.lang.IllegalArgumentException: Asset "/assets/textures/colorswitch.png" was not found!
22:02:23.000 [FXGL Background Thread 1 ] DEBUG FXGLAssetLoaderServi - Loading from file system: /assets/textures/particles/trace_horizontal.png
22:02:23.106 [FXGL Background Thread 1 ] DEBUG FXGL.DefaultMenu     - createMenuBodyGameMenu()
22:02:23.117 [FXGL Background Thread 1 ] DEBUG FXGL.DefaultMenu     - createOptionsMenu()
22:02:23.143 [FXGL Background Thread 1 ] DEBUG FXGLAssetLoaderServi - Loading from file system: /assets/textures/particles/smoke.png
22:02:23.278 [FXGL Background Thread 1 ] DEBUG GameApplicationServi - Application scenes initialized
22:02:23.293 [FXGL Background Thread 1 ] DEBUG SystemBundleService  - Loading FXGL system data
22:02:23.297 [FXGL Background Thread 1 ] DEBUG FileSystemAccess     - Reading from: /home/chintan/Downloads/game/system/fxgl.bundle
22:02:23.305 [FXGL Background Thread 1 ] DEBUG SystemBundleService  - Bundle FXGL: {}
22:02:23.305 [FXGL Background Thread 1 ] DEBUG UpdaterService       - Checking for updates
22:02:23.321 [FXGL Background Thread 4 ] DEBUG FXGLApplication      - Loading fonts
22:02:23.324 [FXGL Background Thread 1 ] DEBUG FXGLApplication      - Loading default localization
22:02:23.325 [FXGL Background Thread 1 ] DEBUG FXGLAssetLoaderServi - Loading from file system: /assets/languages/english.lang
22:02:23.324 [FXGL Background Thread 4 ] DEBUG FXGLAssetLoaderServi - Loading from file system: /assets/ui/fonts/VarelaRound-Regular.ttf
22:02:23.358 [FXGL Background Thread 1 ] INFO  FXGLApplication      - FXGL initialization took: 1.061 sec
22:02:23.368 [JavaFX Application Thread] DEBUG Input                - Registered new binding: Up - W
22:02:23.369 [JavaFX Application Thread] DEBUG Input                - Registered new binding: action0 - U
22:02:23.370 [JavaFX Application Thread] DEBUG FXGLAssetLoaderServi - Loading from file system: /assets/textures/fxgl_icon.png
22:02:23.372 [FXGL Background Thread 4 ] DEBUG FXGLAssetLoaderServi - Loading from file system: /assets/ui/fonts/Abel-Regular.ttf
22:02:23.401 [FXGL Background Thread 4 ] DEBUG FXGLAssetLoaderServi - Loading from file system: /assets/ui/fonts/lucida_console.ttf
22:02:23.416 [FXGL Background Thread 4 ] DEBUG FXGLAssetLoaderServi - Loading from file system: /assets/ui/fonts/Courier-Prime.ttf
22:02:23.494 [JavaFX Application Thread] DEBUG FXGLAssetLoaderServi - Loading from file system: /assets/ui/cursors/fxgl_default.png
22:02:23.498 [JavaFX Application Thread] DEBUG Input                - Registered new binding: Screenshot - P
22:02:23.499 [JavaFX Application Thread] DEBUG Input                - Registered new binding: System info dump - CTRL+9
22:02:23.500 [JavaFX Application Thread] DEBUG Input                - Registered new binding: Restart - CTRL+R
22:02:23.501 [JavaFX Application Thread] DEBUG Input                - Registered new binding: Toggle Debug Camera - CTRL+C
22:02:23.509 [JavaFX Application Thread] DEBUG LoopRunner           - Starting loop
22:02:23.521 [JavaFX Application Thread] DEBUG Input                - Clearing active input actions
22:02:23.542 [JavaFX Application Thread] DEBUG GameApplicationServi - Removing overlay from StartupScene and adding to FXGLMainMenuDummyScene
22:02:23.543 [JavaFX Application Thread] DEBUG MainWindow           - StartupScene -> FXGLMainMenuDummyScene
22:02:23.544 [JavaFX Application Thread] DEBUG MainWindow           - Push state: MyMenu
22:02:23.545 [JavaFX Application Thread] DEBUG Input                - Clearing active input actions
22:02:23.551 [JavaFX Application Thread] DEBUG GameApplicationServi - Removing overlay from FXGLMainMenuDummyScene and adding to MyMenu
22:02:23.552 [JavaFX Application Thread] DEBUG MainWindow           - FXGLMainMenuDummyScene -> MyMenu
22:02:23.580 [JavaFX Application Thread] DEBUG FXGLApplication      - Registering font factories with UI factory
22:02:24.499 [FXGL Background Thread 2 ] INFO  UpdaterService       - Your current version:  11.11
22:02:24.503 [FXGL Background Thread 2 ] INFO  UpdaterService       - Latest stable version: dev-SNAPSHOT
22:02:25.035 [JavaFX Application Thread] DEBUG FXGLApplication      - Exiting FXGL
22:02:25.036 [JavaFX Application Thread] DEBUG LoopRunner           - Stopping loop
22:02:25.037 [JavaFX Application Thread] DEBUG SystemBundleService  - Saving FXGL system data
22:02:25.043 [JavaFX Application Thread] DEBUG FileSystemAccess     - Writing to: /home/chintan/Downloads/game/system/fxgl.bundle
22:02:25.050 [JavaFX Application Thread] DEBUG Async                - Shutting down background threads
22:02:25.052 [JavaFX Application Thread] DEBUG MainWindow           - Closing main window
22:02:25.061 [JavaFX Application Thread] DEBUG Logger               - Closing Logger
