15:42:41.079 [main                     ] DEBUG Logger               - Configured Logger
15:42:41.101 [main                     ] DEBUG GameApplication      - Logging settings
Title: Color Switch 2
Version: 0.0
Width: 900
Height: 900
Fullscreen: false
Intro: false
Profiling: false
Single step:false
App Mode: DEVELOPER
Menu Key: ESCAPE
Stage Style: DECORATED
Scene Factory: class com.almasb.fxgl.app.scene.SceneFactory

15:42:41.792 [JavaFX Application Thread] DEBUG FXGLApplication      - Initializing FXGL
15:42:41.804 [JavaFX Application Thread] INFO  Engine               - FXGL-11.11 (08.09.2020 18.00) on LINUX (J:15.0.1 FX:14)
15:42:41.804 [JavaFX Application Thread] DEBUG Engine               - JRE Vendor Name: Oracle Corporation
15:42:41.805 [JavaFX Application Thread] DEBUG Engine               - Running on OS: Linux version 5.4.0-58-generic
15:42:41.805 [JavaFX Application Thread] DEBUG Engine               - Architecture: amd64
15:42:41.806 [JavaFX Application Thread] INFO  Engine               - Source code and latest versions at: https://github.com/AlmasB/FXGL
15:42:41.806 [JavaFX Application Thread] INFO  Engine               -              Join the FXGL chat at: https://gitter.im/AlmasB/FXGL
15:42:41.973 [JavaFX Application Thread] DEBUG MainWindow           - Creating a JavaFX scene
15:42:42.192 [JavaFX Application Thread] DEBUG MainWindow           - Target settings size: 900.0 x 900.0
15:42:42.192 [JavaFX Application Thread] DEBUG MainWindow           - Scaled scene size:    900.0 x 900.0
15:42:42.193 [JavaFX Application Thread] DEBUG MainWindow           - Scaled ratio: (1.0, 1.0)
15:42:42.194 [JavaFX Application Thread] DEBUG MainWindow           - Set initial scene to StartupScene
15:42:42.203 [JavaFX Application Thread] DEBUG MainWindow           - Opening main window
15:42:42.276 [JavaFX Application Thread] DEBUG MainWindow           - Window border size: (2.0, 29.0)
15:42:42.277 [JavaFX Application Thread] DEBUG MainWindow           - Scaled size: 900.0 x 900.0
15:42:42.278 [JavaFX Application Thread] DEBUG MainWindow           - Scaled ratio: (1.0, 1.0)
15:42:42.278 [JavaFX Application Thread] DEBUG MainWindow           - Scene size: 900.0 x 900.0
15:42:42.280 [JavaFX Application Thread] DEBUG MainWindow           - Stage size: 902.0 x 929.0
15:42:42.291 [FXGL Background Thread 1 ] DEBUG Engine               - Initializing environment variables
15:42:42.421 [FXGL Background Thread 1 ] DEBUG GameApplicationServi - Applying CSS: fxgl_dark.css
15:42:42.421 [FXGL Background Thread 1 ] DEBUG FXGLAssetLoaderServi - Loading from file system: /assets/ui/css/fxgl_dark.css
15:42:42.489 [FXGL Background Thread 1 ] DEBUG GameApplicationServi - Initializing application scenes
15:42:42.569 [FXGL Background Thread 1 ] DEBUG GameWorld            - Game world initialized
15:42:42.701 [FXGL Background Thread 1 ] DEBUG PhysicsWorld         - Physics world initialized: appHeight=900, physics.ppm=50.0
15:42:42.724 [FXGL Background Thread 1 ] DEBUG GameScene            - Game scene initialized: 900x900
15:42:42.795 [FXGL Background Thread 1 ] DEBUG FXGLAssetLoaderServi - Loading from file system: /assets/textures/particles/trace_horizontal.png
15:42:42.920 [FXGL Background Thread 1 ] DEBUG FXGL.DefaultMenu     - createMenuBodyMainMenu()
15:42:42.942 [FXGL Background Thread 1 ] DEBUG FXGL.DefaultMenu     - createOptionsMenu()
15:42:42.964 [FXGL Background Thread 1 ] DEBUG FXGLAssetLoaderServi - Loading from file system: /assets/textures/particles/smoke.png
15:42:43.077 [FXGL Background Thread 1 ] DEBUG FXGLAssetLoaderServi - Loading from cache: /assets/textures/particles/trace_horizontal.png@64.0x64.0
15:42:43.078 [FXGL Background Thread 1 ] DEBUG FXGL.DefaultMenu     - createMenuBodyGameMenu()
15:42:43.080 [FXGL Background Thread 1 ] DEBUG FXGL.DefaultMenu     - createOptionsMenu()
15:42:43.085 [FXGL Background Thread 1 ] DEBUG FXGLAssetLoaderServi - Loading from cache: /assets/textures/particles/smoke.png@128.0x128.0
15:42:43.112 [FXGL Background Thread 1 ] DEBUG GameApplicationServi - Application scenes initialized
15:42:43.128 [FXGL Background Thread 1 ] DEBUG SystemBundleService  - Loading FXGL system data
15:42:43.133 [FXGL Background Thread 1 ] DEBUG FileSystemAccess     - Reading from: /home/chintan/Downloads/game/system/fxgl.bundle
15:42:43.144 [FXGL Background Thread 1 ] DEBUG SystemBundleService  - Bundle FXGL: {}
15:42:43.144 [FXGL Background Thread 1 ] DEBUG UpdaterService       - Checking for updates
15:42:43.157 [FXGL Background Thread 1 ] DEBUG FXGLApplication      - Loading default localization
15:42:43.157 [FXGL Background Thread 1 ] DEBUG FXGLAssetLoaderServi - Loading from file system: /assets/languages/english.lang
15:42:43.161 [FXGL Background Thread 4 ] DEBUG FXGLApplication      - Loading fonts
15:42:43.165 [FXGL Background Thread 4 ] DEBUG FXGLAssetLoaderServi - Loading from file system: /assets/ui/fonts/VarelaRound-Regular.ttf
15:42:43.193 [FXGL Background Thread 4 ] DEBUG FXGLAssetLoaderServi - Loading from file system: /assets/ui/fonts/Abel-Regular.ttf
15:42:43.195 [FXGL Background Thread 1 ] INFO  FXGLApplication      - FXGL initialization took: 0.903 sec
15:42:43.195 [FXGL Background Thread 4 ] DEBUG FXGLAssetLoaderServi - Loading from file system: /assets/ui/fonts/lucida_console.ttf
15:42:43.205 [JavaFX Application Thread] DEBUG Input                - Registered new binding: Up - W
15:42:43.205 [JavaFX Application Thread] DEBUG FXGLAssetLoaderServi - Loading from file system: /assets/textures/fxgl_icon.png
15:42:43.199 [FXGL Background Thread 4 ] DEBUG FXGLAssetLoaderServi - Loading from file system: /assets/ui/fonts/Courier-Prime.ttf
15:42:43.252 [JavaFX Application Thread] DEBUG FXGLAssetLoaderServi - Loading from file system: /assets/ui/cursors/fxgl_default.png
15:42:43.257 [JavaFX Application Thread] DEBUG Input                - Registered new binding: Screenshot - P
15:42:43.260 [JavaFX Application Thread] DEBUG Input                - Registered new binding: System info dump - CTRL+9
15:42:43.260 [JavaFX Application Thread] DEBUG Input                - Registered new binding: Restart - CTRL+R
15:42:43.261 [JavaFX Application Thread] DEBUG Input                - Registered new binding: Toggle Debug Camera - CTRL+C
15:42:43.266 [JavaFX Application Thread] DEBUG LoopRunner           - Starting loop
15:42:43.269 [JavaFX Application Thread] DEBUG Input                - Clearing active input actions
15:42:43.295 [JavaFX Application Thread] DEBUG GameApplicationServi - Removing overlay from StartupScene and adding to FXGLMainMenuDummyScene
15:42:43.296 [JavaFX Application Thread] DEBUG MainWindow           - StartupScene -> FXGLMainMenuDummyScene
15:42:43.297 [JavaFX Application Thread] DEBUG MainWindow           - Push state: FXGLDefaultMenu
15:42:43.309 [JavaFX Application Thread] DEBUG Input                - Clearing active input actions
15:42:43.333 [JavaFX Application Thread] DEBUG GameApplicationServi - Removing overlay from FXGLMainMenuDummyScene and adding to FXGLDefaultMenu
15:42:43.333 [JavaFX Application Thread] DEBUG MainWindow           - FXGLMainMenuDummyScene -> FXGLDefaultMenu
15:42:43.334 [JavaFX Application Thread] DEBUG FXGLApplication      - Registering font factories with UI factory
15:42:44.461 [FXGL Background Thread 2 ] INFO  UpdaterService       - Your current version:  11.11
15:42:44.461 [FXGL Background Thread 2 ] INFO  UpdaterService       - Latest stable version: dev-SNAPSHOT
15:42:45.036 [JavaFX Application Thread] DEBUG Menu                 - fireNewGame()
15:42:45.036 [JavaFX Application Thread] DEBUG GameApplicationServi - Starting new game
15:42:45.041 [JavaFX Application Thread] DEBUG MainWindow           - Pop state: FXGLDefaultMenu
15:42:45.041 [JavaFX Application Thread] DEBUG Input                - Clearing active input actions
15:42:45.042 [JavaFX Application Thread] DEBUG GameApplicationServi - Removing overlay from FXGLDefaultMenu and adding to FXGLMainMenuDummyScene
15:42:45.043 [JavaFX Application Thread] DEBUG MainWindow           - FXGLMainMenuDummyScene <- FXGLDefaultMenu
15:42:45.044 [JavaFX Application Thread] DEBUG Input                - Clearing active input actions
15:42:45.057 [JavaFX Application Thread] DEBUG GameApplicationServi - Removing overlay from FXGLMainMenuDummyScene and adding to FXGLLoadingScene
15:42:45.058 [JavaFX Application Thread] DEBUG MainWindow           - FXGLMainMenuDummyScene -> FXGLLoadingScene
15:42:45.058 [JavaFX Application Thread] DEBUG GameApplicationServi - Clearing previous game
15:42:45.059 [JavaFX Application Thread] DEBUG GameScene            - Clearing game scene
15:42:45.059 [JavaFX Application Thread] DEBUG GameWorld            - Clearing game world
15:42:45.059 [JavaFX Application Thread] DEBUG PhysicsWorld         - Clearing physics world
15:42:45.061 [FXGL Background Thread 2 ] DEBUG FXGLApplication      - Initializing game
15:42:45.141 [FXGL Background Thread 2 ] INFO  FXGLApplication      - Game initialization took: 0.079 sec
15:42:45.142 [JavaFX Application Thread] DEBUG Input                - Clearing active input actions
15:42:45.173 [JavaFX Application Thread] DEBUG GameApplicationServi - Removing overlay from FXGLLoadingScene and adding to GameScene
15:42:45.173 [JavaFX Application Thread] DEBUG MainWindow           - FXGLLoadingScene -> GameScene
15:42:46.153 [FXGL Background Thread 3 ] DEBUG Engine               - Logging environment variables
15:42:46.153 [FXGL Background Thread 3 ] DEBUG Engine               - achievements: []
15:42:46.154 [FXGL Background Thread 3 ] DEBUG Engine               - appIcon: fxgl_icon.png
15:42:46.154 [FXGL Background Thread 3 ] DEBUG Engine               - applicationMode: DEVELOPER
15:42:46.154 [FXGL Background Thread 3 ] DEBUG Engine               - cSSList: [fxgl_dark.css]
15:42:46.155 [FXGL Background Thread 3 ] DEBUG Engine               - configClass: Optional.empty
15:42:46.155 [FXGL Background Thread 3 ] DEBUG Engine               - credits: []
15:42:46.155 [FXGL Background Thread 3 ] DEBUG Engine               - devBBoxColorProperty: ObjectProperty [value: 0xff0000ff]
15:42:46.156 [FXGL Background Thread 3 ] DEBUG Engine               - devEnableDebugCameraProperty: BooleanProperty [value: false]
15:42:46.156 [FXGL Background Thread 3 ] DEBUG Engine               - devSensorColorProperty: ObjectProperty [value: 0xffff00ff]
15:42:46.156 [FXGL Background Thread 3 ] DEBUG Engine               - devShowBBoxProperty: BooleanProperty [value: false]
15:42:46.156 [FXGL Background Thread 3 ] DEBUG Engine               - devShowPositionProperty: BooleanProperty [value: false]
15:42:46.157 [FXGL Background Thread 3 ] DEBUG Engine               - enabledMenuItems: []
15:42:46.157 [FXGL Background Thread 3 ] DEBUG Engine               - engineServices: [class com.almasb.fxgl.app.FXGLApplication$GameApplicationService, class com.almasb.fxgl.app.services.FXGLDialogService, class com.almasb.fxgl.app.services.IOTaskExecutorService, class com.almasb.fxgl.event.EventBusService, class com.almasb.fxgl.io.FileSystemService, class com.almasb.fxgl.localization.LocalizationService, class com.almasb.fxgl.app.services.FXGLAssetLoaderService, class com.almasb.fxgl.app.services.SystemBundleService, class com.almasb.fxgl.profile.SaveLoadService, class com.almasb.fxgl.ui.FXGLUIFactoryServiceProvider, class com.almasb.fxgl.ui.FXGLDialogFactoryServiceProvider, class com.almasb.fxgl.audio.AudioPlayer, class com.almasb.fxgl.notification.impl.NotificationServiceProvider, class com.almasb.fxgl.achievement.AchievementService, class com.almasb.fxgl.cutscene.CutsceneService, class com.almasb.fxgl.minigames.MiniGameService, class com.almasb.fxgl.net.NetService, class com.almasb.fxgl.app.services.UpdaterService, class com.almasb.fxgl.dev.DevService]
15:42:46.157 [FXGL Background Thread 3 ] DEBUG Engine               - fontGame: Abel-Regular.ttf
15:42:46.158 [FXGL Background Thread 3 ] DEBUG Engine               - fontMono: lucida_console.ttf
15:42:46.159 [FXGL Background Thread 3 ] DEBUG Engine               - fontText: Courier-Prime.ttf
15:42:46.160 [FXGL Background Thread 3 ] DEBUG Engine               - fontUI: VarelaRound-Regular.ttf
15:42:46.160 [FXGL Background Thread 3 ] DEBUG Engine               - fullScreen: BooleanProperty [value: false]
15:42:46.160 [FXGL Background Thread 3 ] DEBUG Engine               - gameDifficulty: MEDIUM
15:42:46.161 [FXGL Background Thread 3 ] DEBUG Engine               - gameDifficultyProperty: ObjectProperty [value: MEDIUM]
15:42:46.161 [FXGL Background Thread 3 ] DEBUG Engine               - globalMusicVolume: 0.5
15:42:46.161 [FXGL Background Thread 3 ] DEBUG Engine               - globalMusicVolumeProperty: DoubleProperty [value: 0.5]
15:42:46.161 [FXGL Background Thread 3 ] DEBUG Engine               - globalSoundVolume: 0.5
15:42:46.162 [FXGL Background Thread 3 ] DEBUG Engine               - globalSoundVolumeProperty: DoubleProperty [value: 0.5]
15:42:46.163 [FXGL Background Thread 3 ] DEBUG Engine               - height: 900
15:42:46.163 [FXGL Background Thread 3 ] DEBUG Engine               - isAndroid: false
15:42:46.165 [FXGL Background Thread 3 ] DEBUG Engine               - isBrowser: false
15:42:46.166 [FXGL Background Thread 3 ] DEBUG Engine               - isClickFeedbackEnabled: false
15:42:46.166 [FXGL Background Thread 3 ] DEBUG Engine               - isCloseConfirmation: false
15:42:46.166 [FXGL Background Thread 3 ] DEBUG Engine               - isDesktop: true
15:42:46.167 [FXGL Background Thread 3 ] DEBUG Engine               - isDeveloperMenuEnabled: false
15:42:46.167 [FXGL Background Thread 3 ] DEBUG Engine               - isEntityPreloadEnabled: true
15:42:46.167 [FXGL Background Thread 3 ] DEBUG Engine               - isExperimentalNative: false
15:42:46.167 [FXGL Background Thread 3 ] DEBUG Engine               - isExperimentalTiledLargeMap: false
15:42:46.168 [FXGL Background Thread 3 ] DEBUG Engine               - isFileSystemWriteAllowed: true
15:42:46.168 [FXGL Background Thread 3 ] DEBUG Engine               - isFullScreenAllowed: false
15:42:46.168 [FXGL Background Thread 3 ] DEBUG Engine               - isFullScreenFromStart: false
15:42:46.168 [FXGL Background Thread 3 ] DEBUG Engine               - isGameMenuEnabled: true
15:42:46.168 [FXGL Background Thread 3 ] DEBUG Engine               - isIOS: false
15:42:46.169 [FXGL Background Thread 3 ] DEBUG Engine               - isIntroEnabled: false
15:42:46.169 [FXGL Background Thread 3 ] DEBUG Engine               - isLinux: true
15:42:46.170 [FXGL Background Thread 3 ] DEBUG Engine               - isMac: false
15:42:46.170 [FXGL Background Thread 3 ] DEBUG Engine               - isMainMenuEnabled: true
15:42:46.170 [FXGL Background Thread 3 ] DEBUG Engine               - isManualResizeEnabled: false
15:42:46.171 [FXGL Background Thread 3 ] DEBUG Engine               - isMobile: false
15:42:46.171 [FXGL Background Thread 3 ] DEBUG Engine               - isPreserveResizeRatio: false
15:42:46.171 [FXGL Background Thread 3 ] DEBUG Engine               - isProfilingEnabled: false
15:42:46.171 [FXGL Background Thread 3 ] DEBUG Engine               - isSingleStep: false
15:42:46.172 [FXGL Background Thread 3 ] DEBUG Engine               - isUserProfileEnabled: false
15:42:46.172 [FXGL Background Thread 3 ] DEBUG Engine               - isWindows: false
15:42:46.172 [FXGL Background Thread 3 ] DEBUG Engine               - language: ObjectProperty [value: ENGLISH]
15:42:46.173 [FXGL Background Thread 3 ] DEBUG Engine               - menuKey: ESCAPE
15:42:46.173 [FXGL Background Thread 3 ] DEBUG Engine               - notificationViewClass: class com.almasb.fxgl.notification.view.XboxNotificationView
15:42:46.173 [FXGL Background Thread 3 ] DEBUG Engine               - pixelsPerMeter: 50.0
15:42:46.173 [FXGL Background Thread 3 ] DEBUG Engine               - platform: LINUX
15:42:46.173 [FXGL Background Thread 3 ] DEBUG Engine               - profileDir: profiles/
15:42:46.174 [FXGL Background Thread 3 ] DEBUG Engine               - profileName: StringProperty [value: DEFAULT]
15:42:46.174 [FXGL Background Thread 3 ] DEBUG Engine               - randomSeed: -1
15:42:46.174 [FXGL Background Thread 3 ] DEBUG Engine               - runtimeInfo: RuntimeInfo(platform=LINUX, version=11.11, build=08.09.2020 18.00)
15:42:46.175 [FXGL Background Thread 3 ] DEBUG Engine               - saveFileExt: sav
15:42:46.175 [FXGL Background Thread 3 ] DEBUG Engine               - sceneFactory: com.almasb.fxgl.app.scene.SceneFactory@4900d24f
15:42:46.175 [FXGL Background Thread 3 ] DEBUG Engine               - secondsIn24h: 60
15:42:46.176 [FXGL Background Thread 3 ] DEBUG Engine               - soundMenuBack: menu/back.wav
15:42:46.176 [FXGL Background Thread 3 ] DEBUG Engine               - soundMenuPress: menu/press.wav
15:42:46.177 [FXGL Background Thread 3 ] DEBUG Engine               - soundMenuSelect: menu/select.wav
15:42:46.177 [FXGL Background Thread 3 ] DEBUG Engine               - soundNotification: core/notification.wav
15:42:46.177 [FXGL Background Thread 3 ] DEBUG Engine               - stageStyle: DECORATED
15:42:46.177 [FXGL Background Thread 3 ] DEBUG Engine               - supportedLanguages: [ENGLISH, FRENCH, GERMAN, HUNGARIAN, RUSSIAN]
15:42:46.178 [FXGL Background Thread 3 ] DEBUG Engine               - title: Color Switch 2
15:42:46.178 [FXGL Background Thread 3 ] DEBUG Engine               - urlGithub: https://github.com/AlmasB/FXGL
15:42:46.178 [FXGL Background Thread 3 ] DEBUG Engine               - urlLeaderboard: http://fxgl-top.herokuapp.com/
15:42:46.178 [FXGL Background Thread 3 ] DEBUG Engine               - urlPOM: https://raw.githubusercontent.com/AlmasB/FXGL/master/pom.xml
15:42:46.184 [FXGL Background Thread 3 ] DEBUG Engine               - version: 0.0
15:42:46.185 [FXGL Background Thread 3 ] DEBUG Engine               - versionCheckDays: 7
15:42:46.185 [FXGL Background Thread 3 ] DEBUG Engine               - width: 900
15:42:46.188 [FXGL Background Thread 3 ] DEBUG Engine               - Logging services
15:42:46.188 [FXGL Background Thread 3 ] DEBUG Engine               - class com.almasb.fxgl.app.FXGLApplication$GameApplicationService
15:42:46.188 [FXGL Background Thread 3 ] DEBUG Engine               - class com.almasb.fxgl.app.services.FXGLDialogService
15:42:46.189 [FXGL Background Thread 3 ] DEBUG Engine               - class com.almasb.fxgl.app.services.IOTaskExecutorService
15:42:46.189 [FXGL Background Thread 3 ] DEBUG Engine               - class com.almasb.fxgl.event.EventBusService
15:42:46.189 [FXGL Background Thread 3 ] DEBUG Engine               - class com.almasb.fxgl.io.FileSystemService
15:42:46.189 [FXGL Background Thread 3 ] DEBUG Engine               - class com.almasb.fxgl.localization.LocalizationService
15:42:46.189 [FXGL Background Thread 3 ] DEBUG Engine               - class com.almasb.fxgl.app.services.FXGLAssetLoaderService
15:42:46.190 [FXGL Background Thread 3 ] DEBUG Engine               - class com.almasb.fxgl.app.services.SystemBundleService
15:42:46.190 [FXGL Background Thread 3 ] DEBUG Engine               - class com.almasb.fxgl.profile.SaveLoadService
15:42:46.190 [FXGL Background Thread 3 ] DEBUG Engine               - class com.almasb.fxgl.ui.FXGLUIFactoryServiceProvider
15:42:46.190 [FXGL Background Thread 3 ] DEBUG Engine               - class com.almasb.fxgl.ui.FXGLDialogFactoryServiceProvider
15:42:46.192 [FXGL Background Thread 3 ] DEBUG Engine               - class com.almasb.fxgl.audio.AudioPlayer
15:42:46.192 [FXGL Background Thread 3 ] DEBUG Engine               - class com.almasb.fxgl.notification.impl.NotificationServiceProvider
15:42:46.193 [FXGL Background Thread 3 ] DEBUG Engine               - class com.almasb.fxgl.achievement.AchievementService
15:42:46.193 [FXGL Background Thread 3 ] DEBUG Engine               - class com.almasb.fxgl.cutscene.CutsceneService
15:42:46.193 [FXGL Background Thread 3 ] DEBUG Engine               - class com.almasb.fxgl.minigames.MiniGameService
15:42:46.194 [FXGL Background Thread 3 ] DEBUG Engine               - class com.almasb.fxgl.net.NetService
15:42:46.194 [FXGL Background Thread 3 ] DEBUG Engine               - class com.almasb.fxgl.app.services.UpdaterService
15:42:46.194 [FXGL Background Thread 3 ] DEBUG Engine               - class com.almasb.fxgl.dev.DevService
15:42:54.970 [JavaFX Application Thread] DEBUG FXGLApplication      - Exiting FXGL
15:42:54.971 [JavaFX Application Thread] DEBUG LoopRunner           - Stopping loop
15:42:54.971 [JavaFX Application Thread] DEBUG SystemBundleService  - Saving FXGL system data
15:42:54.972 [JavaFX Application Thread] DEBUG FileSystemAccess     - Writing to: /home/chintan/Downloads/game/system/fxgl.bundle
15:42:54.974 [JavaFX Application Thread] DEBUG Async                - Shutting down background threads
15:42:54.974 [JavaFX Application Thread] DEBUG MainWindow           - Closing main window
15:42:54.977 [JavaFX Application Thread] DEBUG Logger               - Closing Logger
