22:32:54.780 [main                     ] DEBUG Logger               - Configured Logger
22:32:54.825 [main                     ] DEBUG GameApplication      - Logging settings
Title: Color Switch 2
Version: 0.0
Width: 900
Height: 900
Fullscreen: false
Intro: false
Profiling: false
Single step:false
App Mode: DEVELOPER
Menu Key: ESCAPE
Stage Style: DECORATED
Scene Factory: class sample.Main$1

22:32:55.916 [JavaFX Application Thread] DEBUG FXGLApplication      - Initializing FXGL
22:32:55.928 [JavaFX Application Thread] INFO  Engine               - FXGL-11.11 (08.09.2020 18.00) on LINUX (J:15.0.1 FX:14)
22:32:55.929 [JavaFX Application Thread] DEBUG Engine               - JRE Vendor Name: Oracle Corporation
22:32:55.929 [JavaFX Application Thread] DEBUG Engine               - Running on OS: Linux version 5.4.0-58-generic
22:32:55.930 [JavaFX Application Thread] DEBUG Engine               - Architecture: amd64
22:32:55.930 [JavaFX Application Thread] INFO  Engine               - Source code and latest versions at: https://github.com/AlmasB/FXGL
22:32:55.931 [JavaFX Application Thread] INFO  Engine               -              Join the FXGL chat at: https://gitter.im/AlmasB/FXGL
22:32:56.274 [JavaFX Application Thread] DEBUG MainWindow           - Creating a JavaFX scene
22:32:56.520 [JavaFX Application Thread] DEBUG MainWindow           - Target settings size: 900.0 x 900.0
22:32:56.521 [JavaFX Application Thread] DEBUG MainWindow           - Scaled scene size:    900.0 x 900.0
22:32:56.521 [JavaFX Application Thread] DEBUG MainWindow           - Scaled ratio: (1.0, 1.0)
22:32:56.524 [JavaFX Application Thread] DEBUG MainWindow           - Set initial scene to StartupScene
22:32:56.557 [JavaFX Application Thread] DEBUG MainWindow           - Opening main window
22:32:56.674 [JavaFX Application Thread] DEBUG MainWindow           - Window border size: (2.0, 29.0)
22:32:56.676 [JavaFX Application Thread] DEBUG MainWindow           - Scaled size: 900.0 x 900.0
22:32:56.677 [JavaFX Application Thread] DEBUG MainWindow           - Scaled ratio: (1.0, 1.0)
22:32:56.679 [JavaFX Application Thread] DEBUG MainWindow           - Scene size: 900.0 x 900.0
22:32:56.682 [JavaFX Application Thread] DEBUG MainWindow           - Stage size: 902.0 x 929.0
22:32:56.696 [FXGL Background Thread 1 ] DEBUG Engine               - Initializing environment variables
22:32:56.768 [FXGL Background Thread 1 ] DEBUG GameApplicationServi - Applying CSS: fxgl_dark.css
22:32:56.772 [FXGL Background Thread 1 ] DEBUG FXGLAssetLoaderServi - Loading from file system: /assets/ui/css/fxgl_dark.css
22:32:57.019 [FXGL Background Thread 1 ] DEBUG GameApplicationServi - Initializing application scenes
22:32:57.228 [FXGL Background Thread 1 ] DEBUG GameWorld            - Game world initialized
22:32:57.430 [FXGL Background Thread 1 ] DEBUG PhysicsWorld         - Physics world initialized: appHeight=900, physics.ppm=50.0
22:32:57.433 [FXGL Background Thread 1 ] DEBUG GameScene            - Game scene initialized: 900x900
22:32:57.449 [FXGL Background Thread 1 ] DEBUG FXGLAssetLoaderServi - Loading from file system: /assets/textures/colorswitch.png
22:32:57.912 [FXGL Background Thread 1 ] DEBUG FXGLAssetLoaderServi - Loading from file system: /assets/textures/particles/trace_horizontal.png
22:32:57.974 [FXGL Background Thread 1 ] DEBUG FXGL.DefaultMenu     - createMenuBodyGameMenu()
22:32:57.993 [FXGL Background Thread 1 ] DEBUG FXGL.DefaultMenu     - createOptionsMenu()
22:32:58.003 [FXGL Background Thread 1 ] DEBUG FXGLAssetLoaderServi - Loading from file system: /assets/textures/particles/smoke.png
22:32:58.140 [FXGL Background Thread 1 ] DEBUG GameApplicationServi - Application scenes initialized
22:32:58.173 [FXGL Background Thread 1 ] DEBUG SystemBundleService  - Loading FXGL system data
22:32:58.179 [FXGL Background Thread 1 ] DEBUG FileSystemAccess     - Reading from: /home/chintan/Downloads/game/system/fxgl.bundle
22:32:58.191 [FXGL Background Thread 1 ] DEBUG SystemBundleService  - Bundle FXGL: {}
22:32:58.192 [FXGL Background Thread 1 ] DEBUG UpdaterService       - Checking for updates
22:32:58.207 [FXGL Background Thread 4 ] DEBUG FXGLApplication      - Loading fonts
22:32:58.215 [FXGL Background Thread 4 ] DEBUG FXGLAssetLoaderServi - Loading from file system: /assets/ui/fonts/VarelaRound-Regular.ttf
22:32:58.212 [FXGL Background Thread 1 ] DEBUG FXGLApplication      - Loading default localization
22:32:58.223 [FXGL Background Thread 1 ] DEBUG FXGLAssetLoaderServi - Loading from file system: /assets/languages/english.lang
22:32:58.245 [FXGL Background Thread 4 ] DEBUG FXGLAssetLoaderServi - Loading from file system: /assets/ui/fonts/Abel-Regular.ttf
22:32:58.248 [FXGL Background Thread 4 ] DEBUG FXGLAssetLoaderServi - Loading from file system: /assets/ui/fonts/lucida_console.ttf
22:32:58.252 [FXGL Background Thread 4 ] DEBUG FXGLAssetLoaderServi - Loading from file system: /assets/ui/fonts/Courier-Prime.ttf
22:32:58.257 [JavaFX Application Thread] DEBUG FXGLApplication      - Registering font factories with UI factory
22:32:58.260 [FXGL Background Thread 1 ] INFO  FXGLApplication      - FXGL initialization took: 1.563 sec
22:32:58.280 [JavaFX Application Thread] DEBUG Input                - Registered new binding: Up - W
22:32:58.284 [JavaFX Application Thread] DEBUG Input                - Registered new binding: action0 - U
22:32:58.286 [JavaFX Application Thread] DEBUG FXGLAssetLoaderServi - Loading from file system: /assets/textures/fxgl_icon.png
22:32:58.344 [JavaFX Application Thread] DEBUG FXGLAssetLoaderServi - Loading from file system: /assets/ui/cursors/fxgl_default.png
22:32:58.366 [JavaFX Application Thread] DEBUG Input                - Registered new binding: Screenshot - P
22:32:58.367 [JavaFX Application Thread] DEBUG Input                - Registered new binding: System info dump - CTRL+9
22:32:58.368 [JavaFX Application Thread] DEBUG Input                - Registered new binding: Restart - CTRL+R
22:32:58.369 [JavaFX Application Thread] DEBUG Input                - Registered new binding: Toggle Debug Camera - CTRL+C
22:32:58.374 [JavaFX Application Thread] DEBUG LoopRunner           - Starting loop
22:32:58.377 [JavaFX Application Thread] DEBUG Input                - Clearing active input actions
22:32:58.427 [JavaFX Application Thread] DEBUG GameApplicationServi - Removing overlay from StartupScene and adding to FXGLMainMenuDummyScene
22:32:58.428 [JavaFX Application Thread] DEBUG MainWindow           - StartupScene -> FXGLMainMenuDummyScene
22:32:58.428 [JavaFX Application Thread] DEBUG MainWindow           - Push state: MyMenu
22:32:58.429 [JavaFX Application Thread] DEBUG Input                - Clearing active input actions
22:32:58.447 [JavaFX Application Thread] DEBUG GameApplicationServi - Removing overlay from FXGLMainMenuDummyScene and adding to MyMenu
22:32:58.448 [JavaFX Application Thread] DEBUG MainWindow           - FXGLMainMenuDummyScene -> MyMenu
22:33:01.059 [JavaFX Application Thread] DEBUG Menu                 - fireNewGame()
22:33:01.061 [JavaFX Application Thread] DEBUG GameApplicationServi - Starting new game
22:33:01.062 [JavaFX Application Thread] DEBUG MainWindow           - Pop state: MyMenu
22:33:01.063 [JavaFX Application Thread] DEBUG Input                - Clearing active input actions
22:33:01.068 [JavaFX Application Thread] DEBUG GameApplicationServi - Removing overlay from MyMenu and adding to FXGLMainMenuDummyScene
22:33:01.070 [JavaFX Application Thread] DEBUG MainWindow           - FXGLMainMenuDummyScene <- MyMenu
22:33:01.072 [JavaFX Application Thread] DEBUG Input                - Clearing active input actions
22:33:01.100 [JavaFX Application Thread] DEBUG GameApplicationServi - Removing overlay from FXGLMainMenuDummyScene and adding to FXGLLoadingScene
22:33:01.100 [JavaFX Application Thread] DEBUG MainWindow           - FXGLMainMenuDummyScene -> FXGLLoadingScene
22:33:01.101 [JavaFX Application Thread] DEBUG GameApplicationServi - Clearing previous game
22:33:01.101 [JavaFX Application Thread] DEBUG GameScene            - Clearing game scene
22:33:01.102 [JavaFX Application Thread] DEBUG GameWorld            - Clearing game world
22:33:01.102 [JavaFX Application Thread] DEBUG PhysicsWorld         - Clearing physics world
22:33:01.104 [FXGL Background Thread 1 ] DEBUG FXGLApplication      - Initializing game
22:33:01.196 [FXGL Background Thread 3 ] DEBUG Engine               - Logging environment variables
22:33:01.198 [FXGL Background Thread 3 ] DEBUG Engine               - achievements: []
22:33:01.198 [FXGL Background Thread 3 ] DEBUG Engine               - appIcon: fxgl_icon.png
22:33:01.199 [FXGL Background Thread 3 ] DEBUG Engine               - applicationMode: DEVELOPER
22:33:01.200 [FXGL Background Thread 3 ] DEBUG Engine               - cSSList: [fxgl_dark.css]
22:33:01.200 [FXGL Background Thread 3 ] DEBUG Engine               - configClass: Optional.empty
22:33:01.201 [FXGL Background Thread 3 ] DEBUG Engine               - credits: []
22:33:01.202 [FXGL Background Thread 3 ] DEBUG Engine               - devBBoxColorProperty: ObjectProperty [value: 0xff0000ff]
22:33:01.203 [FXGL Background Thread 3 ] DEBUG Engine               - devEnableDebugCameraProperty: BooleanProperty [value: false]
22:33:01.203 [FXGL Background Thread 3 ] DEBUG Engine               - devSensorColorProperty: ObjectProperty [value: 0xffff00ff]
22:33:01.204 [FXGL Background Thread 3 ] DEBUG Engine               - devShowBBoxProperty: BooleanProperty [value: false]
22:33:01.205 [FXGL Background Thread 3 ] DEBUG Engine               - devShowPositionProperty: BooleanProperty [value: false]
22:33:01.205 [FXGL Background Thread 3 ] DEBUG Engine               - enabledMenuItems: []
22:33:01.206 [FXGL Background Thread 3 ] DEBUG Engine               - engineServices: [class com.almasb.fxgl.app.FXGLApplication$GameApplicationService, class com.almasb.fxgl.app.services.FXGLDialogService, class com.almasb.fxgl.app.services.IOTaskExecutorService, class com.almasb.fxgl.event.EventBusService, class com.almasb.fxgl.io.FileSystemService, class com.almasb.fxgl.localization.LocalizationService, class com.almasb.fxgl.app.services.FXGLAssetLoaderService, class com.almasb.fxgl.app.services.SystemBundleService, class com.almasb.fxgl.profile.SaveLoadService, class com.almasb.fxgl.ui.FXGLUIFactoryServiceProvider, class com.almasb.fxgl.ui.FXGLDialogFactoryServiceProvider, class com.almasb.fxgl.audio.AudioPlayer, class com.almasb.fxgl.notification.impl.NotificationServiceProvider, class com.almasb.fxgl.achievement.AchievementService, class com.almasb.fxgl.cutscene.CutsceneService, class com.almasb.fxgl.minigames.MiniGameService, class com.almasb.fxgl.net.NetService, class com.almasb.fxgl.app.services.UpdaterService, class com.almasb.fxgl.dev.DevService]
22:33:01.206 [FXGL Background Thread 3 ] DEBUG Engine               - fontGame: Abel-Regular.ttf
22:33:01.207 [FXGL Background Thread 3 ] DEBUG Engine               - fontMono: lucida_console.ttf
22:33:01.209 [FXGL Background Thread 3 ] DEBUG Engine               - fontText: Courier-Prime.ttf
22:33:01.209 [FXGL Background Thread 3 ] DEBUG Engine               - fontUI: VarelaRound-Regular.ttf
22:33:01.210 [FXGL Background Thread 3 ] DEBUG Engine               - fullScreen: BooleanProperty [value: false]
22:33:01.210 [FXGL Background Thread 3 ] DEBUG Engine               - gameDifficulty: MEDIUM
22:33:01.211 [FXGL Background Thread 3 ] DEBUG Engine               - gameDifficultyProperty: ObjectProperty [value: MEDIUM]
22:33:01.211 [FXGL Background Thread 3 ] DEBUG Engine               - globalMusicVolume: 0.5
22:33:01.211 [FXGL Background Thread 3 ] DEBUG Engine               - globalMusicVolumeProperty: DoubleProperty [value: 0.5]
22:33:01.212 [FXGL Background Thread 3 ] DEBUG Engine               - globalSoundVolume: 0.5
22:33:01.212 [FXGL Background Thread 3 ] DEBUG Engine               - globalSoundVolumeProperty: DoubleProperty [value: 0.5]
22:33:01.213 [FXGL Background Thread 3 ] DEBUG Engine               - height: 900
22:33:01.222 [FXGL Background Thread 3 ] DEBUG Engine               - isAndroid: false
22:33:01.223 [FXGL Background Thread 3 ] DEBUG Engine               - isBrowser: false
22:33:01.223 [FXGL Background Thread 3 ] DEBUG Engine               - isClickFeedbackEnabled: false
22:33:01.223 [FXGL Background Thread 3 ] DEBUG Engine               - isCloseConfirmation: false
22:33:01.224 [FXGL Background Thread 3 ] DEBUG Engine               - isDesktop: true
22:33:01.224 [FXGL Background Thread 3 ] DEBUG Engine               - isDeveloperMenuEnabled: false
22:33:01.224 [FXGL Background Thread 3 ] DEBUG Engine               - isEntityPreloadEnabled: true
22:33:01.225 [FXGL Background Thread 3 ] DEBUG Engine               - isExperimentalNative: false
22:33:01.225 [FXGL Background Thread 3 ] DEBUG Engine               - isExperimentalTiledLargeMap: false
22:33:01.225 [FXGL Background Thread 3 ] DEBUG Engine               - isFileSystemWriteAllowed: true
22:33:01.225 [FXGL Background Thread 3 ] DEBUG Engine               - isFullScreenAllowed: false
22:33:01.226 [FXGL Background Thread 3 ] DEBUG Engine               - isFullScreenFromStart: false
22:33:01.226 [FXGL Background Thread 3 ] DEBUG Engine               - isGameMenuEnabled: true
22:33:01.227 [FXGL Background Thread 3 ] DEBUG Engine               - isIOS: false
22:33:01.227 [FXGL Background Thread 3 ] DEBUG Engine               - isIntroEnabled: false
22:33:01.227 [FXGL Background Thread 3 ] DEBUG Engine               - isLinux: true
22:33:01.239 [FXGL Background Thread 3 ] DEBUG Engine               - isMac: false
22:33:01.241 [FXGL Background Thread 3 ] DEBUG Engine               - isMainMenuEnabled: true
22:33:01.243 [FXGL Background Thread 3 ] DEBUG Engine               - isManualResizeEnabled: false
22:33:01.244 [FXGL Background Thread 3 ] DEBUG Engine               - isMobile: false
22:33:01.246 [FXGL Background Thread 3 ] DEBUG Engine               - isPreserveResizeRatio: false
22:33:01.248 [FXGL Background Thread 3 ] DEBUG Engine               - isProfilingEnabled: false
22:33:01.249 [FXGL Background Thread 3 ] DEBUG Engine               - isSingleStep: false
22:33:01.263 [FXGL Background Thread 3 ] DEBUG Engine               - isUserProfileEnabled: false
22:33:01.263 [FXGL Background Thread 3 ] DEBUG Engine               - isWindows: false
22:33:01.264 [FXGL Background Thread 3 ] DEBUG Engine               - language: ObjectProperty [value: ENGLISH]
22:33:01.264 [FXGL Background Thread 3 ] DEBUG Engine               - menuKey: ESCAPE
22:33:01.265 [FXGL Background Thread 3 ] DEBUG Engine               - notificationViewClass: class com.almasb.fxgl.notification.view.XboxNotificationView
22:33:01.265 [FXGL Background Thread 3 ] DEBUG Engine               - pixelsPerMeter: 50.0
22:33:01.266 [FXGL Background Thread 3 ] DEBUG Engine               - platform: LINUX
22:33:01.267 [FXGL Background Thread 3 ] DEBUG Engine               - profileDir: profiles/
22:33:01.267 [FXGL Background Thread 3 ] DEBUG Engine               - profileName: StringProperty [value: DEFAULT]
22:33:01.267 [FXGL Background Thread 3 ] DEBUG Engine               - randomSeed: -1
22:33:01.268 [FXGL Background Thread 3 ] DEBUG Engine               - runtimeInfo: RuntimeInfo(platform=LINUX, version=11.11, build=08.09.2020 18.00)
22:33:01.268 [FXGL Background Thread 3 ] DEBUG Engine               - saveFileExt: sav
22:33:01.269 [FXGL Background Thread 3 ] DEBUG Engine               - sceneFactory: sample.Main$1@2f808025
22:33:01.269 [FXGL Background Thread 3 ] DEBUG Engine               - secondsIn24h: 60
22:33:01.270 [FXGL Background Thread 3 ] DEBUG Engine               - soundMenuBack: menu/back.wav
22:33:01.270 [FXGL Background Thread 3 ] DEBUG Engine               - soundMenuPress: menu/press.wav
22:33:01.270 [FXGL Background Thread 3 ] DEBUG Engine               - soundMenuSelect: menu/select.wav
22:33:01.271 [FXGL Background Thread 3 ] DEBUG Engine               - soundNotification: core/notification.wav
22:33:01.271 [FXGL Background Thread 3 ] DEBUG Engine               - stageStyle: DECORATED
22:33:01.271 [FXGL Background Thread 3 ] DEBUG Engine               - supportedLanguages: [ENGLISH, FRENCH, GERMAN, HUNGARIAN, RUSSIAN]
22:33:01.272 [FXGL Background Thread 3 ] DEBUG Engine               - title: Color Switch 2
22:33:01.272 [FXGL Background Thread 3 ] DEBUG Engine               - urlGithub: https://github.com/AlmasB/FXGL
22:33:01.282 [FXGL Background Thread 3 ] DEBUG Engine               - urlLeaderboard: http://fxgl-top.herokuapp.com/
22:33:01.282 [FXGL Background Thread 3 ] DEBUG Engine               - urlPOM: https://raw.githubusercontent.com/AlmasB/FXGL/master/pom.xml
22:33:01.283 [FXGL Background Thread 3 ] DEBUG Engine               - version: 0.0
22:33:01.283 [FXGL Background Thread 3 ] DEBUG Engine               - versionCheckDays: 7
22:33:01.283 [FXGL Background Thread 3 ] DEBUG Engine               - width: 900
22:33:01.283 [FXGL Background Thread 3 ] DEBUG Engine               - Logging services
22:33:01.284 [FXGL Background Thread 3 ] DEBUG Engine               - class com.almasb.fxgl.app.FXGLApplication$GameApplicationService
22:33:01.284 [FXGL Background Thread 3 ] DEBUG Engine               - class com.almasb.fxgl.app.services.FXGLDialogService
22:33:01.284 [FXGL Background Thread 3 ] DEBUG Engine               - class com.almasb.fxgl.app.services.IOTaskExecutorService
22:33:01.284 [FXGL Background Thread 3 ] DEBUG Engine               - class com.almasb.fxgl.event.EventBusService
22:33:01.284 [FXGL Background Thread 3 ] DEBUG Engine               - class com.almasb.fxgl.io.FileSystemService
22:33:01.285 [FXGL Background Thread 3 ] DEBUG Engine               - class com.almasb.fxgl.localization.LocalizationService
22:33:01.285 [FXGL Background Thread 3 ] DEBUG Engine               - class com.almasb.fxgl.app.services.FXGLAssetLoaderService
22:33:01.285 [FXGL Background Thread 3 ] DEBUG Engine               - class com.almasb.fxgl.app.services.SystemBundleService
22:33:01.285 [FXGL Background Thread 3 ] DEBUG Engine               - class com.almasb.fxgl.profile.SaveLoadService
22:33:01.286 [FXGL Background Thread 3 ] DEBUG Engine               - class com.almasb.fxgl.ui.FXGLUIFactoryServiceProvider
22:33:01.289 [FXGL Background Thread 3 ] DEBUG Engine               - class com.almasb.fxgl.ui.FXGLDialogFactoryServiceProvider
22:33:01.290 [FXGL Background Thread 3 ] DEBUG Engine               - class com.almasb.fxgl.audio.AudioPlayer
22:33:01.290 [FXGL Background Thread 3 ] DEBUG Engine               - class com.almasb.fxgl.notification.impl.NotificationServiceProvider
22:33:01.290 [FXGL Background Thread 3 ] DEBUG Engine               - class com.almasb.fxgl.achievement.AchievementService
22:33:01.290 [FXGL Background Thread 3 ] DEBUG Engine               - class com.almasb.fxgl.cutscene.CutsceneService
22:33:01.291 [FXGL Background Thread 3 ] DEBUG Engine               - class com.almasb.fxgl.minigames.MiniGameService
22:33:01.291 [FXGL Background Thread 3 ] DEBUG Engine               - class com.almasb.fxgl.net.NetService
22:33:01.291 [FXGL Background Thread 3 ] DEBUG Engine               - class com.almasb.fxgl.app.services.UpdaterService
22:33:01.291 [FXGL Background Thread 3 ] DEBUG Engine               - class com.almasb.fxgl.dev.DevService
22:33:01.348 [FXGL Background Thread 1 ] DEBUG FXGLAssetLoaderServi - Loading from file system: /assets/textures/star.png
22:33:01.353 [FXGL Background Thread 1 ] DEBUG FXGLAssetLoaderServi - Loading from cache: /assets/textures/star.png
22:33:01.354 [FXGL Background Thread 1 ] DEBUG FXGLAssetLoaderServi - Loading from cache: /assets/textures/star.png
22:33:01.356 [FXGL Background Thread 1 ] DEBUG FXGLAssetLoaderServi - Loading from cache: /assets/textures/star.png
22:33:01.357 [FXGL Background Thread 1 ] DEBUG FXGLAssetLoaderServi - Loading from cache: /assets/textures/star.png
22:33:01.390 [FXGL Background Thread 1 ] DEBUG FXGLAssetLoaderServi - Loading from file system: /assets/textures/heart1.png
22:33:01.414 [FXGL Background Thread 1 ] DEBUG FXGLAssetLoaderServi - Loading from cache: /assets/textures/heart1.png
22:33:01.415 [FXGL Background Thread 1 ] DEBUG FXGLAssetLoaderServi - Loading from cache: /assets/textures/heart1.png
22:33:01.417 [FXGL Background Thread 1 ] DEBUG FXGLAssetLoaderServi - Loading from cache: /assets/textures/heart1.png
22:33:01.422 [FXGL Background Thread 1 ] DEBUG FXGLAssetLoaderServi - Loading from cache: /assets/textures/heart1.png
22:33:01.441 [FXGL Background Thread 1 ] INFO  FXGLApplication      - Game initialization took: 0.337 sec
22:33:01.447 [JavaFX Application Thread] DEBUG Input                - Clearing active input actions
22:33:01.468 [JavaFX Application Thread] DEBUG GameApplicationServi - Removing overlay from FXGLLoadingScene and adding to GameScene
22:33:01.469 [JavaFX Application Thread] DEBUG MainWindow           - FXGLLoadingScene -> GameScene
22:33:01.876 [FXGL Background Thread 2 ] INFO  UpdaterService       - Your current version:  11.11
22:33:01.876 [FXGL Background Thread 2 ] INFO  UpdaterService       - Latest stable version: dev-SNAPSHOT
22:33:25.485 [JavaFX Application Thread] DEBUG FXGLApplication      - Exiting FXGL
22:33:25.485 [JavaFX Application Thread] DEBUG LoopRunner           - Stopping loop
22:33:25.486 [JavaFX Application Thread] DEBUG SystemBundleService  - Saving FXGL system data
22:33:25.493 [JavaFX Application Thread] DEBUG FileSystemAccess     - Writing to: /home/chintan/Downloads/game/system/fxgl.bundle
22:33:25.500 [JavaFX Application Thread] DEBUG Async                - Shutting down background threads
22:33:25.502 [JavaFX Application Thread] DEBUG MainWindow           - Closing main window
22:33:25.513 [JavaFX Application Thread] DEBUG Logger               - Closing Logger
