22:03:34.675 [main                     ] DEBUG Logger               - Configured Logger
22:03:34.704 [main                     ] DEBUG GameApplication      - Logging settings
Title: Color Switch 2
Version: 0.0
Width: 900
Height: 900
Fullscreen: false
Intro: false
Profiling: false
Single step:false
App Mode: DEVELOPER
Menu Key: ESCAPE
Stage Style: DECORATED
Scene Factory: class sample.Main$1

22:03:35.558 [JavaFX Application Thread] DEBUG FXGLApplication      - Initializing FXGL
22:03:35.572 [JavaFX Application Thread] INFO  Engine               - FXGL-11.11 (08.09.2020 18.00) on LINUX (J:15.0.1 FX:14)
22:03:35.572 [JavaFX Application Thread] DEBUG Engine               - JRE Vendor Name: Oracle Corporation
22:03:35.573 [JavaFX Application Thread] DEBUG Engine               - Running on OS: Linux version 5.4.0-58-generic
22:03:35.573 [JavaFX Application Thread] DEBUG Engine               - Architecture: amd64
22:03:35.573 [JavaFX Application Thread] INFO  Engine               - Source code and latest versions at: https://github.com/AlmasB/FXGL
22:03:35.574 [JavaFX Application Thread] INFO  Engine               -              Join the FXGL chat at: https://gitter.im/AlmasB/FXGL
22:03:35.839 [JavaFX Application Thread] DEBUG MainWindow           - Creating a JavaFX scene
22:03:36.058 [JavaFX Application Thread] DEBUG MainWindow           - Target settings size: 900.0 x 900.0
22:03:36.060 [JavaFX Application Thread] DEBUG MainWindow           - Scaled scene size:    900.0 x 900.0
22:03:36.060 [JavaFX Application Thread] DEBUG MainWindow           - Scaled ratio: (1.0, 1.0)
22:03:36.062 [JavaFX Application Thread] DEBUG MainWindow           - Set initial scene to StartupScene
22:03:36.069 [JavaFX Application Thread] DEBUG MainWindow           - Opening main window
22:03:36.208 [JavaFX Application Thread] DEBUG MainWindow           - Window border size: (2.0, 29.0)
22:03:36.210 [JavaFX Application Thread] DEBUG MainWindow           - Scaled size: 900.0 x 900.0
22:03:36.212 [JavaFX Application Thread] DEBUG MainWindow           - Scaled ratio: (1.0, 1.0)
22:03:36.215 [JavaFX Application Thread] DEBUG MainWindow           - Scene size: 900.0 x 900.0
22:03:36.217 [JavaFX Application Thread] DEBUG MainWindow           - Stage size: 902.0 x 929.0
22:03:36.243 [FXGL Background Thread 1 ] DEBUG Engine               - Initializing environment variables
22:03:36.355 [FXGL Background Thread 1 ] DEBUG GameApplicationServi - Applying CSS: fxgl_dark.css
22:03:36.357 [FXGL Background Thread 1 ] DEBUG FXGLAssetLoaderServi - Loading from file system: /assets/ui/css/fxgl_dark.css
22:03:36.570 [FXGL Background Thread 1 ] DEBUG GameApplicationServi - Initializing application scenes
22:03:36.742 [FXGL Background Thread 1 ] DEBUG GameWorld            - Game world initialized
22:03:36.973 [FXGL Background Thread 1 ] DEBUG PhysicsWorld         - Physics world initialized: appHeight=900, physics.ppm=50.0
22:03:36.986 [FXGL Background Thread 1 ] DEBUG GameScene            - Game scene initialized: 900x900
22:03:37.054 [FXGL Background Thread 1 ] DEBUG FXGLAssetLoaderServi - Loading from file system: /assets/textures/colorswitch.png
22:03:37.055 [FXGL Background Thread 1 ] WARN  FXGLAssetLoaderServi - Failed to load texture colorswitch.png Error: java.lang.IllegalArgumentException: Asset "/assets/textures/colorswitch.png" was not found!
22:03:37.226 [FXGL Background Thread 1 ] DEBUG FXGLAssetLoaderServi - Loading from file system: /assets/textures/particles/trace_horizontal.png
22:03:37.390 [FXGL Background Thread 1 ] DEBUG FXGL.DefaultMenu     - createMenuBodyGameMenu()
22:03:37.423 [FXGL Background Thread 1 ] DEBUG FXGL.DefaultMenu     - createOptionsMenu()
22:03:37.453 [FXGL Background Thread 1 ] DEBUG FXGLAssetLoaderServi - Loading from file system: /assets/textures/particles/smoke.png
22:03:37.608 [FXGL Background Thread 1 ] DEBUG GameApplicationServi - Application scenes initialized
22:03:37.621 [FXGL Background Thread 1 ] DEBUG SystemBundleService  - Loading FXGL system data
22:03:37.626 [FXGL Background Thread 1 ] DEBUG FileSystemAccess     - Reading from: /home/chintan/Downloads/game/system/fxgl.bundle
22:03:37.652 [FXGL Background Thread 1 ] DEBUG SystemBundleService  - Bundle FXGL: {}
22:03:37.653 [FXGL Background Thread 1 ] DEBUG UpdaterService       - Checking for updates
22:03:37.663 [FXGL Background Thread 1 ] DEBUG FXGLApplication      - Loading default localization
22:03:37.665 [FXGL Background Thread 1 ] DEBUG FXGLAssetLoaderServi - Loading from file system: /assets/languages/english.lang
22:03:37.671 [FXGL Background Thread 4 ] DEBUG FXGLApplication      - Loading fonts
22:03:37.672 [FXGL Background Thread 4 ] DEBUG FXGLAssetLoaderServi - Loading from file system: /assets/ui/fonts/VarelaRound-Regular.ttf
22:03:37.709 [FXGL Background Thread 4 ] DEBUG FXGLAssetLoaderServi - Loading from file system: /assets/ui/fonts/Abel-Regular.ttf
22:03:37.715 [FXGL Background Thread 4 ] DEBUG FXGLAssetLoaderServi - Loading from file system: /assets/ui/fonts/lucida_console.ttf
22:03:37.720 [FXGL Background Thread 1 ] INFO  FXGLApplication      - FXGL initialization took: 1.477 sec
22:03:37.731 [FXGL Background Thread 4 ] DEBUG FXGLAssetLoaderServi - Loading from file system: /assets/ui/fonts/Courier-Prime.ttf
22:03:37.742 [JavaFX Application Thread] DEBUG Input                - Registered new binding: Up - W
22:03:37.743 [JavaFX Application Thread] DEBUG Input                - Registered new binding: action0 - U
22:03:37.744 [JavaFX Application Thread] DEBUG FXGLAssetLoaderServi - Loading from file system: /assets/textures/fxgl_icon.png
22:03:37.837 [JavaFX Application Thread] DEBUG FXGLAssetLoaderServi - Loading from file system: /assets/ui/cursors/fxgl_default.png
22:03:37.860 [JavaFX Application Thread] DEBUG Input                - Registered new binding: Screenshot - P
22:03:37.862 [JavaFX Application Thread] DEBUG Input                - Registered new binding: System info dump - CTRL+9
22:03:37.863 [JavaFX Application Thread] DEBUG Input                - Registered new binding: Restart - CTRL+R
22:03:37.865 [JavaFX Application Thread] DEBUG Input                - Registered new binding: Toggle Debug Camera - CTRL+C
22:03:37.872 [JavaFX Application Thread] DEBUG LoopRunner           - Starting loop
22:03:37.875 [JavaFX Application Thread] DEBUG Input                - Clearing active input actions
22:03:37.920 [JavaFX Application Thread] DEBUG GameApplicationServi - Removing overlay from StartupScene and adding to FXGLMainMenuDummyScene
22:03:37.921 [JavaFX Application Thread] DEBUG MainWindow           - StartupScene -> FXGLMainMenuDummyScene
22:03:37.921 [JavaFX Application Thread] DEBUG MainWindow           - Push state: MyMenu
22:03:37.922 [JavaFX Application Thread] DEBUG Input                - Clearing active input actions
22:03:37.928 [JavaFX Application Thread] DEBUG GameApplicationServi - Removing overlay from FXGLMainMenuDummyScene and adding to MyMenu
22:03:37.929 [JavaFX Application Thread] DEBUG MainWindow           - FXGLMainMenuDummyScene -> MyMenu
22:03:37.931 [JavaFX Application Thread] DEBUG FXGLApplication      - Registering font factories with UI factory
22:03:38.904 [FXGL Background Thread 2 ] INFO  UpdaterService       - Your current version:  11.11
22:03:38.904 [FXGL Background Thread 2 ] INFO  UpdaterService       - Latest stable version: dev-SNAPSHOT
22:03:40.426 [JavaFX Application Thread] DEBUG Menu                 - fireNewGame()
22:03:40.428 [JavaFX Application Thread] DEBUG GameApplicationServi - Starting new game
22:03:40.429 [JavaFX Application Thread] DEBUG MainWindow           - Pop state: MyMenu
22:03:40.430 [JavaFX Application Thread] DEBUG Input                - Clearing active input actions
22:03:40.435 [JavaFX Application Thread] DEBUG GameApplicationServi - Removing overlay from MyMenu and adding to FXGLMainMenuDummyScene
22:03:40.438 [JavaFX Application Thread] DEBUG MainWindow           - FXGLMainMenuDummyScene <- MyMenu
22:03:40.441 [JavaFX Application Thread] DEBUG Input                - Clearing active input actions
22:03:40.464 [JavaFX Application Thread] DEBUG GameApplicationServi - Removing overlay from FXGLMainMenuDummyScene and adding to FXGLLoadingScene
22:03:40.465 [JavaFX Application Thread] DEBUG MainWindow           - FXGLMainMenuDummyScene -> FXGLLoadingScene
22:03:40.465 [JavaFX Application Thread] DEBUG GameApplicationServi - Clearing previous game
22:03:40.465 [JavaFX Application Thread] DEBUG GameScene            - Clearing game scene
22:03:40.466 [JavaFX Application Thread] DEBUG GameWorld            - Clearing game world
22:03:40.466 [JavaFX Application Thread] DEBUG PhysicsWorld         - Clearing physics world
22:03:40.468 [FXGL Background Thread 2 ] DEBUG FXGLApplication      - Initializing game
22:03:40.602 [FXGL Background Thread 2 ] DEBUG FXGLAssetLoaderServi - Loading from file system: /assets/textures/star.png
22:03:40.617 [FXGL Background Thread 2 ] DEBUG FXGLAssetLoaderServi - Loading from cache: /assets/textures/star.png
22:03:40.618 [FXGL Background Thread 2 ] DEBUG FXGLAssetLoaderServi - Loading from cache: /assets/textures/star.png
22:03:40.620 [FXGL Background Thread 2 ] DEBUG FXGLAssetLoaderServi - Loading from cache: /assets/textures/star.png
22:03:40.621 [FXGL Background Thread 2 ] DEBUG FXGLAssetLoaderServi - Loading from cache: /assets/textures/star.png
22:03:40.644 [FXGL Background Thread 2 ] DEBUG FXGLAssetLoaderServi - Loading from file system: /assets/textures/heart1.png
22:03:40.661 [FXGL Background Thread 3 ] DEBUG Engine               - Logging environment variables
22:03:40.662 [FXGL Background Thread 3 ] DEBUG Engine               - achievements: []
22:03:40.663 [FXGL Background Thread 3 ] DEBUG Engine               - appIcon: fxgl_icon.png
22:03:40.663 [FXGL Background Thread 3 ] DEBUG Engine               - applicationMode: DEVELOPER
22:03:40.664 [FXGL Background Thread 3 ] DEBUG Engine               - cSSList: [fxgl_dark.css]
22:03:40.664 [FXGL Background Thread 3 ] DEBUG Engine               - configClass: Optional.empty
22:03:40.664 [FXGL Background Thread 3 ] DEBUG Engine               - credits: []
22:03:40.665 [FXGL Background Thread 3 ] DEBUG Engine               - devBBoxColorProperty: ObjectProperty [value: 0xff0000ff]
22:03:40.666 [FXGL Background Thread 3 ] DEBUG Engine               - devEnableDebugCameraProperty: BooleanProperty [value: false]
22:03:40.667 [FXGL Background Thread 3 ] DEBUG Engine               - devSensorColorProperty: ObjectProperty [value: 0xffff00ff]
22:03:40.667 [FXGL Background Thread 3 ] DEBUG Engine               - devShowBBoxProperty: BooleanProperty [value: false]
22:03:40.668 [FXGL Background Thread 3 ] DEBUG Engine               - devShowPositionProperty: BooleanProperty [value: false]
22:03:40.668 [FXGL Background Thread 3 ] DEBUG Engine               - enabledMenuItems: []
22:03:40.670 [FXGL Background Thread 3 ] DEBUG Engine               - engineServices: [class com.almasb.fxgl.app.FXGLApplication$GameApplicationService, class com.almasb.fxgl.app.services.FXGLDialogService, class com.almasb.fxgl.app.services.IOTaskExecutorService, class com.almasb.fxgl.event.EventBusService, class com.almasb.fxgl.io.FileSystemService, class com.almasb.fxgl.localization.LocalizationService, class com.almasb.fxgl.app.services.FXGLAssetLoaderService, class com.almasb.fxgl.app.services.SystemBundleService, class com.almasb.fxgl.profile.SaveLoadService, class com.almasb.fxgl.ui.FXGLUIFactoryServiceProvider, class com.almasb.fxgl.ui.FXGLDialogFactoryServiceProvider, class com.almasb.fxgl.audio.AudioPlayer, class com.almasb.fxgl.notification.impl.NotificationServiceProvider, class com.almasb.fxgl.achievement.AchievementService, class com.almasb.fxgl.cutscene.CutsceneService, class com.almasb.fxgl.minigames.MiniGameService, class com.almasb.fxgl.net.NetService, class com.almasb.fxgl.app.services.UpdaterService, class com.almasb.fxgl.dev.DevService]
22:03:40.670 [FXGL Background Thread 3 ] DEBUG Engine               - fontGame: Abel-Regular.ttf
22:03:40.671 [FXGL Background Thread 3 ] DEBUG Engine               - fontMono: lucida_console.ttf
22:03:40.671 [FXGL Background Thread 3 ] DEBUG Engine               - fontText: Courier-Prime.ttf
22:03:40.671 [FXGL Background Thread 3 ] DEBUG Engine               - fontUI: VarelaRound-Regular.ttf
22:03:40.671 [FXGL Background Thread 3 ] DEBUG Engine               - fullScreen: BooleanProperty [value: false]
22:03:40.672 [FXGL Background Thread 3 ] DEBUG Engine               - gameDifficulty: MEDIUM
22:03:40.672 [FXGL Background Thread 3 ] DEBUG Engine               - gameDifficultyProperty: ObjectProperty [value: MEDIUM]
22:03:40.672 [FXGL Background Thread 3 ] DEBUG Engine               - globalMusicVolume: 0.5
22:03:40.673 [FXGL Background Thread 3 ] DEBUG Engine               - globalMusicVolumeProperty: DoubleProperty [value: 0.5]
22:03:40.673 [FXGL Background Thread 3 ] DEBUG Engine               - globalSoundVolume: 0.5
22:03:40.674 [FXGL Background Thread 3 ] DEBUG Engine               - globalSoundVolumeProperty: DoubleProperty [value: 0.5]
22:03:40.674 [FXGL Background Thread 3 ] DEBUG Engine               - height: 900
22:03:40.674 [FXGL Background Thread 3 ] DEBUG Engine               - isAndroid: false
22:03:40.675 [FXGL Background Thread 3 ] DEBUG Engine               - isBrowser: false
22:03:40.680 [FXGL Background Thread 3 ] DEBUG Engine               - isClickFeedbackEnabled: false
22:03:40.680 [FXGL Background Thread 3 ] DEBUG Engine               - isCloseConfirmation: false
22:03:40.681 [FXGL Background Thread 3 ] DEBUG Engine               - isDesktop: true
22:03:40.681 [FXGL Background Thread 3 ] DEBUG Engine               - isDeveloperMenuEnabled: false
22:03:40.681 [FXGL Background Thread 3 ] DEBUG Engine               - isEntityPreloadEnabled: true
22:03:40.682 [FXGL Background Thread 3 ] DEBUG Engine               - isExperimentalNative: false
22:03:40.682 [FXGL Background Thread 3 ] DEBUG Engine               - isExperimentalTiledLargeMap: false
22:03:40.683 [FXGL Background Thread 3 ] DEBUG Engine               - isFileSystemWriteAllowed: true
22:03:40.683 [FXGL Background Thread 3 ] DEBUG Engine               - isFullScreenAllowed: false
22:03:40.684 [FXGL Background Thread 3 ] DEBUG Engine               - isFullScreenFromStart: false
22:03:40.684 [FXGL Background Thread 3 ] DEBUG Engine               - isGameMenuEnabled: true
22:03:40.684 [FXGL Background Thread 3 ] DEBUG Engine               - isIOS: false
22:03:40.685 [FXGL Background Thread 3 ] DEBUG Engine               - isIntroEnabled: false
22:03:40.685 [FXGL Background Thread 3 ] DEBUG Engine               - isLinux: true
22:03:40.686 [FXGL Background Thread 3 ] DEBUG Engine               - isMac: false
22:03:40.686 [FXGL Background Thread 3 ] DEBUG Engine               - isMainMenuEnabled: true
22:03:40.687 [FXGL Background Thread 3 ] DEBUG Engine               - isManualResizeEnabled: false
22:03:40.688 [FXGL Background Thread 3 ] DEBUG Engine               - isMobile: false
22:03:40.688 [FXGL Background Thread 3 ] DEBUG Engine               - isPreserveResizeRatio: false
22:03:40.689 [FXGL Background Thread 3 ] DEBUG Engine               - isProfilingEnabled: false
22:03:40.689 [FXGL Background Thread 3 ] DEBUG Engine               - isSingleStep: false
22:03:40.689 [FXGL Background Thread 3 ] DEBUG Engine               - isUserProfileEnabled: false
22:03:40.689 [FXGL Background Thread 3 ] DEBUG Engine               - isWindows: false
22:03:40.690 [FXGL Background Thread 3 ] DEBUG Engine               - language: ObjectProperty [value: ENGLISH]
22:03:40.690 [FXGL Background Thread 3 ] DEBUG Engine               - menuKey: ESCAPE
22:03:40.694 [FXGL Background Thread 3 ] DEBUG Engine               - notificationViewClass: class com.almasb.fxgl.notification.view.XboxNotificationView
22:03:40.695 [FXGL Background Thread 3 ] DEBUG Engine               - pixelsPerMeter: 50.0
22:03:40.695 [FXGL Background Thread 3 ] DEBUG Engine               - platform: LINUX
22:03:40.695 [FXGL Background Thread 3 ] DEBUG Engine               - profileDir: profiles/
22:03:40.696 [FXGL Background Thread 3 ] DEBUG Engine               - profileName: StringProperty [value: DEFAULT]
22:03:40.696 [FXGL Background Thread 3 ] DEBUG Engine               - randomSeed: -1
22:03:40.696 [FXGL Background Thread 3 ] DEBUG Engine               - runtimeInfo: RuntimeInfo(platform=LINUX, version=11.11, build=08.09.2020 18.00)
22:03:40.697 [FXGL Background Thread 3 ] DEBUG Engine               - saveFileExt: sav
22:03:40.697 [FXGL Background Thread 3 ] DEBUG Engine               - sceneFactory: sample.Main$1@3ff30d1e
22:03:40.697 [FXGL Background Thread 3 ] DEBUG Engine               - secondsIn24h: 60
22:03:40.697 [FXGL Background Thread 3 ] DEBUG Engine               - soundMenuBack: menu/back.wav
22:03:40.698 [FXGL Background Thread 3 ] DEBUG Engine               - soundMenuPress: menu/press.wav
22:03:40.699 [FXGL Background Thread 3 ] DEBUG Engine               - soundMenuSelect: menu/select.wav
22:03:40.700 [FXGL Background Thread 3 ] DEBUG Engine               - soundNotification: core/notification.wav
22:03:40.702 [FXGL Background Thread 3 ] DEBUG Engine               - stageStyle: DECORATED
22:03:40.705 [FXGL Background Thread 3 ] DEBUG Engine               - supportedLanguages: [ENGLISH, FRENCH, GERMAN, HUNGARIAN, RUSSIAN]
22:03:40.710 [FXGL Background Thread 2 ] DEBUG FXGLAssetLoaderServi - Loading from cache: /assets/textures/heart1.png
22:03:40.713 [FXGL Background Thread 2 ] DEBUG FXGLAssetLoaderServi - Loading from cache: /assets/textures/heart1.png
22:03:40.716 [FXGL Background Thread 2 ] DEBUG FXGLAssetLoaderServi - Loading from cache: /assets/textures/heart1.png
22:03:40.718 [FXGL Background Thread 2 ] DEBUG FXGLAssetLoaderServi - Loading from cache: /assets/textures/heart1.png
22:03:40.708 [FXGL Background Thread 3 ] DEBUG Engine               - title: Color Switch 2
22:03:40.720 [FXGL Background Thread 3 ] DEBUG Engine               - urlGithub: https://github.com/AlmasB/FXGL
22:03:40.721 [FXGL Background Thread 3 ] DEBUG Engine               - urlLeaderboard: http://fxgl-top.herokuapp.com/
22:03:40.722 [FXGL Background Thread 3 ] DEBUG Engine               - urlPOM: https://raw.githubusercontent.com/AlmasB/FXGL/master/pom.xml
22:03:40.722 [FXGL Background Thread 3 ] DEBUG Engine               - version: 0.0
22:03:40.723 [FXGL Background Thread 3 ] DEBUG Engine               - versionCheckDays: 7
22:03:40.723 [FXGL Background Thread 3 ] DEBUG Engine               - width: 900
22:03:40.724 [FXGL Background Thread 3 ] DEBUG Engine               - Logging services
22:03:40.725 [FXGL Background Thread 3 ] DEBUG Engine               - class com.almasb.fxgl.app.FXGLApplication$GameApplicationService
22:03:40.725 [FXGL Background Thread 3 ] DEBUG Engine               - class com.almasb.fxgl.app.services.FXGLDialogService
22:03:40.725 [FXGL Background Thread 3 ] DEBUG Engine               - class com.almasb.fxgl.app.services.IOTaskExecutorService
22:03:40.726 [FXGL Background Thread 3 ] DEBUG Engine               - class com.almasb.fxgl.event.EventBusService
22:03:40.726 [FXGL Background Thread 3 ] DEBUG Engine               - class com.almasb.fxgl.io.FileSystemService
22:03:40.727 [FXGL Background Thread 3 ] DEBUG Engine               - class com.almasb.fxgl.localization.LocalizationService
22:03:40.727 [FXGL Background Thread 3 ] DEBUG Engine               - class com.almasb.fxgl.app.services.FXGLAssetLoaderService
22:03:40.728 [FXGL Background Thread 3 ] DEBUG Engine               - class com.almasb.fxgl.app.services.SystemBundleService
22:03:40.728 [FXGL Background Thread 3 ] DEBUG Engine               - class com.almasb.fxgl.profile.SaveLoadService
22:03:40.728 [FXGL Background Thread 3 ] DEBUG Engine               - class com.almasb.fxgl.ui.FXGLUIFactoryServiceProvider
22:03:40.729 [FXGL Background Thread 2 ] INFO  FXGLApplication      - Game initialization took: 0.260 sec
22:03:40.729 [FXGL Background Thread 3 ] DEBUG Engine               - class com.almasb.fxgl.ui.FXGLDialogFactoryServiceProvider
22:03:40.730 [FXGL Background Thread 3 ] DEBUG Engine               - class com.almasb.fxgl.audio.AudioPlayer
22:03:40.730 [FXGL Background Thread 3 ] DEBUG Engine               - class com.almasb.fxgl.notification.impl.NotificationServiceProvider
22:03:40.730 [FXGL Background Thread 3 ] DEBUG Engine               - class com.almasb.fxgl.achievement.AchievementService
22:03:40.731 [FXGL Background Thread 3 ] DEBUG Engine               - class com.almasb.fxgl.cutscene.CutsceneService
22:03:40.732 [FXGL Background Thread 3 ] DEBUG Engine               - class com.almasb.fxgl.minigames.MiniGameService
22:03:40.732 [FXGL Background Thread 3 ] DEBUG Engine               - class com.almasb.fxgl.net.NetService
22:03:40.732 [FXGL Background Thread 3 ] DEBUG Engine               - class com.almasb.fxgl.app.services.UpdaterService
22:03:40.733 [FXGL Background Thread 3 ] DEBUG Engine               - class com.almasb.fxgl.dev.DevService
22:03:40.737 [JavaFX Application Thread] DEBUG Input                - Clearing active input actions
22:03:40.756 [JavaFX Application Thread] DEBUG GameApplicationServi - Removing overlay from FXGLLoadingScene and adding to GameScene
22:03:40.757 [JavaFX Application Thread] DEBUG MainWindow           - FXGLLoadingScene -> GameScene
22:04:01.562 [JavaFX Application Thread] DEBUG FXGLApplication      - Exiting FXGL
22:04:01.563 [JavaFX Application Thread] DEBUG LoopRunner           - Stopping loop
22:04:01.564 [JavaFX Application Thread] DEBUG SystemBundleService  - Saving FXGL system data
22:04:01.570 [JavaFX Application Thread] DEBUG FileSystemAccess     - Writing to: /home/chintan/Downloads/game/system/fxgl.bundle
22:04:01.579 [JavaFX Application Thread] DEBUG Async                - Shutting down background threads
22:04:01.582 [JavaFX Application Thread] DEBUG MainWindow           - Closing main window
22:04:01.595 [JavaFX Application Thread] DEBUG Logger               - Closing Logger
