21:09:45.872 [main                     ] DEBUG Logger               - Configured Logger
21:09:45.917 [main                     ] DEBUG GameApplication      - Logging settings
Title: Color Switch 2
Version: 0.0
Width: 900
Height: 900
Fullscreen: false
Intro: false
Profiling: false
Single step:false
App Mode: DEVELOPER
Menu Key: ESCAPE
Stage Style: DECORATED
Scene Factory: class com.almasb.fxgl.app.scene.SceneFactory

21:09:46.815 [JavaFX Application Thread] DEBUG FXGLApplication      - Initializing FXGL
21:09:46.847 [JavaFX Application Thread] INFO  Engine               - FXGL-11.11 (08.09.2020 18.00) on LINUX (J:15.0.1 FX:14)
21:09:46.848 [JavaFX Application Thread] DEBUG Engine               - JRE Vendor Name: Oracle Corporation
21:09:46.859 [JavaFX Application Thread] DEBUG Engine               - Running on OS: Linux version 5.4.0-58-generic
21:09:46.860 [JavaFX Application Thread] DEBUG Engine               - Architecture: amd64
21:09:46.860 [JavaFX Application Thread] INFO  Engine               - Source code and latest versions at: https://github.com/AlmasB/FXGL
21:09:46.861 [JavaFX Application Thread] INFO  Engine               -              Join the FXGL chat at: https://gitter.im/AlmasB/FXGL
21:09:47.166 [JavaFX Application Thread] DEBUG MainWindow           - Creating a JavaFX scene
21:09:47.367 [JavaFX Application Thread] DEBUG MainWindow           - Target settings size: 900.0 x 900.0
21:09:47.368 [JavaFX Application Thread] DEBUG MainWindow           - Scaled scene size:    900.0 x 900.0
21:09:47.368 [JavaFX Application Thread] DEBUG MainWindow           - Scaled ratio: (1.0, 1.0)
21:09:47.370 [JavaFX Application Thread] DEBUG MainWindow           - Set initial scene to StartupScene
21:09:47.381 [JavaFX Application Thread] DEBUG MainWindow           - Opening main window
21:09:47.549 [JavaFX Application Thread] DEBUG MainWindow           - Window border size: (2.0, 29.0)
21:09:47.550 [JavaFX Application Thread] DEBUG MainWindow           - Scaled size: 900.0 x 900.0
21:09:47.550 [JavaFX Application Thread] DEBUG MainWindow           - Scaled ratio: (1.0, 1.0)
21:09:47.551 [JavaFX Application Thread] DEBUG MainWindow           - Scene size: 900.0 x 900.0
21:09:47.551 [JavaFX Application Thread] DEBUG MainWindow           - Stage size: 902.0 x 929.0
21:09:47.569 [FXGL Background Thread 1 ] DEBUG Engine               - Initializing environment variables
21:09:47.729 [FXGL Background Thread 1 ] DEBUG GameApplicationServi - Applying CSS: fxgl_dark.css
21:09:47.731 [FXGL Background Thread 1 ] DEBUG FXGLAssetLoaderServi - Loading from file system: /assets/ui/css/fxgl_dark.css
21:09:47.957 [FXGL Background Thread 1 ] DEBUG GameApplicationServi - Initializing application scenes
21:09:48.111 [FXGL Background Thread 1 ] DEBUG GameWorld            - Game world initialized
21:09:48.279 [FXGL Background Thread 1 ] DEBUG PhysicsWorld         - Physics world initialized: appHeight=900, physics.ppm=50.0
21:09:48.283 [FXGL Background Thread 1 ] DEBUG GameScene            - Game scene initialized: 900x900
21:09:48.337 [FXGL Background Thread 1 ] DEBUG FXGLAssetLoaderServi - Loading from file system: /assets/textures/particles/trace_horizontal.png
21:09:48.427 [FXGL Background Thread 1 ] DEBUG FXGL.DefaultMenu     - createMenuBodyMainMenu()
21:09:48.440 [FXGL Background Thread 1 ] DEBUG FXGL.DefaultMenu     - createOptionsMenu()
21:09:48.464 [FXGL Background Thread 1 ] DEBUG FXGLAssetLoaderServi - Loading from file system: /assets/textures/particles/smoke.png
21:09:48.555 [FXGL Background Thread 1 ] DEBUG FXGLAssetLoaderServi - Loading from cache: /assets/textures/particles/trace_horizontal.png@64.0x64.0
21:09:48.556 [FXGL Background Thread 1 ] DEBUG FXGL.DefaultMenu     - createMenuBodyGameMenu()
21:09:48.557 [FXGL Background Thread 1 ] DEBUG FXGL.DefaultMenu     - createOptionsMenu()
21:09:48.560 [FXGL Background Thread 1 ] DEBUG FXGLAssetLoaderServi - Loading from cache: /assets/textures/particles/smoke.png@128.0x128.0
21:09:48.605 [FXGL Background Thread 1 ] DEBUG GameApplicationServi - Application scenes initialized
21:09:48.616 [FXGL Background Thread 1 ] DEBUG SystemBundleService  - Loading FXGL system data
21:09:48.619 [FXGL Background Thread 1 ] DEBUG FileSystemAccess     - Reading from: /home/chintan/Downloads/game/system/fxgl.bundle
21:09:48.625 [FXGL Background Thread 1 ] DEBUG SystemBundleService  - Bundle FXGL: {}
21:09:48.626 [FXGL Background Thread 1 ] DEBUG UpdaterService       - Checking for updates
21:09:48.643 [FXGL Background Thread 1 ] DEBUG FXGLApplication      - Loading default localization
21:09:48.645 [FXGL Background Thread 1 ] DEBUG FXGLAssetLoaderServi - Loading from file system: /assets/languages/english.lang
21:09:48.648 [FXGL Background Thread 4 ] DEBUG FXGLApplication      - Loading fonts
21:09:48.649 [FXGL Background Thread 4 ] DEBUG FXGLAssetLoaderServi - Loading from file system: /assets/ui/fonts/VarelaRound-Regular.ttf
21:09:48.671 [FXGL Background Thread 4 ] DEBUG FXGLAssetLoaderServi - Loading from file system: /assets/ui/fonts/Abel-Regular.ttf
21:09:48.674 [FXGL Background Thread 4 ] DEBUG FXGLAssetLoaderServi - Loading from file system: /assets/ui/fonts/lucida_console.ttf
21:09:48.679 [FXGL Background Thread 4 ] DEBUG FXGLAssetLoaderServi - Loading from file system: /assets/ui/fonts/Courier-Prime.ttf
21:09:48.682 [FXGL Background Thread 1 ] INFO  FXGLApplication      - FXGL initialization took: 1.112 sec
21:09:48.691 [JavaFX Application Thread] DEBUG Input                - Registered new binding: Up - W
21:09:48.692 [JavaFX Application Thread] DEBUG Input                - Registered new binding: action0 - F
21:09:48.692 [JavaFX Application Thread] DEBUG FXGLAssetLoaderServi - Loading from file system: /assets/textures/fxgl_icon.png
21:09:48.752 [JavaFX Application Thread] DEBUG FXGLAssetLoaderServi - Loading from file system: /assets/ui/cursors/fxgl_default.png
21:09:48.757 [JavaFX Application Thread] DEBUG Input                - Registered new binding: Screenshot - P
21:09:48.762 [JavaFX Application Thread] DEBUG Input                - Registered new binding: System info dump - CTRL+9
21:09:48.766 [JavaFX Application Thread] DEBUG Input                - Registered new binding: Restart - CTRL+R
21:09:48.770 [JavaFX Application Thread] DEBUG Input                - Registered new binding: Toggle Debug Camera - CTRL+C
21:09:48.777 [JavaFX Application Thread] DEBUG LoopRunner           - Starting loop
21:09:48.782 [JavaFX Application Thread] DEBUG Input                - Clearing active input actions
21:09:48.803 [JavaFX Application Thread] DEBUG GameApplicationServi - Removing overlay from StartupScene and adding to FXGLMainMenuDummyScene
21:09:48.804 [JavaFX Application Thread] DEBUG MainWindow           - StartupScene -> FXGLMainMenuDummyScene
21:09:48.804 [JavaFX Application Thread] DEBUG MainWindow           - Push state: FXGLDefaultMenu
21:09:48.830 [JavaFX Application Thread] DEBUG Input                - Clearing active input actions
21:09:48.853 [JavaFX Application Thread] DEBUG GameApplicationServi - Removing overlay from FXGLMainMenuDummyScene and adding to FXGLDefaultMenu
21:09:48.854 [JavaFX Application Thread] DEBUG MainWindow           - FXGLMainMenuDummyScene -> FXGLDefaultMenu
21:09:48.855 [JavaFX Application Thread] DEBUG FXGLApplication      - Registering font factories with UI factory
21:09:49.763 [JavaFX Application Thread] DEBUG Menu                 - fireNewGame()
21:09:49.763 [JavaFX Application Thread] DEBUG GameApplicationServi - Starting new game
21:09:49.772 [JavaFX Application Thread] DEBUG MainWindow           - Pop state: FXGLDefaultMenu
21:09:49.772 [JavaFX Application Thread] DEBUG Input                - Clearing active input actions
21:09:49.774 [JavaFX Application Thread] DEBUG GameApplicationServi - Removing overlay from FXGLDefaultMenu and adding to FXGLMainMenuDummyScene
21:09:49.774 [JavaFX Application Thread] DEBUG MainWindow           - FXGLMainMenuDummyScene <- FXGLDefaultMenu
21:09:49.775 [JavaFX Application Thread] DEBUG Input                - Clearing active input actions
21:09:49.789 [JavaFX Application Thread] DEBUG GameApplicationServi - Removing overlay from FXGLMainMenuDummyScene and adding to FXGLLoadingScene
21:09:49.792 [JavaFX Application Thread] DEBUG MainWindow           - FXGLMainMenuDummyScene -> FXGLLoadingScene
21:09:49.794 [JavaFX Application Thread] DEBUG GameApplicationServi - Clearing previous game
21:09:49.795 [JavaFX Application Thread] DEBUG GameScene            - Clearing game scene
21:09:49.796 [JavaFX Application Thread] DEBUG GameWorld            - Clearing game world
21:09:49.798 [JavaFX Application Thread] DEBUG PhysicsWorld         - Clearing physics world
21:09:49.801 [FXGL Background Thread 4 ] DEBUG FXGLApplication      - Initializing game
21:09:50.242 [FXGL Background Thread 4 ] DEBUG FXGLAssetLoaderServi - Loading from file system: /assets/textures/star.png
21:09:50.274 [FXGL Background Thread 4 ] DEBUG FXGLAssetLoaderServi - Loading from cache: /assets/textures/star.png
21:09:50.275 [FXGL Background Thread 4 ] DEBUG FXGLAssetLoaderServi - Loading from cache: /assets/textures/star.png
21:09:50.276 [FXGL Background Thread 4 ] DEBUG FXGLAssetLoaderServi - Loading from cache: /assets/textures/star.png
21:09:50.288 [FXGL Background Thread 4 ] DEBUG FXGLAssetLoaderServi - Loading from cache: /assets/textures/star.png
21:09:50.317 [FXGL Background Thread 4 ] DEBUG FXGLAssetLoaderServi - Loading from file system: /assets/textures/heart1.png
21:09:50.462 [FXGL Background Thread 4 ] DEBUG FXGLAssetLoaderServi - Loading from cache: /assets/textures/heart1.png
21:09:50.463 [FXGL Background Thread 4 ] DEBUG FXGLAssetLoaderServi - Loading from cache: /assets/textures/heart1.png
21:09:50.464 [FXGL Background Thread 4 ] DEBUG FXGLAssetLoaderServi - Loading from cache: /assets/textures/heart1.png
21:09:50.465 [FXGL Background Thread 4 ] DEBUG FXGLAssetLoaderServi - Loading from cache: /assets/textures/heart1.png
21:09:50.488 [FXGL Background Thread 4 ] INFO  FXGLApplication      - Game initialization took: 0.686 sec
21:09:50.491 [JavaFX Application Thread] DEBUG Input                - Clearing active input actions
21:09:50.523 [JavaFX Application Thread] DEBUG GameApplicationServi - Removing overlay from FXGLLoadingScene and adding to GameScene
21:09:50.523 [JavaFX Application Thread] DEBUG MainWindow           - FXGLLoadingScene -> GameScene
21:09:51.629 [FXGL Background Thread 3 ] DEBUG Engine               - Logging environment variables
21:09:51.630 [FXGL Background Thread 3 ] DEBUG Engine               - achievements: []
21:09:51.630 [FXGL Background Thread 3 ] DEBUG Engine               - appIcon: fxgl_icon.png
21:09:51.631 [FXGL Background Thread 3 ] DEBUG Engine               - applicationMode: DEVELOPER
21:09:51.631 [FXGL Background Thread 3 ] DEBUG Engine               - cSSList: [fxgl_dark.css]
21:09:51.632 [FXGL Background Thread 3 ] DEBUG Engine               - configClass: Optional.empty
21:09:51.632 [FXGL Background Thread 3 ] DEBUG Engine               - credits: []
21:09:51.633 [FXGL Background Thread 3 ] DEBUG Engine               - devBBoxColorProperty: ObjectProperty [value: 0xff0000ff]
21:09:51.633 [FXGL Background Thread 3 ] DEBUG Engine               - devEnableDebugCameraProperty: BooleanProperty [value: false]
21:09:51.634 [FXGL Background Thread 3 ] DEBUG Engine               - devSensorColorProperty: ObjectProperty [value: 0xffff00ff]
21:09:51.635 [FXGL Background Thread 3 ] DEBUG Engine               - devShowBBoxProperty: BooleanProperty [value: false]
21:09:51.635 [FXGL Background Thread 3 ] DEBUG Engine               - devShowPositionProperty: BooleanProperty [value: false]
21:09:51.635 [FXGL Background Thread 3 ] DEBUG Engine               - enabledMenuItems: []
21:09:51.636 [FXGL Background Thread 3 ] DEBUG Engine               - engineServices: [class com.almasb.fxgl.app.FXGLApplication$GameApplicationService, class com.almasb.fxgl.app.services.FXGLDialogService, class com.almasb.fxgl.app.services.IOTaskExecutorService, class com.almasb.fxgl.event.EventBusService, class com.almasb.fxgl.io.FileSystemService, class com.almasb.fxgl.localization.LocalizationService, class com.almasb.fxgl.app.services.FXGLAssetLoaderService, class com.almasb.fxgl.app.services.SystemBundleService, class com.almasb.fxgl.profile.SaveLoadService, class com.almasb.fxgl.ui.FXGLUIFactoryServiceProvider, class com.almasb.fxgl.ui.FXGLDialogFactoryServiceProvider, class com.almasb.fxgl.audio.AudioPlayer, class com.almasb.fxgl.notification.impl.NotificationServiceProvider, class com.almasb.fxgl.achievement.AchievementService, class com.almasb.fxgl.cutscene.CutsceneService, class com.almasb.fxgl.minigames.MiniGameService, class com.almasb.fxgl.net.NetService, class com.almasb.fxgl.app.services.UpdaterService, class com.almasb.fxgl.dev.DevService]
21:09:51.636 [FXGL Background Thread 3 ] DEBUG Engine               - fontGame: Abel-Regular.ttf
21:09:51.637 [FXGL Background Thread 3 ] DEBUG Engine               - fontMono: lucida_console.ttf
21:09:51.637 [FXGL Background Thread 3 ] DEBUG Engine               - fontText: Courier-Prime.ttf
21:09:51.637 [FXGL Background Thread 3 ] DEBUG Engine               - fontUI: VarelaRound-Regular.ttf
21:09:51.638 [FXGL Background Thread 3 ] DEBUG Engine               - fullScreen: BooleanProperty [value: false]
21:09:51.638 [FXGL Background Thread 3 ] DEBUG Engine               - gameDifficulty: MEDIUM
21:09:51.638 [FXGL Background Thread 3 ] DEBUG Engine               - gameDifficultyProperty: ObjectProperty [value: MEDIUM]
21:09:51.639 [FXGL Background Thread 3 ] DEBUG Engine               - globalMusicVolume: 0.5
21:09:51.639 [FXGL Background Thread 3 ] DEBUG Engine               - globalMusicVolumeProperty: DoubleProperty [value: 0.5]
21:09:51.640 [FXGL Background Thread 3 ] DEBUG Engine               - globalSoundVolume: 0.5
21:09:51.640 [FXGL Background Thread 3 ] DEBUG Engine               - globalSoundVolumeProperty: DoubleProperty [value: 0.5]
21:09:51.640 [FXGL Background Thread 3 ] DEBUG Engine               - height: 900
21:09:51.641 [FXGL Background Thread 3 ] DEBUG Engine               - isAndroid: false
21:09:51.641 [FXGL Background Thread 3 ] DEBUG Engine               - isBrowser: false
21:09:51.641 [FXGL Background Thread 3 ] DEBUG Engine               - isClickFeedbackEnabled: false
21:09:51.642 [FXGL Background Thread 3 ] DEBUG Engine               - isCloseConfirmation: false
21:09:51.642 [FXGL Background Thread 3 ] DEBUG Engine               - isDesktop: true
21:09:51.642 [FXGL Background Thread 3 ] DEBUG Engine               - isDeveloperMenuEnabled: false
21:09:51.643 [FXGL Background Thread 3 ] DEBUG Engine               - isEntityPreloadEnabled: true
21:09:51.643 [FXGL Background Thread 3 ] DEBUG Engine               - isExperimentalNative: false
21:09:51.643 [FXGL Background Thread 3 ] DEBUG Engine               - isExperimentalTiledLargeMap: false
21:09:51.644 [FXGL Background Thread 3 ] DEBUG Engine               - isFileSystemWriteAllowed: true
21:09:51.644 [FXGL Background Thread 3 ] DEBUG Engine               - isFullScreenAllowed: false
21:09:51.644 [FXGL Background Thread 3 ] DEBUG Engine               - isFullScreenFromStart: false
21:09:51.644 [FXGL Background Thread 3 ] DEBUG Engine               - isGameMenuEnabled: true
21:09:51.645 [FXGL Background Thread 3 ] DEBUG Engine               - isIOS: false
21:09:51.645 [FXGL Background Thread 3 ] DEBUG Engine               - isIntroEnabled: false
21:09:51.645 [FXGL Background Thread 3 ] DEBUG Engine               - isLinux: true
21:09:51.645 [FXGL Background Thread 3 ] DEBUG Engine               - isMac: false
21:09:51.646 [FXGL Background Thread 3 ] DEBUG Engine               - isMainMenuEnabled: true
21:09:51.646 [FXGL Background Thread 3 ] DEBUG Engine               - isManualResizeEnabled: false
21:09:51.646 [FXGL Background Thread 3 ] DEBUG Engine               - isMobile: false
21:09:51.647 [FXGL Background Thread 3 ] DEBUG Engine               - isPreserveResizeRatio: false
21:09:51.647 [FXGL Background Thread 3 ] DEBUG Engine               - isProfilingEnabled: false
21:09:51.647 [FXGL Background Thread 3 ] DEBUG Engine               - isSingleStep: false
21:09:51.647 [FXGL Background Thread 3 ] DEBUG Engine               - isUserProfileEnabled: false
21:09:51.648 [FXGL Background Thread 3 ] DEBUG Engine               - isWindows: false
21:09:51.648 [FXGL Background Thread 3 ] DEBUG Engine               - language: ObjectProperty [value: ENGLISH]
21:09:51.648 [FXGL Background Thread 3 ] DEBUG Engine               - menuKey: ESCAPE
21:09:51.648 [FXGL Background Thread 3 ] DEBUG Engine               - notificationViewClass: class com.almasb.fxgl.notification.view.XboxNotificationView
21:09:51.649 [FXGL Background Thread 3 ] DEBUG Engine               - pixelsPerMeter: 50.0
21:09:51.649 [FXGL Background Thread 3 ] DEBUG Engine               - platform: LINUX
21:09:51.649 [FXGL Background Thread 3 ] DEBUG Engine               - profileDir: profiles/
21:09:51.649 [FXGL Background Thread 3 ] DEBUG Engine               - profileName: StringProperty [value: DEFAULT]
21:09:51.650 [FXGL Background Thread 3 ] DEBUG Engine               - randomSeed: -1
21:09:51.650 [FXGL Background Thread 3 ] DEBUG Engine               - runtimeInfo: RuntimeInfo(platform=LINUX, version=11.11, build=08.09.2020 18.00)
21:09:51.650 [FXGL Background Thread 3 ] DEBUG Engine               - saveFileExt: sav
21:09:51.651 [FXGL Background Thread 3 ] DEBUG Engine               - sceneFactory: com.almasb.fxgl.app.scene.SceneFactory@20674ea
21:09:51.651 [FXGL Background Thread 3 ] DEBUG Engine               - secondsIn24h: 60
21:09:51.651 [FXGL Background Thread 3 ] DEBUG Engine               - soundMenuBack: menu/back.wav
21:09:51.651 [FXGL Background Thread 3 ] DEBUG Engine               - soundMenuPress: menu/press.wav
21:09:51.652 [FXGL Background Thread 3 ] DEBUG Engine               - soundMenuSelect: menu/select.wav
21:09:51.652 [FXGL Background Thread 3 ] DEBUG Engine               - soundNotification: core/notification.wav
21:09:51.653 [FXGL Background Thread 3 ] DEBUG Engine               - stageStyle: DECORATED
21:09:51.655 [FXGL Background Thread 3 ] DEBUG Engine               - supportedLanguages: [ENGLISH, FRENCH, GERMAN, HUNGARIAN, RUSSIAN]
21:09:51.656 [FXGL Background Thread 3 ] DEBUG Engine               - title: Color Switch 2
21:09:51.658 [FXGL Background Thread 3 ] DEBUG Engine               - urlGithub: https://github.com/AlmasB/FXGL
21:09:51.659 [FXGL Background Thread 3 ] DEBUG Engine               - urlLeaderboard: http://fxgl-top.herokuapp.com/
21:09:51.661 [FXGL Background Thread 3 ] DEBUG Engine               - urlPOM: https://raw.githubusercontent.com/AlmasB/FXGL/master/pom.xml
21:09:51.662 [FXGL Background Thread 3 ] DEBUG Engine               - version: 0.0
21:09:51.664 [FXGL Background Thread 3 ] DEBUG Engine               - versionCheckDays: 7
21:09:51.665 [FXGL Background Thread 3 ] DEBUG Engine               - width: 900
21:09:51.666 [FXGL Background Thread 3 ] DEBUG Engine               - Logging services
21:09:51.667 [FXGL Background Thread 3 ] DEBUG Engine               - class com.almasb.fxgl.app.FXGLApplication$GameApplicationService
21:09:51.667 [FXGL Background Thread 3 ] DEBUG Engine               - class com.almasb.fxgl.app.services.FXGLDialogService
21:09:51.668 [FXGL Background Thread 3 ] DEBUG Engine               - class com.almasb.fxgl.app.services.IOTaskExecutorService
21:09:51.668 [FXGL Background Thread 3 ] DEBUG Engine               - class com.almasb.fxgl.event.EventBusService
21:09:51.669 [FXGL Background Thread 3 ] DEBUG Engine               - class com.almasb.fxgl.io.FileSystemService
21:09:51.670 [FXGL Background Thread 3 ] DEBUG Engine               - class com.almasb.fxgl.localization.LocalizationService
21:09:51.670 [FXGL Background Thread 3 ] DEBUG Engine               - class com.almasb.fxgl.app.services.FXGLAssetLoaderService
21:09:51.671 [FXGL Background Thread 3 ] DEBUG Engine               - class com.almasb.fxgl.app.services.SystemBundleService
21:09:51.671 [FXGL Background Thread 3 ] DEBUG Engine               - class com.almasb.fxgl.profile.SaveLoadService
21:09:51.672 [FXGL Background Thread 3 ] DEBUG Engine               - class com.almasb.fxgl.ui.FXGLUIFactoryServiceProvider
21:09:51.672 [FXGL Background Thread 3 ] DEBUG Engine               - class com.almasb.fxgl.ui.FXGLDialogFactoryServiceProvider
21:09:51.673 [FXGL Background Thread 3 ] DEBUG Engine               - class com.almasb.fxgl.audio.AudioPlayer
21:09:51.673 [FXGL Background Thread 3 ] DEBUG Engine               - class com.almasb.fxgl.notification.impl.NotificationServiceProvider
21:09:51.674 [FXGL Background Thread 3 ] DEBUG Engine               - class com.almasb.fxgl.achievement.AchievementService
21:09:51.674 [FXGL Background Thread 3 ] DEBUG Engine               - class com.almasb.fxgl.cutscene.CutsceneService
21:09:51.675 [FXGL Background Thread 3 ] DEBUG Engine               - class com.almasb.fxgl.minigames.MiniGameService
21:09:51.675 [FXGL Background Thread 3 ] DEBUG Engine               - class com.almasb.fxgl.net.NetService
21:09:51.675 [FXGL Background Thread 3 ] DEBUG Engine               - class com.almasb.fxgl.app.services.UpdaterService
21:09:51.676 [FXGL Background Thread 3 ] DEBUG Engine               - class com.almasb.fxgl.dev.DevService
21:09:52.788 [FXGL Background Thread 2 ] INFO  UpdaterService       - Your current version:  11.11
21:09:52.788 [FXGL Background Thread 2 ] INFO  UpdaterService       - Latest stable version: dev-SNAPSHOT
21:10:29.917 [JavaFX Application Thread] DEBUG FXGLAssetLoaderServi - Loading from cache: /assets/textures/star.png
21:10:29.917 [JavaFX Application Thread] DEBUG FXGLAssetLoaderServi - Loading from cache: /assets/textures/star.png
21:10:29.918 [JavaFX Application Thread] DEBUG FXGLAssetLoaderServi - Loading from cache: /assets/textures/star.png
21:10:29.918 [JavaFX Application Thread] DEBUG FXGLAssetLoaderServi - Loading from cache: /assets/textures/star.png
21:10:29.918 [JavaFX Application Thread] DEBUG FXGLAssetLoaderServi - Loading from cache: /assets/textures/star.png
21:10:29.919 [JavaFX Application Thread] DEBUG FXGLAssetLoaderServi - Loading from cache: /assets/textures/heart1.png
21:10:29.919 [JavaFX Application Thread] DEBUG FXGLAssetLoaderServi - Loading from cache: /assets/textures/heart1.png
21:10:29.919 [JavaFX Application Thread] DEBUG FXGLAssetLoaderServi - Loading from cache: /assets/textures/heart1.png
21:10:29.920 [JavaFX Application Thread] DEBUG FXGLAssetLoaderServi - Loading from cache: /assets/textures/heart1.png
21:10:29.920 [JavaFX Application Thread] DEBUG FXGLAssetLoaderServi - Loading from cache: /assets/textures/heart1.png
21:11:04.785 [JavaFX Application Thread] DEBUG FXGLApplication      - Exiting FXGL
21:11:04.785 [JavaFX Application Thread] DEBUG LoopRunner           - Stopping loop
21:11:04.785 [JavaFX Application Thread] DEBUG SystemBundleService  - Saving FXGL system data
21:11:04.787 [JavaFX Application Thread] DEBUG FileSystemAccess     - Writing to: /home/chintan/Downloads/game/system/fxgl.bundle
21:11:04.789 [JavaFX Application Thread] DEBUG Async                - Shutting down background threads
21:11:04.789 [JavaFX Application Thread] DEBUG MainWindow           - Closing main window
21:11:04.792 [JavaFX Application Thread] DEBUG Logger               - Closing Logger
