22:04:41.048 [main                     ] DEBUG Logger               - Configured Logger
22:04:41.094 [main                     ] DEBUG GameApplication      - Logging settings
Title: Color Switch 2
Version: 0.0
Width: 900
Height: 900
Fullscreen: false
Intro: false
Profiling: false
Single step:false
App Mode: DEVELOPER
Menu Key: ESCAPE
Stage Style: DECORATED
Scene Factory: class sample.Main$1

22:04:42.037 [JavaFX Application Thread] DEBUG FXGLApplication      - Initializing FXGL
22:04:42.049 [JavaFX Application Thread] INFO  Engine               - FXGL-11.11 (08.09.2020 18.00) on LINUX (J:15.0.1 FX:14)
22:04:42.049 [JavaFX Application Thread] DEBUG Engine               - JRE Vendor Name: Oracle Corporation
22:04:42.050 [JavaFX Application Thread] DEBUG Engine               - Running on OS: Linux version 5.4.0-58-generic
22:04:42.050 [JavaFX Application Thread] DEBUG Engine               - Architecture: amd64
22:04:42.050 [JavaFX Application Thread] INFO  Engine               - Source code and latest versions at: https://github.com/AlmasB/FXGL
22:04:42.051 [JavaFX Application Thread] INFO  Engine               -              Join the FXGL chat at: https://gitter.im/AlmasB/FXGL
22:04:42.350 [JavaFX Application Thread] DEBUG MainWindow           - Creating a JavaFX scene
22:04:42.599 [JavaFX Application Thread] DEBUG MainWindow           - Target settings size: 900.0 x 900.0
22:04:42.600 [JavaFX Application Thread] DEBUG MainWindow           - Scaled scene size:    900.0 x 900.0
22:04:42.601 [JavaFX Application Thread] DEBUG MainWindow           - Scaled ratio: (1.0, 1.0)
22:04:42.602 [JavaFX Application Thread] DEBUG MainWindow           - Set initial scene to StartupScene
22:04:42.609 [JavaFX Application Thread] DEBUG MainWindow           - Opening main window
22:04:42.718 [JavaFX Application Thread] DEBUG MainWindow           - Window border size: (2.0, 29.0)
22:04:42.719 [JavaFX Application Thread] DEBUG MainWindow           - Scaled size: 900.0 x 900.0
22:04:42.719 [JavaFX Application Thread] DEBUG MainWindow           - Scaled ratio: (1.0, 1.0)
22:04:42.720 [JavaFX Application Thread] DEBUG MainWindow           - Scene size: 900.0 x 900.0
22:04:42.720 [JavaFX Application Thread] DEBUG MainWindow           - Stage size: 902.0 x 929.0
22:04:42.735 [FXGL Background Thread 1 ] DEBUG Engine               - Initializing environment variables
22:04:42.852 [FXGL Background Thread 1 ] DEBUG GameApplicationServi - Applying CSS: fxgl_dark.css
22:04:42.865 [FXGL Background Thread 1 ] DEBUG FXGLAssetLoaderServi - Loading from file system: /assets/ui/css/fxgl_dark.css
22:04:43.044 [FXGL Background Thread 1 ] DEBUG GameApplicationServi - Initializing application scenes
22:04:43.226 [FXGL Background Thread 1 ] DEBUG GameWorld            - Game world initialized
22:04:43.480 [FXGL Background Thread 1 ] DEBUG PhysicsWorld         - Physics world initialized: appHeight=900, physics.ppm=50.0
22:04:43.483 [FXGL Background Thread 1 ] DEBUG GameScene            - Game scene initialized: 900x900
22:04:43.533 [FXGL Background Thread 1 ] DEBUG FXGLAssetLoaderServi - Loading from file system: /assets/textures/colorswitch.png
22:04:43.534 [FXGL Background Thread 1 ] WARN  FXGLAssetLoaderServi - Failed to load texture colorswitch.png Error: java.lang.IllegalArgumentException: Asset "/assets/textures/colorswitch.png" was not found!
22:04:43.682 [FXGL Background Thread 1 ] DEBUG FXGLAssetLoaderServi - Loading from file system: /assets/textures/particles/trace_horizontal.png
22:04:43.799 [FXGL Background Thread 1 ] DEBUG FXGL.DefaultMenu     - createMenuBodyGameMenu()
22:04:43.829 [FXGL Background Thread 1 ] DEBUG FXGL.DefaultMenu     - createOptionsMenu()
22:04:43.835 [FXGL Background Thread 1 ] DEBUG FXGLAssetLoaderServi - Loading from file system: /assets/textures/particles/smoke.png
22:04:43.957 [FXGL Background Thread 1 ] DEBUG GameApplicationServi - Application scenes initialized
22:04:43.970 [FXGL Background Thread 1 ] DEBUG SystemBundleService  - Loading FXGL system data
22:04:43.975 [FXGL Background Thread 1 ] DEBUG FileSystemAccess     - Reading from: /home/chintan/Downloads/game/system/fxgl.bundle
22:04:44.003 [FXGL Background Thread 1 ] DEBUG SystemBundleService  - Bundle FXGL: {}
22:04:44.004 [FXGL Background Thread 1 ] DEBUG UpdaterService       - Checking for updates
22:04:44.016 [FXGL Background Thread 1 ] DEBUG FXGLApplication      - Loading default localization
22:04:44.016 [FXGL Background Thread 1 ] DEBUG FXGLAssetLoaderServi - Loading from file system: /assets/languages/english.lang
22:04:44.018 [FXGL Background Thread 4 ] DEBUG FXGLApplication      - Loading fonts
22:04:44.019 [FXGL Background Thread 4 ] DEBUG FXGLAssetLoaderServi - Loading from file system: /assets/ui/fonts/VarelaRound-Regular.ttf
22:04:44.029 [FXGL Background Thread 4 ] DEBUG FXGLAssetLoaderServi - Loading from file system: /assets/ui/fonts/Abel-Regular.ttf
22:04:44.032 [FXGL Background Thread 4 ] DEBUG FXGLAssetLoaderServi - Loading from file system: /assets/ui/fonts/lucida_console.ttf
22:04:44.036 [FXGL Background Thread 4 ] DEBUG FXGLAssetLoaderServi - Loading from file system: /assets/ui/fonts/Courier-Prime.ttf
22:04:44.036 [FXGL Background Thread 1 ] INFO  FXGLApplication      - FXGL initialization took: 1.301 sec
22:04:44.069 [JavaFX Application Thread] DEBUG Input                - Registered new binding: Up - W
22:04:44.071 [JavaFX Application Thread] DEBUG Input                - Registered new binding: action0 - U
22:04:44.072 [JavaFX Application Thread] DEBUG FXGLAssetLoaderServi - Loading from file system: /assets/textures/fxgl_icon.png
22:04:44.149 [JavaFX Application Thread] DEBUG FXGLAssetLoaderServi - Loading from file system: /assets/ui/cursors/fxgl_default.png
22:04:44.173 [JavaFX Application Thread] DEBUG Input                - Registered new binding: Screenshot - P
22:04:44.189 [JavaFX Application Thread] DEBUG Input                - Registered new binding: System info dump - CTRL+9
22:04:44.190 [JavaFX Application Thread] DEBUG Input                - Registered new binding: Restart - CTRL+R
22:04:44.200 [JavaFX Application Thread] DEBUG Input                - Registered new binding: Toggle Debug Camera - CTRL+C
22:04:44.206 [JavaFX Application Thread] DEBUG LoopRunner           - Starting loop
22:04:44.226 [JavaFX Application Thread] DEBUG Input                - Clearing active input actions
22:04:44.258 [JavaFX Application Thread] DEBUG GameApplicationServi - Removing overlay from StartupScene and adding to FXGLMainMenuDummyScene
22:04:44.258 [JavaFX Application Thread] DEBUG MainWindow           - StartupScene -> FXGLMainMenuDummyScene
22:04:44.259 [JavaFX Application Thread] DEBUG MainWindow           - Push state: MyMenu
22:04:44.259 [JavaFX Application Thread] DEBUG Input                - Clearing active input actions
22:04:44.267 [JavaFX Application Thread] DEBUG GameApplicationServi - Removing overlay from FXGLMainMenuDummyScene and adding to MyMenu
22:04:44.268 [JavaFX Application Thread] DEBUG MainWindow           - FXGLMainMenuDummyScene -> MyMenu
22:04:44.293 [JavaFX Application Thread] DEBUG FXGLApplication      - Registering font factories with UI factory
22:04:44.863 [FXGL Background Thread 2 ] INFO  UpdaterService       - Your current version:  11.11
22:04:44.863 [FXGL Background Thread 2 ] INFO  UpdaterService       - Latest stable version: dev-SNAPSHOT
22:04:45.539 [JavaFX Application Thread] DEBUG Menu                 - fireNewGame()
22:04:45.540 [JavaFX Application Thread] DEBUG GameApplicationServi - Starting new game
22:04:45.541 [JavaFX Application Thread] DEBUG MainWindow           - Pop state: MyMenu
22:04:45.542 [JavaFX Application Thread] DEBUG Input                - Clearing active input actions
22:04:45.545 [JavaFX Application Thread] DEBUG GameApplicationServi - Removing overlay from MyMenu and adding to FXGLMainMenuDummyScene
22:04:45.547 [JavaFX Application Thread] DEBUG MainWindow           - FXGLMainMenuDummyScene <- MyMenu
22:04:45.549 [JavaFX Application Thread] DEBUG Input                - Clearing active input actions
22:04:45.584 [JavaFX Application Thread] DEBUG GameApplicationServi - Removing overlay from FXGLMainMenuDummyScene and adding to FXGLLoadingScene
22:04:45.586 [JavaFX Application Thread] DEBUG MainWindow           - FXGLMainMenuDummyScene -> FXGLLoadingScene
22:04:45.586 [JavaFX Application Thread] DEBUG GameApplicationServi - Clearing previous game
22:04:45.587 [JavaFX Application Thread] DEBUG GameScene            - Clearing game scene
22:04:45.588 [JavaFX Application Thread] DEBUG GameWorld            - Clearing game world
22:04:45.589 [JavaFX Application Thread] DEBUG PhysicsWorld         - Clearing physics world
22:04:45.593 [FXGL Background Thread 2 ] DEBUG FXGLApplication      - Initializing game
22:04:45.792 [FXGL Background Thread 2 ] DEBUG FXGLAssetLoaderServi - Loading from file system: /assets/textures/star.png
22:04:45.802 [FXGL Background Thread 2 ] DEBUG FXGLAssetLoaderServi - Loading from cache: /assets/textures/star.png
22:04:45.803 [FXGL Background Thread 2 ] DEBUG FXGLAssetLoaderServi - Loading from cache: /assets/textures/star.png
22:04:45.804 [FXGL Background Thread 2 ] DEBUG FXGLAssetLoaderServi - Loading from cache: /assets/textures/star.png
22:04:45.806 [FXGL Background Thread 2 ] DEBUG FXGLAssetLoaderServi - Loading from cache: /assets/textures/star.png
22:04:45.844 [FXGL Background Thread 2 ] DEBUG FXGLAssetLoaderServi - Loading from file system: /assets/textures/heart1.png
22:04:45.908 [FXGL Background Thread 2 ] DEBUG FXGLAssetLoaderServi - Loading from cache: /assets/textures/heart1.png
22:04:45.910 [FXGL Background Thread 2 ] DEBUG FXGLAssetLoaderServi - Loading from cache: /assets/textures/heart1.png
22:04:45.912 [FXGL Background Thread 2 ] DEBUG FXGLAssetLoaderServi - Loading from cache: /assets/textures/heart1.png
22:04:45.918 [FXGL Background Thread 2 ] DEBUG FXGLAssetLoaderServi - Loading from cache: /assets/textures/heart1.png
22:04:45.935 [FXGL Background Thread 2 ] INFO  FXGLApplication      - Game initialization took: 0.341 sec
22:04:45.937 [JavaFX Application Thread] DEBUG Input                - Clearing active input actions
22:04:45.959 [JavaFX Application Thread] DEBUG GameApplicationServi - Removing overlay from FXGLLoadingScene and adding to GameScene
22:04:45.959 [JavaFX Application Thread] DEBUG MainWindow           - FXGLLoadingScene -> GameScene
22:04:47.019 [FXGL Background Thread 3 ] DEBUG Engine               - Logging environment variables
22:04:47.025 [FXGL Background Thread 3 ] DEBUG Engine               - achievements: []
22:04:47.025 [FXGL Background Thread 3 ] DEBUG Engine               - appIcon: fxgl_icon.png
22:04:47.026 [FXGL Background Thread 3 ] DEBUG Engine               - applicationMode: DEVELOPER
22:04:47.027 [FXGL Background Thread 3 ] DEBUG Engine               - cSSList: [fxgl_dark.css]
22:04:47.027 [FXGL Background Thread 3 ] DEBUG Engine               - configClass: Optional.empty
22:04:47.028 [FXGL Background Thread 3 ] DEBUG Engine               - credits: []
22:04:47.029 [FXGL Background Thread 3 ] DEBUG Engine               - devBBoxColorProperty: ObjectProperty [value: 0xff0000ff]
22:04:47.030 [FXGL Background Thread 3 ] DEBUG Engine               - devEnableDebugCameraProperty: BooleanProperty [value: false]
22:04:47.030 [FXGL Background Thread 3 ] DEBUG Engine               - devSensorColorProperty: ObjectProperty [value: 0xffff00ff]
22:04:47.031 [FXGL Background Thread 3 ] DEBUG Engine               - devShowBBoxProperty: BooleanProperty [value: false]
22:04:47.034 [FXGL Background Thread 3 ] DEBUG Engine               - devShowPositionProperty: BooleanProperty [value: false]
22:04:47.034 [FXGL Background Thread 3 ] DEBUG Engine               - enabledMenuItems: []
22:04:47.037 [FXGL Background Thread 3 ] DEBUG Engine               - engineServices: [class com.almasb.fxgl.app.FXGLApplication$GameApplicationService, class com.almasb.fxgl.app.services.FXGLDialogService, class com.almasb.fxgl.app.services.IOTaskExecutorService, class com.almasb.fxgl.event.EventBusService, class com.almasb.fxgl.io.FileSystemService, class com.almasb.fxgl.localization.LocalizationService, class com.almasb.fxgl.app.services.FXGLAssetLoaderService, class com.almasb.fxgl.app.services.SystemBundleService, class com.almasb.fxgl.profile.SaveLoadService, class com.almasb.fxgl.ui.FXGLUIFactoryServiceProvider, class com.almasb.fxgl.ui.FXGLDialogFactoryServiceProvider, class com.almasb.fxgl.audio.AudioPlayer, class com.almasb.fxgl.notification.impl.NotificationServiceProvider, class com.almasb.fxgl.achievement.AchievementService, class com.almasb.fxgl.cutscene.CutsceneService, class com.almasb.fxgl.minigames.MiniGameService, class com.almasb.fxgl.net.NetService, class com.almasb.fxgl.app.services.UpdaterService, class com.almasb.fxgl.dev.DevService]
22:04:47.037 [FXGL Background Thread 3 ] DEBUG Engine               - fontGame: Abel-Regular.ttf
22:04:47.038 [FXGL Background Thread 3 ] DEBUG Engine               - fontMono: lucida_console.ttf
22:04:47.038 [FXGL Background Thread 3 ] DEBUG Engine               - fontText: Courier-Prime.ttf
22:04:47.038 [FXGL Background Thread 3 ] DEBUG Engine               - fontUI: VarelaRound-Regular.ttf
22:04:47.039 [FXGL Background Thread 3 ] DEBUG Engine               - fullScreen: BooleanProperty [value: false]
22:04:47.040 [FXGL Background Thread 3 ] DEBUG Engine               - gameDifficulty: MEDIUM
22:04:47.040 [FXGL Background Thread 3 ] DEBUG Engine               - gameDifficultyProperty: ObjectProperty [value: MEDIUM]
22:04:47.041 [FXGL Background Thread 3 ] DEBUG Engine               - globalMusicVolume: 0.5
22:04:47.041 [FXGL Background Thread 3 ] DEBUG Engine               - globalMusicVolumeProperty: DoubleProperty [value: 0.5]
22:04:47.042 [FXGL Background Thread 3 ] DEBUG Engine               - globalSoundVolume: 0.5
22:04:47.042 [FXGL Background Thread 3 ] DEBUG Engine               - globalSoundVolumeProperty: DoubleProperty [value: 0.5]
22:04:47.043 [FXGL Background Thread 3 ] DEBUG Engine               - height: 900
22:04:47.048 [FXGL Background Thread 3 ] DEBUG Engine               - isAndroid: false
22:04:47.048 [FXGL Background Thread 3 ] DEBUG Engine               - isBrowser: false
22:04:47.048 [FXGL Background Thread 3 ] DEBUG Engine               - isClickFeedbackEnabled: false
22:04:47.049 [FXGL Background Thread 3 ] DEBUG Engine               - isCloseConfirmation: false
22:04:47.049 [FXGL Background Thread 3 ] DEBUG Engine               - isDesktop: true
22:04:47.049 [FXGL Background Thread 3 ] DEBUG Engine               - isDeveloperMenuEnabled: false
22:04:47.050 [FXGL Background Thread 3 ] DEBUG Engine               - isEntityPreloadEnabled: true
22:04:47.050 [FXGL Background Thread 3 ] DEBUG Engine               - isExperimentalNative: false
22:04:47.050 [FXGL Background Thread 3 ] DEBUG Engine               - isExperimentalTiledLargeMap: false
22:04:47.052 [FXGL Background Thread 3 ] DEBUG Engine               - isFileSystemWriteAllowed: true
22:04:47.053 [FXGL Background Thread 3 ] DEBUG Engine               - isFullScreenAllowed: false
22:04:47.053 [FXGL Background Thread 3 ] DEBUG Engine               - isFullScreenFromStart: false
22:04:47.053 [FXGL Background Thread 3 ] DEBUG Engine               - isGameMenuEnabled: true
22:04:47.053 [FXGL Background Thread 3 ] DEBUG Engine               - isIOS: false
22:04:47.054 [FXGL Background Thread 3 ] DEBUG Engine               - isIntroEnabled: false
22:04:47.054 [FXGL Background Thread 3 ] DEBUG Engine               - isLinux: true
22:04:47.055 [FXGL Background Thread 3 ] DEBUG Engine               - isMac: false
22:04:47.055 [FXGL Background Thread 3 ] DEBUG Engine               - isMainMenuEnabled: true
22:04:47.056 [FXGL Background Thread 3 ] DEBUG Engine               - isManualResizeEnabled: false
22:04:47.056 [FXGL Background Thread 3 ] DEBUG Engine               - isMobile: false
22:04:47.056 [FXGL Background Thread 3 ] DEBUG Engine               - isPreserveResizeRatio: false
22:04:47.056 [FXGL Background Thread 3 ] DEBUG Engine               - isProfilingEnabled: false
22:04:47.057 [FXGL Background Thread 3 ] DEBUG Engine               - isSingleStep: false
22:04:47.057 [FXGL Background Thread 3 ] DEBUG Engine               - isUserProfileEnabled: false
22:04:47.060 [FXGL Background Thread 3 ] DEBUG Engine               - isWindows: false
22:04:47.062 [FXGL Background Thread 3 ] DEBUG Engine               - language: ObjectProperty [value: ENGLISH]
22:04:47.064 [FXGL Background Thread 3 ] DEBUG Engine               - menuKey: ESCAPE
22:04:47.065 [FXGL Background Thread 3 ] DEBUG Engine               - notificationViewClass: class com.almasb.fxgl.notification.view.XboxNotificationView
22:04:47.067 [FXGL Background Thread 3 ] DEBUG Engine               - pixelsPerMeter: 50.0
22:04:47.069 [FXGL Background Thread 3 ] DEBUG Engine               - platform: LINUX
22:04:47.070 [FXGL Background Thread 3 ] DEBUG Engine               - profileDir: profiles/
22:04:47.072 [FXGL Background Thread 3 ] DEBUG Engine               - profileName: StringProperty [value: DEFAULT]
22:04:47.074 [FXGL Background Thread 3 ] DEBUG Engine               - randomSeed: -1
22:04:47.074 [FXGL Background Thread 3 ] DEBUG Engine               - runtimeInfo: RuntimeInfo(platform=LINUX, version=11.11, build=08.09.2020 18.00)
22:04:47.075 [FXGL Background Thread 3 ] DEBUG Engine               - saveFileExt: sav
22:04:47.076 [FXGL Background Thread 3 ] DEBUG Engine               - sceneFactory: sample.Main$1@23dbf7cb
22:04:47.077 [FXGL Background Thread 3 ] DEBUG Engine               - secondsIn24h: 60
22:04:47.078 [FXGL Background Thread 3 ] DEBUG Engine               - soundMenuBack: menu/back.wav
22:04:47.078 [FXGL Background Thread 3 ] DEBUG Engine               - soundMenuPress: menu/press.wav
22:04:47.079 [FXGL Background Thread 3 ] DEBUG Engine               - soundMenuSelect: menu/select.wav
22:04:47.079 [FXGL Background Thread 3 ] DEBUG Engine               - soundNotification: core/notification.wav
22:04:47.080 [FXGL Background Thread 3 ] DEBUG Engine               - stageStyle: DECORATED
22:04:47.080 [FXGL Background Thread 3 ] DEBUG Engine               - supportedLanguages: [ENGLISH, FRENCH, GERMAN, HUNGARIAN, RUSSIAN]
22:04:47.081 [FXGL Background Thread 3 ] DEBUG Engine               - title: Color Switch 2
22:04:47.081 [FXGL Background Thread 3 ] DEBUG Engine               - urlGithub: https://github.com/AlmasB/FXGL
22:04:47.082 [FXGL Background Thread 3 ] DEBUG Engine               - urlLeaderboard: http://fxgl-top.herokuapp.com/
22:04:47.082 [FXGL Background Thread 3 ] DEBUG Engine               - urlPOM: https://raw.githubusercontent.com/AlmasB/FXGL/master/pom.xml
22:04:47.083 [FXGL Background Thread 3 ] DEBUG Engine               - version: 0.0
22:04:47.084 [FXGL Background Thread 3 ] DEBUG Engine               - versionCheckDays: 7
22:04:47.084 [FXGL Background Thread 3 ] DEBUG Engine               - width: 900
22:04:47.084 [FXGL Background Thread 3 ] DEBUG Engine               - Logging services
22:04:47.085 [FXGL Background Thread 3 ] DEBUG Engine               - class com.almasb.fxgl.app.FXGLApplication$GameApplicationService
22:04:47.085 [FXGL Background Thread 3 ] DEBUG Engine               - class com.almasb.fxgl.app.services.FXGLDialogService
22:04:47.086 [FXGL Background Thread 3 ] DEBUG Engine               - class com.almasb.fxgl.app.services.IOTaskExecutorService
22:04:47.086 [FXGL Background Thread 3 ] DEBUG Engine               - class com.almasb.fxgl.event.EventBusService
22:04:47.087 [FXGL Background Thread 3 ] DEBUG Engine               - class com.almasb.fxgl.io.FileSystemService
22:04:47.089 [FXGL Background Thread 3 ] DEBUG Engine               - class com.almasb.fxgl.localization.LocalizationService
22:04:47.089 [FXGL Background Thread 3 ] DEBUG Engine               - class com.almasb.fxgl.app.services.FXGLAssetLoaderService
22:04:47.090 [FXGL Background Thread 3 ] DEBUG Engine               - class com.almasb.fxgl.app.services.SystemBundleService
22:04:47.090 [FXGL Background Thread 3 ] DEBUG Engine               - class com.almasb.fxgl.profile.SaveLoadService
22:04:47.090 [FXGL Background Thread 3 ] DEBUG Engine               - class com.almasb.fxgl.ui.FXGLUIFactoryServiceProvider
22:04:47.091 [FXGL Background Thread 3 ] DEBUG Engine               - class com.almasb.fxgl.ui.FXGLDialogFactoryServiceProvider
22:04:47.099 [FXGL Background Thread 3 ] DEBUG Engine               - class com.almasb.fxgl.audio.AudioPlayer
22:04:47.101 [FXGL Background Thread 3 ] DEBUG Engine               - class com.almasb.fxgl.notification.impl.NotificationServiceProvider
22:04:47.102 [FXGL Background Thread 3 ] DEBUG Engine               - class com.almasb.fxgl.achievement.AchievementService
22:04:47.102 [FXGL Background Thread 3 ] DEBUG Engine               - class com.almasb.fxgl.cutscene.CutsceneService
22:04:47.102 [FXGL Background Thread 3 ] DEBUG Engine               - class com.almasb.fxgl.minigames.MiniGameService
22:04:47.102 [FXGL Background Thread 3 ] DEBUG Engine               - class com.almasb.fxgl.net.NetService
22:04:47.103 [FXGL Background Thread 3 ] DEBUG Engine               - class com.almasb.fxgl.app.services.UpdaterService
22:04:47.103 [FXGL Background Thread 3 ] DEBUG Engine               - class com.almasb.fxgl.dev.DevService
22:06:16.262 [JavaFX Application Thread] DEBUG FXGLApplication      - Exiting FXGL
22:06:16.262 [JavaFX Application Thread] DEBUG LoopRunner           - Stopping loop
22:06:16.262 [JavaFX Application Thread] DEBUG SystemBundleService  - Saving FXGL system data
22:06:16.264 [JavaFX Application Thread] DEBUG FileSystemAccess     - Writing to: /home/chintan/Downloads/game/system/fxgl.bundle
22:06:16.265 [JavaFX Application Thread] DEBUG Async                - Shutting down background threads
22:06:16.265 [JavaFX Application Thread] DEBUG MainWindow           - Closing main window
22:06:16.268 [JavaFX Application Thread] DEBUG Logger               - Closing Logger
