21:23:45.072 [main                     ] DEBUG Logger               - Configured Logger
21:23:45.094 [main                     ] DEBUG GameApplication      - Logging settings
Title: Color Switch 2
Version: 0.0
Width: 900
Height: 900
Fullscreen: false
Intro: false
Profiling: false
Single step:false
App Mode: DEVELOPER
Menu Key: ESCAPE
Stage Style: DECORATED
Scene Factory: class com.almasb.fxgl.app.scene.SceneFactory

21:23:45.570 [JavaFX Application Thread] DEBUG FXGLApplication      - Initializing FXGL
21:23:45.581 [JavaFX Application Thread] INFO  Engine               - FXGL-11.11 (08.09.2020 18.00) on LINUX (J:15.0.1 FX:14)
21:23:45.581 [JavaFX Application Thread] DEBUG Engine               - JRE Vendor Name: Oracle Corporation
21:23:45.582 [JavaFX Application Thread] DEBUG Engine               - Running on OS: Linux version 5.4.0-58-generic
21:23:45.582 [JavaFX Application Thread] DEBUG Engine               - Architecture: amd64
21:23:45.582 [JavaFX Application Thread] INFO  Engine               - Source code and latest versions at: https://github.com/AlmasB/FXGL
21:23:45.583 [JavaFX Application Thread] INFO  Engine               -              Join the FXGL chat at: https://gitter.im/AlmasB/FXGL
21:23:45.757 [JavaFX Application Thread] DEBUG MainWindow           - Creating a JavaFX scene
21:23:45.904 [JavaFX Application Thread] DEBUG MainWindow           - Target settings size: 900.0 x 900.0
21:23:45.907 [JavaFX Application Thread] DEBUG MainWindow           - Scaled scene size:    900.0 x 900.0
21:23:45.907 [JavaFX Application Thread] DEBUG MainWindow           - Scaled ratio: (1.0, 1.0)
21:23:45.911 [JavaFX Application Thread] DEBUG MainWindow           - Set initial scene to StartupScene
21:23:45.922 [JavaFX Application Thread] DEBUG MainWindow           - Opening main window
21:23:45.982 [JavaFX Application Thread] DEBUG MainWindow           - Window border size: (2.0, 29.0)
21:23:45.982 [JavaFX Application Thread] DEBUG MainWindow           - Scaled size: 900.0 x 900.0
21:23:45.983 [JavaFX Application Thread] DEBUG MainWindow           - Scaled ratio: (1.0, 1.0)
21:23:45.983 [JavaFX Application Thread] DEBUG MainWindow           - Scene size: 900.0 x 900.0
21:23:45.984 [JavaFX Application Thread] DEBUG MainWindow           - Stage size: 902.0 x 929.0
21:23:45.997 [FXGL Background Thread 1 ] DEBUG Engine               - Initializing environment variables
21:23:46.078 [FXGL Background Thread 1 ] DEBUG GameApplicationServi - Applying CSS: fxgl_dark.css
21:23:46.078 [FXGL Background Thread 1 ] DEBUG FXGLAssetLoaderServi - Loading from file system: /assets/ui/css/fxgl_dark.css
21:23:46.158 [FXGL Background Thread 1 ] DEBUG GameApplicationServi - Initializing application scenes
21:23:46.273 [FXGL Background Thread 1 ] DEBUG GameWorld            - Game world initialized
21:23:46.377 [FXGL Background Thread 1 ] DEBUG PhysicsWorld         - Physics world initialized: appHeight=900, physics.ppm=50.0
21:23:46.380 [FXGL Background Thread 1 ] DEBUG GameScene            - Game scene initialized: 900x900
21:23:46.420 [FXGL Background Thread 1 ] DEBUG FXGLAssetLoaderServi - Loading from file system: /assets/textures/particles/trace_horizontal.png
21:23:46.514 [FXGL Background Thread 1 ] DEBUG FXGL.DefaultMenu     - createMenuBodyMainMenu()
21:23:46.535 [FXGL Background Thread 1 ] DEBUG FXGL.DefaultMenu     - createOptionsMenu()
21:23:46.553 [FXGL Background Thread 1 ] DEBUG FXGLAssetLoaderServi - Loading from file system: /assets/textures/particles/smoke.png
21:23:46.658 [FXGL Background Thread 1 ] DEBUG FXGLAssetLoaderServi - Loading from cache: /assets/textures/particles/trace_horizontal.png@64.0x64.0
21:23:46.663 [FXGL Background Thread 1 ] DEBUG FXGL.DefaultMenu     - createMenuBodyGameMenu()
21:23:46.666 [FXGL Background Thread 1 ] DEBUG FXGL.DefaultMenu     - createOptionsMenu()
21:23:46.678 [FXGL Background Thread 1 ] DEBUG FXGLAssetLoaderServi - Loading from cache: /assets/textures/particles/smoke.png@128.0x128.0
21:23:46.710 [FXGL Background Thread 1 ] DEBUG GameApplicationServi - Application scenes initialized
21:23:46.723 [FXGL Background Thread 1 ] DEBUG SystemBundleService  - Loading FXGL system data
21:23:46.727 [FXGL Background Thread 1 ] DEBUG FileSystemAccess     - Reading from: /home/chintan/Downloads/game/system/fxgl.bundle
21:23:46.735 [FXGL Background Thread 1 ] DEBUG SystemBundleService  - Bundle FXGL: {}
21:23:46.736 [FXGL Background Thread 1 ] DEBUG UpdaterService       - Checking for updates
21:23:46.751 [FXGL Background Thread 4 ] DEBUG FXGLApplication      - Loading fonts
21:23:46.752 [FXGL Background Thread 1 ] DEBUG FXGLApplication      - Loading default localization
21:23:46.752 [FXGL Background Thread 4 ] DEBUG FXGLAssetLoaderServi - Loading from file system: /assets/ui/fonts/VarelaRound-Regular.ttf
21:23:46.752 [FXGL Background Thread 1 ] DEBUG FXGLAssetLoaderServi - Loading from file system: /assets/languages/english.lang
21:23:46.770 [FXGL Background Thread 1 ] INFO  FXGLApplication      - FXGL initialization took: 0.772 sec
21:23:46.778 [FXGL Background Thread 4 ] DEBUG FXGLAssetLoaderServi - Loading from file system: /assets/ui/fonts/Abel-Regular.ttf
21:23:46.781 [JavaFX Application Thread] DEBUG Input                - Registered new binding: Up - W
21:23:46.782 [JavaFX Application Thread] DEBUG Input                - Registered new binding: action0 - F
21:23:46.783 [FXGL Background Thread 4 ] DEBUG FXGLAssetLoaderServi - Loading from file system: /assets/ui/fonts/lucida_console.ttf
21:23:46.783 [JavaFX Application Thread] DEBUG FXGLAssetLoaderServi - Loading from file system: /assets/textures/fxgl_icon.png
21:23:46.791 [FXGL Background Thread 4 ] DEBUG FXGLAssetLoaderServi - Loading from file system: /assets/ui/fonts/Courier-Prime.ttf
21:23:46.862 [JavaFX Application Thread] DEBUG FXGLAssetLoaderServi - Loading from file system: /assets/ui/cursors/fxgl_default.png
21:23:46.865 [JavaFX Application Thread] DEBUG Input                - Registered new binding: Screenshot - P
21:23:46.866 [JavaFX Application Thread] DEBUG Input                - Registered new binding: System info dump - CTRL+9
21:23:46.871 [JavaFX Application Thread] DEBUG Input                - Registered new binding: Restart - CTRL+R
21:23:46.872 [JavaFX Application Thread] DEBUG Input                - Registered new binding: Toggle Debug Camera - CTRL+C
21:23:46.875 [JavaFX Application Thread] DEBUG LoopRunner           - Starting loop
21:23:46.883 [JavaFX Application Thread] DEBUG Input                - Clearing active input actions
21:23:46.910 [JavaFX Application Thread] DEBUG GameApplicationServi - Removing overlay from StartupScene and adding to FXGLMainMenuDummyScene
21:23:46.910 [JavaFX Application Thread] DEBUG MainWindow           - StartupScene -> FXGLMainMenuDummyScene
21:23:46.911 [JavaFX Application Thread] DEBUG MainWindow           - Push state: FXGLDefaultMenu
21:23:46.916 [JavaFX Application Thread] DEBUG Input                - Clearing active input actions
21:23:46.937 [JavaFX Application Thread] DEBUG GameApplicationServi - Removing overlay from FXGLMainMenuDummyScene and adding to FXGLDefaultMenu
21:23:46.938 [JavaFX Application Thread] DEBUG MainWindow           - FXGLMainMenuDummyScene -> FXGLDefaultMenu
21:23:46.939 [JavaFX Application Thread] DEBUG FXGLApplication      - Registering font factories with UI factory
21:23:47.818 [JavaFX Application Thread] DEBUG Menu                 - fireNewGame()
21:23:47.819 [JavaFX Application Thread] DEBUG GameApplicationServi - Starting new game
21:23:47.824 [JavaFX Application Thread] DEBUG MainWindow           - Pop state: FXGLDefaultMenu
21:23:47.824 [JavaFX Application Thread] DEBUG Input                - Clearing active input actions
21:23:47.825 [JavaFX Application Thread] DEBUG GameApplicationServi - Removing overlay from FXGLDefaultMenu and adding to FXGLMainMenuDummyScene
21:23:47.826 [JavaFX Application Thread] DEBUG MainWindow           - FXGLMainMenuDummyScene <- FXGLDefaultMenu
21:23:47.827 [JavaFX Application Thread] DEBUG Input                - Clearing active input actions
21:23:47.837 [JavaFX Application Thread] DEBUG GameApplicationServi - Removing overlay from FXGLMainMenuDummyScene and adding to FXGLLoadingScene
21:23:47.838 [JavaFX Application Thread] DEBUG MainWindow           - FXGLMainMenuDummyScene -> FXGLLoadingScene
21:23:47.838 [JavaFX Application Thread] DEBUG GameApplicationServi - Clearing previous game
21:23:47.839 [JavaFX Application Thread] DEBUG GameScene            - Clearing game scene
21:23:47.839 [JavaFX Application Thread] DEBUG GameWorld            - Clearing game world
21:23:47.839 [JavaFX Application Thread] DEBUG PhysicsWorld         - Clearing physics world
21:23:47.841 [FXGL Background Thread 4 ] DEBUG FXGLApplication      - Initializing game
21:23:47.934 [FXGL Background Thread 4 ] DEBUG FXGLAssetLoaderServi - Loading from file system: /assets/textures/star.png
21:23:47.942 [FXGL Background Thread 4 ] DEBUG FXGLAssetLoaderServi - Loading from cache: /assets/textures/star.png
21:23:47.943 [FXGL Background Thread 4 ] DEBUG FXGLAssetLoaderServi - Loading from cache: /assets/textures/star.png
21:23:47.944 [FXGL Background Thread 4 ] DEBUG FXGLAssetLoaderServi - Loading from cache: /assets/textures/star.png
21:23:47.946 [FXGL Background Thread 4 ] DEBUG FXGLAssetLoaderServi - Loading from cache: /assets/textures/star.png
21:23:47.959 [FXGL Background Thread 4 ] DEBUG FXGLAssetLoaderServi - Loading from file system: /assets/textures/heart1.png
21:23:48.001 [FXGL Background Thread 4 ] DEBUG FXGLAssetLoaderServi - Loading from cache: /assets/textures/heart1.png
21:23:48.002 [FXGL Background Thread 4 ] DEBUG FXGLAssetLoaderServi - Loading from cache: /assets/textures/heart1.png
21:23:48.003 [FXGL Background Thread 4 ] DEBUG FXGLAssetLoaderServi - Loading from cache: /assets/textures/heart1.png
21:23:48.004 [FXGL Background Thread 4 ] DEBUG FXGLAssetLoaderServi - Loading from cache: /assets/textures/heart1.png
21:23:48.011 [FXGL Background Thread 4 ] INFO  FXGLApplication      - Game initialization took: 0.169 sec
21:23:48.011 [JavaFX Application Thread] DEBUG Input                - Clearing active input actions
21:23:48.022 [JavaFX Application Thread] DEBUG GameApplicationServi - Removing overlay from FXGLLoadingScene and adding to GameScene
21:23:48.022 [JavaFX Application Thread] DEBUG MainWindow           - FXGLLoadingScene -> GameScene
21:23:48.891 [FXGL Background Thread 2 ] INFO  UpdaterService       - Your current version:  11.11
21:23:48.892 [FXGL Background Thread 2 ] INFO  UpdaterService       - Latest stable version: dev-SNAPSHOT
21:23:49.739 [FXGL Background Thread 3 ] DEBUG Engine               - Logging environment variables
21:23:49.740 [FXGL Background Thread 3 ] DEBUG Engine               - achievements: []
21:23:49.740 [FXGL Background Thread 3 ] DEBUG Engine               - appIcon: fxgl_icon.png
21:23:49.740 [FXGL Background Thread 3 ] DEBUG Engine               - applicationMode: DEVELOPER
21:23:49.741 [FXGL Background Thread 3 ] DEBUG Engine               - cSSList: [fxgl_dark.css]
21:23:49.741 [FXGL Background Thread 3 ] DEBUG Engine               - configClass: Optional.empty
21:23:49.741 [FXGL Background Thread 3 ] DEBUG Engine               - credits: []
21:23:49.742 [FXGL Background Thread 3 ] DEBUG Engine               - devBBoxColorProperty: ObjectProperty [value: 0xff0000ff]
21:23:49.742 [FXGL Background Thread 3 ] DEBUG Engine               - devEnableDebugCameraProperty: BooleanProperty [value: false]
21:23:49.743 [FXGL Background Thread 3 ] DEBUG Engine               - devSensorColorProperty: ObjectProperty [value: 0xffff00ff]
21:23:49.743 [FXGL Background Thread 3 ] DEBUG Engine               - devShowBBoxProperty: BooleanProperty [value: false]
21:23:49.743 [FXGL Background Thread 3 ] DEBUG Engine               - devShowPositionProperty: BooleanProperty [value: false]
21:23:49.744 [FXGL Background Thread 3 ] DEBUG Engine               - enabledMenuItems: []
21:23:49.744 [FXGL Background Thread 3 ] DEBUG Engine               - engineServices: [class com.almasb.fxgl.app.FXGLApplication$GameApplicationService, class com.almasb.fxgl.app.services.FXGLDialogService, class com.almasb.fxgl.app.services.IOTaskExecutorService, class com.almasb.fxgl.event.EventBusService, class com.almasb.fxgl.io.FileSystemService, class com.almasb.fxgl.localization.LocalizationService, class com.almasb.fxgl.app.services.FXGLAssetLoaderService, class com.almasb.fxgl.app.services.SystemBundleService, class com.almasb.fxgl.profile.SaveLoadService, class com.almasb.fxgl.ui.FXGLUIFactoryServiceProvider, class com.almasb.fxgl.ui.FXGLDialogFactoryServiceProvider, class com.almasb.fxgl.audio.AudioPlayer, class com.almasb.fxgl.notification.impl.NotificationServiceProvider, class com.almasb.fxgl.achievement.AchievementService, class com.almasb.fxgl.cutscene.CutsceneService, class com.almasb.fxgl.minigames.MiniGameService, class com.almasb.fxgl.net.NetService, class com.almasb.fxgl.app.services.UpdaterService, class com.almasb.fxgl.dev.DevService]
21:23:49.744 [FXGL Background Thread 3 ] DEBUG Engine               - fontGame: Abel-Regular.ttf
21:23:49.744 [FXGL Background Thread 3 ] DEBUG Engine               - fontMono: lucida_console.ttf
21:23:49.745 [FXGL Background Thread 3 ] DEBUG Engine               - fontText: Courier-Prime.ttf
21:23:49.745 [FXGL Background Thread 3 ] DEBUG Engine               - fontUI: VarelaRound-Regular.ttf
21:23:49.745 [FXGL Background Thread 3 ] DEBUG Engine               - fullScreen: BooleanProperty [value: false]
21:23:49.745 [FXGL Background Thread 3 ] DEBUG Engine               - gameDifficulty: MEDIUM
21:23:49.746 [FXGL Background Thread 3 ] DEBUG Engine               - gameDifficultyProperty: ObjectProperty [value: MEDIUM]
21:23:49.746 [FXGL Background Thread 3 ] DEBUG Engine               - globalMusicVolume: 0.5
21:23:49.746 [FXGL Background Thread 3 ] DEBUG Engine               - globalMusicVolumeProperty: DoubleProperty [value: 0.5]
21:23:49.746 [FXGL Background Thread 3 ] DEBUG Engine               - globalSoundVolume: 0.5
21:23:49.747 [FXGL Background Thread 3 ] DEBUG Engine               - globalSoundVolumeProperty: DoubleProperty [value: 0.5]
21:23:49.747 [FXGL Background Thread 3 ] DEBUG Engine               - height: 900
21:23:49.747 [FXGL Background Thread 3 ] DEBUG Engine               - isAndroid: false
21:23:49.748 [FXGL Background Thread 3 ] DEBUG Engine               - isBrowser: false
21:23:49.748 [FXGL Background Thread 3 ] DEBUG Engine               - isClickFeedbackEnabled: false
21:23:49.748 [FXGL Background Thread 3 ] DEBUG Engine               - isCloseConfirmation: false
21:23:49.748 [FXGL Background Thread 3 ] DEBUG Engine               - isDesktop: true
21:23:49.749 [FXGL Background Thread 3 ] DEBUG Engine               - isDeveloperMenuEnabled: false
21:23:49.749 [FXGL Background Thread 3 ] DEBUG Engine               - isEntityPreloadEnabled: true
21:23:49.749 [FXGL Background Thread 3 ] DEBUG Engine               - isExperimentalNative: false
21:23:49.749 [FXGL Background Thread 3 ] DEBUG Engine               - isExperimentalTiledLargeMap: false
21:23:49.750 [FXGL Background Thread 3 ] DEBUG Engine               - isFileSystemWriteAllowed: true
21:23:49.750 [FXGL Background Thread 3 ] DEBUG Engine               - isFullScreenAllowed: false
21:23:49.750 [FXGL Background Thread 3 ] DEBUG Engine               - isFullScreenFromStart: false
21:23:49.750 [FXGL Background Thread 3 ] DEBUG Engine               - isGameMenuEnabled: true
21:23:49.751 [FXGL Background Thread 3 ] DEBUG Engine               - isIOS: false
21:23:49.751 [FXGL Background Thread 3 ] DEBUG Engine               - isIntroEnabled: false
21:23:49.751 [FXGL Background Thread 3 ] DEBUG Engine               - isLinux: true
21:23:49.751 [FXGL Background Thread 3 ] DEBUG Engine               - isMac: false
21:23:49.752 [FXGL Background Thread 3 ] DEBUG Engine               - isMainMenuEnabled: true
21:23:49.752 [FXGL Background Thread 3 ] DEBUG Engine               - isManualResizeEnabled: false
21:23:49.752 [FXGL Background Thread 3 ] DEBUG Engine               - isMobile: false
21:23:49.752 [FXGL Background Thread 3 ] DEBUG Engine               - isPreserveResizeRatio: false
21:23:49.752 [FXGL Background Thread 3 ] DEBUG Engine               - isProfilingEnabled: false
21:23:49.753 [FXGL Background Thread 3 ] DEBUG Engine               - isSingleStep: false
21:23:49.753 [FXGL Background Thread 3 ] DEBUG Engine               - isUserProfileEnabled: false
21:23:49.753 [FXGL Background Thread 3 ] DEBUG Engine               - isWindows: false
21:23:49.753 [FXGL Background Thread 3 ] DEBUG Engine               - language: ObjectProperty [value: ENGLISH]
21:23:49.753 [FXGL Background Thread 3 ] DEBUG Engine               - menuKey: ESCAPE
21:23:49.754 [FXGL Background Thread 3 ] DEBUG Engine               - notificationViewClass: class com.almasb.fxgl.notification.view.XboxNotificationView
21:23:49.754 [FXGL Background Thread 3 ] DEBUG Engine               - pixelsPerMeter: 50.0
21:23:49.754 [FXGL Background Thread 3 ] DEBUG Engine               - platform: LINUX
21:23:49.754 [FXGL Background Thread 3 ] DEBUG Engine               - profileDir: profiles/
21:23:49.755 [FXGL Background Thread 3 ] DEBUG Engine               - profileName: StringProperty [value: DEFAULT]
21:23:49.755 [FXGL Background Thread 3 ] DEBUG Engine               - randomSeed: -1
21:23:49.755 [FXGL Background Thread 3 ] DEBUG Engine               - runtimeInfo: RuntimeInfo(platform=LINUX, version=11.11, build=08.09.2020 18.00)
21:23:49.756 [FXGL Background Thread 3 ] DEBUG Engine               - saveFileExt: sav
21:23:49.756 [FXGL Background Thread 3 ] DEBUG Engine               - sceneFactory: com.almasb.fxgl.app.scene.SceneFactory@15a5c1d8
21:23:49.757 [FXGL Background Thread 3 ] DEBUG Engine               - secondsIn24h: 60
21:23:49.758 [FXGL Background Thread 3 ] DEBUG Engine               - soundMenuBack: menu/back.wav
21:23:49.759 [FXGL Background Thread 3 ] DEBUG Engine               - soundMenuPress: menu/press.wav
21:23:49.759 [FXGL Background Thread 3 ] DEBUG Engine               - soundMenuSelect: menu/select.wav
21:23:49.759 [FXGL Background Thread 3 ] DEBUG Engine               - soundNotification: core/notification.wav
21:23:49.759 [FXGL Background Thread 3 ] DEBUG Engine               - stageStyle: DECORATED
21:23:49.759 [FXGL Background Thread 3 ] DEBUG Engine               - supportedLanguages: [ENGLISH, FRENCH, GERMAN, HUNGARIAN, RUSSIAN]
21:23:49.760 [FXGL Background Thread 3 ] DEBUG Engine               - title: Color Switch 2
21:23:49.760 [FXGL Background Thread 3 ] DEBUG Engine               - urlGithub: https://github.com/AlmasB/FXGL
21:23:49.760 [FXGL Background Thread 3 ] DEBUG Engine               - urlLeaderboard: http://fxgl-top.herokuapp.com/
21:23:49.760 [FXGL Background Thread 3 ] DEBUG Engine               - urlPOM: https://raw.githubusercontent.com/AlmasB/FXGL/master/pom.xml
21:23:49.760 [FXGL Background Thread 3 ] DEBUG Engine               - version: 0.0
21:23:49.761 [FXGL Background Thread 3 ] DEBUG Engine               - versionCheckDays: 7
21:23:49.761 [FXGL Background Thread 3 ] DEBUG Engine               - width: 900
21:23:49.761 [FXGL Background Thread 3 ] DEBUG Engine               - Logging services
21:23:49.761 [FXGL Background Thread 3 ] DEBUG Engine               - class com.almasb.fxgl.app.FXGLApplication$GameApplicationService
21:23:49.762 [FXGL Background Thread 3 ] DEBUG Engine               - class com.almasb.fxgl.app.services.FXGLDialogService
21:23:49.762 [FXGL Background Thread 3 ] DEBUG Engine               - class com.almasb.fxgl.app.services.IOTaskExecutorService
21:23:49.762 [FXGL Background Thread 3 ] DEBUG Engine               - class com.almasb.fxgl.event.EventBusService
21:23:49.762 [FXGL Background Thread 3 ] DEBUG Engine               - class com.almasb.fxgl.io.FileSystemService
21:23:49.762 [FXGL Background Thread 3 ] DEBUG Engine               - class com.almasb.fxgl.localization.LocalizationService
21:23:49.762 [FXGL Background Thread 3 ] DEBUG Engine               - class com.almasb.fxgl.app.services.FXGLAssetLoaderService
21:23:49.763 [FXGL Background Thread 3 ] DEBUG Engine               - class com.almasb.fxgl.app.services.SystemBundleService
21:23:49.763 [FXGL Background Thread 3 ] DEBUG Engine               - class com.almasb.fxgl.profile.SaveLoadService
21:23:49.763 [FXGL Background Thread 3 ] DEBUG Engine               - class com.almasb.fxgl.ui.FXGLUIFactoryServiceProvider
21:23:49.763 [FXGL Background Thread 3 ] DEBUG Engine               - class com.almasb.fxgl.ui.FXGLDialogFactoryServiceProvider
21:23:49.763 [FXGL Background Thread 3 ] DEBUG Engine               - class com.almasb.fxgl.audio.AudioPlayer
21:23:49.763 [FXGL Background Thread 3 ] DEBUG Engine               - class com.almasb.fxgl.notification.impl.NotificationServiceProvider
21:23:49.764 [FXGL Background Thread 3 ] DEBUG Engine               - class com.almasb.fxgl.achievement.AchievementService
21:23:49.764 [FXGL Background Thread 3 ] DEBUG Engine               - class com.almasb.fxgl.cutscene.CutsceneService
21:23:49.764 [FXGL Background Thread 3 ] DEBUG Engine               - class com.almasb.fxgl.minigames.MiniGameService
21:23:49.764 [FXGL Background Thread 3 ] DEBUG Engine               - class com.almasb.fxgl.net.NetService
21:23:49.765 [FXGL Background Thread 3 ] DEBUG Engine               - class com.almasb.fxgl.app.services.UpdaterService
21:23:49.765 [FXGL Background Thread 3 ] DEBUG Engine               - class com.almasb.fxgl.dev.DevService
21:24:08.868 [JavaFX Application Thread] DEBUG FXGLAssetLoaderServi - Loading from cache: /assets/textures/star.png
21:24:08.868 [JavaFX Application Thread] DEBUG FXGLAssetLoaderServi - Loading from cache: /assets/textures/star.png
21:24:08.869 [JavaFX Application Thread] DEBUG FXGLAssetLoaderServi - Loading from cache: /assets/textures/star.png
21:24:08.870 [JavaFX Application Thread] DEBUG FXGLAssetLoaderServi - Loading from cache: /assets/textures/star.png
21:24:08.870 [JavaFX Application Thread] DEBUG FXGLAssetLoaderServi - Loading from cache: /assets/textures/star.png
21:24:08.871 [JavaFX Application Thread] DEBUG FXGLAssetLoaderServi - Loading from cache: /assets/textures/heart1.png
21:24:08.872 [JavaFX Application Thread] DEBUG FXGLAssetLoaderServi - Loading from cache: /assets/textures/heart1.png
21:24:08.872 [JavaFX Application Thread] DEBUG FXGLAssetLoaderServi - Loading from cache: /assets/textures/heart1.png
21:24:08.873 [JavaFX Application Thread] DEBUG FXGLAssetLoaderServi - Loading from cache: /assets/textures/heart1.png
21:24:08.873 [JavaFX Application Thread] DEBUG FXGLAssetLoaderServi - Loading from cache: /assets/textures/heart1.png
21:24:34.064 [JavaFX Application Thread] DEBUG FXGLAssetLoaderServi - Loading from cache: /assets/textures/star.png
21:24:34.065 [JavaFX Application Thread] DEBUG FXGLAssetLoaderServi - Loading from cache: /assets/textures/star.png
21:24:34.066 [JavaFX Application Thread] DEBUG FXGLAssetLoaderServi - Loading from cache: /assets/textures/star.png
21:24:34.067 [JavaFX Application Thread] DEBUG FXGLAssetLoaderServi - Loading from cache: /assets/textures/star.png
21:24:34.069 [JavaFX Application Thread] DEBUG FXGLAssetLoaderServi - Loading from cache: /assets/textures/star.png
21:24:34.069 [JavaFX Application Thread] DEBUG FXGLAssetLoaderServi - Loading from cache: /assets/textures/heart1.png
21:24:34.070 [JavaFX Application Thread] DEBUG FXGLAssetLoaderServi - Loading from cache: /assets/textures/heart1.png
21:24:34.071 [JavaFX Application Thread] DEBUG FXGLAssetLoaderServi - Loading from cache: /assets/textures/heart1.png
21:24:34.072 [JavaFX Application Thread] DEBUG FXGLAssetLoaderServi - Loading from cache: /assets/textures/heart1.png
21:24:34.072 [JavaFX Application Thread] DEBUG FXGLAssetLoaderServi - Loading from cache: /assets/textures/heart1.png
21:25:07.929 [JavaFX Application Thread] DEBUG FXGLAssetLoaderServi - Loading from cache: /assets/textures/star.png
21:25:07.933 [JavaFX Application Thread] DEBUG FXGLAssetLoaderServi - Loading from cache: /assets/textures/star.png
21:25:07.936 [JavaFX Application Thread] DEBUG FXGLAssetLoaderServi - Loading from cache: /assets/textures/star.png
21:25:07.938 [JavaFX Application Thread] DEBUG FXGLAssetLoaderServi - Loading from cache: /assets/textures/star.png
21:25:07.940 [JavaFX Application Thread] DEBUG FXGLAssetLoaderServi - Loading from cache: /assets/textures/star.png
21:25:07.943 [JavaFX Application Thread] DEBUG FXGLAssetLoaderServi - Loading from cache: /assets/textures/heart1.png
21:25:07.945 [JavaFX Application Thread] DEBUG FXGLAssetLoaderServi - Loading from cache: /assets/textures/heart1.png
21:25:07.946 [JavaFX Application Thread] DEBUG FXGLAssetLoaderServi - Loading from cache: /assets/textures/heart1.png
21:25:07.947 [JavaFX Application Thread] DEBUG FXGLAssetLoaderServi - Loading from cache: /assets/textures/heart1.png
21:25:07.949 [JavaFX Application Thread] DEBUG FXGLAssetLoaderServi - Loading from cache: /assets/textures/heart1.png
21:25:42.333 [JavaFX Application Thread] DEBUG FXGLApplication      - Exiting FXGL
21:25:42.333 [JavaFX Application Thread] DEBUG LoopRunner           - Stopping loop
21:25:42.334 [JavaFX Application Thread] DEBUG SystemBundleService  - Saving FXGL system data
21:25:42.337 [JavaFX Application Thread] DEBUG FileSystemAccess     - Writing to: /home/chintan/Downloads/game/system/fxgl.bundle
21:25:42.340 [JavaFX Application Thread] DEBUG Async                - Shutting down background threads
21:25:42.340 [JavaFX Application Thread] DEBUG MainWindow           - Closing main window
21:25:42.348 [JavaFX Application Thread] DEBUG Logger               - Closing Logger
