21:08:26.150 [main                     ] DEBUG Logger               - Configured Logger
21:08:26.189 [main                     ] DEBUG GameApplication      - Logging settings
Title: Color Switch 2
Version: 0.0
Width: 900
Height: 900
Fullscreen: false
Intro: false
Profiling: false
Single step:false
App Mode: DEVELOPER
Menu Key: ESCAPE
Stage Style: DECORATED
Scene Factory: class com.almasb.fxgl.app.scene.SceneFactory

21:08:27.091 [JavaFX Application Thread] DEBUG FXGLApplication      - Initializing FXGL
21:08:27.132 [JavaFX Application Thread] INFO  Engine               - FXGL-11.11 (08.09.2020 18.00) on LINUX (J:15.0.1 FX:14)
21:08:27.134 [JavaFX Application Thread] DEBUG Engine               - JRE Vendor Name: Oracle Corporation
21:08:27.134 [JavaFX Application Thread] DEBUG Engine               - Running on OS: Linux version 5.4.0-58-generic
21:08:27.135 [JavaFX Application Thread] DEBUG Engine               - Architecture: amd64
21:08:27.135 [JavaFX Application Thread] INFO  Engine               - Source code and latest versions at: https://github.com/AlmasB/FXGL
21:08:27.136 [JavaFX Application Thread] INFO  Engine               -              Join the FXGL chat at: https://gitter.im/AlmasB/FXGL
21:08:27.391 [JavaFX Application Thread] DEBUG MainWindow           - Creating a JavaFX scene
21:08:27.638 [JavaFX Application Thread] DEBUG MainWindow           - Target settings size: 900.0 x 900.0
21:08:27.639 [JavaFX Application Thread] DEBUG MainWindow           - Scaled scene size:    900.0 x 900.0
21:08:27.640 [JavaFX Application Thread] DEBUG MainWindow           - Scaled ratio: (1.0, 1.0)
21:08:27.643 [JavaFX Application Thread] DEBUG MainWindow           - Set initial scene to StartupScene
21:08:27.653 [JavaFX Application Thread] DEBUG MainWindow           - Opening main window
21:08:27.784 [JavaFX Application Thread] DEBUG MainWindow           - Window border size: (2.0, 29.0)
21:08:27.785 [JavaFX Application Thread] DEBUG MainWindow           - Scaled size: 900.0 x 900.0
21:08:27.785 [JavaFX Application Thread] DEBUG MainWindow           - Scaled ratio: (1.0, 1.0)
21:08:27.786 [JavaFX Application Thread] DEBUG MainWindow           - Scene size: 900.0 x 900.0
21:08:27.787 [JavaFX Application Thread] DEBUG MainWindow           - Stage size: 902.0 x 929.0
21:08:27.827 [FXGL Background Thread 1 ] DEBUG Engine               - Initializing environment variables
21:08:27.980 [FXGL Background Thread 1 ] DEBUG GameApplicationServi - Applying CSS: fxgl_dark.css
21:08:27.983 [FXGL Background Thread 1 ] DEBUG FXGLAssetLoaderServi - Loading from file system: /assets/ui/css/fxgl_dark.css
21:08:28.160 [FXGL Background Thread 1 ] DEBUG GameApplicationServi - Initializing application scenes
21:08:28.315 [FXGL Background Thread 1 ] DEBUG GameWorld            - Game world initialized
21:08:28.458 [FXGL Background Thread 1 ] DEBUG PhysicsWorld         - Physics world initialized: appHeight=900, physics.ppm=50.0
21:08:28.473 [FXGL Background Thread 1 ] DEBUG GameScene            - Game scene initialized: 900x900
21:08:28.555 [FXGL Background Thread 1 ] DEBUG FXGLAssetLoaderServi - Loading from file system: /assets/textures/particles/trace_horizontal.png
21:08:28.695 [FXGL Background Thread 1 ] DEBUG FXGL.DefaultMenu     - createMenuBodyMainMenu()
21:08:28.732 [FXGL Background Thread 1 ] DEBUG FXGL.DefaultMenu     - createOptionsMenu()
21:08:28.741 [FXGL Background Thread 1 ] DEBUG FXGLAssetLoaderServi - Loading from file system: /assets/textures/particles/smoke.png
21:08:28.834 [FXGL Background Thread 1 ] DEBUG FXGLAssetLoaderServi - Loading from cache: /assets/textures/particles/trace_horizontal.png@64.0x64.0
21:08:28.836 [FXGL Background Thread 1 ] DEBUG FXGL.DefaultMenu     - createMenuBodyGameMenu()
21:08:28.849 [FXGL Background Thread 1 ] DEBUG FXGL.DefaultMenu     - createOptionsMenu()
21:08:28.858 [FXGL Background Thread 1 ] DEBUG FXGLAssetLoaderServi - Loading from cache: /assets/textures/particles/smoke.png@128.0x128.0
21:08:28.895 [FXGL Background Thread 1 ] DEBUG GameApplicationServi - Application scenes initialized
21:08:28.906 [FXGL Background Thread 1 ] DEBUG SystemBundleService  - Loading FXGL system data
21:08:28.910 [FXGL Background Thread 1 ] DEBUG FileSystemAccess     - Reading from: /home/chintan/Downloads/game/system/fxgl.bundle
21:08:28.931 [FXGL Background Thread 1 ] DEBUG SystemBundleService  - Bundle FXGL: {}
21:08:28.933 [FXGL Background Thread 1 ] DEBUG UpdaterService       - Checking for updates
21:08:28.943 [FXGL Background Thread 1 ] DEBUG FXGLApplication      - Loading default localization
21:08:28.944 [FXGL Background Thread 1 ] DEBUG FXGLAssetLoaderServi - Loading from file system: /assets/languages/english.lang
21:08:28.942 [FXGL Background Thread 4 ] DEBUG FXGLApplication      - Loading fonts
21:08:28.947 [FXGL Background Thread 4 ] DEBUG FXGLAssetLoaderServi - Loading from file system: /assets/ui/fonts/VarelaRound-Regular.ttf
21:08:28.966 [FXGL Background Thread 1 ] INFO  FXGLApplication      - FXGL initialization took: 1.139 sec
21:08:28.978 [JavaFX Application Thread] DEBUG Input                - Registered new binding: Up - W
21:08:28.979 [JavaFX Application Thread] DEBUG Input                - Registered new binding: action0 - F
21:08:28.981 [JavaFX Application Thread] DEBUG FXGLAssetLoaderServi - Loading from file system: /assets/textures/fxgl_icon.png
21:08:28.983 [FXGL Background Thread 4 ] DEBUG FXGLAssetLoaderServi - Loading from file system: /assets/ui/fonts/Abel-Regular.ttf
21:08:28.998 [FXGL Background Thread 4 ] DEBUG FXGLAssetLoaderServi - Loading from file system: /assets/ui/fonts/lucida_console.ttf
21:08:29.008 [FXGL Background Thread 4 ] DEBUG FXGLAssetLoaderServi - Loading from file system: /assets/ui/fonts/Courier-Prime.ttf
21:08:29.039 [JavaFX Application Thread] DEBUG FXGLAssetLoaderServi - Loading from file system: /assets/ui/cursors/fxgl_default.png
21:08:29.047 [JavaFX Application Thread] DEBUG Input                - Registered new binding: Screenshot - P
21:08:29.052 [JavaFX Application Thread] DEBUG Input                - Registered new binding: System info dump - CTRL+9
21:08:29.055 [JavaFX Application Thread] DEBUG Input                - Registered new binding: Restart - CTRL+R
21:08:29.058 [JavaFX Application Thread] DEBUG Input                - Registered new binding: Toggle Debug Camera - CTRL+C
21:08:29.063 [JavaFX Application Thread] DEBUG LoopRunner           - Starting loop
21:08:29.069 [JavaFX Application Thread] DEBUG Input                - Clearing active input actions
21:08:29.085 [JavaFX Application Thread] DEBUG GameApplicationServi - Removing overlay from StartupScene and adding to FXGLMainMenuDummyScene
21:08:29.086 [JavaFX Application Thread] DEBUG MainWindow           - StartupScene -> FXGLMainMenuDummyScene
21:08:29.086 [JavaFX Application Thread] DEBUG MainWindow           - Push state: FXGLDefaultMenu
21:08:29.093 [JavaFX Application Thread] DEBUG Input                - Clearing active input actions
21:08:29.117 [JavaFX Application Thread] DEBUG GameApplicationServi - Removing overlay from FXGLMainMenuDummyScene and adding to FXGLDefaultMenu
21:08:29.119 [JavaFX Application Thread] DEBUG MainWindow           - FXGLMainMenuDummyScene -> FXGLDefaultMenu
21:08:29.120 [JavaFX Application Thread] DEBUG FXGLApplication      - Registering font factories with UI factory
21:08:29.975 [JavaFX Application Thread] DEBUG Menu                 - fireNewGame()
21:08:29.975 [JavaFX Application Thread] DEBUG GameApplicationServi - Starting new game
21:08:29.982 [JavaFX Application Thread] DEBUG MainWindow           - Pop state: FXGLDefaultMenu
21:08:29.982 [JavaFX Application Thread] DEBUG Input                - Clearing active input actions
21:08:29.984 [JavaFX Application Thread] DEBUG GameApplicationServi - Removing overlay from FXGLDefaultMenu and adding to FXGLMainMenuDummyScene
21:08:29.985 [JavaFX Application Thread] DEBUG MainWindow           - FXGLMainMenuDummyScene <- FXGLDefaultMenu
21:08:29.985 [JavaFX Application Thread] DEBUG Input                - Clearing active input actions
21:08:30.016 [JavaFX Application Thread] DEBUG GameApplicationServi - Removing overlay from FXGLMainMenuDummyScene and adding to FXGLLoadingScene
21:08:30.017 [JavaFX Application Thread] DEBUG MainWindow           - FXGLMainMenuDummyScene -> FXGLLoadingScene
21:08:30.018 [JavaFX Application Thread] DEBUG GameApplicationServi - Clearing previous game
21:08:30.018 [JavaFX Application Thread] DEBUG GameScene            - Clearing game scene
21:08:30.018 [JavaFX Application Thread] DEBUG GameWorld            - Clearing game world
21:08:30.019 [JavaFX Application Thread] DEBUG PhysicsWorld         - Clearing physics world
21:08:30.021 [FXGL Background Thread 4 ] DEBUG FXGLApplication      - Initializing game
21:08:30.138 [FXGL Background Thread 4 ] DEBUG FXGLAssetLoaderServi - Loading from file system: /assets/textures/star.png
21:08:30.150 [FXGL Background Thread 4 ] DEBUG FXGLAssetLoaderServi - Loading from cache: /assets/textures/star.png
21:08:30.151 [FXGL Background Thread 4 ] DEBUG FXGLAssetLoaderServi - Loading from cache: /assets/textures/star.png
21:08:30.153 [FXGL Background Thread 4 ] DEBUG FXGLAssetLoaderServi - Loading from cache: /assets/textures/star.png
21:08:30.154 [FXGL Background Thread 4 ] DEBUG FXGLAssetLoaderServi - Loading from cache: /assets/textures/star.png
21:08:30.186 [FXGL Background Thread 4 ] DEBUG FXGLAssetLoaderServi - Loading from file system: /assets/textures/heart1.png
21:08:30.292 [FXGL Background Thread 4 ] DEBUG FXGLAssetLoaderServi - Loading from cache: /assets/textures/heart1.png
21:08:30.294 [FXGL Background Thread 4 ] DEBUG FXGLAssetLoaderServi - Loading from cache: /assets/textures/heart1.png
21:08:30.296 [FXGL Background Thread 4 ] DEBUG FXGLAssetLoaderServi - Loading from cache: /assets/textures/heart1.png
21:08:30.298 [FXGL Background Thread 4 ] DEBUG FXGLAssetLoaderServi - Loading from cache: /assets/textures/heart1.png
21:08:30.308 [FXGL Background Thread 4 ] INFO  FXGLApplication      - Game initialization took: 0.286 sec
21:08:30.312 [JavaFX Application Thread] DEBUG Input                - Clearing active input actions
21:08:30.348 [JavaFX Application Thread] DEBUG GameApplicationServi - Removing overlay from FXGLLoadingScene and adding to GameScene
21:08:30.349 [JavaFX Application Thread] DEBUG MainWindow           - FXGLLoadingScene -> GameScene
21:08:31.940 [FXGL Background Thread 3 ] DEBUG Engine               - Logging environment variables
21:08:31.942 [FXGL Background Thread 3 ] DEBUG Engine               - achievements: []
21:08:31.942 [FXGL Background Thread 3 ] DEBUG Engine               - appIcon: fxgl_icon.png
21:08:31.943 [FXGL Background Thread 3 ] DEBUG Engine               - applicationMode: DEVELOPER
21:08:31.943 [FXGL Background Thread 3 ] DEBUG Engine               - cSSList: [fxgl_dark.css]
21:08:31.943 [FXGL Background Thread 3 ] DEBUG Engine               - configClass: Optional.empty
21:08:31.944 [FXGL Background Thread 3 ] DEBUG Engine               - credits: []
21:08:31.945 [FXGL Background Thread 3 ] DEBUG Engine               - devBBoxColorProperty: ObjectProperty [value: 0xff0000ff]
21:08:31.945 [FXGL Background Thread 3 ] DEBUG Engine               - devEnableDebugCameraProperty: BooleanProperty [value: false]
21:08:31.946 [FXGL Background Thread 3 ] DEBUG Engine               - devSensorColorProperty: ObjectProperty [value: 0xffff00ff]
21:08:31.947 [FXGL Background Thread 3 ] DEBUG Engine               - devShowBBoxProperty: BooleanProperty [value: false]
21:08:31.947 [FXGL Background Thread 3 ] DEBUG Engine               - devShowPositionProperty: BooleanProperty [value: false]
21:08:31.948 [FXGL Background Thread 3 ] DEBUG Engine               - enabledMenuItems: []
21:08:31.948 [FXGL Background Thread 3 ] DEBUG Engine               - engineServices: [class com.almasb.fxgl.app.FXGLApplication$GameApplicationService, class com.almasb.fxgl.app.services.FXGLDialogService, class com.almasb.fxgl.app.services.IOTaskExecutorService, class com.almasb.fxgl.event.EventBusService, class com.almasb.fxgl.io.FileSystemService, class com.almasb.fxgl.localization.LocalizationService, class com.almasb.fxgl.app.services.FXGLAssetLoaderService, class com.almasb.fxgl.app.services.SystemBundleService, class com.almasb.fxgl.profile.SaveLoadService, class com.almasb.fxgl.ui.FXGLUIFactoryServiceProvider, class com.almasb.fxgl.ui.FXGLDialogFactoryServiceProvider, class com.almasb.fxgl.audio.AudioPlayer, class com.almasb.fxgl.notification.impl.NotificationServiceProvider, class com.almasb.fxgl.achievement.AchievementService, class com.almasb.fxgl.cutscene.CutsceneService, class com.almasb.fxgl.minigames.MiniGameService, class com.almasb.fxgl.net.NetService, class com.almasb.fxgl.app.services.UpdaterService, class com.almasb.fxgl.dev.DevService]
21:08:31.948 [FXGL Background Thread 3 ] DEBUG Engine               - fontGame: Abel-Regular.ttf
21:08:31.949 [FXGL Background Thread 3 ] DEBUG Engine               - fontMono: lucida_console.ttf
21:08:31.949 [FXGL Background Thread 3 ] DEBUG Engine               - fontText: Courier-Prime.ttf
21:08:31.949 [FXGL Background Thread 3 ] DEBUG Engine               - fontUI: VarelaRound-Regular.ttf
21:08:31.950 [FXGL Background Thread 3 ] DEBUG Engine               - fullScreen: BooleanProperty [value: false]
21:08:31.950 [FXGL Background Thread 3 ] DEBUG Engine               - gameDifficulty: MEDIUM
21:08:31.950 [FXGL Background Thread 3 ] DEBUG Engine               - gameDifficultyProperty: ObjectProperty [value: MEDIUM]
21:08:31.951 [FXGL Background Thread 3 ] DEBUG Engine               - globalMusicVolume: 0.5
21:08:31.951 [FXGL Background Thread 3 ] DEBUG Engine               - globalMusicVolumeProperty: DoubleProperty [value: 0.5]
21:08:31.951 [FXGL Background Thread 3 ] DEBUG Engine               - globalSoundVolume: 0.5
21:08:31.952 [FXGL Background Thread 3 ] DEBUG Engine               - globalSoundVolumeProperty: DoubleProperty [value: 0.5]
21:08:31.952 [FXGL Background Thread 3 ] DEBUG Engine               - height: 900
21:08:31.952 [FXGL Background Thread 3 ] DEBUG Engine               - isAndroid: false
21:08:31.952 [FXGL Background Thread 3 ] DEBUG Engine               - isBrowser: false
21:08:31.953 [FXGL Background Thread 3 ] DEBUG Engine               - isClickFeedbackEnabled: false
21:08:31.953 [FXGL Background Thread 3 ] DEBUG Engine               - isCloseConfirmation: false
21:08:31.953 [FXGL Background Thread 3 ] DEBUG Engine               - isDesktop: true
21:08:31.953 [FXGL Background Thread 3 ] DEBUG Engine               - isDeveloperMenuEnabled: false
21:08:31.954 [FXGL Background Thread 3 ] DEBUG Engine               - isEntityPreloadEnabled: true
21:08:31.954 [FXGL Background Thread 3 ] DEBUG Engine               - isExperimentalNative: false
21:08:31.954 [FXGL Background Thread 3 ] DEBUG Engine               - isExperimentalTiledLargeMap: false
21:08:31.955 [FXGL Background Thread 3 ] DEBUG Engine               - isFileSystemWriteAllowed: true
21:08:31.955 [FXGL Background Thread 3 ] DEBUG Engine               - isFullScreenAllowed: false
21:08:31.955 [FXGL Background Thread 3 ] DEBUG Engine               - isFullScreenFromStart: false
21:08:31.956 [FXGL Background Thread 3 ] DEBUG Engine               - isGameMenuEnabled: true
21:08:31.956 [FXGL Background Thread 3 ] DEBUG Engine               - isIOS: false
21:08:31.956 [FXGL Background Thread 3 ] DEBUG Engine               - isIntroEnabled: false
21:08:31.957 [FXGL Background Thread 3 ] DEBUG Engine               - isLinux: true
21:08:31.957 [FXGL Background Thread 3 ] DEBUG Engine               - isMac: false
21:08:31.957 [FXGL Background Thread 3 ] DEBUG Engine               - isMainMenuEnabled: true
21:08:31.957 [FXGL Background Thread 3 ] DEBUG Engine               - isManualResizeEnabled: false
21:08:31.957 [FXGL Background Thread 3 ] DEBUG Engine               - isMobile: false
21:08:31.958 [FXGL Background Thread 3 ] DEBUG Engine               - isPreserveResizeRatio: false
21:08:31.958 [FXGL Background Thread 3 ] DEBUG Engine               - isProfilingEnabled: false
21:08:31.958 [FXGL Background Thread 3 ] DEBUG Engine               - isSingleStep: false
21:08:31.958 [FXGL Background Thread 3 ] DEBUG Engine               - isUserProfileEnabled: false
21:08:31.959 [FXGL Background Thread 3 ] DEBUG Engine               - isWindows: false
21:08:31.959 [FXGL Background Thread 3 ] DEBUG Engine               - language: ObjectProperty [value: ENGLISH]
21:08:31.959 [FXGL Background Thread 3 ] DEBUG Engine               - menuKey: ESCAPE
21:08:31.960 [FXGL Background Thread 3 ] DEBUG Engine               - notificationViewClass: class com.almasb.fxgl.notification.view.XboxNotificationView
21:08:31.960 [FXGL Background Thread 3 ] DEBUG Engine               - pixelsPerMeter: 50.0
21:08:31.960 [FXGL Background Thread 3 ] DEBUG Engine               - platform: LINUX
21:08:31.960 [FXGL Background Thread 3 ] DEBUG Engine               - profileDir: profiles/
21:08:31.961 [FXGL Background Thread 3 ] DEBUG Engine               - profileName: StringProperty [value: DEFAULT]
21:08:31.961 [FXGL Background Thread 3 ] DEBUG Engine               - randomSeed: -1
21:08:31.961 [FXGL Background Thread 3 ] DEBUG Engine               - runtimeInfo: RuntimeInfo(platform=LINUX, version=11.11, build=08.09.2020 18.00)
21:08:31.961 [FXGL Background Thread 3 ] DEBUG Engine               - saveFileExt: sav
21:08:31.961 [FXGL Background Thread 3 ] DEBUG Engine               - sceneFactory: com.almasb.fxgl.app.scene.SceneFactory@5367935e
21:08:31.962 [FXGL Background Thread 3 ] DEBUG Engine               - secondsIn24h: 60
21:08:31.962 [FXGL Background Thread 3 ] DEBUG Engine               - soundMenuBack: menu/back.wav
21:08:31.962 [FXGL Background Thread 3 ] DEBUG Engine               - soundMenuPress: menu/press.wav
21:08:31.962 [FXGL Background Thread 3 ] DEBUG Engine               - soundMenuSelect: menu/select.wav
21:08:31.962 [FXGL Background Thread 3 ] DEBUG Engine               - soundNotification: core/notification.wav
21:08:31.962 [FXGL Background Thread 3 ] DEBUG Engine               - stageStyle: DECORATED
21:08:31.963 [FXGL Background Thread 3 ] DEBUG Engine               - supportedLanguages: [ENGLISH, FRENCH, GERMAN, HUNGARIAN, RUSSIAN]
21:08:31.963 [FXGL Background Thread 3 ] DEBUG Engine               - title: Color Switch 2
21:08:31.963 [FXGL Background Thread 3 ] DEBUG Engine               - urlGithub: https://github.com/AlmasB/FXGL
21:08:31.963 [FXGL Background Thread 3 ] DEBUG Engine               - urlLeaderboard: http://fxgl-top.herokuapp.com/
21:08:31.964 [FXGL Background Thread 3 ] DEBUG Engine               - urlPOM: https://raw.githubusercontent.com/AlmasB/FXGL/master/pom.xml
21:08:31.964 [FXGL Background Thread 3 ] DEBUG Engine               - version: 0.0
21:08:31.964 [FXGL Background Thread 3 ] DEBUG Engine               - versionCheckDays: 7
21:08:31.964 [FXGL Background Thread 3 ] DEBUG Engine               - width: 900
21:08:31.964 [FXGL Background Thread 3 ] DEBUG Engine               - Logging services
21:08:31.965 [FXGL Background Thread 3 ] DEBUG Engine               - class com.almasb.fxgl.app.FXGLApplication$GameApplicationService
21:08:31.965 [FXGL Background Thread 3 ] DEBUG Engine               - class com.almasb.fxgl.app.services.FXGLDialogService
21:08:31.965 [FXGL Background Thread 3 ] DEBUG Engine               - class com.almasb.fxgl.app.services.IOTaskExecutorService
21:08:31.965 [FXGL Background Thread 3 ] DEBUG Engine               - class com.almasb.fxgl.event.EventBusService
21:08:31.965 [FXGL Background Thread 3 ] DEBUG Engine               - class com.almasb.fxgl.io.FileSystemService
21:08:31.965 [FXGL Background Thread 3 ] DEBUG Engine               - class com.almasb.fxgl.localization.LocalizationService
21:08:31.966 [FXGL Background Thread 3 ] DEBUG Engine               - class com.almasb.fxgl.app.services.FXGLAssetLoaderService
21:08:31.966 [FXGL Background Thread 3 ] DEBUG Engine               - class com.almasb.fxgl.app.services.SystemBundleService
21:08:31.966 [FXGL Background Thread 3 ] DEBUG Engine               - class com.almasb.fxgl.profile.SaveLoadService
21:08:31.966 [FXGL Background Thread 3 ] DEBUG Engine               - class com.almasb.fxgl.ui.FXGLUIFactoryServiceProvider
21:08:31.966 [FXGL Background Thread 3 ] DEBUG Engine               - class com.almasb.fxgl.ui.FXGLDialogFactoryServiceProvider
21:08:31.967 [FXGL Background Thread 3 ] DEBUG Engine               - class com.almasb.fxgl.audio.AudioPlayer
21:08:31.967 [FXGL Background Thread 3 ] DEBUG Engine               - class com.almasb.fxgl.notification.impl.NotificationServiceProvider
21:08:31.967 [FXGL Background Thread 3 ] DEBUG Engine               - class com.almasb.fxgl.achievement.AchievementService
21:08:31.967 [FXGL Background Thread 3 ] DEBUG Engine               - class com.almasb.fxgl.cutscene.CutsceneService
21:08:31.967 [FXGL Background Thread 3 ] DEBUG Engine               - class com.almasb.fxgl.minigames.MiniGameService
21:08:31.967 [FXGL Background Thread 3 ] DEBUG Engine               - class com.almasb.fxgl.net.NetService
21:08:31.968 [FXGL Background Thread 3 ] DEBUG Engine               - class com.almasb.fxgl.app.services.UpdaterService
21:08:31.968 [FXGL Background Thread 3 ] DEBUG Engine               - class com.almasb.fxgl.dev.DevService
21:08:37.564 [FXGL Background Thread 2 ] INFO  UpdaterService       - Your current version:  11.11
21:08:37.564 [FXGL Background Thread 2 ] INFO  UpdaterService       - Latest stable version: dev-SNAPSHOT
21:08:49.796 [JavaFX Application Thread] DEBUG FXGLAssetLoaderServi - Loading from cache: /assets/textures/star.png
21:08:49.797 [JavaFX Application Thread] DEBUG FXGLAssetLoaderServi - Loading from cache: /assets/textures/star.png
21:08:49.798 [JavaFX Application Thread] DEBUG FXGLAssetLoaderServi - Loading from cache: /assets/textures/star.png
21:08:49.799 [JavaFX Application Thread] DEBUG FXGLAssetLoaderServi - Loading from cache: /assets/textures/star.png
21:08:49.800 [JavaFX Application Thread] DEBUG FXGLAssetLoaderServi - Loading from cache: /assets/textures/star.png
21:08:49.801 [JavaFX Application Thread] DEBUG FXGLAssetLoaderServi - Loading from cache: /assets/textures/heart1.png
21:08:49.802 [JavaFX Application Thread] DEBUG FXGLAssetLoaderServi - Loading from cache: /assets/textures/heart1.png
21:08:49.803 [JavaFX Application Thread] DEBUG FXGLAssetLoaderServi - Loading from cache: /assets/textures/heart1.png
21:08:49.803 [JavaFX Application Thread] DEBUG FXGLAssetLoaderServi - Loading from cache: /assets/textures/heart1.png
21:08:49.804 [JavaFX Application Thread] DEBUG FXGLAssetLoaderServi - Loading from cache: /assets/textures/heart1.png
21:09:03.638 [JavaFX Application Thread] DEBUG FXGLApplication      - Exiting FXGL
21:09:03.638 [JavaFX Application Thread] DEBUG LoopRunner           - Stopping loop
21:09:03.638 [JavaFX Application Thread] DEBUG SystemBundleService  - Saving FXGL system data
21:09:03.641 [JavaFX Application Thread] DEBUG FileSystemAccess     - Writing to: /home/chintan/Downloads/game/system/fxgl.bundle
21:09:03.644 [JavaFX Application Thread] DEBUG Async                - Shutting down background threads
21:09:03.647 [JavaFX Application Thread] DEBUG MainWindow           - Closing main window
21:09:03.652 [JavaFX Application Thread] DEBUG Logger               - Closing Logger
