15:47:20.844 [main                     ] DEBUG Logger               - Configured Logger
15:47:20.882 [main                     ] DEBUG GameApplication      - Logging settings
Title: Color Switch 2
Version: 0.0
Width: 900
Height: 900
Fullscreen: false
Intro: false
Profiling: false
Single step:false
App Mode: DEVELOPER
Menu Key: ESCAPE
Stage Style: DECORATED
Scene Factory: class com.almasb.fxgl.app.scene.SceneFactory

15:47:21.442 [JavaFX Application Thread] DEBUG FXGLApplication      - Initializing FXGL
15:47:21.466 [JavaFX Application Thread] INFO  Engine               - FXGL-11.11 (08.09.2020 18.00) on LINUX (J:15.0.1 FX:14)
15:47:21.468 [JavaFX Application Thread] DEBUG Engine               - JRE Vendor Name: Oracle Corporation
15:47:21.469 [JavaFX Application Thread] DEBUG Engine               - Running on OS: Linux version 5.4.0-58-generic
15:47:21.469 [JavaFX Application Thread] DEBUG Engine               - Architecture: amd64
15:47:21.470 [JavaFX Application Thread] INFO  Engine               - Source code and latest versions at: https://github.com/AlmasB/FXGL
15:47:21.470 [JavaFX Application Thread] INFO  Engine               -              Join the FXGL chat at: https://gitter.im/AlmasB/FXGL
15:47:21.641 [JavaFX Application Thread] DEBUG MainWindow           - Creating a JavaFX scene
15:47:21.814 [JavaFX Application Thread] DEBUG MainWindow           - Target settings size: 900.0 x 900.0
15:47:21.815 [JavaFX Application Thread] DEBUG MainWindow           - Scaled scene size:    900.0 x 900.0
15:47:21.815 [JavaFX Application Thread] DEBUG MainWindow           - Scaled ratio: (1.0, 1.0)
15:47:21.817 [JavaFX Application Thread] DEBUG MainWindow           - Set initial scene to StartupScene
15:47:21.828 [JavaFX Application Thread] DEBUG MainWindow           - Opening main window
15:47:21.891 [JavaFX Application Thread] DEBUG MainWindow           - Window border size: (2.0, 29.0)
15:47:21.891 [JavaFX Application Thread] DEBUG MainWindow           - Scaled size: 900.0 x 900.0
15:47:21.892 [JavaFX Application Thread] DEBUG MainWindow           - Scaled ratio: (1.0, 1.0)
15:47:21.892 [JavaFX Application Thread] DEBUG MainWindow           - Scene size: 900.0 x 900.0
15:47:21.892 [JavaFX Application Thread] DEBUG MainWindow           - Stage size: 902.0 x 929.0
15:47:21.916 [FXGL Background Thread 1 ] DEBUG Engine               - Initializing environment variables
15:47:21.992 [FXGL Background Thread 1 ] DEBUG GameApplicationServi - Applying CSS: fxgl_dark.css
15:47:21.993 [FXGL Background Thread 1 ] DEBUG FXGLAssetLoaderServi - Loading from file system: /assets/ui/css/fxgl_dark.css
15:47:22.115 [FXGL Background Thread 1 ] DEBUG GameApplicationServi - Initializing application scenes
15:47:22.225 [FXGL Background Thread 1 ] DEBUG GameWorld            - Game world initialized
15:47:22.337 [FXGL Background Thread 1 ] DEBUG PhysicsWorld         - Physics world initialized: appHeight=900, physics.ppm=50.0
15:47:22.364 [FXGL Background Thread 1 ] DEBUG GameScene            - Game scene initialized: 900x900
15:47:22.447 [FXGL Background Thread 1 ] DEBUG FXGLAssetLoaderServi - Loading from file system: /assets/textures/particles/trace_horizontal.png
15:47:22.608 [FXGL Background Thread 1 ] DEBUG FXGL.DefaultMenu     - createMenuBodyMainMenu()
15:47:22.647 [FXGL Background Thread 1 ] DEBUG FXGL.DefaultMenu     - createOptionsMenu()
15:47:22.673 [FXGL Background Thread 1 ] DEBUG FXGLAssetLoaderServi - Loading from file system: /assets/textures/particles/smoke.png
15:47:22.804 [FXGL Background Thread 1 ] DEBUG FXGLAssetLoaderServi - Loading from cache: /assets/textures/particles/trace_horizontal.png@64.0x64.0
15:47:22.808 [FXGL Background Thread 1 ] DEBUG FXGL.DefaultMenu     - createMenuBodyGameMenu()
15:47:22.811 [FXGL Background Thread 1 ] DEBUG FXGL.DefaultMenu     - createOptionsMenu()
15:47:22.818 [FXGL Background Thread 1 ] DEBUG FXGLAssetLoaderServi - Loading from cache: /assets/textures/particles/smoke.png@128.0x128.0
15:47:22.856 [FXGL Background Thread 1 ] DEBUG GameApplicationServi - Application scenes initialized
15:47:22.866 [FXGL Background Thread 1 ] DEBUG SystemBundleService  - Loading FXGL system data
15:47:22.871 [FXGL Background Thread 1 ] DEBUG FileSystemAccess     - Reading from: /home/chintan/Downloads/game/system/fxgl.bundle
15:47:22.880 [FXGL Background Thread 1 ] DEBUG SystemBundleService  - Bundle FXGL: {}
15:47:22.880 [FXGL Background Thread 1 ] DEBUG UpdaterService       - Checking for updates
15:47:22.903 [FXGL Background Thread 1 ] DEBUG FXGLApplication      - Loading default localization
15:47:22.905 [FXGL Background Thread 4 ] DEBUG FXGLApplication      - Loading fonts
15:47:22.905 [FXGL Background Thread 4 ] DEBUG FXGLAssetLoaderServi - Loading from file system: /assets/ui/fonts/VarelaRound-Regular.ttf
15:47:22.904 [FXGL Background Thread 1 ] DEBUG FXGLAssetLoaderServi - Loading from file system: /assets/languages/english.lang
15:47:22.916 [FXGL Background Thread 4 ] DEBUG FXGLAssetLoaderServi - Loading from file system: /assets/ui/fonts/Abel-Regular.ttf
15:47:22.919 [FXGL Background Thread 4 ] DEBUG FXGLAssetLoaderServi - Loading from file system: /assets/ui/fonts/lucida_console.ttf
15:47:22.926 [FXGL Background Thread 4 ] DEBUG FXGLAssetLoaderServi - Loading from file system: /assets/ui/fonts/Courier-Prime.ttf
15:47:22.931 [JavaFX Application Thread] DEBUG FXGLApplication      - Registering font factories with UI factory
15:47:22.939 [FXGL Background Thread 1 ] INFO  FXGLApplication      - FXGL initialization took: 1.023 sec
15:47:22.951 [JavaFX Application Thread] DEBUG Input                - Registered new binding: Up - W
15:47:22.954 [JavaFX Application Thread] DEBUG FXGLAssetLoaderServi - Loading from file system: /assets/textures/fxgl_icon.png
15:47:22.997 [JavaFX Application Thread] DEBUG FXGLAssetLoaderServi - Loading from file system: /assets/ui/cursors/fxgl_default.png
15:47:23.000 [JavaFX Application Thread] DEBUG Input                - Registered new binding: Screenshot - P
15:47:23.010 [JavaFX Application Thread] DEBUG Input                - Registered new binding: System info dump - CTRL+9
15:47:23.014 [JavaFX Application Thread] DEBUG Input                - Registered new binding: Restart - CTRL+R
15:47:23.015 [JavaFX Application Thread] DEBUG Input                - Registered new binding: Toggle Debug Camera - CTRL+C
15:47:23.017 [JavaFX Application Thread] DEBUG LoopRunner           - Starting loop
15:47:23.030 [JavaFX Application Thread] DEBUG Input                - Clearing active input actions
15:47:23.045 [JavaFX Application Thread] DEBUG GameApplicationServi - Removing overlay from StartupScene and adding to FXGLMainMenuDummyScene
15:47:23.046 [JavaFX Application Thread] DEBUG MainWindow           - StartupScene -> FXGLMainMenuDummyScene
15:47:23.046 [JavaFX Application Thread] DEBUG MainWindow           - Push state: FXGLDefaultMenu
15:47:23.052 [JavaFX Application Thread] DEBUG Input                - Clearing active input actions
15:47:23.063 [JavaFX Application Thread] DEBUG GameApplicationServi - Removing overlay from FXGLMainMenuDummyScene and adding to FXGLDefaultMenu
15:47:23.064 [JavaFX Application Thread] DEBUG MainWindow           - FXGLMainMenuDummyScene -> FXGLDefaultMenu
15:47:23.983 [JavaFX Application Thread] DEBUG Menu                 - fireNewGame()
15:47:23.983 [JavaFX Application Thread] DEBUG GameApplicationServi - Starting new game
15:47:23.995 [JavaFX Application Thread] DEBUG MainWindow           - Pop state: FXGLDefaultMenu
15:47:23.996 [JavaFX Application Thread] DEBUG Input                - Clearing active input actions
15:47:23.997 [JavaFX Application Thread] DEBUG GameApplicationServi - Removing overlay from FXGLDefaultMenu and adding to FXGLMainMenuDummyScene
15:47:23.998 [JavaFX Application Thread] DEBUG MainWindow           - FXGLMainMenuDummyScene <- FXGLDefaultMenu
15:47:23.999 [JavaFX Application Thread] DEBUG Input                - Clearing active input actions
15:47:24.015 [JavaFX Application Thread] DEBUG GameApplicationServi - Removing overlay from FXGLMainMenuDummyScene and adding to FXGLLoadingScene
15:47:24.016 [JavaFX Application Thread] DEBUG MainWindow           - FXGLMainMenuDummyScene -> FXGLLoadingScene
15:47:24.016 [JavaFX Application Thread] DEBUG GameApplicationServi - Clearing previous game
15:47:24.017 [JavaFX Application Thread] DEBUG GameScene            - Clearing game scene
15:47:24.017 [JavaFX Application Thread] DEBUG GameWorld            - Clearing game world
15:47:24.017 [JavaFX Application Thread] DEBUG PhysicsWorld         - Clearing physics world
15:47:24.023 [FXGL Background Thread 1 ] DEBUG FXGLApplication      - Initializing game
15:47:24.078 [FXGL Background Thread 1 ] INFO  FXGLApplication      - Game initialization took: 0.055 sec
15:47:24.086 [JavaFX Application Thread] DEBUG Input                - Clearing active input actions
15:47:24.104 [JavaFX Application Thread] DEBUG GameApplicationServi - Removing overlay from FXGLLoadingScene and adding to GameScene
15:47:24.105 [JavaFX Application Thread] DEBUG MainWindow           - FXGLLoadingScene -> GameScene
15:47:25.883 [FXGL Background Thread 3 ] DEBUG Engine               - Logging environment variables
15:47:25.884 [FXGL Background Thread 3 ] DEBUG Engine               - achievements: []
15:47:25.885 [FXGL Background Thread 3 ] DEBUG Engine               - appIcon: fxgl_icon.png
15:47:25.886 [FXGL Background Thread 3 ] DEBUG Engine               - applicationMode: DEVELOPER
15:47:25.886 [FXGL Background Thread 3 ] DEBUG Engine               - cSSList: [fxgl_dark.css]
15:47:25.886 [FXGL Background Thread 3 ] DEBUG Engine               - configClass: Optional.empty
15:47:25.887 [FXGL Background Thread 3 ] DEBUG Engine               - credits: []
15:47:25.890 [FXGL Background Thread 3 ] DEBUG Engine               - devBBoxColorProperty: ObjectProperty [value: 0xff0000ff]
15:47:25.890 [FXGL Background Thread 3 ] DEBUG Engine               - devEnableDebugCameraProperty: BooleanProperty [value: false]
15:47:25.891 [FXGL Background Thread 3 ] DEBUG Engine               - devSensorColorProperty: ObjectProperty [value: 0xffff00ff]
15:47:25.891 [FXGL Background Thread 3 ] DEBUG Engine               - devShowBBoxProperty: BooleanProperty [value: false]
15:47:25.891 [FXGL Background Thread 3 ] DEBUG Engine               - devShowPositionProperty: BooleanProperty [value: false]
15:47:25.892 [FXGL Background Thread 3 ] DEBUG Engine               - enabledMenuItems: []
15:47:25.894 [FXGL Background Thread 3 ] DEBUG Engine               - engineServices: [class com.almasb.fxgl.app.FXGLApplication$GameApplicationService, class com.almasb.fxgl.app.services.FXGLDialogService, class com.almasb.fxgl.app.services.IOTaskExecutorService, class com.almasb.fxgl.event.EventBusService, class com.almasb.fxgl.io.FileSystemService, class com.almasb.fxgl.localization.LocalizationService, class com.almasb.fxgl.app.services.FXGLAssetLoaderService, class com.almasb.fxgl.app.services.SystemBundleService, class com.almasb.fxgl.profile.SaveLoadService, class com.almasb.fxgl.ui.FXGLUIFactoryServiceProvider, class com.almasb.fxgl.ui.FXGLDialogFactoryServiceProvider, class com.almasb.fxgl.audio.AudioPlayer, class com.almasb.fxgl.notification.impl.NotificationServiceProvider, class com.almasb.fxgl.achievement.AchievementService, class com.almasb.fxgl.cutscene.CutsceneService, class com.almasb.fxgl.minigames.MiniGameService, class com.almasb.fxgl.net.NetService, class com.almasb.fxgl.app.services.UpdaterService, class com.almasb.fxgl.dev.DevService]
15:47:25.895 [FXGL Background Thread 3 ] DEBUG Engine               - fontGame: Abel-Regular.ttf
15:47:25.895 [FXGL Background Thread 3 ] DEBUG Engine               - fontMono: lucida_console.ttf
15:47:25.896 [FXGL Background Thread 3 ] DEBUG Engine               - fontText: Courier-Prime.ttf
15:47:25.896 [FXGL Background Thread 3 ] DEBUG Engine               - fontUI: VarelaRound-Regular.ttf
15:47:25.896 [FXGL Background Thread 3 ] DEBUG Engine               - fullScreen: BooleanProperty [value: false]
15:47:25.897 [FXGL Background Thread 3 ] DEBUG Engine               - gameDifficulty: MEDIUM
15:47:25.897 [FXGL Background Thread 3 ] DEBUG Engine               - gameDifficultyProperty: ObjectProperty [value: MEDIUM]
15:47:25.897 [FXGL Background Thread 3 ] DEBUG Engine               - globalMusicVolume: 0.5
15:47:25.898 [FXGL Background Thread 3 ] DEBUG Engine               - globalMusicVolumeProperty: DoubleProperty [value: 0.5]
15:47:25.898 [FXGL Background Thread 3 ] DEBUG Engine               - globalSoundVolume: 0.5
15:47:25.898 [FXGL Background Thread 3 ] DEBUG Engine               - globalSoundVolumeProperty: DoubleProperty [value: 0.5]
15:47:25.898 [FXGL Background Thread 3 ] DEBUG Engine               - height: 900
15:47:25.898 [FXGL Background Thread 3 ] DEBUG Engine               - isAndroid: false
15:47:25.899 [FXGL Background Thread 3 ] DEBUG Engine               - isBrowser: false
15:47:25.899 [FXGL Background Thread 3 ] DEBUG Engine               - isClickFeedbackEnabled: false
15:47:25.900 [FXGL Background Thread 3 ] DEBUG Engine               - isCloseConfirmation: false
15:47:25.900 [FXGL Background Thread 3 ] DEBUG Engine               - isDesktop: true
15:47:25.901 [FXGL Background Thread 3 ] DEBUG Engine               - isDeveloperMenuEnabled: false
15:47:25.901 [FXGL Background Thread 3 ] DEBUG Engine               - isEntityPreloadEnabled: true
15:47:25.902 [FXGL Background Thread 3 ] DEBUG Engine               - isExperimentalNative: false
15:47:25.902 [FXGL Background Thread 3 ] DEBUG Engine               - isExperimentalTiledLargeMap: false
15:47:25.903 [FXGL Background Thread 3 ] DEBUG Engine               - isFileSystemWriteAllowed: true
15:47:25.903 [FXGL Background Thread 3 ] DEBUG Engine               - isFullScreenAllowed: false
15:47:25.903 [FXGL Background Thread 3 ] DEBUG Engine               - isFullScreenFromStart: false
15:47:25.904 [FXGL Background Thread 3 ] DEBUG Engine               - isGameMenuEnabled: true
15:47:25.904 [FXGL Background Thread 3 ] DEBUG Engine               - isIOS: false
15:47:25.905 [FXGL Background Thread 3 ] DEBUG Engine               - isIntroEnabled: false
15:47:25.905 [FXGL Background Thread 3 ] DEBUG Engine               - isLinux: true
15:47:25.906 [FXGL Background Thread 3 ] DEBUG Engine               - isMac: false
15:47:25.906 [FXGL Background Thread 3 ] DEBUG Engine               - isMainMenuEnabled: true
15:47:25.907 [FXGL Background Thread 3 ] DEBUG Engine               - isManualResizeEnabled: false
15:47:25.907 [FXGL Background Thread 3 ] DEBUG Engine               - isMobile: false
15:47:25.907 [FXGL Background Thread 3 ] DEBUG Engine               - isPreserveResizeRatio: false
15:47:25.907 [FXGL Background Thread 3 ] DEBUG Engine               - isProfilingEnabled: false
15:47:25.908 [FXGL Background Thread 3 ] DEBUG Engine               - isSingleStep: false
15:47:25.908 [FXGL Background Thread 3 ] DEBUG Engine               - isUserProfileEnabled: false
15:47:25.908 [FXGL Background Thread 3 ] DEBUG Engine               - isWindows: false
15:47:25.908 [FXGL Background Thread 3 ] DEBUG Engine               - language: ObjectProperty [value: ENGLISH]
15:47:25.908 [FXGL Background Thread 3 ] DEBUG Engine               - menuKey: ESCAPE
15:47:25.908 [FXGL Background Thread 3 ] DEBUG Engine               - notificationViewClass: class com.almasb.fxgl.notification.view.XboxNotificationView
15:47:25.909 [FXGL Background Thread 3 ] DEBUG Engine               - pixelsPerMeter: 50.0
15:47:25.909 [FXGL Background Thread 3 ] DEBUG Engine               - platform: LINUX
15:47:25.909 [FXGL Background Thread 3 ] DEBUG Engine               - profileDir: profiles/
15:47:25.909 [FXGL Background Thread 3 ] DEBUG Engine               - profileName: StringProperty [value: DEFAULT]
15:47:25.909 [FXGL Background Thread 3 ] DEBUG Engine               - randomSeed: -1
15:47:25.910 [FXGL Background Thread 3 ] DEBUG Engine               - runtimeInfo: RuntimeInfo(platform=LINUX, version=11.11, build=08.09.2020 18.00)
15:47:25.910 [FXGL Background Thread 3 ] DEBUG Engine               - saveFileExt: sav
15:47:25.910 [FXGL Background Thread 3 ] DEBUG Engine               - sceneFactory: com.almasb.fxgl.app.scene.SceneFactory@feae370
15:47:25.910 [FXGL Background Thread 3 ] DEBUG Engine               - secondsIn24h: 60
15:47:25.910 [FXGL Background Thread 3 ] DEBUG Engine               - soundMenuBack: menu/back.wav
15:47:25.911 [FXGL Background Thread 3 ] DEBUG Engine               - soundMenuPress: menu/press.wav
15:47:25.911 [FXGL Background Thread 3 ] DEBUG Engine               - soundMenuSelect: menu/select.wav
15:47:25.911 [FXGL Background Thread 3 ] DEBUG Engine               - soundNotification: core/notification.wav
15:47:25.911 [FXGL Background Thread 3 ] DEBUG Engine               - stageStyle: DECORATED
15:47:25.911 [FXGL Background Thread 3 ] DEBUG Engine               - supportedLanguages: [ENGLISH, FRENCH, GERMAN, HUNGARIAN, RUSSIAN]
15:47:25.912 [FXGL Background Thread 3 ] DEBUG Engine               - title: Color Switch 2
15:47:25.912 [FXGL Background Thread 3 ] DEBUG Engine               - urlGithub: https://github.com/AlmasB/FXGL
15:47:25.912 [FXGL Background Thread 3 ] DEBUG Engine               - urlLeaderboard: http://fxgl-top.herokuapp.com/
15:47:25.913 [FXGL Background Thread 3 ] DEBUG Engine               - urlPOM: https://raw.githubusercontent.com/AlmasB/FXGL/master/pom.xml
15:47:25.913 [FXGL Background Thread 3 ] DEBUG Engine               - version: 0.0
15:47:25.913 [FXGL Background Thread 3 ] DEBUG Engine               - versionCheckDays: 7
15:47:25.913 [FXGL Background Thread 3 ] DEBUG Engine               - width: 900
15:47:25.914 [FXGL Background Thread 3 ] DEBUG Engine               - Logging services
15:47:25.914 [FXGL Background Thread 3 ] DEBUG Engine               - class com.almasb.fxgl.app.FXGLApplication$GameApplicationService
15:47:25.915 [FXGL Background Thread 3 ] DEBUG Engine               - class com.almasb.fxgl.app.services.FXGLDialogService
15:47:25.915 [FXGL Background Thread 3 ] DEBUG Engine               - class com.almasb.fxgl.app.services.IOTaskExecutorService
15:47:25.915 [FXGL Background Thread 3 ] DEBUG Engine               - class com.almasb.fxgl.event.EventBusService
15:47:25.916 [FXGL Background Thread 3 ] DEBUG Engine               - class com.almasb.fxgl.io.FileSystemService
15:47:25.916 [FXGL Background Thread 3 ] DEBUG Engine               - class com.almasb.fxgl.localization.LocalizationService
15:47:25.917 [FXGL Background Thread 3 ] DEBUG Engine               - class com.almasb.fxgl.app.services.FXGLAssetLoaderService
15:47:25.917 [FXGL Background Thread 3 ] DEBUG Engine               - class com.almasb.fxgl.app.services.SystemBundleService
15:47:25.917 [FXGL Background Thread 3 ] DEBUG Engine               - class com.almasb.fxgl.profile.SaveLoadService
15:47:25.918 [FXGL Background Thread 3 ] DEBUG Engine               - class com.almasb.fxgl.ui.FXGLUIFactoryServiceProvider
15:47:25.918 [FXGL Background Thread 3 ] DEBUG Engine               - class com.almasb.fxgl.ui.FXGLDialogFactoryServiceProvider
15:47:25.918 [FXGL Background Thread 3 ] DEBUG Engine               - class com.almasb.fxgl.audio.AudioPlayer
15:47:25.919 [FXGL Background Thread 3 ] DEBUG Engine               - class com.almasb.fxgl.notification.impl.NotificationServiceProvider
15:47:25.919 [FXGL Background Thread 3 ] DEBUG Engine               - class com.almasb.fxgl.achievement.AchievementService
15:47:25.919 [FXGL Background Thread 3 ] DEBUG Engine               - class com.almasb.fxgl.cutscene.CutsceneService
15:47:25.920 [FXGL Background Thread 3 ] DEBUG Engine               - class com.almasb.fxgl.minigames.MiniGameService
15:47:25.920 [FXGL Background Thread 3 ] DEBUG Engine               - class com.almasb.fxgl.net.NetService
15:47:25.920 [FXGL Background Thread 3 ] DEBUG Engine               - class com.almasb.fxgl.app.services.UpdaterService
15:47:25.921 [FXGL Background Thread 3 ] DEBUG Engine               - class com.almasb.fxgl.dev.DevService
15:47:29.666 [FXGL Background Thread 2 ] INFO  UpdaterService       - Your current version:  11.11
15:47:29.667 [FXGL Background Thread 2 ] INFO  UpdaterService       - Latest stable version: dev-SNAPSHOT
15:48:07.186 [JavaFX Application Thread] DEBUG FXGLApplication      - Exiting FXGL
15:48:07.186 [JavaFX Application Thread] DEBUG LoopRunner           - Stopping loop
15:48:07.187 [JavaFX Application Thread] DEBUG SystemBundleService  - Saving FXGL system data
15:48:07.191 [JavaFX Application Thread] DEBUG FileSystemAccess     - Writing to: /home/chintan/Downloads/game/system/fxgl.bundle
15:48:07.197 [JavaFX Application Thread] DEBUG Async                - Shutting down background threads
15:48:07.200 [JavaFX Application Thread] DEBUG MainWindow           - Closing main window
15:48:07.209 [JavaFX Application Thread] DEBUG Logger               - Closing Logger
