15:36:35.591 [main                     ] DEBUG Logger               - Configured Logger
15:36:35.623 [main                     ] DEBUG GameApplication      - Logging settings
Title: Color Switch 2
Version: 0.0
Width: 900
Height: 900
Fullscreen: false
Intro: false
Profiling: false
Single step:false
App Mode: DEVELOPER
Menu Key: ESCAPE
Stage Style: DECORATED
Scene Factory: class com.almasb.fxgl.app.scene.SceneFactory

15:36:36.364 [JavaFX Application Thread] DEBUG FXGLApplication      - Initializing FXGL
15:36:36.395 [JavaFX Application Thread] INFO  Engine               - FXGL-11.11 (08.09.2020 18.00) on LINUX (J:15.0.1 FX:14)
15:36:36.396 [JavaFX Application Thread] DEBUG Engine               - JRE Vendor Name: Oracle Corporation
15:36:36.397 [JavaFX Application Thread] DEBUG Engine               - Running on OS: Linux version 5.4.0-58-generic
15:36:36.397 [JavaFX Application Thread] DEBUG Engine               - Architecture: amd64
15:36:36.398 [JavaFX Application Thread] INFO  Engine               - Source code and latest versions at: https://github.com/AlmasB/FXGL
15:36:36.399 [JavaFX Application Thread] INFO  Engine               -              Join the FXGL chat at: https://gitter.im/AlmasB/FXGL
15:36:36.558 [JavaFX Application Thread] DEBUG MainWindow           - Creating a JavaFX scene
15:36:36.729 [JavaFX Application Thread] DEBUG MainWindow           - Target settings size: 900.0 x 900.0
15:36:36.730 [JavaFX Application Thread] DEBUG MainWindow           - Scaled scene size:    900.0 x 900.0
15:36:36.730 [JavaFX Application Thread] DEBUG MainWindow           - Scaled ratio: (1.0, 1.0)
15:36:36.733 [JavaFX Application Thread] DEBUG MainWindow           - Set initial scene to StartupScene
15:36:36.744 [JavaFX Application Thread] DEBUG MainWindow           - Opening main window
15:36:36.828 [JavaFX Application Thread] DEBUG MainWindow           - Window border size: (2.0, 29.0)
15:36:36.828 [JavaFX Application Thread] DEBUG MainWindow           - Scaled size: 900.0 x 900.0
15:36:36.831 [JavaFX Application Thread] DEBUG MainWindow           - Scaled ratio: (1.0, 1.0)
15:36:36.831 [JavaFX Application Thread] DEBUG MainWindow           - Scene size: 900.0 x 900.0
15:36:36.832 [JavaFX Application Thread] DEBUG MainWindow           - Stage size: 902.0 x 929.0
15:36:36.848 [FXGL Background Thread 1 ] DEBUG Engine               - Initializing environment variables
15:36:36.941 [FXGL Background Thread 1 ] DEBUG GameApplicationServi - Applying CSS: fxgl_dark.css
15:36:36.942 [FXGL Background Thread 1 ] DEBUG FXGLAssetLoaderServi - Loading from file system: /assets/ui/css/fxgl_dark.css
15:36:37.107 [FXGL Background Thread 1 ] DEBUG GameApplicationServi - Initializing application scenes
15:36:37.223 [FXGL Background Thread 1 ] DEBUG GameWorld            - Game world initialized
15:36:37.360 [FXGL Background Thread 1 ] DEBUG PhysicsWorld         - Physics world initialized: appHeight=900, physics.ppm=50.0
15:36:37.376 [FXGL Background Thread 1 ] DEBUG GameScene            - Game scene initialized: 900x900
15:36:37.460 [FXGL Background Thread 1 ] DEBUG FXGLAssetLoaderServi - Loading from file system: /assets/textures/particles/trace_horizontal.png
15:36:37.610 [FXGL Background Thread 1 ] DEBUG FXGL.DefaultMenu     - createMenuBodyMainMenu()
15:36:37.649 [FXGL Background Thread 1 ] DEBUG FXGL.DefaultMenu     - createOptionsMenu()
15:36:37.656 [FXGL Background Thread 1 ] DEBUG FXGLAssetLoaderServi - Loading from file system: /assets/textures/particles/smoke.png
15:36:37.739 [FXGL Background Thread 1 ] DEBUG FXGLAssetLoaderServi - Loading from cache: /assets/textures/particles/trace_horizontal.png@64.0x64.0
15:36:37.740 [FXGL Background Thread 1 ] DEBUG FXGL.DefaultMenu     - createMenuBodyGameMenu()
15:36:37.742 [FXGL Background Thread 1 ] DEBUG FXGL.DefaultMenu     - createOptionsMenu()
15:36:37.746 [FXGL Background Thread 1 ] DEBUG FXGLAssetLoaderServi - Loading from cache: /assets/textures/particles/smoke.png@128.0x128.0
15:36:37.781 [FXGL Background Thread 1 ] DEBUG GameApplicationServi - Application scenes initialized
15:36:37.796 [FXGL Background Thread 1 ] DEBUG SystemBundleService  - Loading FXGL system data
15:36:37.845 [FXGL Background Thread 1 ] DEBUG FileSystemAccess     - Reading from: /home/chintan/Downloads/game/system/fxgl.bundle
15:36:37.854 [FXGL Background Thread 1 ] DEBUG SystemBundleService  - Bundle FXGL: {}
15:36:37.854 [FXGL Background Thread 1 ] DEBUG UpdaterService       - Checking for updates
15:36:37.859 [FXGL Background Thread 4 ] DEBUG FXGLApplication      - Loading fonts
15:36:37.859 [FXGL Background Thread 1 ] DEBUG FXGLApplication      - Loading default localization
15:36:37.860 [FXGL Background Thread 1 ] DEBUG FXGLAssetLoaderServi - Loading from file system: /assets/languages/english.lang
15:36:37.859 [FXGL Background Thread 4 ] DEBUG FXGLAssetLoaderServi - Loading from file system: /assets/ui/fonts/VarelaRound-Regular.ttf
15:36:37.887 [FXGL Background Thread 4 ] DEBUG FXGLAssetLoaderServi - Loading from file system: /assets/ui/fonts/Abel-Regular.ttf
15:36:37.892 [FXGL Background Thread 1 ] INFO  FXGLApplication      - FXGL initialization took: 1.044 sec
15:36:37.894 [FXGL Background Thread 4 ] DEBUG FXGLAssetLoaderServi - Loading from file system: /assets/ui/fonts/lucida_console.ttf
15:36:37.905 [FXGL Background Thread 4 ] DEBUG FXGLAssetLoaderServi - Loading from file system: /assets/ui/fonts/Courier-Prime.ttf
15:36:37.906 [JavaFX Application Thread] DEBUG Input                - Registered new binding: Up - W
15:36:37.906 [JavaFX Application Thread] DEBUG FXGLAssetLoaderServi - Loading from file system: /assets/textures/fxgl_icon.png
15:36:37.950 [JavaFX Application Thread] DEBUG FXGLAssetLoaderServi - Loading from file system: /assets/ui/cursors/fxgl_default.png
15:36:37.960 [JavaFX Application Thread] DEBUG Input                - Registered new binding: Screenshot - P
15:36:37.961 [JavaFX Application Thread] DEBUG Input                - Registered new binding: System info dump - CTRL+9
15:36:37.962 [JavaFX Application Thread] DEBUG Input                - Registered new binding: Restart - CTRL+R
15:36:37.963 [JavaFX Application Thread] DEBUG Input                - Registered new binding: Toggle Debug Camera - CTRL+C
15:36:37.966 [JavaFX Application Thread] DEBUG LoopRunner           - Starting loop
15:36:37.970 [JavaFX Application Thread] DEBUG Input                - Clearing active input actions
15:36:37.980 [JavaFX Application Thread] DEBUG GameApplicationServi - Removing overlay from StartupScene and adding to FXGLMainMenuDummyScene
15:36:37.986 [JavaFX Application Thread] DEBUG MainWindow           - StartupScene -> FXGLMainMenuDummyScene
15:36:37.986 [JavaFX Application Thread] DEBUG MainWindow           - Push state: FXGLDefaultMenu
15:36:37.992 [JavaFX Application Thread] DEBUG Input                - Clearing active input actions
15:36:38.021 [JavaFX Application Thread] DEBUG GameApplicationServi - Removing overlay from FXGLMainMenuDummyScene and adding to FXGLDefaultMenu
15:36:38.022 [JavaFX Application Thread] DEBUG MainWindow           - FXGLMainMenuDummyScene -> FXGLDefaultMenu
15:36:38.023 [JavaFX Application Thread] DEBUG FXGLApplication      - Registering font factories with UI factory
15:36:39.015 [JavaFX Application Thread] DEBUG Menu                 - fireNewGame()
15:36:39.015 [JavaFX Application Thread] DEBUG GameApplicationServi - Starting new game
15:36:39.026 [JavaFX Application Thread] DEBUG MainWindow           - Pop state: FXGLDefaultMenu
15:36:39.026 [JavaFX Application Thread] DEBUG Input                - Clearing active input actions
15:36:39.031 [JavaFX Application Thread] DEBUG GameApplicationServi - Removing overlay from FXGLDefaultMenu and adding to FXGLMainMenuDummyScene
15:36:39.032 [JavaFX Application Thread] DEBUG MainWindow           - FXGLMainMenuDummyScene <- FXGLDefaultMenu
15:36:39.033 [JavaFX Application Thread] DEBUG Input                - Clearing active input actions
15:36:39.053 [JavaFX Application Thread] DEBUG GameApplicationServi - Removing overlay from FXGLMainMenuDummyScene and adding to FXGLLoadingScene
15:36:39.054 [JavaFX Application Thread] DEBUG MainWindow           - FXGLMainMenuDummyScene -> FXGLLoadingScene
15:36:39.057 [JavaFX Application Thread] DEBUG GameApplicationServi - Clearing previous game
15:36:39.057 [JavaFX Application Thread] DEBUG GameScene            - Clearing game scene
15:36:39.057 [JavaFX Application Thread] DEBUG GameWorld            - Clearing game world
15:36:39.058 [JavaFX Application Thread] DEBUG PhysicsWorld         - Clearing physics world
15:36:39.059 [FXGL Background Thread 4 ] DEBUG FXGLApplication      - Initializing game
15:36:39.154 [FXGL Background Thread 4 ] INFO  FXGLApplication      - Game initialization took: 0.094 sec
15:36:39.158 [JavaFX Application Thread] DEBUG Input                - Clearing active input actions
15:36:39.172 [JavaFX Application Thread] DEBUG GameApplicationServi - Removing overlay from FXGLLoadingScene and adding to GameScene
15:36:39.173 [JavaFX Application Thread] DEBUG MainWindow           - FXGLLoadingScene -> GameScene
15:36:39.817 [FXGL Background Thread 2 ] INFO  UpdaterService       - Your current version:  11.11
15:36:39.821 [FXGL Background Thread 2 ] INFO  UpdaterService       - Latest stable version: dev-SNAPSHOT
15:36:40.858 [FXGL Background Thread 3 ] DEBUG Engine               - Logging environment variables
15:36:40.858 [FXGL Background Thread 3 ] DEBUG Engine               - achievements: []
15:36:40.859 [FXGL Background Thread 3 ] DEBUG Engine               - appIcon: fxgl_icon.png
15:36:40.859 [FXGL Background Thread 3 ] DEBUG Engine               - applicationMode: DEVELOPER
15:36:40.859 [FXGL Background Thread 3 ] DEBUG Engine               - cSSList: [fxgl_dark.css]
15:36:40.860 [FXGL Background Thread 3 ] DEBUG Engine               - configClass: Optional.empty
15:36:40.860 [FXGL Background Thread 3 ] DEBUG Engine               - credits: []
15:36:40.861 [FXGL Background Thread 3 ] DEBUG Engine               - devBBoxColorProperty: ObjectProperty [value: 0xff0000ff]
15:36:40.861 [FXGL Background Thread 3 ] DEBUG Engine               - devEnableDebugCameraProperty: BooleanProperty [value: false]
15:36:40.861 [FXGL Background Thread 3 ] DEBUG Engine               - devSensorColorProperty: ObjectProperty [value: 0xffff00ff]
15:36:40.862 [FXGL Background Thread 3 ] DEBUG Engine               - devShowBBoxProperty: BooleanProperty [value: false]
15:36:40.862 [FXGL Background Thread 3 ] DEBUG Engine               - devShowPositionProperty: BooleanProperty [value: false]
15:36:40.862 [FXGL Background Thread 3 ] DEBUG Engine               - enabledMenuItems: []
15:36:40.863 [FXGL Background Thread 3 ] DEBUG Engine               - engineServices: [class com.almasb.fxgl.app.FXGLApplication$GameApplicationService, class com.almasb.fxgl.app.services.FXGLDialogService, class com.almasb.fxgl.app.services.IOTaskExecutorService, class com.almasb.fxgl.event.EventBusService, class com.almasb.fxgl.io.FileSystemService, class com.almasb.fxgl.localization.LocalizationService, class com.almasb.fxgl.app.services.FXGLAssetLoaderService, class com.almasb.fxgl.app.services.SystemBundleService, class com.almasb.fxgl.profile.SaveLoadService, class com.almasb.fxgl.ui.FXGLUIFactoryServiceProvider, class com.almasb.fxgl.ui.FXGLDialogFactoryServiceProvider, class com.almasb.fxgl.audio.AudioPlayer, class com.almasb.fxgl.notification.impl.NotificationServiceProvider, class com.almasb.fxgl.achievement.AchievementService, class com.almasb.fxgl.cutscene.CutsceneService, class com.almasb.fxgl.minigames.MiniGameService, class com.almasb.fxgl.net.NetService, class com.almasb.fxgl.app.services.UpdaterService, class com.almasb.fxgl.dev.DevService]
15:36:40.863 [FXGL Background Thread 3 ] DEBUG Engine               - fontGame: Abel-Regular.ttf
15:36:40.863 [FXGL Background Thread 3 ] DEBUG Engine               - fontMono: lucida_console.ttf
15:36:40.864 [FXGL Background Thread 3 ] DEBUG Engine               - fontText: Courier-Prime.ttf
15:36:40.864 [FXGL Background Thread 3 ] DEBUG Engine               - fontUI: VarelaRound-Regular.ttf
15:36:40.864 [FXGL Background Thread 3 ] DEBUG Engine               - fullScreen: BooleanProperty [value: false]
15:36:40.864 [FXGL Background Thread 3 ] DEBUG Engine               - gameDifficulty: MEDIUM
15:36:40.865 [FXGL Background Thread 3 ] DEBUG Engine               - gameDifficultyProperty: ObjectProperty [value: MEDIUM]
15:36:40.865 [FXGL Background Thread 3 ] DEBUG Engine               - globalMusicVolume: 0.5
15:36:40.866 [FXGL Background Thread 3 ] DEBUG Engine               - globalMusicVolumeProperty: DoubleProperty [value: 0.5]
15:36:40.866 [FXGL Background Thread 3 ] DEBUG Engine               - globalSoundVolume: 0.5
15:36:40.866 [FXGL Background Thread 3 ] DEBUG Engine               - globalSoundVolumeProperty: DoubleProperty [value: 0.5]
15:36:40.867 [FXGL Background Thread 3 ] DEBUG Engine               - height: 900
15:36:40.867 [FXGL Background Thread 3 ] DEBUG Engine               - isAndroid: false
15:36:40.867 [FXGL Background Thread 3 ] DEBUG Engine               - isBrowser: false
15:36:40.867 [FXGL Background Thread 3 ] DEBUG Engine               - isClickFeedbackEnabled: false
15:36:40.868 [FXGL Background Thread 3 ] DEBUG Engine               - isCloseConfirmation: false
15:36:40.869 [FXGL Background Thread 3 ] DEBUG Engine               - isDesktop: true
15:36:40.869 [FXGL Background Thread 3 ] DEBUG Engine               - isDeveloperMenuEnabled: false
15:36:40.869 [FXGL Background Thread 3 ] DEBUG Engine               - isEntityPreloadEnabled: true
15:36:40.869 [FXGL Background Thread 3 ] DEBUG Engine               - isExperimentalNative: false
15:36:40.870 [FXGL Background Thread 3 ] DEBUG Engine               - isExperimentalTiledLargeMap: false
15:36:40.870 [FXGL Background Thread 3 ] DEBUG Engine               - isFileSystemWriteAllowed: true
15:36:40.870 [FXGL Background Thread 3 ] DEBUG Engine               - isFullScreenAllowed: false
15:36:40.870 [FXGL Background Thread 3 ] DEBUG Engine               - isFullScreenFromStart: false
15:36:40.870 [FXGL Background Thread 3 ] DEBUG Engine               - isGameMenuEnabled: true
15:36:40.871 [FXGL Background Thread 3 ] DEBUG Engine               - isIOS: false
15:36:40.871 [FXGL Background Thread 3 ] DEBUG Engine               - isIntroEnabled: false
15:36:40.871 [FXGL Background Thread 3 ] DEBUG Engine               - isLinux: true
15:36:40.871 [FXGL Background Thread 3 ] DEBUG Engine               - isMac: false
15:36:40.871 [FXGL Background Thread 3 ] DEBUG Engine               - isMainMenuEnabled: true
15:36:40.872 [FXGL Background Thread 3 ] DEBUG Engine               - isManualResizeEnabled: false
15:36:40.872 [FXGL Background Thread 3 ] DEBUG Engine               - isMobile: false
15:36:40.872 [FXGL Background Thread 3 ] DEBUG Engine               - isPreserveResizeRatio: false
15:36:40.873 [FXGL Background Thread 3 ] DEBUG Engine               - isProfilingEnabled: false
15:36:40.873 [FXGL Background Thread 3 ] DEBUG Engine               - isSingleStep: false
15:36:40.873 [FXGL Background Thread 3 ] DEBUG Engine               - isUserProfileEnabled: false
15:36:40.873 [FXGL Background Thread 3 ] DEBUG Engine               - isWindows: false
15:36:40.873 [FXGL Background Thread 3 ] DEBUG Engine               - language: ObjectProperty [value: ENGLISH]
15:36:40.874 [FXGL Background Thread 3 ] DEBUG Engine               - menuKey: ESCAPE
15:36:40.874 [FXGL Background Thread 3 ] DEBUG Engine               - notificationViewClass: class com.almasb.fxgl.notification.view.XboxNotificationView
15:36:40.875 [FXGL Background Thread 3 ] DEBUG Engine               - pixelsPerMeter: 50.0
15:36:40.875 [FXGL Background Thread 3 ] DEBUG Engine               - platform: LINUX
15:36:40.875 [FXGL Background Thread 3 ] DEBUG Engine               - profileDir: profiles/
15:36:40.876 [FXGL Background Thread 3 ] DEBUG Engine               - profileName: StringProperty [value: DEFAULT]
15:36:40.876 [FXGL Background Thread 3 ] DEBUG Engine               - randomSeed: -1
15:36:40.876 [FXGL Background Thread 3 ] DEBUG Engine               - runtimeInfo: RuntimeInfo(platform=LINUX, version=11.11, build=08.09.2020 18.00)
15:36:40.876 [FXGL Background Thread 3 ] DEBUG Engine               - saveFileExt: sav
15:36:40.877 [FXGL Background Thread 3 ] DEBUG Engine               - sceneFactory: com.almasb.fxgl.app.scene.SceneFactory@4900d24f
15:36:40.877 [FXGL Background Thread 3 ] DEBUG Engine               - secondsIn24h: 60
15:36:40.877 [FXGL Background Thread 3 ] DEBUG Engine               - soundMenuBack: menu/back.wav
15:36:40.877 [FXGL Background Thread 3 ] DEBUG Engine               - soundMenuPress: menu/press.wav
15:36:40.878 [FXGL Background Thread 3 ] DEBUG Engine               - soundMenuSelect: menu/select.wav
15:36:40.878 [FXGL Background Thread 3 ] DEBUG Engine               - soundNotification: core/notification.wav
15:36:40.878 [FXGL Background Thread 3 ] DEBUG Engine               - stageStyle: DECORATED
15:36:40.879 [FXGL Background Thread 3 ] DEBUG Engine               - supportedLanguages: [ENGLISH, FRENCH, GERMAN, HUNGARIAN, RUSSIAN]
15:36:40.879 [FXGL Background Thread 3 ] DEBUG Engine               - title: Color Switch 2
15:36:40.879 [FXGL Background Thread 3 ] DEBUG Engine               - urlGithub: https://github.com/AlmasB/FXGL
15:36:40.879 [FXGL Background Thread 3 ] DEBUG Engine               - urlLeaderboard: http://fxgl-top.herokuapp.com/
15:36:40.879 [FXGL Background Thread 3 ] DEBUG Engine               - urlPOM: https://raw.githubusercontent.com/AlmasB/FXGL/master/pom.xml
15:36:40.880 [FXGL Background Thread 3 ] DEBUG Engine               - version: 0.0
15:36:40.880 [FXGL Background Thread 3 ] DEBUG Engine               - versionCheckDays: 7
15:36:40.880 [FXGL Background Thread 3 ] DEBUG Engine               - width: 900
15:36:40.880 [FXGL Background Thread 3 ] DEBUG Engine               - Logging services
15:36:40.885 [FXGL Background Thread 3 ] DEBUG Engine               - class com.almasb.fxgl.app.FXGLApplication$GameApplicationService
15:36:40.886 [FXGL Background Thread 3 ] DEBUG Engine               - class com.almasb.fxgl.app.services.FXGLDialogService
15:36:40.886 [FXGL Background Thread 3 ] DEBUG Engine               - class com.almasb.fxgl.app.services.IOTaskExecutorService
15:36:40.886 [FXGL Background Thread 3 ] DEBUG Engine               - class com.almasb.fxgl.event.EventBusService
15:36:40.886 [FXGL Background Thread 3 ] DEBUG Engine               - class com.almasb.fxgl.io.FileSystemService
15:36:40.887 [FXGL Background Thread 3 ] DEBUG Engine               - class com.almasb.fxgl.localization.LocalizationService
15:36:40.887 [FXGL Background Thread 3 ] DEBUG Engine               - class com.almasb.fxgl.app.services.FXGLAssetLoaderService
15:36:40.887 [FXGL Background Thread 3 ] DEBUG Engine               - class com.almasb.fxgl.app.services.SystemBundleService
15:36:40.887 [FXGL Background Thread 3 ] DEBUG Engine               - class com.almasb.fxgl.profile.SaveLoadService
15:36:40.887 [FXGL Background Thread 3 ] DEBUG Engine               - class com.almasb.fxgl.ui.FXGLUIFactoryServiceProvider
15:36:40.887 [FXGL Background Thread 3 ] DEBUG Engine               - class com.almasb.fxgl.ui.FXGLDialogFactoryServiceProvider
15:36:40.888 [FXGL Background Thread 3 ] DEBUG Engine               - class com.almasb.fxgl.audio.AudioPlayer
15:36:40.888 [FXGL Background Thread 3 ] DEBUG Engine               - class com.almasb.fxgl.notification.impl.NotificationServiceProvider
15:36:40.888 [FXGL Background Thread 3 ] DEBUG Engine               - class com.almasb.fxgl.achievement.AchievementService
15:36:40.888 [FXGL Background Thread 3 ] DEBUG Engine               - class com.almasb.fxgl.cutscene.CutsceneService
15:36:40.888 [FXGL Background Thread 3 ] DEBUG Engine               - class com.almasb.fxgl.minigames.MiniGameService
15:36:40.891 [FXGL Background Thread 3 ] DEBUG Engine               - class com.almasb.fxgl.net.NetService
15:36:40.891 [FXGL Background Thread 3 ] DEBUG Engine               - class com.almasb.fxgl.app.services.UpdaterService
15:36:40.891 [FXGL Background Thread 3 ] DEBUG Engine               - class com.almasb.fxgl.dev.DevService
15:37:07.723 [JavaFX Application Thread] DEBUG FXGLApplication      - Exiting FXGL
15:37:07.723 [JavaFX Application Thread] DEBUG LoopRunner           - Stopping loop
15:37:07.723 [JavaFX Application Thread] DEBUG SystemBundleService  - Saving FXGL system data
15:37:07.725 [JavaFX Application Thread] DEBUG FileSystemAccess     - Writing to: /home/chintan/Downloads/game/system/fxgl.bundle
15:37:07.726 [JavaFX Application Thread] DEBUG Async                - Shutting down background threads
15:37:07.727 [JavaFX Application Thread] DEBUG MainWindow           - Closing main window
15:37:07.729 [JavaFX Application Thread] DEBUG Logger               - Closing Logger
