15:43:18.542 [main                     ] DEBUG Logger               - Configured Logger
15:43:18.582 [main                     ] DEBUG GameApplication      - Logging settings
Title: Color Switch 2
Version: 0.0
Width: 900
Height: 900
Fullscreen: false
Intro: false
Profiling: false
Single step:false
App Mode: DEVELOPER
Menu Key: ESCAPE
Stage Style: DECORATED
Scene Factory: class com.almasb.fxgl.app.scene.SceneFactory

15:43:19.203 [JavaFX Application Thread] DEBUG FXGLApplication      - Initializing FXGL
15:43:19.214 [JavaFX Application Thread] INFO  Engine               - FXGL-11.11 (08.09.2020 18.00) on LINUX (J:15.0.1 FX:14)
15:43:19.215 [JavaFX Application Thread] DEBUG Engine               - JRE Vendor Name: Oracle Corporation
15:43:19.220 [JavaFX Application Thread] DEBUG Engine               - Running on OS: Linux version 5.4.0-58-generic
15:43:19.220 [JavaFX Application Thread] DEBUG Engine               - Architecture: amd64
15:43:19.220 [JavaFX Application Thread] INFO  Engine               - Source code and latest versions at: https://github.com/AlmasB/FXGL
15:43:19.221 [JavaFX Application Thread] INFO  Engine               -              Join the FXGL chat at: https://gitter.im/AlmasB/FXGL
15:43:19.382 [JavaFX Application Thread] DEBUG MainWindow           - Creating a JavaFX scene
15:43:19.536 [JavaFX Application Thread] DEBUG MainWindow           - Target settings size: 900.0 x 900.0
15:43:19.541 [JavaFX Application Thread] DEBUG MainWindow           - Scaled scene size:    900.0 x 900.0
15:43:19.541 [JavaFX Application Thread] DEBUG MainWindow           - Scaled ratio: (1.0, 1.0)
15:43:19.546 [JavaFX Application Thread] DEBUG MainWindow           - Set initial scene to StartupScene
15:43:19.555 [JavaFX Application Thread] DEBUG MainWindow           - Opening main window
15:43:19.652 [JavaFX Application Thread] DEBUG MainWindow           - Window border size: (2.0, 29.0)
15:43:19.653 [JavaFX Application Thread] DEBUG MainWindow           - Scaled size: 900.0 x 900.0
15:43:19.653 [JavaFX Application Thread] DEBUG MainWindow           - Scaled ratio: (1.0, 1.0)
15:43:19.654 [JavaFX Application Thread] DEBUG MainWindow           - Scene size: 900.0 x 900.0
15:43:19.654 [JavaFX Application Thread] DEBUG MainWindow           - Stage size: 902.0 x 929.0
15:43:19.696 [FXGL Background Thread 1 ] DEBUG Engine               - Initializing environment variables
15:43:19.764 [FXGL Background Thread 1 ] DEBUG GameApplicationServi - Applying CSS: fxgl_dark.css
15:43:19.765 [FXGL Background Thread 1 ] DEBUG FXGLAssetLoaderServi - Loading from file system: /assets/ui/css/fxgl_dark.css
15:43:19.921 [FXGL Background Thread 1 ] DEBUG GameApplicationServi - Initializing application scenes
15:43:20.031 [FXGL Background Thread 1 ] DEBUG GameWorld            - Game world initialized
15:43:20.132 [FXGL Background Thread 1 ] DEBUG PhysicsWorld         - Physics world initialized: appHeight=900, physics.ppm=50.0
15:43:20.154 [FXGL Background Thread 1 ] DEBUG GameScene            - Game scene initialized: 900x900
15:43:20.220 [FXGL Background Thread 1 ] DEBUG FXGLAssetLoaderServi - Loading from file system: /assets/textures/particles/trace_horizontal.png
15:43:20.314 [FXGL Background Thread 1 ] DEBUG FXGL.DefaultMenu     - createMenuBodyMainMenu()
15:43:20.340 [FXGL Background Thread 1 ] DEBUG FXGL.DefaultMenu     - createOptionsMenu()
15:43:20.367 [FXGL Background Thread 1 ] DEBUG FXGLAssetLoaderServi - Loading from file system: /assets/textures/particles/smoke.png
15:43:20.510 [FXGL Background Thread 1 ] DEBUG FXGLAssetLoaderServi - Loading from cache: /assets/textures/particles/trace_horizontal.png@64.0x64.0
15:43:20.511 [FXGL Background Thread 1 ] DEBUG FXGL.DefaultMenu     - createMenuBodyGameMenu()
15:43:20.513 [FXGL Background Thread 1 ] DEBUG FXGL.DefaultMenu     - createOptionsMenu()
15:43:20.517 [FXGL Background Thread 1 ] DEBUG FXGLAssetLoaderServi - Loading from cache: /assets/textures/particles/smoke.png@128.0x128.0
15:43:20.536 [FXGL Background Thread 1 ] DEBUG GameApplicationServi - Application scenes initialized
15:43:20.552 [FXGL Background Thread 1 ] DEBUG SystemBundleService  - Loading FXGL system data
15:43:20.556 [FXGL Background Thread 1 ] DEBUG FileSystemAccess     - Reading from: /home/chintan/Downloads/game/system/fxgl.bundle
15:43:20.565 [FXGL Background Thread 1 ] DEBUG SystemBundleService  - Bundle FXGL: {}
15:43:20.565 [FXGL Background Thread 1 ] DEBUG UpdaterService       - Checking for updates
15:43:20.576 [FXGL Background Thread 1 ] DEBUG FXGLApplication      - Loading default localization
15:43:20.576 [FXGL Background Thread 1 ] DEBUG FXGLAssetLoaderServi - Loading from file system: /assets/languages/english.lang
15:43:20.581 [FXGL Background Thread 4 ] DEBUG FXGLApplication      - Loading fonts
15:43:20.585 [FXGL Background Thread 4 ] DEBUG FXGLAssetLoaderServi - Loading from file system: /assets/ui/fonts/VarelaRound-Regular.ttf
15:43:20.606 [FXGL Background Thread 4 ] DEBUG FXGLAssetLoaderServi - Loading from file system: /assets/ui/fonts/Abel-Regular.ttf
15:43:20.612 [FXGL Background Thread 1 ] INFO  FXGLApplication      - FXGL initialization took: 0.916 sec
15:43:20.614 [FXGL Background Thread 4 ] DEBUG FXGLAssetLoaderServi - Loading from file system: /assets/ui/fonts/lucida_console.ttf
15:43:20.625 [JavaFX Application Thread] DEBUG Input                - Registered new binding: Up - W
15:43:20.626 [JavaFX Application Thread] DEBUG FXGLAssetLoaderServi - Loading from file system: /assets/textures/fxgl_icon.png
15:43:20.629 [FXGL Background Thread 4 ] DEBUG FXGLAssetLoaderServi - Loading from file system: /assets/ui/fonts/Courier-Prime.ttf
15:43:20.666 [JavaFX Application Thread] DEBUG FXGLAssetLoaderServi - Loading from file system: /assets/ui/cursors/fxgl_default.png
15:43:20.682 [JavaFX Application Thread] DEBUG Input                - Registered new binding: Screenshot - P
15:43:20.683 [JavaFX Application Thread] DEBUG Input                - Registered new binding: System info dump - CTRL+9
15:43:20.686 [JavaFX Application Thread] DEBUG Input                - Registered new binding: Restart - CTRL+R
15:43:20.687 [JavaFX Application Thread] DEBUG Input                - Registered new binding: Toggle Debug Camera - CTRL+C
15:43:20.689 [JavaFX Application Thread] DEBUG LoopRunner           - Starting loop
15:43:20.695 [JavaFX Application Thread] DEBUG Input                - Clearing active input actions
15:43:20.729 [JavaFX Application Thread] DEBUG GameApplicationServi - Removing overlay from StartupScene and adding to FXGLMainMenuDummyScene
15:43:20.729 [JavaFX Application Thread] DEBUG MainWindow           - StartupScene -> FXGLMainMenuDummyScene
15:43:20.730 [JavaFX Application Thread] DEBUG MainWindow           - Push state: FXGLDefaultMenu
15:43:20.747 [JavaFX Application Thread] DEBUG Input                - Clearing active input actions
15:43:20.757 [JavaFX Application Thread] DEBUG GameApplicationServi - Removing overlay from FXGLMainMenuDummyScene and adding to FXGLDefaultMenu
15:43:20.757 [JavaFX Application Thread] DEBUG MainWindow           - FXGLMainMenuDummyScene -> FXGLDefaultMenu
15:43:20.759 [JavaFX Application Thread] DEBUG FXGLApplication      - Registering font factories with UI factory
15:43:21.691 [JavaFX Application Thread] DEBUG Menu                 - fireNewGame()
15:43:21.691 [JavaFX Application Thread] DEBUG GameApplicationServi - Starting new game
15:43:21.698 [JavaFX Application Thread] DEBUG MainWindow           - Pop state: FXGLDefaultMenu
15:43:21.698 [JavaFX Application Thread] DEBUG Input                - Clearing active input actions
15:43:21.699 [JavaFX Application Thread] DEBUG GameApplicationServi - Removing overlay from FXGLDefaultMenu and adding to FXGLMainMenuDummyScene
15:43:21.699 [JavaFX Application Thread] DEBUG MainWindow           - FXGLMainMenuDummyScene <- FXGLDefaultMenu
15:43:21.700 [JavaFX Application Thread] DEBUG Input                - Clearing active input actions
15:43:21.711 [JavaFX Application Thread] DEBUG GameApplicationServi - Removing overlay from FXGLMainMenuDummyScene and adding to FXGLLoadingScene
15:43:21.712 [JavaFX Application Thread] DEBUG MainWindow           - FXGLMainMenuDummyScene -> FXGLLoadingScene
15:43:21.712 [JavaFX Application Thread] DEBUG GameApplicationServi - Clearing previous game
15:43:21.712 [JavaFX Application Thread] DEBUG GameScene            - Clearing game scene
15:43:21.713 [JavaFX Application Thread] DEBUG GameWorld            - Clearing game world
15:43:21.713 [JavaFX Application Thread] DEBUG PhysicsWorld         - Clearing physics world
15:43:21.715 [FXGL Background Thread 4 ] DEBUG FXGLApplication      - Initializing game
15:43:21.806 [FXGL Background Thread 4 ] INFO  FXGLApplication      - Game initialization took: 0.091 sec
15:43:21.807 [JavaFX Application Thread] DEBUG Input                - Clearing active input actions
15:43:21.820 [JavaFX Application Thread] DEBUG GameApplicationServi - Removing overlay from FXGLLoadingScene and adding to GameScene
15:43:21.825 [JavaFX Application Thread] DEBUG MainWindow           - FXGLLoadingScene -> GameScene
15:43:23.574 [FXGL Background Thread 3 ] DEBUG Engine               - Logging environment variables
15:43:23.575 [FXGL Background Thread 3 ] DEBUG Engine               - achievements: []
15:43:23.575 [FXGL Background Thread 3 ] DEBUG Engine               - appIcon: fxgl_icon.png
15:43:23.576 [FXGL Background Thread 3 ] DEBUG Engine               - applicationMode: DEVELOPER
15:43:23.579 [FXGL Background Thread 3 ] DEBUG Engine               - cSSList: [fxgl_dark.css]
15:43:23.580 [FXGL Background Thread 3 ] DEBUG Engine               - configClass: Optional.empty
15:43:23.580 [FXGL Background Thread 3 ] DEBUG Engine               - credits: []
15:43:23.582 [FXGL Background Thread 3 ] DEBUG Engine               - devBBoxColorProperty: ObjectProperty [value: 0xff0000ff]
15:43:23.582 [FXGL Background Thread 3 ] DEBUG Engine               - devEnableDebugCameraProperty: BooleanProperty [value: false]
15:43:23.583 [FXGL Background Thread 3 ] DEBUG Engine               - devSensorColorProperty: ObjectProperty [value: 0xffff00ff]
15:43:23.583 [FXGL Background Thread 3 ] DEBUG Engine               - devShowBBoxProperty: BooleanProperty [value: false]
15:43:23.588 [FXGL Background Thread 3 ] DEBUG Engine               - devShowPositionProperty: BooleanProperty [value: false]
15:43:23.588 [FXGL Background Thread 3 ] DEBUG Engine               - enabledMenuItems: []
15:43:23.589 [FXGL Background Thread 3 ] DEBUG Engine               - engineServices: [class com.almasb.fxgl.app.FXGLApplication$GameApplicationService, class com.almasb.fxgl.app.services.FXGLDialogService, class com.almasb.fxgl.app.services.IOTaskExecutorService, class com.almasb.fxgl.event.EventBusService, class com.almasb.fxgl.io.FileSystemService, class com.almasb.fxgl.localization.LocalizationService, class com.almasb.fxgl.app.services.FXGLAssetLoaderService, class com.almasb.fxgl.app.services.SystemBundleService, class com.almasb.fxgl.profile.SaveLoadService, class com.almasb.fxgl.ui.FXGLUIFactoryServiceProvider, class com.almasb.fxgl.ui.FXGLDialogFactoryServiceProvider, class com.almasb.fxgl.audio.AudioPlayer, class com.almasb.fxgl.notification.impl.NotificationServiceProvider, class com.almasb.fxgl.achievement.AchievementService, class com.almasb.fxgl.cutscene.CutsceneService, class com.almasb.fxgl.minigames.MiniGameService, class com.almasb.fxgl.net.NetService, class com.almasb.fxgl.app.services.UpdaterService, class com.almasb.fxgl.dev.DevService]
15:43:23.589 [FXGL Background Thread 3 ] DEBUG Engine               - fontGame: Abel-Regular.ttf
15:43:23.589 [FXGL Background Thread 3 ] DEBUG Engine               - fontMono: lucida_console.ttf
15:43:23.589 [FXGL Background Thread 3 ] DEBUG Engine               - fontText: Courier-Prime.ttf
15:43:23.590 [FXGL Background Thread 3 ] DEBUG Engine               - fontUI: VarelaRound-Regular.ttf
15:43:23.590 [FXGL Background Thread 3 ] DEBUG Engine               - fullScreen: BooleanProperty [value: false]
15:43:23.590 [FXGL Background Thread 3 ] DEBUG Engine               - gameDifficulty: MEDIUM
15:43:23.591 [FXGL Background Thread 3 ] DEBUG Engine               - gameDifficultyProperty: ObjectProperty [value: MEDIUM]
15:43:23.591 [FXGL Background Thread 3 ] DEBUG Engine               - globalMusicVolume: 0.5
15:43:23.594 [FXGL Background Thread 3 ] DEBUG Engine               - globalMusicVolumeProperty: DoubleProperty [value: 0.5]
15:43:23.595 [FXGL Background Thread 3 ] DEBUG Engine               - globalSoundVolume: 0.5
15:43:23.595 [FXGL Background Thread 3 ] DEBUG Engine               - globalSoundVolumeProperty: DoubleProperty [value: 0.5]
15:43:23.595 [FXGL Background Thread 3 ] DEBUG Engine               - height: 900
15:43:23.596 [FXGL Background Thread 3 ] DEBUG Engine               - isAndroid: false
15:43:23.596 [FXGL Background Thread 3 ] DEBUG Engine               - isBrowser: false
15:43:23.597 [FXGL Background Thread 3 ] DEBUG Engine               - isClickFeedbackEnabled: false
15:43:23.597 [FXGL Background Thread 3 ] DEBUG Engine               - isCloseConfirmation: false
15:43:23.597 [FXGL Background Thread 3 ] DEBUG Engine               - isDesktop: true
15:43:23.597 [FXGL Background Thread 3 ] DEBUG Engine               - isDeveloperMenuEnabled: false
15:43:23.598 [FXGL Background Thread 3 ] DEBUG Engine               - isEntityPreloadEnabled: true
15:43:23.598 [FXGL Background Thread 3 ] DEBUG Engine               - isExperimentalNative: false
15:43:23.598 [FXGL Background Thread 3 ] DEBUG Engine               - isExperimentalTiledLargeMap: false
15:43:23.598 [FXGL Background Thread 3 ] DEBUG Engine               - isFileSystemWriteAllowed: true
15:43:23.598 [FXGL Background Thread 3 ] DEBUG Engine               - isFullScreenAllowed: false
15:43:23.599 [FXGL Background Thread 3 ] DEBUG Engine               - isFullScreenFromStart: false
15:43:23.599 [FXGL Background Thread 3 ] DEBUG Engine               - isGameMenuEnabled: true
15:43:23.599 [FXGL Background Thread 3 ] DEBUG Engine               - isIOS: false
15:43:23.599 [FXGL Background Thread 3 ] DEBUG Engine               - isIntroEnabled: false
15:43:23.600 [FXGL Background Thread 3 ] DEBUG Engine               - isLinux: true
15:43:23.600 [FXGL Background Thread 3 ] DEBUG Engine               - isMac: false
15:43:23.600 [FXGL Background Thread 3 ] DEBUG Engine               - isMainMenuEnabled: true
15:43:23.600 [FXGL Background Thread 3 ] DEBUG Engine               - isManualResizeEnabled: false
15:43:23.601 [FXGL Background Thread 3 ] DEBUG Engine               - isMobile: false
15:43:23.601 [FXGL Background Thread 3 ] DEBUG Engine               - isPreserveResizeRatio: false
15:43:23.601 [FXGL Background Thread 3 ] DEBUG Engine               - isProfilingEnabled: false
15:43:23.602 [FXGL Background Thread 3 ] DEBUG Engine               - isSingleStep: false
15:43:23.602 [FXGL Background Thread 3 ] DEBUG Engine               - isUserProfileEnabled: false
15:43:23.602 [FXGL Background Thread 3 ] DEBUG Engine               - isWindows: false
15:43:23.602 [FXGL Background Thread 3 ] DEBUG Engine               - language: ObjectProperty [value: ENGLISH]
15:43:23.602 [FXGL Background Thread 3 ] DEBUG Engine               - menuKey: ESCAPE
15:43:23.603 [FXGL Background Thread 3 ] DEBUG Engine               - notificationViewClass: class com.almasb.fxgl.notification.view.XboxNotificationView
15:43:23.603 [FXGL Background Thread 3 ] DEBUG Engine               - pixelsPerMeter: 50.0
15:43:23.603 [FXGL Background Thread 3 ] DEBUG Engine               - platform: LINUX
15:43:23.603 [FXGL Background Thread 3 ] DEBUG Engine               - profileDir: profiles/
15:43:23.604 [FXGL Background Thread 3 ] DEBUG Engine               - profileName: StringProperty [value: DEFAULT]
15:43:23.604 [FXGL Background Thread 3 ] DEBUG Engine               - randomSeed: -1
15:43:23.604 [FXGL Background Thread 3 ] DEBUG Engine               - runtimeInfo: RuntimeInfo(platform=LINUX, version=11.11, build=08.09.2020 18.00)
15:43:23.604 [FXGL Background Thread 3 ] DEBUG Engine               - saveFileExt: sav
15:43:23.605 [FXGL Background Thread 3 ] DEBUG Engine               - sceneFactory: com.almasb.fxgl.app.scene.SceneFactory@551f224b
15:43:23.606 [FXGL Background Thread 3 ] DEBUG Engine               - secondsIn24h: 60
15:43:23.606 [FXGL Background Thread 3 ] DEBUG Engine               - soundMenuBack: menu/back.wav
15:43:23.606 [FXGL Background Thread 3 ] DEBUG Engine               - soundMenuPress: menu/press.wav
15:43:23.606 [FXGL Background Thread 3 ] DEBUG Engine               - soundMenuSelect: menu/select.wav
15:43:23.606 [FXGL Background Thread 3 ] DEBUG Engine               - soundNotification: core/notification.wav
15:43:23.606 [FXGL Background Thread 3 ] DEBUG Engine               - stageStyle: DECORATED
15:43:23.607 [FXGL Background Thread 3 ] DEBUG Engine               - supportedLanguages: [ENGLISH, FRENCH, GERMAN, HUNGARIAN, RUSSIAN]
15:43:23.607 [FXGL Background Thread 3 ] DEBUG Engine               - title: Color Switch 2
15:43:23.607 [FXGL Background Thread 3 ] DEBUG Engine               - urlGithub: https://github.com/AlmasB/FXGL
15:43:23.607 [FXGL Background Thread 3 ] DEBUG Engine               - urlLeaderboard: http://fxgl-top.herokuapp.com/
15:43:23.607 [FXGL Background Thread 3 ] DEBUG Engine               - urlPOM: https://raw.githubusercontent.com/AlmasB/FXGL/master/pom.xml
15:43:23.607 [FXGL Background Thread 3 ] DEBUG Engine               - version: 0.0
15:43:23.608 [FXGL Background Thread 3 ] DEBUG Engine               - versionCheckDays: 7
15:43:23.608 [FXGL Background Thread 3 ] DEBUG Engine               - width: 900
15:43:23.609 [FXGL Background Thread 3 ] DEBUG Engine               - Logging services
15:43:23.610 [FXGL Background Thread 3 ] DEBUG Engine               - class com.almasb.fxgl.app.FXGLApplication$GameApplicationService
15:43:23.610 [FXGL Background Thread 3 ] DEBUG Engine               - class com.almasb.fxgl.app.services.FXGLDialogService
15:43:23.611 [FXGL Background Thread 3 ] DEBUG Engine               - class com.almasb.fxgl.app.services.IOTaskExecutorService
15:43:23.611 [FXGL Background Thread 3 ] DEBUG Engine               - class com.almasb.fxgl.event.EventBusService
15:43:23.611 [FXGL Background Thread 3 ] DEBUG Engine               - class com.almasb.fxgl.io.FileSystemService
15:43:23.612 [FXGL Background Thread 3 ] DEBUG Engine               - class com.almasb.fxgl.localization.LocalizationService
15:43:23.612 [FXGL Background Thread 3 ] DEBUG Engine               - class com.almasb.fxgl.app.services.FXGLAssetLoaderService
15:43:23.612 [FXGL Background Thread 3 ] DEBUG Engine               - class com.almasb.fxgl.app.services.SystemBundleService
15:43:23.613 [FXGL Background Thread 3 ] DEBUG Engine               - class com.almasb.fxgl.profile.SaveLoadService
15:43:23.613 [FXGL Background Thread 3 ] DEBUG Engine               - class com.almasb.fxgl.ui.FXGLUIFactoryServiceProvider
15:43:23.613 [FXGL Background Thread 3 ] DEBUG Engine               - class com.almasb.fxgl.ui.FXGLDialogFactoryServiceProvider
15:43:23.613 [FXGL Background Thread 3 ] DEBUG Engine               - class com.almasb.fxgl.audio.AudioPlayer
15:43:23.614 [FXGL Background Thread 3 ] DEBUG Engine               - class com.almasb.fxgl.notification.impl.NotificationServiceProvider
15:43:23.614 [FXGL Background Thread 3 ] DEBUG Engine               - class com.almasb.fxgl.achievement.AchievementService
15:43:23.614 [FXGL Background Thread 3 ] DEBUG Engine               - class com.almasb.fxgl.cutscene.CutsceneService
15:43:23.615 [FXGL Background Thread 3 ] DEBUG Engine               - class com.almasb.fxgl.minigames.MiniGameService
15:43:23.615 [FXGL Background Thread 3 ] DEBUG Engine               - class com.almasb.fxgl.net.NetService
15:43:23.615 [FXGL Background Thread 3 ] DEBUG Engine               - class com.almasb.fxgl.app.services.UpdaterService
15:43:23.615 [FXGL Background Thread 3 ] DEBUG Engine               - class com.almasb.fxgl.dev.DevService
15:43:27.295 [FXGL Background Thread 2 ] INFO  UpdaterService       - Your current version:  11.11
15:43:27.295 [FXGL Background Thread 2 ] INFO  UpdaterService       - Latest stable version: dev-SNAPSHOT
15:43:42.964 [JavaFX Application Thread] DEBUG FXGLApplication      - Exiting FXGL
15:43:42.965 [JavaFX Application Thread] DEBUG LoopRunner           - Stopping loop
15:43:42.966 [JavaFX Application Thread] DEBUG SystemBundleService  - Saving FXGL system data
15:43:42.975 [JavaFX Application Thread] DEBUG FileSystemAccess     - Writing to: /home/chintan/Downloads/game/system/fxgl.bundle
15:43:43.000 [JavaFX Application Thread] DEBUG Async                - Shutting down background threads
15:43:43.002 [JavaFX Application Thread] DEBUG MainWindow           - Closing main window
15:43:43.043 [JavaFX Application Thread] DEBUG Logger               - Closing Logger
