04:05:08.738 [main                     ] DEBUG Logger               - Configured Logger
04:05:08.762 [main                     ] DEBUG GameApplication      - Logging settings
Title: Color Switch 2
Version: 0.0
Width: 580
Height: 720
Fullscreen: false
Intro: false
Profiling: false
Single step:false
App Mode: DEVELOPER
Menu Key: ESCAPE
Stage Style: DECORATED
Scene Factory: class com.almasb.fxgl.app.scene.SceneFactory

04:05:09.281 [JavaFX Application Thread] DEBUG FXGLApplication      - Initializing FXGL
04:05:09.296 [JavaFX Application Thread] INFO  Engine               - FXGL-11.11 (08.09.2020 18.00) on LINUX (J:15.0.1 FX:14)
04:05:09.297 [JavaFX Application Thread] DEBUG Engine               - JRE Vendor Name: Oracle Corporation
04:05:09.297 [JavaFX Application Thread] DEBUG Engine               - Running on OS: Linux version 5.4.0-56-generic
04:05:09.298 [JavaFX Application Thread] DEBUG Engine               - Architecture: amd64
04:05:09.298 [JavaFX Application Thread] INFO  Engine               - Source code and latest versions at: https://github.com/AlmasB/FXGL
04:05:09.299 [JavaFX Application Thread] INFO  Engine               -              Join the FXGL chat at: https://gitter.im/AlmasB/FXGL
04:05:09.467 [JavaFX Application Thread] DEBUG MainWindow           - Creating a JavaFX scene
04:05:09.615 [JavaFX Application Thread] DEBUG MainWindow           - Target settings size: 580.0 x 720.0
04:05:09.615 [JavaFX Application Thread] DEBUG MainWindow           - Scaled scene size:    580.0 x 720.0
04:05:09.616 [JavaFX Application Thread] DEBUG MainWindow           - Scaled ratio: (1.0, 1.0)
04:05:09.621 [JavaFX Application Thread] DEBUG MainWindow           - Set initial scene to StartupScene
04:05:09.630 [JavaFX Application Thread] DEBUG MainWindow           - Opening main window
04:05:09.709 [JavaFX Application Thread] DEBUG MainWindow           - Window border size: (2.0, 29.0)
04:05:09.710 [JavaFX Application Thread] DEBUG MainWindow           - Scaled size: 580.0 x 720.0
04:05:09.710 [JavaFX Application Thread] DEBUG MainWindow           - Scaled ratio: (1.0, 1.0)
04:05:09.710 [JavaFX Application Thread] DEBUG MainWindow           - Scene size: 580.0 x 720.0
04:05:09.711 [JavaFX Application Thread] DEBUG MainWindow           - Stage size: 582.0 x 749.0
04:05:09.736 [FXGL Background Thread 1 ] DEBUG Engine               - Initializing environment variables
04:05:09.792 [FXGL Background Thread 1 ] DEBUG GameApplicationServi - Applying CSS: fxgl_dark.css
04:05:09.793 [FXGL Background Thread 1 ] DEBUG FXGLAssetLoaderServi - Loading from file system: /assets/ui/css/fxgl_dark.css
04:05:09.866 [FXGL Background Thread 1 ] DEBUG GameApplicationServi - Initializing application scenes
04:05:09.980 [FXGL Background Thread 1 ] DEBUG GameWorld            - Game world initialized
04:05:10.101 [FXGL Background Thread 1 ] DEBUG PhysicsWorld         - Physics world initialized: appHeight=720, physics.ppm=50.0
04:05:10.105 [FXGL Background Thread 1 ] DEBUG GameScene            - Game scene initialized: 580x720
04:05:10.147 [FXGL Background Thread 1 ] DEBUG FXGLAssetLoaderServi - Loading from file system: /assets/textures/particles/trace_horizontal.png
04:05:10.317 [FXGL Background Thread 1 ] WARN  FXGL.DefaultMenu     - FXGLDefaultMenu is not designed for resolutions < 800x600
04:05:10.317 [FXGL Background Thread 1 ] DEBUG FXGL.DefaultMenu     - createMenuBodyMainMenu()
04:05:10.342 [FXGL Background Thread 1 ] DEBUG FXGL.DefaultMenu     - createOptionsMenu()
04:05:10.351 [FXGL Background Thread 1 ] DEBUG FXGLAssetLoaderServi - Loading from file system: /assets/textures/particles/smoke.png
04:05:10.478 [FXGL Background Thread 1 ] DEBUG FXGLAssetLoaderServi - Loading from cache: /assets/textures/particles/trace_horizontal.png@64.0x64.0
04:05:10.479 [FXGL Background Thread 1 ] WARN  FXGL.DefaultMenu     - FXGLDefaultMenu is not designed for resolutions < 800x600
04:05:10.479 [FXGL Background Thread 1 ] DEBUG FXGL.DefaultMenu     - createMenuBodyGameMenu()
04:05:10.481 [FXGL Background Thread 1 ] DEBUG FXGL.DefaultMenu     - createOptionsMenu()
04:05:10.486 [FXGL Background Thread 1 ] DEBUG FXGLAssetLoaderServi - Loading from cache: /assets/textures/particles/smoke.png@128.0x128.0
04:05:10.517 [FXGL Background Thread 1 ] DEBUG GameApplicationServi - Application scenes initialized
04:05:10.531 [FXGL Background Thread 1 ] DEBUG SystemBundleService  - Loading FXGL system data
04:05:10.536 [FXGL Background Thread 1 ] DEBUG FileSystemAccess     - Reading from: /home/chintan/Downloads/game/system/fxgl.bundle
04:05:10.544 [FXGL Background Thread 1 ] DEBUG SystemBundleService  - Bundle FXGL: {}
04:05:10.545 [FXGL Background Thread 1 ] DEBUG UpdaterService       - Checking for updates
04:05:10.550 [FXGL Background Thread 1 ] DEBUG FXGLApplication      - Loading default localization
04:05:10.550 [FXGL Background Thread 4 ] DEBUG FXGLApplication      - Loading fonts
04:05:10.551 [FXGL Background Thread 4 ] DEBUG FXGLAssetLoaderServi - Loading from file system: /assets/ui/fonts/VarelaRound-Regular.ttf
04:05:10.551 [FXGL Background Thread 1 ] DEBUG FXGLAssetLoaderServi - Loading from file system: /assets/languages/english.lang
04:05:10.565 [FXGL Background Thread 4 ] DEBUG FXGLAssetLoaderServi - Loading from file system: /assets/ui/fonts/Abel-Regular.ttf
04:05:10.568 [FXGL Background Thread 4 ] DEBUG FXGLAssetLoaderServi - Loading from file system: /assets/ui/fonts/lucida_console.ttf
04:05:10.572 [FXGL Background Thread 4 ] DEBUG FXGLAssetLoaderServi - Loading from file system: /assets/ui/fonts/Courier-Prime.ttf
04:05:10.576 [JavaFX Application Thread] DEBUG FXGLApplication      - Registering font factories with UI factory
04:05:10.579 [FXGL Background Thread 1 ] INFO  FXGLApplication      - FXGL initialization took: 0.843 sec
04:05:10.591 [JavaFX Application Thread] DEBUG Input                - Registered new binding: Up - W
04:05:10.591 [JavaFX Application Thread] DEBUG FXGLAssetLoaderServi - Loading from file system: /assets/textures/fxgl_icon.png
04:05:10.657 [JavaFX Application Thread] DEBUG FXGLAssetLoaderServi - Loading from file system: /assets/ui/cursors/fxgl_default.png
04:05:10.661 [JavaFX Application Thread] DEBUG Input                - Registered new binding: Screenshot - P
04:05:10.664 [JavaFX Application Thread] DEBUG Input                - Registered new binding: System info dump - CTRL+9
04:05:10.666 [JavaFX Application Thread] DEBUG Input                - Registered new binding: Restart - CTRL+R
04:05:10.669 [JavaFX Application Thread] DEBUG Input                - Registered new binding: Toggle Debug Camera - CTRL+C
04:05:10.673 [JavaFX Application Thread] DEBUG LoopRunner           - Starting loop
04:05:10.676 [JavaFX Application Thread] DEBUG Input                - Clearing active input actions
04:05:10.694 [JavaFX Application Thread] DEBUG GameApplicationServi - Removing overlay from StartupScene and adding to FXGLMainMenuDummyScene
04:05:10.695 [JavaFX Application Thread] DEBUG MainWindow           - StartupScene -> FXGLMainMenuDummyScene
04:05:10.695 [JavaFX Application Thread] DEBUG MainWindow           - Push state: FXGLDefaultMenu
04:05:10.701 [JavaFX Application Thread] DEBUG Input                - Clearing active input actions
04:05:10.711 [JavaFX Application Thread] DEBUG GameApplicationServi - Removing overlay from FXGLMainMenuDummyScene and adding to FXGLDefaultMenu
04:05:10.712 [JavaFX Application Thread] DEBUG MainWindow           - FXGLMainMenuDummyScene -> FXGLDefaultMenu
04:05:11.215 [FXGL Background Thread 2 ] INFO  UpdaterService       - Your current version:  11.11
04:05:11.216 [FXGL Background Thread 2 ] INFO  UpdaterService       - Latest stable version: dev-SNAPSHOT
04:05:11.542 [JavaFX Application Thread] DEBUG Menu                 - fireNewGame()
04:05:11.542 [JavaFX Application Thread] DEBUG GameApplicationServi - Starting new game
04:05:11.550 [JavaFX Application Thread] DEBUG MainWindow           - Pop state: FXGLDefaultMenu
04:05:11.551 [JavaFX Application Thread] DEBUG Input                - Clearing active input actions
04:05:11.552 [JavaFX Application Thread] DEBUG GameApplicationServi - Removing overlay from FXGLDefaultMenu and adding to FXGLMainMenuDummyScene
04:05:11.552 [JavaFX Application Thread] DEBUG MainWindow           - FXGLMainMenuDummyScene <- FXGLDefaultMenu
04:05:11.553 [JavaFX Application Thread] DEBUG Input                - Clearing active input actions
04:05:11.562 [JavaFX Application Thread] DEBUG GameApplicationServi - Removing overlay from FXGLMainMenuDummyScene and adding to FXGLLoadingScene
04:05:11.563 [JavaFX Application Thread] DEBUG MainWindow           - FXGLMainMenuDummyScene -> FXGLLoadingScene
04:05:11.563 [JavaFX Application Thread] DEBUG GameApplicationServi - Clearing previous game
04:05:11.563 [JavaFX Application Thread] DEBUG GameScene            - Clearing game scene
04:05:11.564 [JavaFX Application Thread] DEBUG GameWorld            - Clearing game world
04:05:11.564 [JavaFX Application Thread] DEBUG PhysicsWorld         - Clearing physics world
04:05:11.566 [FXGL Background Thread 2 ] DEBUG FXGLApplication      - Initializing game
04:05:11.605 [FXGL Background Thread 2 ] INFO  FXGLApplication      - Game initialization took: 0.039 sec
04:05:11.614 [JavaFX Application Thread] DEBUG Input                - Clearing active input actions
04:05:11.626 [JavaFX Application Thread] DEBUG GameApplicationServi - Removing overlay from FXGLLoadingScene and adding to GameScene
04:05:11.627 [JavaFX Application Thread] DEBUG MainWindow           - FXGLLoadingScene -> GameScene
04:05:13.548 [FXGL Background Thread 3 ] DEBUG Engine               - Logging environment variables
04:05:13.550 [FXGL Background Thread 3 ] DEBUG Engine               - achievements: []
04:05:13.554 [FXGL Background Thread 3 ] DEBUG Engine               - appIcon: fxgl_icon.png
04:05:13.555 [FXGL Background Thread 3 ] DEBUG Engine               - applicationMode: DEVELOPER
04:05:13.555 [FXGL Background Thread 3 ] DEBUG Engine               - cSSList: [fxgl_dark.css]
04:05:13.556 [FXGL Background Thread 3 ] DEBUG Engine               - configClass: Optional.empty
04:05:13.556 [FXGL Background Thread 3 ] DEBUG Engine               - credits: []
04:05:13.557 [FXGL Background Thread 3 ] DEBUG Engine               - devBBoxColorProperty: ObjectProperty [value: 0xff0000ff]
04:05:13.559 [FXGL Background Thread 3 ] DEBUG Engine               - devEnableDebugCameraProperty: BooleanProperty [value: false]
04:05:13.563 [FXGL Background Thread 3 ] DEBUG Engine               - devSensorColorProperty: ObjectProperty [value: 0xffff00ff]
04:05:13.564 [FXGL Background Thread 3 ] DEBUG Engine               - devShowBBoxProperty: BooleanProperty [value: false]
04:05:13.574 [FXGL Background Thread 3 ] DEBUG Engine               - devShowPositionProperty: BooleanProperty [value: false]
04:05:13.576 [FXGL Background Thread 3 ] DEBUG Engine               - enabledMenuItems: []
04:05:13.576 [FXGL Background Thread 3 ] DEBUG Engine               - engineServices: [class com.almasb.fxgl.app.FXGLApplication$GameApplicationService, class com.almasb.fxgl.app.services.FXGLDialogService, class com.almasb.fxgl.app.services.IOTaskExecutorService, class com.almasb.fxgl.event.EventBusService, class com.almasb.fxgl.io.FileSystemService, class com.almasb.fxgl.localization.LocalizationService, class com.almasb.fxgl.app.services.FXGLAssetLoaderService, class com.almasb.fxgl.app.services.SystemBundleService, class com.almasb.fxgl.profile.SaveLoadService, class com.almasb.fxgl.ui.FXGLUIFactoryServiceProvider, class com.almasb.fxgl.ui.FXGLDialogFactoryServiceProvider, class com.almasb.fxgl.audio.AudioPlayer, class com.almasb.fxgl.notification.impl.NotificationServiceProvider, class com.almasb.fxgl.achievement.AchievementService, class com.almasb.fxgl.cutscene.CutsceneService, class com.almasb.fxgl.minigames.MiniGameService, class com.almasb.fxgl.net.NetService, class com.almasb.fxgl.app.services.UpdaterService, class com.almasb.fxgl.dev.DevService]
04:05:13.579 [FXGL Background Thread 3 ] DEBUG Engine               - fontGame: Abel-Regular.ttf
04:05:13.579 [FXGL Background Thread 3 ] DEBUG Engine               - fontMono: lucida_console.ttf
04:05:13.580 [FXGL Background Thread 3 ] DEBUG Engine               - fontText: Courier-Prime.ttf
04:05:13.580 [FXGL Background Thread 3 ] DEBUG Engine               - fontUI: VarelaRound-Regular.ttf
04:05:13.585 [FXGL Background Thread 3 ] DEBUG Engine               - fullScreen: BooleanProperty [value: false]
04:05:13.586 [FXGL Background Thread 3 ] DEBUG Engine               - gameDifficulty: MEDIUM
04:05:13.586 [FXGL Background Thread 3 ] DEBUG Engine               - gameDifficultyProperty: ObjectProperty [value: MEDIUM]
04:05:13.587 [FXGL Background Thread 3 ] DEBUG Engine               - globalMusicVolume: 0.5
04:05:13.592 [FXGL Background Thread 3 ] DEBUG Engine               - globalMusicVolumeProperty: DoubleProperty [value: 0.5]
04:05:13.592 [FXGL Background Thread 3 ] DEBUG Engine               - globalSoundVolume: 0.5
04:05:13.594 [FXGL Background Thread 3 ] DEBUG Engine               - globalSoundVolumeProperty: DoubleProperty [value: 0.5]
04:05:13.596 [FXGL Background Thread 3 ] DEBUG Engine               - height: 720
04:05:13.598 [FXGL Background Thread 3 ] DEBUG Engine               - isAndroid: false
04:05:13.599 [FXGL Background Thread 3 ] DEBUG Engine               - isBrowser: false
04:05:13.600 [FXGL Background Thread 3 ] DEBUG Engine               - isClickFeedbackEnabled: false
04:05:13.600 [FXGL Background Thread 3 ] DEBUG Engine               - isCloseConfirmation: false
04:05:13.602 [FXGL Background Thread 3 ] DEBUG Engine               - isDesktop: true
04:05:13.602 [FXGL Background Thread 3 ] DEBUG Engine               - isDeveloperMenuEnabled: false
04:05:13.602 [FXGL Background Thread 3 ] DEBUG Engine               - isEntityPreloadEnabled: true
04:05:13.603 [FXGL Background Thread 3 ] DEBUG Engine               - isExperimentalNative: false
04:05:13.603 [FXGL Background Thread 3 ] DEBUG Engine               - isExperimentalTiledLargeMap: false
04:05:13.604 [FXGL Background Thread 3 ] DEBUG Engine               - isFileSystemWriteAllowed: true
04:05:13.604 [FXGL Background Thread 3 ] DEBUG Engine               - isFullScreenAllowed: false
04:05:13.604 [FXGL Background Thread 3 ] DEBUG Engine               - isFullScreenFromStart: false
04:05:13.605 [FXGL Background Thread 3 ] DEBUG Engine               - isGameMenuEnabled: true
04:05:13.606 [FXGL Background Thread 3 ] DEBUG Engine               - isIOS: false
04:05:13.606 [FXGL Background Thread 3 ] DEBUG Engine               - isIntroEnabled: false
04:05:13.607 [FXGL Background Thread 3 ] DEBUG Engine               - isLinux: true
04:05:13.607 [FXGL Background Thread 3 ] DEBUG Engine               - isMac: false
04:05:13.607 [FXGL Background Thread 3 ] DEBUG Engine               - isMainMenuEnabled: true
04:05:13.608 [FXGL Background Thread 3 ] DEBUG Engine               - isManualResizeEnabled: false
04:05:13.608 [FXGL Background Thread 3 ] DEBUG Engine               - isMobile: false
04:05:13.608 [FXGL Background Thread 3 ] DEBUG Engine               - isPreserveResizeRatio: false
04:05:13.609 [FXGL Background Thread 3 ] DEBUG Engine               - isProfilingEnabled: false
04:05:13.609 [FXGL Background Thread 3 ] DEBUG Engine               - isSingleStep: false
04:05:13.609 [FXGL Background Thread 3 ] DEBUG Engine               - isUserProfileEnabled: false
04:05:13.610 [FXGL Background Thread 3 ] DEBUG Engine               - isWindows: false
04:05:13.610 [FXGL Background Thread 3 ] DEBUG Engine               - language: ObjectProperty [value: ENGLISH]
04:05:13.610 [FXGL Background Thread 3 ] DEBUG Engine               - menuKey: ESCAPE
04:05:13.611 [FXGL Background Thread 3 ] DEBUG Engine               - notificationViewClass: class com.almasb.fxgl.notification.view.XboxNotificationView
04:05:13.611 [FXGL Background Thread 3 ] DEBUG Engine               - pixelsPerMeter: 50.0
04:05:13.612 [FXGL Background Thread 3 ] DEBUG Engine               - platform: LINUX
04:05:13.612 [FXGL Background Thread 3 ] DEBUG Engine               - profileDir: profiles/
04:05:13.614 [FXGL Background Thread 3 ] DEBUG Engine               - profileName: StringProperty [value: DEFAULT]
04:05:13.614 [FXGL Background Thread 3 ] DEBUG Engine               - randomSeed: -1
04:05:13.615 [FXGL Background Thread 3 ] DEBUG Engine               - runtimeInfo: RuntimeInfo(platform=LINUX, version=11.11, build=08.09.2020 18.00)
04:05:13.615 [FXGL Background Thread 3 ] DEBUG Engine               - saveFileExt: sav
04:05:13.615 [FXGL Background Thread 3 ] DEBUG Engine               - sceneFactory: com.almasb.fxgl.app.scene.SceneFactory@43c066a6
04:05:13.616 [FXGL Background Thread 3 ] DEBUG Engine               - secondsIn24h: 60
04:05:13.616 [FXGL Background Thread 3 ] DEBUG Engine               - soundMenuBack: menu/back.wav
04:05:13.616 [FXGL Background Thread 3 ] DEBUG Engine               - soundMenuPress: menu/press.wav
04:05:13.616 [FXGL Background Thread 3 ] DEBUG Engine               - soundMenuSelect: menu/select.wav
04:05:13.618 [FXGL Background Thread 3 ] DEBUG Engine               - soundNotification: core/notification.wav
04:05:13.618 [FXGL Background Thread 3 ] DEBUG Engine               - stageStyle: DECORATED
04:05:13.622 [FXGL Background Thread 3 ] DEBUG Engine               - supportedLanguages: [ENGLISH, FRENCH, GERMAN, HUNGARIAN, RUSSIAN]
04:05:13.623 [FXGL Background Thread 3 ] DEBUG Engine               - title: Color Switch 2
04:05:13.623 [FXGL Background Thread 3 ] DEBUG Engine               - urlGithub: https://github.com/AlmasB/FXGL
04:05:13.624 [FXGL Background Thread 3 ] DEBUG Engine               - urlLeaderboard: http://fxgl-top.herokuapp.com/
04:05:13.624 [FXGL Background Thread 3 ] DEBUG Engine               - urlPOM: https://raw.githubusercontent.com/AlmasB/FXGL/master/pom.xml
04:05:13.624 [FXGL Background Thread 3 ] DEBUG Engine               - version: 0.0
04:05:13.624 [FXGL Background Thread 3 ] DEBUG Engine               - versionCheckDays: 7
04:05:13.624 [FXGL Background Thread 3 ] DEBUG Engine               - width: 580
04:05:13.624 [FXGL Background Thread 3 ] DEBUG Engine               - Logging services
04:05:13.625 [FXGL Background Thread 3 ] DEBUG Engine               - class com.almasb.fxgl.app.FXGLApplication$GameApplicationService
04:05:13.625 [FXGL Background Thread 3 ] DEBUG Engine               - class com.almasb.fxgl.app.services.FXGLDialogService
04:05:13.625 [FXGL Background Thread 3 ] DEBUG Engine               - class com.almasb.fxgl.app.services.IOTaskExecutorService
04:05:13.625 [FXGL Background Thread 3 ] DEBUG Engine               - class com.almasb.fxgl.event.EventBusService
04:05:13.625 [FXGL Background Thread 3 ] DEBUG Engine               - class com.almasb.fxgl.io.FileSystemService
04:05:13.625 [FXGL Background Thread 3 ] DEBUG Engine               - class com.almasb.fxgl.localization.LocalizationService
04:05:13.625 [FXGL Background Thread 3 ] DEBUG Engine               - class com.almasb.fxgl.app.services.FXGLAssetLoaderService
04:05:13.626 [FXGL Background Thread 3 ] DEBUG Engine               - class com.almasb.fxgl.app.services.SystemBundleService
04:05:13.626 [FXGL Background Thread 3 ] DEBUG Engine               - class com.almasb.fxgl.profile.SaveLoadService
04:05:13.626 [FXGL Background Thread 3 ] DEBUG Engine               - class com.almasb.fxgl.ui.FXGLUIFactoryServiceProvider
04:05:13.626 [FXGL Background Thread 3 ] DEBUG Engine               - class com.almasb.fxgl.ui.FXGLDialogFactoryServiceProvider
04:05:13.626 [FXGL Background Thread 3 ] DEBUG Engine               - class com.almasb.fxgl.audio.AudioPlayer
04:05:13.626 [FXGL Background Thread 3 ] DEBUG Engine               - class com.almasb.fxgl.notification.impl.NotificationServiceProvider
04:05:13.626 [FXGL Background Thread 3 ] DEBUG Engine               - class com.almasb.fxgl.achievement.AchievementService
04:05:13.627 [FXGL Background Thread 3 ] DEBUG Engine               - class com.almasb.fxgl.cutscene.CutsceneService
04:05:13.627 [FXGL Background Thread 3 ] DEBUG Engine               - class com.almasb.fxgl.minigames.MiniGameService
04:05:13.628 [FXGL Background Thread 3 ] DEBUG Engine               - class com.almasb.fxgl.net.NetService
04:05:13.628 [FXGL Background Thread 3 ] DEBUG Engine               - class com.almasb.fxgl.app.services.UpdaterService
04:05:13.628 [FXGL Background Thread 3 ] DEBUG Engine               - class com.almasb.fxgl.dev.DevService
04:05:16.678 [JavaFX Application Thread] DEBUG FXGLApplication      - Exiting FXGL
04:05:16.680 [JavaFX Application Thread] DEBUG LoopRunner           - Stopping loop
04:05:16.682 [JavaFX Application Thread] DEBUG SystemBundleService  - Saving FXGL system data
04:05:16.689 [JavaFX Application Thread] DEBUG FileSystemAccess     - Writing to: /home/chintan/Downloads/game/system/fxgl.bundle
04:05:16.697 [JavaFX Application Thread] DEBUG Async                - Shutting down background threads
04:05:16.708 [JavaFX Application Thread] DEBUG MainWindow           - Closing main window
04:05:16.757 [JavaFX Application Thread] DEBUG Logger               - Closing Logger
