15:43:51.990 [main                     ] DEBUG Logger               - Configured Logger
15:43:52.014 [main                     ] DEBUG GameApplication      - Logging settings
Title: Color Switch 2
Version: 0.0
Width: 900
Height: 900
Fullscreen: false
Intro: false
Profiling: false
Single step:false
App Mode: DEVELOPER
Menu Key: ESCAPE
Stage Style: DECORATED
Scene Factory: class com.almasb.fxgl.app.scene.SceneFactory

15:43:52.571 [JavaFX Application Thread] DEBUG FXGLApplication      - Initializing FXGL
15:43:52.597 [JavaFX Application Thread] INFO  Engine               - FXGL-11.11 (08.09.2020 18.00) on LINUX (J:15.0.1 FX:14)
15:43:52.601 [JavaFX Application Thread] DEBUG Engine               - JRE Vendor Name: Oracle Corporation
15:43:52.601 [JavaFX Application Thread] DEBUG Engine               - Running on OS: Linux version 5.4.0-58-generic
15:43:52.601 [JavaFX Application Thread] DEBUG Engine               - Architecture: amd64
15:43:52.602 [JavaFX Application Thread] INFO  Engine               - Source code and latest versions at: https://github.com/AlmasB/FXGL
15:43:52.603 [JavaFX Application Thread] INFO  Engine               -              Join the FXGL chat at: https://gitter.im/AlmasB/FXGL
15:43:52.804 [JavaFX Application Thread] DEBUG MainWindow           - Creating a JavaFX scene
15:43:52.944 [JavaFX Application Thread] DEBUG MainWindow           - Target settings size: 900.0 x 900.0
15:43:52.944 [JavaFX Application Thread] DEBUG MainWindow           - Scaled scene size:    900.0 x 900.0
15:43:52.945 [JavaFX Application Thread] DEBUG MainWindow           - Scaled ratio: (1.0, 1.0)
15:43:52.947 [JavaFX Application Thread] DEBUG MainWindow           - Set initial scene to StartupScene
15:43:52.955 [JavaFX Application Thread] DEBUG MainWindow           - Opening main window
15:43:53.038 [JavaFX Application Thread] DEBUG MainWindow           - Window border size: (2.0, 29.0)
15:43:53.040 [JavaFX Application Thread] DEBUG MainWindow           - Scaled size: 900.0 x 900.0
15:43:53.041 [JavaFX Application Thread] DEBUG MainWindow           - Scaled ratio: (1.0, 1.0)
15:43:53.048 [JavaFX Application Thread] DEBUG MainWindow           - Scene size: 900.0 x 900.0
15:43:53.048 [JavaFX Application Thread] DEBUG MainWindow           - Stage size: 902.0 x 929.0
15:43:53.059 [FXGL Background Thread 1 ] DEBUG Engine               - Initializing environment variables
15:43:53.123 [FXGL Background Thread 1 ] DEBUG GameApplicationServi - Applying CSS: fxgl_dark.css
15:43:53.124 [FXGL Background Thread 1 ] DEBUG FXGLAssetLoaderServi - Loading from file system: /assets/ui/css/fxgl_dark.css
15:43:53.232 [FXGL Background Thread 1 ] DEBUG GameApplicationServi - Initializing application scenes
15:43:53.350 [FXGL Background Thread 1 ] DEBUG GameWorld            - Game world initialized
15:43:53.474 [FXGL Background Thread 1 ] DEBUG PhysicsWorld         - Physics world initialized: appHeight=900, physics.ppm=50.0
15:43:53.477 [FXGL Background Thread 1 ] DEBUG GameScene            - Game scene initialized: 900x900
15:43:53.581 [FXGL Background Thread 1 ] DEBUG FXGLAssetLoaderServi - Loading from file system: /assets/textures/particles/trace_horizontal.png
15:43:53.699 [FXGL Background Thread 1 ] DEBUG FXGL.DefaultMenu     - createMenuBodyMainMenu()
15:43:53.727 [FXGL Background Thread 1 ] DEBUG FXGL.DefaultMenu     - createOptionsMenu()
15:43:53.735 [FXGL Background Thread 1 ] DEBUG FXGLAssetLoaderServi - Loading from file system: /assets/textures/particles/smoke.png
15:43:53.833 [FXGL Background Thread 1 ] DEBUG FXGLAssetLoaderServi - Loading from cache: /assets/textures/particles/trace_horizontal.png@64.0x64.0
15:43:53.834 [FXGL Background Thread 1 ] DEBUG FXGL.DefaultMenu     - createMenuBodyGameMenu()
15:43:53.836 [FXGL Background Thread 1 ] DEBUG FXGL.DefaultMenu     - createOptionsMenu()
15:43:53.844 [FXGL Background Thread 1 ] DEBUG FXGLAssetLoaderServi - Loading from cache: /assets/textures/particles/smoke.png@128.0x128.0
15:43:53.874 [FXGL Background Thread 1 ] DEBUG GameApplicationServi - Application scenes initialized
15:43:53.887 [FXGL Background Thread 1 ] DEBUG SystemBundleService  - Loading FXGL system data
15:43:53.891 [FXGL Background Thread 1 ] DEBUG FileSystemAccess     - Reading from: /home/chintan/Downloads/game/system/fxgl.bundle
15:43:53.900 [FXGL Background Thread 1 ] DEBUG SystemBundleService  - Bundle FXGL: {}
15:43:53.900 [FXGL Background Thread 1 ] DEBUG UpdaterService       - Checking for updates
15:43:53.916 [FXGL Background Thread 1 ] DEBUG FXGLApplication      - Loading default localization
15:43:53.916 [FXGL Background Thread 1 ] DEBUG FXGLAssetLoaderServi - Loading from file system: /assets/languages/english.lang
15:43:53.918 [FXGL Background Thread 4 ] DEBUG FXGLApplication      - Loading fonts
15:43:53.919 [FXGL Background Thread 4 ] DEBUG FXGLAssetLoaderServi - Loading from file system: /assets/ui/fonts/VarelaRound-Regular.ttf
15:43:53.932 [FXGL Background Thread 4 ] DEBUG FXGLAssetLoaderServi - Loading from file system: /assets/ui/fonts/Abel-Regular.ttf
15:43:53.939 [FXGL Background Thread 1 ] INFO  FXGLApplication      - FXGL initialization took: 0.875 sec
15:43:53.944 [FXGL Background Thread 4 ] DEBUG FXGLAssetLoaderServi - Loading from file system: /assets/ui/fonts/lucida_console.ttf
15:43:53.958 [FXGL Background Thread 4 ] DEBUG FXGLAssetLoaderServi - Loading from file system: /assets/ui/fonts/Courier-Prime.ttf
15:43:53.963 [JavaFX Application Thread] DEBUG Input                - Registered new binding: Up - W
15:43:53.965 [JavaFX Application Thread] DEBUG FXGLAssetLoaderServi - Loading from file system: /assets/textures/fxgl_icon.png
15:43:54.021 [JavaFX Application Thread] DEBUG FXGLAssetLoaderServi - Loading from file system: /assets/ui/cursors/fxgl_default.png
15:43:54.036 [JavaFX Application Thread] DEBUG Input                - Registered new binding: Screenshot - P
15:43:54.037 [JavaFX Application Thread] DEBUG Input                - Registered new binding: System info dump - CTRL+9
15:43:54.038 [JavaFX Application Thread] DEBUG Input                - Registered new binding: Restart - CTRL+R
15:43:54.048 [JavaFX Application Thread] DEBUG Input                - Registered new binding: Toggle Debug Camera - CTRL+C
15:43:54.051 [JavaFX Application Thread] DEBUG LoopRunner           - Starting loop
15:43:54.053 [JavaFX Application Thread] DEBUG Input                - Clearing active input actions
15:43:54.083 [JavaFX Application Thread] DEBUG GameApplicationServi - Removing overlay from StartupScene and adding to FXGLMainMenuDummyScene
15:43:54.084 [JavaFX Application Thread] DEBUG MainWindow           - StartupScene -> FXGLMainMenuDummyScene
15:43:54.084 [JavaFX Application Thread] DEBUG MainWindow           - Push state: FXGLDefaultMenu
15:43:54.093 [JavaFX Application Thread] DEBUG Input                - Clearing active input actions
15:43:54.112 [JavaFX Application Thread] DEBUG GameApplicationServi - Removing overlay from FXGLMainMenuDummyScene and adding to FXGLDefaultMenu
15:43:54.113 [JavaFX Application Thread] DEBUG MainWindow           - FXGLMainMenuDummyScene -> FXGLDefaultMenu
15:43:54.115 [JavaFX Application Thread] DEBUG FXGLApplication      - Registering font factories with UI factory
15:43:54.700 [FXGL Background Thread 2 ] INFO  UpdaterService       - Your current version:  11.11
15:43:54.701 [FXGL Background Thread 2 ] INFO  UpdaterService       - Latest stable version: dev-SNAPSHOT
15:43:56.904 [FXGL Background Thread 3 ] DEBUG Engine               - Logging environment variables
15:43:56.904 [FXGL Background Thread 3 ] DEBUG Engine               - achievements: []
15:43:56.905 [FXGL Background Thread 3 ] DEBUG Engine               - appIcon: fxgl_icon.png
15:43:56.905 [FXGL Background Thread 3 ] DEBUG Engine               - applicationMode: DEVELOPER
15:43:56.906 [FXGL Background Thread 3 ] DEBUG Engine               - cSSList: [fxgl_dark.css]
15:43:56.906 [FXGL Background Thread 3 ] DEBUG Engine               - configClass: Optional.empty
15:43:56.906 [FXGL Background Thread 3 ] DEBUG Engine               - credits: []
15:43:56.907 [FXGL Background Thread 3 ] DEBUG Engine               - devBBoxColorProperty: ObjectProperty [value: 0xff0000ff]
15:43:56.907 [FXGL Background Thread 3 ] DEBUG Engine               - devEnableDebugCameraProperty: BooleanProperty [value: false]
15:43:56.908 [FXGL Background Thread 3 ] DEBUG Engine               - devSensorColorProperty: ObjectProperty [value: 0xffff00ff]
15:43:56.908 [FXGL Background Thread 3 ] DEBUG Engine               - devShowBBoxProperty: BooleanProperty [value: false]
15:43:56.908 [FXGL Background Thread 3 ] DEBUG Engine               - devShowPositionProperty: BooleanProperty [value: false]
15:43:56.908 [FXGL Background Thread 3 ] DEBUG Engine               - enabledMenuItems: []
15:43:56.909 [FXGL Background Thread 3 ] DEBUG Engine               - engineServices: [class com.almasb.fxgl.app.FXGLApplication$GameApplicationService, class com.almasb.fxgl.app.services.FXGLDialogService, class com.almasb.fxgl.app.services.IOTaskExecutorService, class com.almasb.fxgl.event.EventBusService, class com.almasb.fxgl.io.FileSystemService, class com.almasb.fxgl.localization.LocalizationService, class com.almasb.fxgl.app.services.FXGLAssetLoaderService, class com.almasb.fxgl.app.services.SystemBundleService, class com.almasb.fxgl.profile.SaveLoadService, class com.almasb.fxgl.ui.FXGLUIFactoryServiceProvider, class com.almasb.fxgl.ui.FXGLDialogFactoryServiceProvider, class com.almasb.fxgl.audio.AudioPlayer, class com.almasb.fxgl.notification.impl.NotificationServiceProvider, class com.almasb.fxgl.achievement.AchievementService, class com.almasb.fxgl.cutscene.CutsceneService, class com.almasb.fxgl.minigames.MiniGameService, class com.almasb.fxgl.net.NetService, class com.almasb.fxgl.app.services.UpdaterService, class com.almasb.fxgl.dev.DevService]
15:43:56.909 [FXGL Background Thread 3 ] DEBUG Engine               - fontGame: Abel-Regular.ttf
15:43:56.910 [FXGL Background Thread 3 ] DEBUG Engine               - fontMono: lucida_console.ttf
15:43:56.910 [FXGL Background Thread 3 ] DEBUG Engine               - fontText: Courier-Prime.ttf
15:43:56.910 [FXGL Background Thread 3 ] DEBUG Engine               - fontUI: VarelaRound-Regular.ttf
15:43:56.911 [FXGL Background Thread 3 ] DEBUG Engine               - fullScreen: BooleanProperty [value: false]
15:43:56.912 [FXGL Background Thread 3 ] DEBUG Engine               - gameDifficulty: MEDIUM
15:43:56.912 [FXGL Background Thread 3 ] DEBUG Engine               - gameDifficultyProperty: ObjectProperty [value: MEDIUM]
15:43:56.912 [FXGL Background Thread 3 ] DEBUG Engine               - globalMusicVolume: 0.5
15:43:56.913 [FXGL Background Thread 3 ] DEBUG Engine               - globalMusicVolumeProperty: DoubleProperty [value: 0.5]
15:43:56.913 [FXGL Background Thread 3 ] DEBUG Engine               - globalSoundVolume: 0.5
15:43:56.913 [FXGL Background Thread 3 ] DEBUG Engine               - globalSoundVolumeProperty: DoubleProperty [value: 0.5]
15:43:56.914 [FXGL Background Thread 3 ] DEBUG Engine               - height: 900
15:43:56.914 [FXGL Background Thread 3 ] DEBUG Engine               - isAndroid: false
15:43:56.914 [FXGL Background Thread 3 ] DEBUG Engine               - isBrowser: false
15:43:56.914 [FXGL Background Thread 3 ] DEBUG Engine               - isClickFeedbackEnabled: false
15:43:56.915 [FXGL Background Thread 3 ] DEBUG Engine               - isCloseConfirmation: false
15:43:56.915 [FXGL Background Thread 3 ] DEBUG Engine               - isDesktop: true
15:43:56.915 [FXGL Background Thread 3 ] DEBUG Engine               - isDeveloperMenuEnabled: false
15:43:56.916 [FXGL Background Thread 3 ] DEBUG Engine               - isEntityPreloadEnabled: true
15:43:56.916 [FXGL Background Thread 3 ] DEBUG Engine               - isExperimentalNative: false
15:43:56.917 [FXGL Background Thread 3 ] DEBUG Engine               - isExperimentalTiledLargeMap: false
15:43:56.917 [FXGL Background Thread 3 ] DEBUG Engine               - isFileSystemWriteAllowed: true
15:43:56.917 [FXGL Background Thread 3 ] DEBUG Engine               - isFullScreenAllowed: false
15:43:56.918 [FXGL Background Thread 3 ] DEBUG Engine               - isFullScreenFromStart: false
15:43:56.918 [FXGL Background Thread 3 ] DEBUG Engine               - isGameMenuEnabled: true
15:43:56.918 [FXGL Background Thread 3 ] DEBUG Engine               - isIOS: false
15:43:56.919 [FXGL Background Thread 3 ] DEBUG Engine               - isIntroEnabled: false
15:43:56.919 [FXGL Background Thread 3 ] DEBUG Engine               - isLinux: true
15:43:56.919 [FXGL Background Thread 3 ] DEBUG Engine               - isMac: false
15:43:56.919 [FXGL Background Thread 3 ] DEBUG Engine               - isMainMenuEnabled: true
15:43:56.920 [FXGL Background Thread 3 ] DEBUG Engine               - isManualResizeEnabled: false
15:43:56.920 [FXGL Background Thread 3 ] DEBUG Engine               - isMobile: false
15:43:56.921 [FXGL Background Thread 3 ] DEBUG Engine               - isPreserveResizeRatio: false
15:43:56.921 [FXGL Background Thread 3 ] DEBUG Engine               - isProfilingEnabled: false
15:43:56.922 [FXGL Background Thread 3 ] DEBUG Engine               - isSingleStep: false
15:43:56.922 [FXGL Background Thread 3 ] DEBUG Engine               - isUserProfileEnabled: false
15:43:56.923 [FXGL Background Thread 3 ] DEBUG Engine               - isWindows: false
15:43:56.923 [FXGL Background Thread 3 ] DEBUG Engine               - language: ObjectProperty [value: ENGLISH]
15:43:56.925 [FXGL Background Thread 3 ] DEBUG Engine               - menuKey: ESCAPE
15:43:56.925 [FXGL Background Thread 3 ] DEBUG Engine               - notificationViewClass: class com.almasb.fxgl.notification.view.XboxNotificationView
15:43:56.925 [FXGL Background Thread 3 ] DEBUG Engine               - pixelsPerMeter: 50.0
15:43:56.926 [FXGL Background Thread 3 ] DEBUG Engine               - platform: LINUX
15:43:56.926 [FXGL Background Thread 3 ] DEBUG Engine               - profileDir: profiles/
15:43:56.926 [FXGL Background Thread 3 ] DEBUG Engine               - profileName: StringProperty [value: DEFAULT]
15:43:56.926 [FXGL Background Thread 3 ] DEBUG Engine               - randomSeed: -1
15:43:56.927 [FXGL Background Thread 3 ] DEBUG Engine               - runtimeInfo: RuntimeInfo(platform=LINUX, version=11.11, build=08.09.2020 18.00)
15:43:56.927 [FXGL Background Thread 3 ] DEBUG Engine               - saveFileExt: sav
15:43:56.927 [FXGL Background Thread 3 ] DEBUG Engine               - sceneFactory: com.almasb.fxgl.app.scene.SceneFactory@181d690
15:43:56.928 [FXGL Background Thread 3 ] DEBUG Engine               - secondsIn24h: 60
15:43:56.928 [FXGL Background Thread 3 ] DEBUG Engine               - soundMenuBack: menu/back.wav
15:43:56.928 [FXGL Background Thread 3 ] DEBUG Engine               - soundMenuPress: menu/press.wav
15:43:56.929 [FXGL Background Thread 3 ] DEBUG Engine               - soundMenuSelect: menu/select.wav
15:43:56.929 [FXGL Background Thread 3 ] DEBUG Engine               - soundNotification: core/notification.wav
15:43:56.929 [FXGL Background Thread 3 ] DEBUG Engine               - stageStyle: DECORATED
15:43:56.929 [FXGL Background Thread 3 ] DEBUG Engine               - supportedLanguages: [ENGLISH, FRENCH, GERMAN, HUNGARIAN, RUSSIAN]
15:43:56.930 [FXGL Background Thread 3 ] DEBUG Engine               - title: Color Switch 2
15:43:56.930 [FXGL Background Thread 3 ] DEBUG Engine               - urlGithub: https://github.com/AlmasB/FXGL
15:43:56.930 [FXGL Background Thread 3 ] DEBUG Engine               - urlLeaderboard: http://fxgl-top.herokuapp.com/
15:43:56.931 [FXGL Background Thread 3 ] DEBUG Engine               - urlPOM: https://raw.githubusercontent.com/AlmasB/FXGL/master/pom.xml
15:43:56.931 [FXGL Background Thread 3 ] DEBUG Engine               - version: 0.0
15:43:56.931 [FXGL Background Thread 3 ] DEBUG Engine               - versionCheckDays: 7
15:43:56.931 [FXGL Background Thread 3 ] DEBUG Engine               - width: 900
15:43:56.932 [FXGL Background Thread 3 ] DEBUG Engine               - Logging services
15:43:56.932 [FXGL Background Thread 3 ] DEBUG Engine               - class com.almasb.fxgl.app.FXGLApplication$GameApplicationService
15:43:56.932 [FXGL Background Thread 3 ] DEBUG Engine               - class com.almasb.fxgl.app.services.FXGLDialogService
15:43:56.932 [FXGL Background Thread 3 ] DEBUG Engine               - class com.almasb.fxgl.app.services.IOTaskExecutorService
15:43:56.933 [FXGL Background Thread 3 ] DEBUG Engine               - class com.almasb.fxgl.event.EventBusService
15:43:56.933 [FXGL Background Thread 3 ] DEBUG Engine               - class com.almasb.fxgl.io.FileSystemService
15:43:56.933 [FXGL Background Thread 3 ] DEBUG Engine               - class com.almasb.fxgl.localization.LocalizationService
15:43:56.933 [FXGL Background Thread 3 ] DEBUG Engine               - class com.almasb.fxgl.app.services.FXGLAssetLoaderService
15:43:56.933 [FXGL Background Thread 3 ] DEBUG Engine               - class com.almasb.fxgl.app.services.SystemBundleService
15:43:56.934 [FXGL Background Thread 3 ] DEBUG Engine               - class com.almasb.fxgl.profile.SaveLoadService
15:43:56.934 [FXGL Background Thread 3 ] DEBUG Engine               - class com.almasb.fxgl.ui.FXGLUIFactoryServiceProvider
15:43:56.934 [FXGL Background Thread 3 ] DEBUG Engine               - class com.almasb.fxgl.ui.FXGLDialogFactoryServiceProvider
15:43:56.934 [FXGL Background Thread 3 ] DEBUG Engine               - class com.almasb.fxgl.audio.AudioPlayer
15:43:56.934 [FXGL Background Thread 3 ] DEBUG Engine               - class com.almasb.fxgl.notification.impl.NotificationServiceProvider
15:43:56.935 [FXGL Background Thread 3 ] DEBUG Engine               - class com.almasb.fxgl.achievement.AchievementService
15:43:56.935 [FXGL Background Thread 3 ] DEBUG Engine               - class com.almasb.fxgl.cutscene.CutsceneService
15:43:56.935 [FXGL Background Thread 3 ] DEBUG Engine               - class com.almasb.fxgl.minigames.MiniGameService
15:43:56.935 [FXGL Background Thread 3 ] DEBUG Engine               - class com.almasb.fxgl.net.NetService
15:43:56.936 [FXGL Background Thread 3 ] DEBUG Engine               - class com.almasb.fxgl.app.services.UpdaterService
15:43:56.936 [FXGL Background Thread 3 ] DEBUG Engine               - class com.almasb.fxgl.dev.DevService
15:43:58.311 [JavaFX Application Thread] DEBUG Menu                 - fireNewGame()
15:43:58.311 [JavaFX Application Thread] DEBUG GameApplicationServi - Starting new game
15:43:58.317 [JavaFX Application Thread] DEBUG MainWindow           - Pop state: FXGLDefaultMenu
15:43:58.317 [JavaFX Application Thread] DEBUG Input                - Clearing active input actions
15:43:58.319 [JavaFX Application Thread] DEBUG GameApplicationServi - Removing overlay from FXGLDefaultMenu and adding to FXGLMainMenuDummyScene
15:43:58.319 [JavaFX Application Thread] DEBUG MainWindow           - FXGLMainMenuDummyScene <- FXGLDefaultMenu
15:43:58.320 [JavaFX Application Thread] DEBUG Input                - Clearing active input actions
15:43:58.330 [JavaFX Application Thread] DEBUG GameApplicationServi - Removing overlay from FXGLMainMenuDummyScene and adding to FXGLLoadingScene
15:43:58.331 [JavaFX Application Thread] DEBUG MainWindow           - FXGLMainMenuDummyScene -> FXGLLoadingScene
15:43:58.331 [JavaFX Application Thread] DEBUG GameApplicationServi - Clearing previous game
15:43:58.331 [JavaFX Application Thread] DEBUG GameScene            - Clearing game scene
15:43:58.332 [JavaFX Application Thread] DEBUG GameWorld            - Clearing game world
15:43:58.332 [JavaFX Application Thread] DEBUG PhysicsWorld         - Clearing physics world
15:43:58.334 [FXGL Background Thread 2 ] DEBUG FXGLApplication      - Initializing game
15:43:58.397 [FXGL Background Thread 2 ] INFO  FXGLApplication      - Game initialization took: 0.063 sec
15:43:58.405 [JavaFX Application Thread] DEBUG Input                - Clearing active input actions
15:43:58.416 [JavaFX Application Thread] DEBUG GameApplicationServi - Removing overlay from FXGLLoadingScene and adding to GameScene
15:43:58.416 [JavaFX Application Thread] DEBUG MainWindow           - FXGLLoadingScene -> GameScene
15:45:15.386 [JavaFX Application Thread] DEBUG FXGLApplication      - Exiting FXGL
15:45:15.387 [JavaFX Application Thread] DEBUG LoopRunner           - Stopping loop
15:45:15.388 [JavaFX Application Thread] DEBUG SystemBundleService  - Saving FXGL system data
15:45:15.425 [JavaFX Application Thread] DEBUG FileSystemAccess     - Writing to: /home/chintan/Downloads/game/system/fxgl.bundle
15:45:15.436 [JavaFX Application Thread] DEBUG Async                - Shutting down background threads
15:45:15.439 [JavaFX Application Thread] DEBUG MainWindow           - Closing main window
15:45:15.460 [JavaFX Application Thread] DEBUG Logger               - Closing Logger
