22:02:41.957 [main                     ] DEBUG Logger               - Configured Logger
22:02:41.996 [main                     ] DEBUG GameApplication      - Logging settings
Title: Color Switch 2
Version: 0.0
Width: 900
Height: 900
Fullscreen: false
Intro: false
Profiling: false
Single step:false
App Mode: DEVELOPER
Menu Key: ESCAPE
Stage Style: DECORATED
Scene Factory: class sample.Main$1

22:02:42.959 [JavaFX Application Thread] DEBUG FXGLApplication      - Initializing FXGL
22:02:42.993 [JavaFX Application Thread] INFO  Engine               - FXGL-11.11 (08.09.2020 18.00) on LINUX (J:15.0.1 FX:14)
22:02:42.994 [JavaFX Application Thread] DEBUG Engine               - JRE Vendor Name: Oracle Corporation
22:02:42.994 [JavaFX Application Thread] DEBUG Engine               - Running on OS: Linux version 5.4.0-58-generic
22:02:42.995 [JavaFX Application Thread] DEBUG Engine               - Architecture: amd64
22:02:42.996 [JavaFX Application Thread] INFO  Engine               - Source code and latest versions at: https://github.com/AlmasB/FXGL
22:02:42.996 [JavaFX Application Thread] INFO  Engine               -              Join the FXGL chat at: https://gitter.im/AlmasB/FXGL
22:02:43.263 [JavaFX Application Thread] DEBUG MainWindow           - Creating a JavaFX scene
22:02:43.484 [JavaFX Application Thread] DEBUG MainWindow           - Target settings size: 900.0 x 900.0
22:02:43.484 [JavaFX Application Thread] DEBUG MainWindow           - Scaled scene size:    900.0 x 900.0
22:02:43.484 [JavaFX Application Thread] DEBUG MainWindow           - Scaled ratio: (1.0, 1.0)
22:02:43.488 [JavaFX Application Thread] DEBUG MainWindow           - Set initial scene to StartupScene
22:02:43.510 [JavaFX Application Thread] DEBUG MainWindow           - Opening main window
22:02:43.593 [JavaFX Application Thread] DEBUG MainWindow           - Window border size: (2.0, 29.0)
22:02:43.593 [JavaFX Application Thread] DEBUG MainWindow           - Scaled size: 900.0 x 900.0
22:02:43.594 [JavaFX Application Thread] DEBUG MainWindow           - Scaled ratio: (1.0, 1.0)
22:02:43.595 [JavaFX Application Thread] DEBUG MainWindow           - Scene size: 900.0 x 900.0
22:02:43.595 [JavaFX Application Thread] DEBUG MainWindow           - Stage size: 902.0 x 929.0
22:02:43.630 [FXGL Background Thread 1 ] DEBUG Engine               - Initializing environment variables
22:02:43.741 [FXGL Background Thread 1 ] DEBUG GameApplicationServi - Applying CSS: fxgl_dark.css
22:02:43.741 [FXGL Background Thread 1 ] DEBUG FXGLAssetLoaderServi - Loading from file system: /assets/ui/css/fxgl_dark.css
22:02:43.957 [FXGL Background Thread 1 ] DEBUG GameApplicationServi - Initializing application scenes
22:02:44.044 [FXGL Background Thread 1 ] DEBUG GameWorld            - Game world initialized
22:02:44.322 [FXGL Background Thread 1 ] DEBUG PhysicsWorld         - Physics world initialized: appHeight=900, physics.ppm=50.0
22:02:44.326 [FXGL Background Thread 1 ] DEBUG GameScene            - Game scene initialized: 900x900
22:02:44.344 [FXGL Background Thread 1 ] DEBUG FXGLAssetLoaderServi - Loading from file system: /assets/textures/colorswitch.png
22:02:44.345 [FXGL Background Thread 1 ] WARN  FXGLAssetLoaderServi - Failed to load texture colorswitch.png Error: java.lang.IllegalArgumentException: Asset "/assets/textures/colorswitch.png" was not found!
22:02:44.444 [FXGL Background Thread 1 ] DEBUG FXGLAssetLoaderServi - Loading from file system: /assets/textures/particles/trace_horizontal.png
22:02:44.597 [FXGL Background Thread 1 ] DEBUG FXGL.DefaultMenu     - createMenuBodyGameMenu()
22:02:44.644 [FXGL Background Thread 1 ] DEBUG FXGL.DefaultMenu     - createOptionsMenu()
22:02:44.655 [FXGL Background Thread 1 ] DEBUG FXGLAssetLoaderServi - Loading from file system: /assets/textures/particles/smoke.png
22:02:44.791 [FXGL Background Thread 1 ] DEBUG GameApplicationServi - Application scenes initialized
22:02:44.823 [FXGL Background Thread 1 ] DEBUG SystemBundleService  - Loading FXGL system data
22:02:44.832 [FXGL Background Thread 1 ] DEBUG FileSystemAccess     - Reading from: /home/chintan/Downloads/game/system/fxgl.bundle
22:02:44.846 [FXGL Background Thread 1 ] DEBUG SystemBundleService  - Bundle FXGL: {}
22:02:44.847 [FXGL Background Thread 1 ] DEBUG UpdaterService       - Checking for updates
22:02:44.854 [FXGL Background Thread 1 ] DEBUG FXGLApplication      - Loading default localization
22:02:44.855 [FXGL Background Thread 1 ] DEBUG FXGLAssetLoaderServi - Loading from file system: /assets/languages/english.lang
22:02:44.854 [FXGL Background Thread 4 ] DEBUG FXGLApplication      - Loading fonts
22:02:44.856 [FXGL Background Thread 4 ] DEBUG FXGLAssetLoaderServi - Loading from file system: /assets/ui/fonts/VarelaRound-Regular.ttf
22:02:44.896 [FXGL Background Thread 1 ] INFO  FXGLApplication      - FXGL initialization took: 1.264 sec
22:02:44.894 [FXGL Background Thread 4 ] DEBUG FXGLAssetLoaderServi - Loading from file system: /assets/ui/fonts/Abel-Regular.ttf
22:02:44.903 [FXGL Background Thread 4 ] DEBUG FXGLAssetLoaderServi - Loading from file system: /assets/ui/fonts/lucida_console.ttf
22:02:44.910 [FXGL Background Thread 4 ] DEBUG FXGLAssetLoaderServi - Loading from file system: /assets/ui/fonts/Courier-Prime.ttf
22:02:44.925 [JavaFX Application Thread] DEBUG Input                - Registered new binding: Up - W
22:02:44.926 [JavaFX Application Thread] DEBUG Input                - Registered new binding: action0 - U
22:02:44.926 [JavaFX Application Thread] DEBUG FXGLAssetLoaderServi - Loading from file system: /assets/textures/fxgl_icon.png
22:02:44.988 [JavaFX Application Thread] DEBUG FXGLAssetLoaderServi - Loading from file system: /assets/ui/cursors/fxgl_default.png
22:02:45.002 [JavaFX Application Thread] DEBUG Input                - Registered new binding: Screenshot - P
22:02:45.004 [JavaFX Application Thread] DEBUG Input                - Registered new binding: System info dump - CTRL+9
22:02:45.006 [JavaFX Application Thread] DEBUG Input                - Registered new binding: Restart - CTRL+R
22:02:45.008 [JavaFX Application Thread] DEBUG Input                - Registered new binding: Toggle Debug Camera - CTRL+C
22:02:45.013 [JavaFX Application Thread] DEBUG LoopRunner           - Starting loop
22:02:45.018 [JavaFX Application Thread] DEBUG Input                - Clearing active input actions
22:02:45.035 [JavaFX Application Thread] DEBUG GameApplicationServi - Removing overlay from StartupScene and adding to FXGLMainMenuDummyScene
22:02:45.035 [JavaFX Application Thread] DEBUG MainWindow           - StartupScene -> FXGLMainMenuDummyScene
22:02:45.036 [JavaFX Application Thread] DEBUG MainWindow           - Push state: MyMenu
22:02:45.036 [JavaFX Application Thread] DEBUG Input                - Clearing active input actions
22:02:45.042 [JavaFX Application Thread] DEBUG GameApplicationServi - Removing overlay from FXGLMainMenuDummyScene and adding to MyMenu
22:02:45.042 [JavaFX Application Thread] DEBUG MainWindow           - FXGLMainMenuDummyScene -> MyMenu
22:02:45.043 [JavaFX Application Thread] DEBUG FXGLApplication      - Registering font factories with UI factory
22:02:45.666 [FXGL Background Thread 2 ] INFO  UpdaterService       - Your current version:  11.11
22:02:45.667 [FXGL Background Thread 2 ] INFO  UpdaterService       - Latest stable version: dev-SNAPSHOT
22:02:47.852 [FXGL Background Thread 3 ] DEBUG Engine               - Logging environment variables
22:02:47.854 [FXGL Background Thread 3 ] DEBUG Engine               - achievements: []
22:02:47.854 [FXGL Background Thread 3 ] DEBUG Engine               - appIcon: fxgl_icon.png
22:02:47.855 [FXGL Background Thread 3 ] DEBUG Engine               - applicationMode: DEVELOPER
22:02:47.855 [FXGL Background Thread 3 ] DEBUG Engine               - cSSList: [fxgl_dark.css]
22:02:47.856 [FXGL Background Thread 3 ] DEBUG Engine               - configClass: Optional.empty
22:02:47.856 [FXGL Background Thread 3 ] DEBUG Engine               - credits: []
22:02:47.857 [FXGL Background Thread 3 ] DEBUG Engine               - devBBoxColorProperty: ObjectProperty [value: 0xff0000ff]
22:02:47.857 [FXGL Background Thread 3 ] DEBUG Engine               - devEnableDebugCameraProperty: BooleanProperty [value: false]
22:02:47.858 [FXGL Background Thread 3 ] DEBUG Engine               - devSensorColorProperty: ObjectProperty [value: 0xffff00ff]
22:02:47.859 [FXGL Background Thread 3 ] DEBUG Engine               - devShowBBoxProperty: BooleanProperty [value: false]
22:02:47.859 [FXGL Background Thread 3 ] DEBUG Engine               - devShowPositionProperty: BooleanProperty [value: false]
22:02:47.859 [FXGL Background Thread 3 ] DEBUG Engine               - enabledMenuItems: []
22:02:47.860 [FXGL Background Thread 3 ] DEBUG Engine               - engineServices: [class com.almasb.fxgl.app.FXGLApplication$GameApplicationService, class com.almasb.fxgl.app.services.FXGLDialogService, class com.almasb.fxgl.app.services.IOTaskExecutorService, class com.almasb.fxgl.event.EventBusService, class com.almasb.fxgl.io.FileSystemService, class com.almasb.fxgl.localization.LocalizationService, class com.almasb.fxgl.app.services.FXGLAssetLoaderService, class com.almasb.fxgl.app.services.SystemBundleService, class com.almasb.fxgl.profile.SaveLoadService, class com.almasb.fxgl.ui.FXGLUIFactoryServiceProvider, class com.almasb.fxgl.ui.FXGLDialogFactoryServiceProvider, class com.almasb.fxgl.audio.AudioPlayer, class com.almasb.fxgl.notification.impl.NotificationServiceProvider, class com.almasb.fxgl.achievement.AchievementService, class com.almasb.fxgl.cutscene.CutsceneService, class com.almasb.fxgl.minigames.MiniGameService, class com.almasb.fxgl.net.NetService, class com.almasb.fxgl.app.services.UpdaterService, class com.almasb.fxgl.dev.DevService]
22:02:47.860 [FXGL Background Thread 3 ] DEBUG Engine               - fontGame: Abel-Regular.ttf
22:02:47.861 [FXGL Background Thread 3 ] DEBUG Engine               - fontMono: lucida_console.ttf
22:02:47.861 [FXGL Background Thread 3 ] DEBUG Engine               - fontText: Courier-Prime.ttf
22:02:47.862 [FXGL Background Thread 3 ] DEBUG Engine               - fontUI: VarelaRound-Regular.ttf
22:02:47.862 [FXGL Background Thread 3 ] DEBUG Engine               - fullScreen: BooleanProperty [value: false]
22:02:47.862 [FXGL Background Thread 3 ] DEBUG Engine               - gameDifficulty: MEDIUM
22:02:47.863 [FXGL Background Thread 3 ] DEBUG Engine               - gameDifficultyProperty: ObjectProperty [value: MEDIUM]
22:02:47.863 [FXGL Background Thread 3 ] DEBUG Engine               - globalMusicVolume: 0.5
22:02:47.863 [FXGL Background Thread 3 ] DEBUG Engine               - globalMusicVolumeProperty: DoubleProperty [value: 0.5]
22:02:47.864 [FXGL Background Thread 3 ] DEBUG Engine               - globalSoundVolume: 0.5
22:02:47.864 [FXGL Background Thread 3 ] DEBUG Engine               - globalSoundVolumeProperty: DoubleProperty [value: 0.5]
22:02:47.864 [FXGL Background Thread 3 ] DEBUG Engine               - height: 900
22:02:47.865 [FXGL Background Thread 3 ] DEBUG Engine               - isAndroid: false
22:02:47.865 [FXGL Background Thread 3 ] DEBUG Engine               - isBrowser: false
22:02:47.865 [FXGL Background Thread 3 ] DEBUG Engine               - isClickFeedbackEnabled: false
22:02:47.866 [FXGL Background Thread 3 ] DEBUG Engine               - isCloseConfirmation: false
22:02:47.866 [FXGL Background Thread 3 ] DEBUG Engine               - isDesktop: true
22:02:47.867 [FXGL Background Thread 3 ] DEBUG Engine               - isDeveloperMenuEnabled: false
22:02:47.867 [FXGL Background Thread 3 ] DEBUG Engine               - isEntityPreloadEnabled: true
22:02:47.867 [FXGL Background Thread 3 ] DEBUG Engine               - isExperimentalNative: false
22:02:47.868 [FXGL Background Thread 3 ] DEBUG Engine               - isExperimentalTiledLargeMap: false
22:02:47.868 [FXGL Background Thread 3 ] DEBUG Engine               - isFileSystemWriteAllowed: true
22:02:47.868 [FXGL Background Thread 3 ] DEBUG Engine               - isFullScreenAllowed: false
22:02:47.868 [FXGL Background Thread 3 ] DEBUG Engine               - isFullScreenFromStart: false
22:02:47.869 [FXGL Background Thread 3 ] DEBUG Engine               - isGameMenuEnabled: true
22:02:47.869 [FXGL Background Thread 3 ] DEBUG Engine               - isIOS: false
22:02:47.869 [FXGL Background Thread 3 ] DEBUG Engine               - isIntroEnabled: false
22:02:47.870 [FXGL Background Thread 3 ] DEBUG Engine               - isLinux: true
22:02:47.870 [FXGL Background Thread 3 ] DEBUG Engine               - isMac: false
22:02:47.870 [FXGL Background Thread 3 ] DEBUG Engine               - isMainMenuEnabled: true
22:02:47.870 [FXGL Background Thread 3 ] DEBUG Engine               - isManualResizeEnabled: false
22:02:47.871 [FXGL Background Thread 3 ] DEBUG Engine               - isMobile: false
22:02:47.871 [FXGL Background Thread 3 ] DEBUG Engine               - isPreserveResizeRatio: false
22:02:47.871 [FXGL Background Thread 3 ] DEBUG Engine               - isProfilingEnabled: false
22:02:47.872 [FXGL Background Thread 3 ] DEBUG Engine               - isSingleStep: false
22:02:47.872 [FXGL Background Thread 3 ] DEBUG Engine               - isUserProfileEnabled: false
22:02:47.872 [FXGL Background Thread 3 ] DEBUG Engine               - isWindows: false
22:02:47.872 [FXGL Background Thread 3 ] DEBUG Engine               - language: ObjectProperty [value: ENGLISH]
22:02:47.873 [FXGL Background Thread 3 ] DEBUG Engine               - menuKey: ESCAPE
22:02:47.873 [FXGL Background Thread 3 ] DEBUG Engine               - notificationViewClass: class com.almasb.fxgl.notification.view.XboxNotificationView
22:02:47.873 [FXGL Background Thread 3 ] DEBUG Engine               - pixelsPerMeter: 50.0
22:02:47.873 [FXGL Background Thread 3 ] DEBUG Engine               - platform: LINUX
22:02:47.874 [FXGL Background Thread 3 ] DEBUG Engine               - profileDir: profiles/
22:02:47.874 [FXGL Background Thread 3 ] DEBUG Engine               - profileName: StringProperty [value: DEFAULT]
22:02:47.874 [FXGL Background Thread 3 ] DEBUG Engine               - randomSeed: -1
22:02:47.874 [FXGL Background Thread 3 ] DEBUG Engine               - runtimeInfo: RuntimeInfo(platform=LINUX, version=11.11, build=08.09.2020 18.00)
22:02:47.875 [FXGL Background Thread 3 ] DEBUG Engine               - saveFileExt: sav
22:02:47.875 [FXGL Background Thread 3 ] DEBUG Engine               - sceneFactory: sample.Main$1@3e1475b5
22:02:47.875 [FXGL Background Thread 3 ] DEBUG Engine               - secondsIn24h: 60
22:02:47.876 [FXGL Background Thread 3 ] DEBUG Engine               - soundMenuBack: menu/back.wav
22:02:47.876 [FXGL Background Thread 3 ] DEBUG Engine               - soundMenuPress: menu/press.wav
22:02:47.876 [FXGL Background Thread 3 ] DEBUG Engine               - soundMenuSelect: menu/select.wav
22:02:47.876 [FXGL Background Thread 3 ] DEBUG Engine               - soundNotification: core/notification.wav
22:02:47.876 [FXGL Background Thread 3 ] DEBUG Engine               - stageStyle: DECORATED
22:02:47.877 [FXGL Background Thread 3 ] DEBUG Engine               - supportedLanguages: [ENGLISH, FRENCH, GERMAN, HUNGARIAN, RUSSIAN]
22:02:47.877 [FXGL Background Thread 3 ] DEBUG Engine               - title: Color Switch 2
22:02:47.877 [FXGL Background Thread 3 ] DEBUG Engine               - urlGithub: https://github.com/AlmasB/FXGL
22:02:47.877 [FXGL Background Thread 3 ] DEBUG Engine               - urlLeaderboard: http://fxgl-top.herokuapp.com/
22:02:47.877 [FXGL Background Thread 3 ] DEBUG Engine               - urlPOM: https://raw.githubusercontent.com/AlmasB/FXGL/master/pom.xml
22:02:47.878 [FXGL Background Thread 3 ] DEBUG Engine               - version: 0.0
22:02:47.878 [FXGL Background Thread 3 ] DEBUG Engine               - versionCheckDays: 7
22:02:47.878 [FXGL Background Thread 3 ] DEBUG Engine               - width: 900
22:02:47.878 [FXGL Background Thread 3 ] DEBUG Engine               - Logging services
22:02:47.879 [FXGL Background Thread 3 ] DEBUG Engine               - class com.almasb.fxgl.app.FXGLApplication$GameApplicationService
22:02:47.879 [FXGL Background Thread 3 ] DEBUG Engine               - class com.almasb.fxgl.app.services.FXGLDialogService
22:02:47.879 [FXGL Background Thread 3 ] DEBUG Engine               - class com.almasb.fxgl.app.services.IOTaskExecutorService
22:02:47.879 [FXGL Background Thread 3 ] DEBUG Engine               - class com.almasb.fxgl.event.EventBusService
22:02:47.879 [FXGL Background Thread 3 ] DEBUG Engine               - class com.almasb.fxgl.io.FileSystemService
22:02:47.879 [FXGL Background Thread 3 ] DEBUG Engine               - class com.almasb.fxgl.localization.LocalizationService
22:02:47.880 [FXGL Background Thread 3 ] DEBUG Engine               - class com.almasb.fxgl.app.services.FXGLAssetLoaderService
22:02:47.880 [FXGL Background Thread 3 ] DEBUG Engine               - class com.almasb.fxgl.app.services.SystemBundleService
22:02:47.880 [FXGL Background Thread 3 ] DEBUG Engine               - class com.almasb.fxgl.profile.SaveLoadService
22:02:47.880 [FXGL Background Thread 3 ] DEBUG Engine               - class com.almasb.fxgl.ui.FXGLUIFactoryServiceProvider
22:02:47.880 [FXGL Background Thread 3 ] DEBUG Engine               - class com.almasb.fxgl.ui.FXGLDialogFactoryServiceProvider
22:02:47.880 [FXGL Background Thread 3 ] DEBUG Engine               - class com.almasb.fxgl.audio.AudioPlayer
22:02:47.881 [FXGL Background Thread 3 ] DEBUG Engine               - class com.almasb.fxgl.notification.impl.NotificationServiceProvider
22:02:47.881 [FXGL Background Thread 3 ] DEBUG Engine               - class com.almasb.fxgl.achievement.AchievementService
22:02:47.881 [FXGL Background Thread 3 ] DEBUG Engine               - class com.almasb.fxgl.cutscene.CutsceneService
22:02:47.881 [FXGL Background Thread 3 ] DEBUG Engine               - class com.almasb.fxgl.minigames.MiniGameService
22:02:47.882 [FXGL Background Thread 3 ] DEBUG Engine               - class com.almasb.fxgl.net.NetService
22:02:47.882 [FXGL Background Thread 3 ] DEBUG Engine               - class com.almasb.fxgl.app.services.UpdaterService
22:02:47.882 [FXGL Background Thread 3 ] DEBUG Engine               - class com.almasb.fxgl.dev.DevService
22:02:47.999 [JavaFX Application Thread] DEBUG Menu                 - fireNewGame()
22:02:48.000 [JavaFX Application Thread] DEBUG GameApplicationServi - Starting new game
22:02:48.001 [JavaFX Application Thread] DEBUG MainWindow           - Pop state: MyMenu
22:02:48.002 [JavaFX Application Thread] DEBUG Input                - Clearing active input actions
22:02:48.006 [JavaFX Application Thread] DEBUG GameApplicationServi - Removing overlay from MyMenu and adding to FXGLMainMenuDummyScene
22:02:48.008 [JavaFX Application Thread] DEBUG MainWindow           - FXGLMainMenuDummyScene <- MyMenu
22:02:48.009 [JavaFX Application Thread] DEBUG Input                - Clearing active input actions
22:02:48.035 [JavaFX Application Thread] DEBUG GameApplicationServi - Removing overlay from FXGLMainMenuDummyScene and adding to FXGLLoadingScene
22:02:48.036 [JavaFX Application Thread] DEBUG MainWindow           - FXGLMainMenuDummyScene -> FXGLLoadingScene
22:02:48.037 [JavaFX Application Thread] DEBUG GameApplicationServi - Clearing previous game
22:02:48.037 [JavaFX Application Thread] DEBUG GameScene            - Clearing game scene
22:02:48.038 [JavaFX Application Thread] DEBUG GameWorld            - Clearing game world
22:02:48.038 [JavaFX Application Thread] DEBUG PhysicsWorld         - Clearing physics world
22:02:48.040 [FXGL Background Thread 2 ] DEBUG FXGLApplication      - Initializing game
22:02:48.143 [FXGL Background Thread 2 ] DEBUG FXGLAssetLoaderServi - Loading from file system: /assets/textures/star.png
22:02:48.152 [FXGL Background Thread 2 ] DEBUG FXGLAssetLoaderServi - Loading from cache: /assets/textures/star.png
22:02:48.153 [FXGL Background Thread 2 ] DEBUG FXGLAssetLoaderServi - Loading from cache: /assets/textures/star.png
22:02:48.154 [FXGL Background Thread 2 ] DEBUG FXGLAssetLoaderServi - Loading from cache: /assets/textures/star.png
22:02:48.155 [FXGL Background Thread 2 ] DEBUG FXGLAssetLoaderServi - Loading from cache: /assets/textures/star.png
22:02:48.169 [FXGL Background Thread 2 ] DEBUG FXGLAssetLoaderServi - Loading from file system: /assets/textures/heart1.png
22:02:48.241 [FXGL Background Thread 2 ] DEBUG FXGLAssetLoaderServi - Loading from cache: /assets/textures/heart1.png
22:02:48.247 [FXGL Background Thread 2 ] DEBUG FXGLAssetLoaderServi - Loading from cache: /assets/textures/heart1.png
22:02:48.251 [FXGL Background Thread 2 ] DEBUG FXGLAssetLoaderServi - Loading from cache: /assets/textures/heart1.png
22:02:48.254 [FXGL Background Thread 2 ] DEBUG FXGLAssetLoaderServi - Loading from cache: /assets/textures/heart1.png
22:02:48.265 [FXGL Background Thread 2 ] INFO  FXGLApplication      - Game initialization took: 0.224 sec
22:02:48.270 [JavaFX Application Thread] DEBUG Input                - Clearing active input actions
22:02:48.290 [JavaFX Application Thread] DEBUG GameApplicationServi - Removing overlay from FXGLLoadingScene and adding to GameScene
22:02:48.290 [JavaFX Application Thread] DEBUG MainWindow           - FXGLLoadingScene -> GameScene
22:03:01.495 [JavaFX Application Thread] DEBUG FXGLApplication      - Exiting FXGL
22:03:01.496 [JavaFX Application Thread] DEBUG LoopRunner           - Stopping loop
22:03:01.496 [JavaFX Application Thread] DEBUG SystemBundleService  - Saving FXGL system data
22:03:01.501 [JavaFX Application Thread] DEBUG FileSystemAccess     - Writing to: /home/chintan/Downloads/game/system/fxgl.bundle
22:03:01.504 [JavaFX Application Thread] DEBUG Async                - Shutting down background threads
22:03:01.507 [JavaFX Application Thread] DEBUG MainWindow           - Closing main window
22:03:01.513 [JavaFX Application Thread] DEBUG Logger               - Closing Logger
