07:46:36.346 [main                     ] DEBUG Logger               - Configured Logger
07:46:36.388 [main                     ] DEBUG GameApplication      - Logging settings
Title: Color Switch 2
Version: 0.0
Width: 900
Height: 900
Fullscreen: false
Intro: false
Profiling: false
Single step:false
App Mode: DEVELOPER
Menu Key: ESCAPE
Stage Style: DECORATED
Scene Factory: class com.almasb.fxgl.app.scene.SceneFactory

07:46:36.977 [JavaFX Application Thread] DEBUG FXGLApplication      - Initializing FXGL
07:46:36.998 [JavaFX Application Thread] INFO  Engine               - FXGL-11.11 (08.09.2020 18.00) on LINUX (J:15.0.1 FX:14)
07:46:36.998 [JavaFX Application Thread] DEBUG Engine               - JRE Vendor Name: Oracle Corporation
07:46:36.999 [JavaFX Application Thread] DEBUG Engine               - Running on OS: Linux version 5.4.0-58-generic
07:46:36.999 [JavaFX Application Thread] DEBUG Engine               - Architecture: amd64
07:46:36.999 [JavaFX Application Thread] INFO  Engine               - Source code and latest versions at: https://github.com/AlmasB/FXGL
07:46:37.000 [JavaFX Application Thread] INFO  Engine               -              Join the FXGL chat at: https://gitter.im/AlmasB/FXGL
07:46:37.206 [JavaFX Application Thread] DEBUG MainWindow           - Creating a JavaFX scene
07:46:37.401 [JavaFX Application Thread] DEBUG MainWindow           - Target settings size: 900.0 x 900.0
07:46:37.401 [JavaFX Application Thread] DEBUG MainWindow           - Scaled scene size:    900.0 x 900.0
07:46:37.402 [JavaFX Application Thread] DEBUG MainWindow           - Scaled ratio: (1.0, 1.0)
07:46:37.409 [JavaFX Application Thread] DEBUG MainWindow           - Set initial scene to StartupScene
07:46:37.418 [JavaFX Application Thread] DEBUG MainWindow           - Opening main window
07:46:37.495 [JavaFX Application Thread] DEBUG MainWindow           - Window border size: (2.0, 29.0)
07:46:37.496 [JavaFX Application Thread] DEBUG MainWindow           - Scaled size: 900.0 x 900.0
07:46:37.497 [JavaFX Application Thread] DEBUG MainWindow           - Scaled ratio: (1.0, 1.0)
07:46:37.499 [JavaFX Application Thread] DEBUG MainWindow           - Scene size: 900.0 x 900.0
07:46:37.501 [JavaFX Application Thread] DEBUG MainWindow           - Stage size: 902.0 x 929.0
07:46:37.518 [FXGL Background Thread 1 ] DEBUG Engine               - Initializing environment variables
07:46:37.575 [FXGL Background Thread 1 ] DEBUG GameApplicationServi - Applying CSS: fxgl_dark.css
07:46:37.576 [FXGL Background Thread 1 ] DEBUG FXGLAssetLoaderServi - Loading from file system: /assets/ui/css/fxgl_dark.css
07:46:37.711 [FXGL Background Thread 1 ] DEBUG GameApplicationServi - Initializing application scenes
07:46:37.790 [FXGL Background Thread 1 ] DEBUG GameWorld            - Game world initialized
07:46:37.886 [FXGL Background Thread 1 ] DEBUG PhysicsWorld         - Physics world initialized: appHeight=900, physics.ppm=50.0
07:46:37.892 [FXGL Background Thread 1 ] DEBUG GameScene            - Game scene initialized: 900x900
07:46:37.949 [FXGL Background Thread 1 ] DEBUG FXGLAssetLoaderServi - Loading from file system: /assets/textures/particles/trace_horizontal.png
07:46:37.999 [FXGL Background Thread 1 ] DEBUG FXGL.DefaultMenu     - createMenuBodyMainMenu()
07:46:38.012 [FXGL Background Thread 1 ] DEBUG FXGL.DefaultMenu     - createOptionsMenu()
07:46:38.019 [FXGL Background Thread 1 ] DEBUG FXGLAssetLoaderServi - Loading from file system: /assets/textures/particles/smoke.png
07:46:38.079 [FXGL Background Thread 1 ] DEBUG FXGLAssetLoaderServi - Loading from cache: /assets/textures/particles/trace_horizontal.png@64.0x64.0
07:46:38.080 [FXGL Background Thread 1 ] DEBUG FXGL.DefaultMenu     - createMenuBodyGameMenu()
07:46:38.081 [FXGL Background Thread 1 ] DEBUG FXGL.DefaultMenu     - createOptionsMenu()
07:46:38.084 [FXGL Background Thread 1 ] DEBUG FXGLAssetLoaderServi - Loading from cache: /assets/textures/particles/smoke.png@128.0x128.0
07:46:38.107 [FXGL Background Thread 1 ] DEBUG GameApplicationServi - Application scenes initialized
07:46:38.116 [FXGL Background Thread 1 ] DEBUG SystemBundleService  - Loading FXGL system data
07:46:38.129 [FXGL Background Thread 1 ] DEBUG FileSystemAccess     - Reading from: /home/chintan/Downloads/game/system/fxgl.bundle
07:46:38.143 [FXGL Background Thread 1 ] DEBUG SystemBundleService  - Bundle FXGL: {}
07:46:38.144 [FXGL Background Thread 1 ] DEBUG UpdaterService       - Checking for updates
07:46:38.154 [FXGL Background Thread 4 ] DEBUG FXGLApplication      - Loading fonts
07:46:38.154 [FXGL Background Thread 4 ] DEBUG FXGLAssetLoaderServi - Loading from file system: /assets/ui/fonts/VarelaRound-Regular.ttf
07:46:38.156 [FXGL Background Thread 1 ] DEBUG FXGLApplication      - Loading default localization
07:46:38.162 [FXGL Background Thread 1 ] DEBUG FXGLAssetLoaderServi - Loading from file system: /assets/languages/english.lang
07:46:38.165 [FXGL Background Thread 4 ] DEBUG FXGLAssetLoaderServi - Loading from file system: /assets/ui/fonts/Abel-Regular.ttf
07:46:38.170 [FXGL Background Thread 4 ] DEBUG FXGLAssetLoaderServi - Loading from file system: /assets/ui/fonts/lucida_console.ttf
07:46:38.178 [FXGL Background Thread 4 ] DEBUG FXGLAssetLoaderServi - Loading from file system: /assets/ui/fonts/Courier-Prime.ttf
07:46:38.179 [FXGL Background Thread 1 ] INFO  FXGLApplication      - FXGL initialization took: 0.660 sec
07:46:38.187 [JavaFX Application Thread] DEBUG Input                - Registered new binding: Up - W
07:46:38.187 [JavaFX Application Thread] DEBUG FXGLAssetLoaderServi - Loading from file system: /assets/textures/fxgl_icon.png
07:46:38.240 [JavaFX Application Thread] DEBUG FXGLAssetLoaderServi - Loading from file system: /assets/ui/cursors/fxgl_default.png
07:46:38.243 [JavaFX Application Thread] DEBUG Input                - Registered new binding: Screenshot - P
07:46:38.244 [JavaFX Application Thread] DEBUG Input                - Registered new binding: System info dump - CTRL+9
07:46:38.244 [JavaFX Application Thread] DEBUG Input                - Registered new binding: Restart - CTRL+R
07:46:38.245 [JavaFX Application Thread] DEBUG Input                - Registered new binding: Toggle Debug Camera - CTRL+C
07:46:38.248 [JavaFX Application Thread] DEBUG LoopRunner           - Starting loop
07:46:38.256 [JavaFX Application Thread] DEBUG Input                - Clearing active input actions
07:46:38.267 [JavaFX Application Thread] DEBUG GameApplicationServi - Removing overlay from StartupScene and adding to FXGLMainMenuDummyScene
07:46:38.268 [JavaFX Application Thread] DEBUG MainWindow           - StartupScene -> FXGLMainMenuDummyScene
07:46:38.268 [JavaFX Application Thread] DEBUG MainWindow           - Push state: FXGLDefaultMenu
07:46:38.273 [JavaFX Application Thread] DEBUG Input                - Clearing active input actions
07:46:38.284 [JavaFX Application Thread] DEBUG GameApplicationServi - Removing overlay from FXGLMainMenuDummyScene and adding to FXGLDefaultMenu
07:46:38.284 [JavaFX Application Thread] DEBUG MainWindow           - FXGLMainMenuDummyScene -> FXGLDefaultMenu
07:46:38.286 [JavaFX Application Thread] DEBUG FXGLApplication      - Registering font factories with UI factory
07:46:38.609 [FXGL Background Thread 2 ] INFO  UpdaterService       - Your current version:  11.11
07:46:38.609 [FXGL Background Thread 2 ] INFO  UpdaterService       - Latest stable version: dev-SNAPSHOT
07:46:38.929 [JavaFX Application Thread] DEBUG Menu                 - fireNewGame()
07:46:38.929 [JavaFX Application Thread] DEBUG GameApplicationServi - Starting new game
07:46:38.937 [JavaFX Application Thread] DEBUG MainWindow           - Pop state: FXGLDefaultMenu
07:46:38.937 [JavaFX Application Thread] DEBUG Input                - Clearing active input actions
07:46:38.938 [JavaFX Application Thread] DEBUG GameApplicationServi - Removing overlay from FXGLDefaultMenu and adding to FXGLMainMenuDummyScene
07:46:38.939 [JavaFX Application Thread] DEBUG MainWindow           - FXGLMainMenuDummyScene <- FXGLDefaultMenu
07:46:38.939 [JavaFX Application Thread] DEBUG Input                - Clearing active input actions
07:46:38.951 [JavaFX Application Thread] DEBUG GameApplicationServi - Removing overlay from FXGLMainMenuDummyScene and adding to FXGLLoadingScene
07:46:38.952 [JavaFX Application Thread] DEBUG MainWindow           - FXGLMainMenuDummyScene -> FXGLLoadingScene
07:46:38.952 [JavaFX Application Thread] DEBUG GameApplicationServi - Clearing previous game
07:46:38.952 [JavaFX Application Thread] DEBUG GameScene            - Clearing game scene
07:46:38.953 [JavaFX Application Thread] DEBUG GameWorld            - Clearing game world
07:46:38.953 [JavaFX Application Thread] DEBUG PhysicsWorld         - Clearing physics world
07:46:38.954 [FXGL Background Thread 2 ] DEBUG FXGLApplication      - Initializing game
07:46:39.013 [FXGL Background Thread 2 ] DEBUG FXGLAssetLoaderServi - Loading from file system: /assets/textures/star.png
07:46:39.025 [FXGL Background Thread 2 ] DEBUG FXGLAssetLoaderServi - Loading from cache: /assets/textures/star.png
07:46:39.026 [FXGL Background Thread 2 ] DEBUG FXGLAssetLoaderServi - Loading from cache: /assets/textures/star.png
07:46:39.027 [FXGL Background Thread 2 ] DEBUG FXGLAssetLoaderServi - Loading from cache: /assets/textures/star.png
07:46:39.028 [FXGL Background Thread 2 ] DEBUG FXGLAssetLoaderServi - Loading from cache: /assets/textures/star.png
07:46:39.034 [FXGL Background Thread 2 ] INFO  FXGLApplication      - Game initialization took: 0.079 sec
07:46:39.034 [JavaFX Application Thread] DEBUG Input                - Clearing active input actions
07:46:39.045 [JavaFX Application Thread] DEBUG GameApplicationServi - Removing overlay from FXGLLoadingScene and adding to GameScene
07:46:39.046 [JavaFX Application Thread] DEBUG MainWindow           - FXGLLoadingScene -> GameScene
07:46:41.148 [FXGL Background Thread 3 ] DEBUG Engine               - Logging environment variables
07:46:41.151 [FXGL Background Thread 3 ] DEBUG Engine               - achievements: []
07:46:41.154 [FXGL Background Thread 3 ] DEBUG Engine               - appIcon: fxgl_icon.png
07:46:41.155 [FXGL Background Thread 3 ] DEBUG Engine               - applicationMode: DEVELOPER
07:46:41.156 [FXGL Background Thread 3 ] DEBUG Engine               - cSSList: [fxgl_dark.css]
07:46:41.157 [FXGL Background Thread 3 ] DEBUG Engine               - configClass: Optional.empty
07:46:41.158 [FXGL Background Thread 3 ] DEBUG Engine               - credits: []
07:46:41.173 [FXGL Background Thread 3 ] DEBUG Engine               - devBBoxColorProperty: ObjectProperty [value: 0xff0000ff]
07:46:41.174 [FXGL Background Thread 3 ] DEBUG Engine               - devEnableDebugCameraProperty: BooleanProperty [value: false]
07:46:41.177 [FXGL Background Thread 3 ] DEBUG Engine               - devSensorColorProperty: ObjectProperty [value: 0xffff00ff]
07:46:41.179 [FXGL Background Thread 3 ] DEBUG Engine               - devShowBBoxProperty: BooleanProperty [value: false]
07:46:41.184 [FXGL Background Thread 3 ] DEBUG Engine               - devShowPositionProperty: BooleanProperty [value: false]
07:46:41.185 [FXGL Background Thread 3 ] DEBUG Engine               - enabledMenuItems: []
07:46:41.186 [FXGL Background Thread 3 ] DEBUG Engine               - engineServices: [class com.almasb.fxgl.app.FXGLApplication$GameApplicationService, class com.almasb.fxgl.app.services.FXGLDialogService, class com.almasb.fxgl.app.services.IOTaskExecutorService, class com.almasb.fxgl.event.EventBusService, class com.almasb.fxgl.io.FileSystemService, class com.almasb.fxgl.localization.LocalizationService, class com.almasb.fxgl.app.services.FXGLAssetLoaderService, class com.almasb.fxgl.app.services.SystemBundleService, class com.almasb.fxgl.profile.SaveLoadService, class com.almasb.fxgl.ui.FXGLUIFactoryServiceProvider, class com.almasb.fxgl.ui.FXGLDialogFactoryServiceProvider, class com.almasb.fxgl.audio.AudioPlayer, class com.almasb.fxgl.notification.impl.NotificationServiceProvider, class com.almasb.fxgl.achievement.AchievementService, class com.almasb.fxgl.cutscene.CutsceneService, class com.almasb.fxgl.minigames.MiniGameService, class com.almasb.fxgl.net.NetService, class com.almasb.fxgl.app.services.UpdaterService, class com.almasb.fxgl.dev.DevService]
07:46:41.188 [FXGL Background Thread 3 ] DEBUG Engine               - fontGame: Abel-Regular.ttf
07:46:41.188 [FXGL Background Thread 3 ] DEBUG Engine               - fontMono: lucida_console.ttf
07:46:41.189 [FXGL Background Thread 3 ] DEBUG Engine               - fontText: Courier-Prime.ttf
07:46:41.190 [FXGL Background Thread 3 ] DEBUG Engine               - fontUI: VarelaRound-Regular.ttf
07:46:41.191 [FXGL Background Thread 3 ] DEBUG Engine               - fullScreen: BooleanProperty [value: false]
07:46:41.191 [FXGL Background Thread 3 ] DEBUG Engine               - gameDifficulty: MEDIUM
07:46:41.192 [FXGL Background Thread 3 ] DEBUG Engine               - gameDifficultyProperty: ObjectProperty [value: MEDIUM]
07:46:41.199 [FXGL Background Thread 3 ] DEBUG Engine               - globalMusicVolume: 0.5
07:46:41.200 [FXGL Background Thread 3 ] DEBUG Engine               - globalMusicVolumeProperty: DoubleProperty [value: 0.5]
07:46:41.201 [FXGL Background Thread 3 ] DEBUG Engine               - globalSoundVolume: 0.5
07:46:41.203 [FXGL Background Thread 3 ] DEBUG Engine               - globalSoundVolumeProperty: DoubleProperty [value: 0.5]
07:46:41.205 [FXGL Background Thread 3 ] DEBUG Engine               - height: 900
07:46:41.206 [FXGL Background Thread 3 ] DEBUG Engine               - isAndroid: false
07:46:41.206 [FXGL Background Thread 3 ] DEBUG Engine               - isBrowser: false
07:46:41.207 [FXGL Background Thread 3 ] DEBUG Engine               - isClickFeedbackEnabled: false
07:46:41.215 [FXGL Background Thread 3 ] DEBUG Engine               - isCloseConfirmation: false
07:46:41.216 [FXGL Background Thread 3 ] DEBUG Engine               - isDesktop: true
07:46:41.216 [FXGL Background Thread 3 ] DEBUG Engine               - isDeveloperMenuEnabled: false
07:46:41.216 [FXGL Background Thread 3 ] DEBUG Engine               - isEntityPreloadEnabled: true
07:46:41.217 [FXGL Background Thread 3 ] DEBUG Engine               - isExperimentalNative: false
07:46:41.217 [FXGL Background Thread 3 ] DEBUG Engine               - isExperimentalTiledLargeMap: false
07:46:41.221 [FXGL Background Thread 3 ] DEBUG Engine               - isFileSystemWriteAllowed: true
07:46:41.222 [FXGL Background Thread 3 ] DEBUG Engine               - isFullScreenAllowed: false
07:46:41.229 [FXGL Background Thread 3 ] DEBUG Engine               - isFullScreenFromStart: false
07:46:41.230 [FXGL Background Thread 3 ] DEBUG Engine               - isGameMenuEnabled: true
07:46:41.230 [FXGL Background Thread 3 ] DEBUG Engine               - isIOS: false
07:46:41.231 [FXGL Background Thread 3 ] DEBUG Engine               - isIntroEnabled: false
07:46:41.233 [FXGL Background Thread 3 ] DEBUG Engine               - isLinux: true
07:46:41.234 [FXGL Background Thread 3 ] DEBUG Engine               - isMac: false
07:46:41.234 [FXGL Background Thread 3 ] DEBUG Engine               - isMainMenuEnabled: true
07:46:41.235 [FXGL Background Thread 3 ] DEBUG Engine               - isManualResizeEnabled: false
07:46:41.235 [FXGL Background Thread 3 ] DEBUG Engine               - isMobile: false
07:46:41.235 [FXGL Background Thread 3 ] DEBUG Engine               - isPreserveResizeRatio: false
07:46:41.235 [FXGL Background Thread 3 ] DEBUG Engine               - isProfilingEnabled: false
07:46:41.237 [FXGL Background Thread 3 ] DEBUG Engine               - isSingleStep: false
07:46:41.237 [FXGL Background Thread 3 ] DEBUG Engine               - isUserProfileEnabled: false
07:46:41.238 [FXGL Background Thread 3 ] DEBUG Engine               - isWindows: false
07:46:41.241 [FXGL Background Thread 3 ] DEBUG Engine               - language: ObjectProperty [value: ENGLISH]
07:46:41.241 [FXGL Background Thread 3 ] DEBUG Engine               - menuKey: ESCAPE
07:46:41.241 [FXGL Background Thread 3 ] DEBUG Engine               - notificationViewClass: class com.almasb.fxgl.notification.view.XboxNotificationView
07:46:41.241 [FXGL Background Thread 3 ] DEBUG Engine               - pixelsPerMeter: 50.0
07:46:41.242 [FXGL Background Thread 3 ] DEBUG Engine               - platform: LINUX
07:46:41.242 [FXGL Background Thread 3 ] DEBUG Engine               - profileDir: profiles/
07:46:41.243 [FXGL Background Thread 3 ] DEBUG Engine               - profileName: StringProperty [value: DEFAULT]
07:46:41.243 [FXGL Background Thread 3 ] DEBUG Engine               - randomSeed: -1
07:46:41.243 [FXGL Background Thread 3 ] DEBUG Engine               - runtimeInfo: RuntimeInfo(platform=LINUX, version=11.11, build=08.09.2020 18.00)
07:46:41.243 [FXGL Background Thread 3 ] DEBUG Engine               - saveFileExt: sav
07:46:41.243 [FXGL Background Thread 3 ] DEBUG Engine               - sceneFactory: com.almasb.fxgl.app.scene.SceneFactory@1d12cb98
07:46:41.244 [FXGL Background Thread 3 ] DEBUG Engine               - secondsIn24h: 60
07:46:41.244 [FXGL Background Thread 3 ] DEBUG Engine               - soundMenuBack: menu/back.wav
07:46:41.244 [FXGL Background Thread 3 ] DEBUG Engine               - soundMenuPress: menu/press.wav
07:46:41.244 [FXGL Background Thread 3 ] DEBUG Engine               - soundMenuSelect: menu/select.wav
07:46:41.244 [FXGL Background Thread 3 ] DEBUG Engine               - soundNotification: core/notification.wav
07:46:41.245 [FXGL Background Thread 3 ] DEBUG Engine               - stageStyle: DECORATED
07:46:41.245 [FXGL Background Thread 3 ] DEBUG Engine               - supportedLanguages: [ENGLISH, FRENCH, GERMAN, HUNGARIAN, RUSSIAN]
07:46:41.245 [FXGL Background Thread 3 ] DEBUG Engine               - title: Color Switch 2
07:46:41.245 [FXGL Background Thread 3 ] DEBUG Engine               - urlGithub: https://github.com/AlmasB/FXGL
07:46:41.245 [FXGL Background Thread 3 ] DEBUG Engine               - urlLeaderboard: http://fxgl-top.herokuapp.com/
07:46:41.246 [FXGL Background Thread 3 ] DEBUG Engine               - urlPOM: https://raw.githubusercontent.com/AlmasB/FXGL/master/pom.xml
07:46:41.247 [FXGL Background Thread 3 ] DEBUG Engine               - version: 0.0
07:46:41.247 [FXGL Background Thread 3 ] DEBUG Engine               - versionCheckDays: 7
07:46:41.247 [FXGL Background Thread 3 ] DEBUG Engine               - width: 900
07:46:41.247 [FXGL Background Thread 3 ] DEBUG Engine               - Logging services
07:46:41.247 [FXGL Background Thread 3 ] DEBUG Engine               - class com.almasb.fxgl.app.FXGLApplication$GameApplicationService
07:46:41.247 [FXGL Background Thread 3 ] DEBUG Engine               - class com.almasb.fxgl.app.services.FXGLDialogService
07:46:41.248 [FXGL Background Thread 3 ] DEBUG Engine               - class com.almasb.fxgl.app.services.IOTaskExecutorService
07:46:41.248 [FXGL Background Thread 3 ] DEBUG Engine               - class com.almasb.fxgl.event.EventBusService
07:46:41.248 [FXGL Background Thread 3 ] DEBUG Engine               - class com.almasb.fxgl.io.FileSystemService
07:46:41.248 [FXGL Background Thread 3 ] DEBUG Engine               - class com.almasb.fxgl.localization.LocalizationService
07:46:41.248 [FXGL Background Thread 3 ] DEBUG Engine               - class com.almasb.fxgl.app.services.FXGLAssetLoaderService
07:46:41.249 [FXGL Background Thread 3 ] DEBUG Engine               - class com.almasb.fxgl.app.services.SystemBundleService
07:46:41.249 [FXGL Background Thread 3 ] DEBUG Engine               - class com.almasb.fxgl.profile.SaveLoadService
07:46:41.249 [FXGL Background Thread 3 ] DEBUG Engine               - class com.almasb.fxgl.ui.FXGLUIFactoryServiceProvider
07:46:41.250 [FXGL Background Thread 3 ] DEBUG Engine               - class com.almasb.fxgl.ui.FXGLDialogFactoryServiceProvider
07:46:41.250 [FXGL Background Thread 3 ] DEBUG Engine               - class com.almasb.fxgl.audio.AudioPlayer
07:46:41.251 [FXGL Background Thread 3 ] DEBUG Engine               - class com.almasb.fxgl.notification.impl.NotificationServiceProvider
07:46:41.251 [FXGL Background Thread 3 ] DEBUG Engine               - class com.almasb.fxgl.achievement.AchievementService
07:46:41.251 [FXGL Background Thread 3 ] DEBUG Engine               - class com.almasb.fxgl.cutscene.CutsceneService
07:46:41.251 [FXGL Background Thread 3 ] DEBUG Engine               - class com.almasb.fxgl.minigames.MiniGameService
07:46:41.251 [FXGL Background Thread 3 ] DEBUG Engine               - class com.almasb.fxgl.net.NetService
07:46:41.251 [FXGL Background Thread 3 ] DEBUG Engine               - class com.almasb.fxgl.app.services.UpdaterService
07:46:41.252 [FXGL Background Thread 3 ] DEBUG Engine               - class com.almasb.fxgl.dev.DevService
07:46:57.871 [JavaFX Application Thread] DEBUG FXGLApplication      - Exiting FXGL
07:46:57.872 [JavaFX Application Thread] DEBUG LoopRunner           - Stopping loop
07:46:57.873 [JavaFX Application Thread] DEBUG SystemBundleService  - Saving FXGL system data
07:46:57.883 [JavaFX Application Thread] DEBUG FileSystemAccess     - Writing to: /home/chintan/Downloads/game/system/fxgl.bundle
07:46:57.894 [JavaFX Application Thread] DEBUG Async                - Shutting down background threads
07:46:57.896 [JavaFX Application Thread] DEBUG MainWindow           - Closing main window
07:46:57.922 [JavaFX Application Thread] DEBUG Logger               - Closing Logger
