20:28:18.056 [main                     ] DEBUG Logger               - Configured Logger
20:28:18.074 [main                     ] DEBUG GameApplication      - Logging settings
Title: Color Switch 2
Version: 0.0
Width: 580
Height: 720
Fullscreen: false
Intro: false
Profiling: false
Single step:false
App Mode: DEVELOPER
Menu Key: ESCAPE
Stage Style: DECORATED
Scene Factory: class com.almasb.fxgl.app.scene.SceneFactory

20:28:18.536 [JavaFX Application Thread] DEBUG FXGLApplication      - Initializing FXGL
20:28:18.546 [JavaFX Application Thread] INFO  Engine               - FXGL-11.11 (08.09.2020 18.00) on LINUX (J:15.0.1 FX:14)
20:28:18.547 [JavaFX Application Thread] DEBUG Engine               - JRE Vendor Name: Oracle Corporation
20:28:18.547 [JavaFX Application Thread] DEBUG Engine               - Running on OS: Linux version 5.4.0-58-generic
20:28:18.547 [JavaFX Application Thread] DEBUG Engine               - Architecture: amd64
20:28:18.548 [JavaFX Application Thread] INFO  Engine               - Source code and latest versions at: https://github.com/AlmasB/FXGL
20:28:18.548 [JavaFX Application Thread] INFO  Engine               -              Join the FXGL chat at: https://gitter.im/AlmasB/FXGL
20:28:18.675 [JavaFX Application Thread] DEBUG MainWindow           - Creating a JavaFX scene
20:28:18.802 [JavaFX Application Thread] DEBUG MainWindow           - Target settings size: 580.0 x 720.0
20:28:18.803 [JavaFX Application Thread] DEBUG MainWindow           - Scaled scene size:    580.0 x 720.0
20:28:18.803 [JavaFX Application Thread] DEBUG MainWindow           - Scaled ratio: (1.0, 1.0)
20:28:18.805 [JavaFX Application Thread] DEBUG MainWindow           - Set initial scene to StartupScene
20:28:18.813 [JavaFX Application Thread] DEBUG MainWindow           - Opening main window
20:28:18.883 [JavaFX Application Thread] DEBUG MainWindow           - Window border size: (2.0, 29.0)
20:28:18.883 [JavaFX Application Thread] DEBUG MainWindow           - Scaled size: 580.0 x 720.0
20:28:18.884 [JavaFX Application Thread] DEBUG MainWindow           - Scaled ratio: (1.0, 1.0)
20:28:18.884 [JavaFX Application Thread] DEBUG MainWindow           - Scene size: 580.0 x 720.0
20:28:18.884 [JavaFX Application Thread] DEBUG MainWindow           - Stage size: 582.0 x 749.0
20:28:18.895 [FXGL Background Thread 1 ] DEBUG Engine               - Initializing environment variables
20:28:18.965 [FXGL Background Thread 1 ] DEBUG GameApplicationServi - Applying CSS: fxgl_dark.css
20:28:18.970 [FXGL Background Thread 1 ] DEBUG FXGLAssetLoaderServi - Loading from file system: /assets/ui/css/fxgl_dark.css
20:28:19.150 [FXGL Background Thread 1 ] DEBUG GameApplicationServi - Initializing application scenes
20:28:19.232 [FXGL Background Thread 1 ] DEBUG GameWorld            - Game world initialized
20:28:19.348 [FXGL Background Thread 1 ] DEBUG PhysicsWorld         - Physics world initialized: appHeight=720, physics.ppm=50.0
20:28:19.351 [FXGL Background Thread 1 ] DEBUG GameScene            - Game scene initialized: 580x720
20:28:19.394 [FXGL Background Thread 1 ] DEBUG FXGLAssetLoaderServi - Loading from file system: /assets/textures/particles/trace_horizontal.png
20:28:19.478 [FXGL Background Thread 1 ] WARN  FXGL.DefaultMenu     - FXGLDefaultMenu is not designed for resolutions < 800x600
20:28:19.478 [FXGL Background Thread 1 ] DEBUG FXGL.DefaultMenu     - createMenuBodyMainMenu()
20:28:19.496 [FXGL Background Thread 1 ] DEBUG FXGL.DefaultMenu     - createOptionsMenu()
20:28:19.504 [FXGL Background Thread 1 ] DEBUG FXGLAssetLoaderServi - Loading from file system: /assets/textures/particles/smoke.png
20:28:19.606 [FXGL Background Thread 1 ] DEBUG FXGLAssetLoaderServi - Loading from cache: /assets/textures/particles/trace_horizontal.png@64.0x64.0
20:28:19.610 [FXGL Background Thread 1 ] WARN  FXGL.DefaultMenu     - FXGLDefaultMenu is not designed for resolutions < 800x600
20:28:19.610 [FXGL Background Thread 1 ] DEBUG FXGL.DefaultMenu     - createMenuBodyGameMenu()
20:28:19.620 [FXGL Background Thread 1 ] DEBUG FXGL.DefaultMenu     - createOptionsMenu()
20:28:19.624 [FXGL Background Thread 1 ] DEBUG FXGLAssetLoaderServi - Loading from cache: /assets/textures/particles/smoke.png@128.0x128.0
20:28:19.651 [FXGL Background Thread 1 ] DEBUG GameApplicationServi - Application scenes initialized
20:28:19.665 [FXGL Background Thread 1 ] DEBUG SystemBundleService  - Loading FXGL system data
20:28:19.669 [FXGL Background Thread 1 ] DEBUG FileSystemAccess     - Reading from: /home/chintan/Downloads/game/system/fxgl.bundle
20:28:19.678 [FXGL Background Thread 1 ] DEBUG SystemBundleService  - Bundle FXGL: {}
20:28:19.678 [FXGL Background Thread 1 ] DEBUG UpdaterService       - Checking for updates
20:28:19.704 [FXGL Background Thread 1 ] DEBUG FXGLApplication      - Loading default localization
20:28:19.704 [FXGL Background Thread 1 ] DEBUG FXGLAssetLoaderServi - Loading from file system: /assets/languages/english.lang
20:28:19.712 [FXGL Background Thread 4 ] DEBUG FXGLApplication      - Loading fonts
20:28:19.713 [FXGL Background Thread 4 ] DEBUG FXGLAssetLoaderServi - Loading from file system: /assets/ui/fonts/VarelaRound-Regular.ttf
20:28:19.733 [FXGL Background Thread 1 ] INFO  FXGLApplication      - FXGL initialization took: 0.838 sec
20:28:19.742 [JavaFX Application Thread] DEBUG Input                - Registered new binding: Up - W
20:28:19.742 [JavaFX Application Thread] DEBUG FXGLAssetLoaderServi - Loading from file system: /assets/textures/fxgl_icon.png
20:28:19.746 [FXGL Background Thread 4 ] DEBUG FXGLAssetLoaderServi - Loading from file system: /assets/ui/fonts/Abel-Regular.ttf
20:28:19.751 [FXGL Background Thread 4 ] DEBUG FXGLAssetLoaderServi - Loading from file system: /assets/ui/fonts/lucida_console.ttf
20:28:19.759 [FXGL Background Thread 4 ] DEBUG FXGLAssetLoaderServi - Loading from file system: /assets/ui/fonts/Courier-Prime.ttf
20:28:19.772 [JavaFX Application Thread] DEBUG FXGLAssetLoaderServi - Loading from file system: /assets/ui/cursors/fxgl_default.png
20:28:19.774 [JavaFX Application Thread] DEBUG Input                - Registered new binding: Screenshot - P
20:28:19.775 [JavaFX Application Thread] DEBUG Input                - Registered new binding: System info dump - CTRL+9
20:28:19.778 [JavaFX Application Thread] DEBUG Input                - Registered new binding: Restart - CTRL+R
20:28:19.792 [JavaFX Application Thread] DEBUG Input                - Registered new binding: Toggle Debug Camera - CTRL+C
20:28:19.795 [JavaFX Application Thread] DEBUG LoopRunner           - Starting loop
20:28:19.798 [JavaFX Application Thread] DEBUG Input                - Clearing active input actions
20:28:19.810 [JavaFX Application Thread] DEBUG GameApplicationServi - Removing overlay from StartupScene and adding to FXGLMainMenuDummyScene
20:28:19.810 [JavaFX Application Thread] DEBUG MainWindow           - StartupScene -> FXGLMainMenuDummyScene
20:28:19.811 [JavaFX Application Thread] DEBUG MainWindow           - Push state: FXGLDefaultMenu
20:28:19.816 [JavaFX Application Thread] DEBUG Input                - Clearing active input actions
20:28:19.825 [JavaFX Application Thread] DEBUG GameApplicationServi - Removing overlay from FXGLMainMenuDummyScene and adding to FXGLDefaultMenu
20:28:19.826 [JavaFX Application Thread] DEBUG MainWindow           - FXGLMainMenuDummyScene -> FXGLDefaultMenu
20:28:19.828 [JavaFX Application Thread] DEBUG FXGLApplication      - Registering font factories with UI factory
20:28:20.570 [JavaFX Application Thread] DEBUG Menu                 - fireNewGame()
20:28:20.570 [JavaFX Application Thread] DEBUG GameApplicationServi - Starting new game
20:28:20.577 [JavaFX Application Thread] DEBUG MainWindow           - Pop state: FXGLDefaultMenu
20:28:20.577 [JavaFX Application Thread] DEBUG Input                - Clearing active input actions
20:28:20.578 [JavaFX Application Thread] DEBUG GameApplicationServi - Removing overlay from FXGLDefaultMenu and adding to FXGLMainMenuDummyScene
20:28:20.579 [JavaFX Application Thread] DEBUG MainWindow           - FXGLMainMenuDummyScene <- FXGLDefaultMenu
20:28:20.579 [JavaFX Application Thread] DEBUG Input                - Clearing active input actions
20:28:20.590 [JavaFX Application Thread] DEBUG GameApplicationServi - Removing overlay from FXGLMainMenuDummyScene and adding to FXGLLoadingScene
20:28:20.590 [JavaFX Application Thread] DEBUG MainWindow           - FXGLMainMenuDummyScene -> FXGLLoadingScene
20:28:20.591 [JavaFX Application Thread] DEBUG GameApplicationServi - Clearing previous game
20:28:20.591 [JavaFX Application Thread] DEBUG GameScene            - Clearing game scene
20:28:20.592 [JavaFX Application Thread] DEBUG GameWorld            - Clearing game world
20:28:20.592 [JavaFX Application Thread] DEBUG PhysicsWorld         - Clearing physics world
20:28:20.593 [FXGL Background Thread 4 ] DEBUG FXGLApplication      - Initializing game
20:28:20.651 [FXGL Background Thread 4 ] INFO  FXGLApplication      - Game initialization took: 0.058 sec
20:28:20.652 [JavaFX Application Thread] DEBUG Input                - Clearing active input actions
20:28:20.659 [JavaFX Application Thread] DEBUG GameApplicationServi - Removing overlay from FXGLLoadingScene and adding to GameScene
20:28:20.659 [JavaFX Application Thread] DEBUG MainWindow           - FXGLLoadingScene -> GameScene
20:28:21.256 [FXGL Background Thread 2 ] INFO  UpdaterService       - Your current version:  11.11
20:28:21.256 [FXGL Background Thread 2 ] INFO  UpdaterService       - Latest stable version: dev-SNAPSHOT
20:28:22.693 [FXGL Background Thread 3 ] DEBUG Engine               - Logging environment variables
20:28:22.694 [FXGL Background Thread 3 ] DEBUG Engine               - achievements: []
20:28:22.695 [FXGL Background Thread 3 ] DEBUG Engine               - appIcon: fxgl_icon.png
20:28:22.695 [FXGL Background Thread 3 ] DEBUG Engine               - applicationMode: DEVELOPER
20:28:22.696 [FXGL Background Thread 3 ] DEBUG Engine               - cSSList: [fxgl_dark.css]
20:28:22.696 [FXGL Background Thread 3 ] DEBUG Engine               - configClass: Optional.empty
20:28:22.696 [FXGL Background Thread 3 ] DEBUG Engine               - credits: []
20:28:22.697 [FXGL Background Thread 3 ] DEBUG Engine               - devBBoxColorProperty: ObjectProperty [value: 0xff0000ff]
20:28:22.698 [FXGL Background Thread 3 ] DEBUG Engine               - devEnableDebugCameraProperty: BooleanProperty [value: false]
20:28:22.698 [FXGL Background Thread 3 ] DEBUG Engine               - devSensorColorProperty: ObjectProperty [value: 0xffff00ff]
20:28:22.699 [FXGL Background Thread 3 ] DEBUG Engine               - devShowBBoxProperty: BooleanProperty [value: false]
20:28:22.699 [FXGL Background Thread 3 ] DEBUG Engine               - devShowPositionProperty: BooleanProperty [value: false]
20:28:22.699 [FXGL Background Thread 3 ] DEBUG Engine               - enabledMenuItems: []
20:28:22.700 [FXGL Background Thread 3 ] DEBUG Engine               - engineServices: [class com.almasb.fxgl.app.FXGLApplication$GameApplicationService, class com.almasb.fxgl.app.services.FXGLDialogService, class com.almasb.fxgl.app.services.IOTaskExecutorService, class com.almasb.fxgl.event.EventBusService, class com.almasb.fxgl.io.FileSystemService, class com.almasb.fxgl.localization.LocalizationService, class com.almasb.fxgl.app.services.FXGLAssetLoaderService, class com.almasb.fxgl.app.services.SystemBundleService, class com.almasb.fxgl.profile.SaveLoadService, class com.almasb.fxgl.ui.FXGLUIFactoryServiceProvider, class com.almasb.fxgl.ui.FXGLDialogFactoryServiceProvider, class com.almasb.fxgl.audio.AudioPlayer, class com.almasb.fxgl.notification.impl.NotificationServiceProvider, class com.almasb.fxgl.achievement.AchievementService, class com.almasb.fxgl.cutscene.CutsceneService, class com.almasb.fxgl.minigames.MiniGameService, class com.almasb.fxgl.net.NetService, class com.almasb.fxgl.app.services.UpdaterService, class com.almasb.fxgl.dev.DevService]
20:28:22.701 [FXGL Background Thread 3 ] DEBUG Engine               - fontGame: Abel-Regular.ttf
20:28:22.701 [FXGL Background Thread 3 ] DEBUG Engine               - fontMono: lucida_console.ttf
20:28:22.701 [FXGL Background Thread 3 ] DEBUG Engine               - fontText: Courier-Prime.ttf
20:28:22.702 [FXGL Background Thread 3 ] DEBUG Engine               - fontUI: VarelaRound-Regular.ttf
20:28:22.702 [FXGL Background Thread 3 ] DEBUG Engine               - fullScreen: BooleanProperty [value: false]
20:28:22.703 [FXGL Background Thread 3 ] DEBUG Engine               - gameDifficulty: MEDIUM
20:28:22.703 [FXGL Background Thread 3 ] DEBUG Engine               - gameDifficultyProperty: ObjectProperty [value: MEDIUM]
20:28:22.704 [FXGL Background Thread 3 ] DEBUG Engine               - globalMusicVolume: 0.5
20:28:22.704 [FXGL Background Thread 3 ] DEBUG Engine               - globalMusicVolumeProperty: DoubleProperty [value: 0.5]
20:28:22.704 [FXGL Background Thread 3 ] DEBUG Engine               - globalSoundVolume: 0.5
20:28:22.705 [FXGL Background Thread 3 ] DEBUG Engine               - globalSoundVolumeProperty: DoubleProperty [value: 0.5]
20:28:22.705 [FXGL Background Thread 3 ] DEBUG Engine               - height: 720
20:28:22.706 [FXGL Background Thread 3 ] DEBUG Engine               - isAndroid: false
20:28:22.706 [FXGL Background Thread 3 ] DEBUG Engine               - isBrowser: false
20:28:22.706 [FXGL Background Thread 3 ] DEBUG Engine               - isClickFeedbackEnabled: false
20:28:22.707 [FXGL Background Thread 3 ] DEBUG Engine               - isCloseConfirmation: false
20:28:22.707 [FXGL Background Thread 3 ] DEBUG Engine               - isDesktop: true
20:28:22.708 [FXGL Background Thread 3 ] DEBUG Engine               - isDeveloperMenuEnabled: false
20:28:22.708 [FXGL Background Thread 3 ] DEBUG Engine               - isEntityPreloadEnabled: true
20:28:22.708 [FXGL Background Thread 3 ] DEBUG Engine               - isExperimentalNative: false
20:28:22.709 [FXGL Background Thread 3 ] DEBUG Engine               - isExperimentalTiledLargeMap: false
20:28:22.709 [FXGL Background Thread 3 ] DEBUG Engine               - isFileSystemWriteAllowed: true
20:28:22.710 [FXGL Background Thread 3 ] DEBUG Engine               - isFullScreenAllowed: false
20:28:22.710 [FXGL Background Thread 3 ] DEBUG Engine               - isFullScreenFromStart: false
20:28:22.710 [FXGL Background Thread 3 ] DEBUG Engine               - isGameMenuEnabled: true
20:28:22.711 [FXGL Background Thread 3 ] DEBUG Engine               - isIOS: false
20:28:22.711 [FXGL Background Thread 3 ] DEBUG Engine               - isIntroEnabled: false
20:28:22.712 [FXGL Background Thread 3 ] DEBUG Engine               - isLinux: true
20:28:22.712 [FXGL Background Thread 3 ] DEBUG Engine               - isMac: false
20:28:22.712 [FXGL Background Thread 3 ] DEBUG Engine               - isMainMenuEnabled: true
20:28:22.713 [FXGL Background Thread 3 ] DEBUG Engine               - isManualResizeEnabled: false
20:28:22.713 [FXGL Background Thread 3 ] DEBUG Engine               - isMobile: false
20:28:22.714 [FXGL Background Thread 3 ] DEBUG Engine               - isPreserveResizeRatio: false
20:28:22.714 [FXGL Background Thread 3 ] DEBUG Engine               - isProfilingEnabled: false
20:28:22.714 [FXGL Background Thread 3 ] DEBUG Engine               - isSingleStep: false
20:28:22.715 [FXGL Background Thread 3 ] DEBUG Engine               - isUserProfileEnabled: false
20:28:22.715 [FXGL Background Thread 3 ] DEBUG Engine               - isWindows: false
20:28:22.715 [FXGL Background Thread 3 ] DEBUG Engine               - language: ObjectProperty [value: ENGLISH]
20:28:22.716 [FXGL Background Thread 3 ] DEBUG Engine               - menuKey: ESCAPE
20:28:22.716 [FXGL Background Thread 3 ] DEBUG Engine               - notificationViewClass: class com.almasb.fxgl.notification.view.XboxNotificationView
20:28:22.716 [FXGL Background Thread 3 ] DEBUG Engine               - pixelsPerMeter: 50.0
20:28:22.717 [FXGL Background Thread 3 ] DEBUG Engine               - platform: LINUX
20:28:22.717 [FXGL Background Thread 3 ] DEBUG Engine               - profileDir: profiles/
20:28:22.717 [FXGL Background Thread 3 ] DEBUG Engine               - profileName: StringProperty [value: DEFAULT]
20:28:22.718 [FXGL Background Thread 3 ] DEBUG Engine               - randomSeed: -1
20:28:22.718 [FXGL Background Thread 3 ] DEBUG Engine               - runtimeInfo: RuntimeInfo(platform=LINUX, version=11.11, build=08.09.2020 18.00)
20:28:22.718 [FXGL Background Thread 3 ] DEBUG Engine               - saveFileExt: sav
20:28:22.719 [FXGL Background Thread 3 ] DEBUG Engine               - sceneFactory: com.almasb.fxgl.app.scene.SceneFactory@65912478
20:28:22.719 [FXGL Background Thread 3 ] DEBUG Engine               - secondsIn24h: 60
20:28:22.720 [FXGL Background Thread 3 ] DEBUG Engine               - soundMenuBack: menu/back.wav
20:28:22.720 [FXGL Background Thread 3 ] DEBUG Engine               - soundMenuPress: menu/press.wav
20:28:22.720 [FXGL Background Thread 3 ] DEBUG Engine               - soundMenuSelect: menu/select.wav
20:28:22.721 [FXGL Background Thread 3 ] DEBUG Engine               - soundNotification: core/notification.wav
20:28:22.721 [FXGL Background Thread 3 ] DEBUG Engine               - stageStyle: DECORATED
20:28:22.721 [FXGL Background Thread 3 ] DEBUG Engine               - supportedLanguages: [ENGLISH, FRENCH, GERMAN, HUNGARIAN, RUSSIAN]
20:28:22.721 [FXGL Background Thread 3 ] DEBUG Engine               - title: Color Switch 2
20:28:22.722 [FXGL Background Thread 3 ] DEBUG Engine               - urlGithub: https://github.com/AlmasB/FXGL
20:28:22.722 [FXGL Background Thread 3 ] DEBUG Engine               - urlLeaderboard: http://fxgl-top.herokuapp.com/
20:28:22.722 [FXGL Background Thread 3 ] DEBUG Engine               - urlPOM: https://raw.githubusercontent.com/AlmasB/FXGL/master/pom.xml
20:28:22.722 [FXGL Background Thread 3 ] DEBUG Engine               - version: 0.0
20:28:22.722 [FXGL Background Thread 3 ] DEBUG Engine               - versionCheckDays: 7
20:28:22.723 [FXGL Background Thread 3 ] DEBUG Engine               - width: 580
20:28:22.723 [FXGL Background Thread 3 ] DEBUG Engine               - Logging services
20:28:22.723 [FXGL Background Thread 3 ] DEBUG Engine               - class com.almasb.fxgl.app.FXGLApplication$GameApplicationService
20:28:22.724 [FXGL Background Thread 3 ] DEBUG Engine               - class com.almasb.fxgl.app.services.FXGLDialogService
20:28:22.724 [FXGL Background Thread 3 ] DEBUG Engine               - class com.almasb.fxgl.app.services.IOTaskExecutorService
20:28:22.724 [FXGL Background Thread 3 ] DEBUG Engine               - class com.almasb.fxgl.event.EventBusService
20:28:22.724 [FXGL Background Thread 3 ] DEBUG Engine               - class com.almasb.fxgl.io.FileSystemService
20:28:22.724 [FXGL Background Thread 3 ] DEBUG Engine               - class com.almasb.fxgl.localization.LocalizationService
20:28:22.724 [FXGL Background Thread 3 ] DEBUG Engine               - class com.almasb.fxgl.app.services.FXGLAssetLoaderService
20:28:22.725 [FXGL Background Thread 3 ] DEBUG Engine               - class com.almasb.fxgl.app.services.SystemBundleService
20:28:22.725 [FXGL Background Thread 3 ] DEBUG Engine               - class com.almasb.fxgl.profile.SaveLoadService
20:28:22.725 [FXGL Background Thread 3 ] DEBUG Engine               - class com.almasb.fxgl.ui.FXGLUIFactoryServiceProvider
20:28:22.725 [FXGL Background Thread 3 ] DEBUG Engine               - class com.almasb.fxgl.ui.FXGLDialogFactoryServiceProvider
20:28:22.725 [FXGL Background Thread 3 ] DEBUG Engine               - class com.almasb.fxgl.audio.AudioPlayer
20:28:22.726 [FXGL Background Thread 3 ] DEBUG Engine               - class com.almasb.fxgl.notification.impl.NotificationServiceProvider
20:28:22.726 [FXGL Background Thread 3 ] DEBUG Engine               - class com.almasb.fxgl.achievement.AchievementService
20:28:22.726 [FXGL Background Thread 3 ] DEBUG Engine               - class com.almasb.fxgl.cutscene.CutsceneService
20:28:22.727 [FXGL Background Thread 3 ] DEBUG Engine               - class com.almasb.fxgl.minigames.MiniGameService
20:28:22.727 [FXGL Background Thread 3 ] DEBUG Engine               - class com.almasb.fxgl.net.NetService
20:28:22.727 [FXGL Background Thread 3 ] DEBUG Engine               - class com.almasb.fxgl.app.services.UpdaterService
20:28:22.728 [FXGL Background Thread 3 ] DEBUG Engine               - class com.almasb.fxgl.dev.DevService
20:28:30.815 [JavaFX Application Thread] DEBUG FXGLApplication      - Exiting FXGL
20:28:30.815 [JavaFX Application Thread] DEBUG LoopRunner           - Stopping loop
20:28:30.816 [JavaFX Application Thread] DEBUG SystemBundleService  - Saving FXGL system data
20:28:30.992 [JavaFX Application Thread] DEBUG FileSystemAccess     - Writing to: /home/chintan/Downloads/game/system/fxgl.bundle
20:28:30.995 [JavaFX Application Thread] DEBUG Async                - Shutting down background threads
20:28:30.997 [JavaFX Application Thread] DEBUG MainWindow           - Closing main window
20:28:31.004 [JavaFX Application Thread] DEBUG Logger               - Closing Logger
