08:04:33.493 [main                     ] DEBUG Logger               - Configured Logger
08:04:33.513 [main                     ] DEBUG GameApplication      - Logging settings
Title: Color Switch 2
Version: 0.0
Width: 900
Height: 900
Fullscreen: false
Intro: false
Profiling: false
Single step:false
App Mode: DEVELOPER
Menu Key: ESCAPE
Stage Style: DECORATED
Scene Factory: class com.almasb.fxgl.app.scene.SceneFactory

08:04:34.021 [JavaFX Application Thread] DEBUG FXGLApplication      - Initializing FXGL
08:04:34.032 [JavaFX Application Thread] INFO  Engine               - FXGL-11.11 (08.09.2020 18.00) on LINUX (J:15.0.1 FX:14)
08:04:34.033 [JavaFX Application Thread] DEBUG Engine               - JRE Vendor Name: Oracle Corporation
08:04:34.033 [JavaFX Application Thread] DEBUG Engine               - Running on OS: Linux version 5.4.0-58-generic
08:04:34.034 [JavaFX Application Thread] DEBUG Engine               - Architecture: amd64
08:04:34.034 [JavaFX Application Thread] INFO  Engine               - Source code and latest versions at: https://github.com/AlmasB/FXGL
08:04:34.035 [JavaFX Application Thread] INFO  Engine               -              Join the FXGL chat at: https://gitter.im/AlmasB/FXGL
08:04:34.189 [JavaFX Application Thread] DEBUG MainWindow           - Creating a JavaFX scene
08:04:34.342 [JavaFX Application Thread] DEBUG MainWindow           - Target settings size: 900.0 x 900.0
08:04:34.344 [JavaFX Application Thread] DEBUG MainWindow           - Scaled scene size:    900.0 x 900.0
08:04:34.344 [JavaFX Application Thread] DEBUG MainWindow           - Scaled ratio: (1.0, 1.0)
08:04:34.347 [JavaFX Application Thread] DEBUG MainWindow           - Set initial scene to StartupScene
08:04:34.355 [JavaFX Application Thread] DEBUG MainWindow           - Opening main window
08:04:34.446 [JavaFX Application Thread] DEBUG MainWindow           - Window border size: (2.0, 29.0)
08:04:34.447 [JavaFX Application Thread] DEBUG MainWindow           - Scaled size: 900.0 x 900.0
08:04:34.447 [JavaFX Application Thread] DEBUG MainWindow           - Scaled ratio: (1.0, 1.0)
08:04:34.447 [JavaFX Application Thread] DEBUG MainWindow           - Scene size: 900.0 x 900.0
08:04:34.448 [JavaFX Application Thread] DEBUG MainWindow           - Stage size: 902.0 x 929.0
08:04:34.490 [FXGL Background Thread 1 ] DEBUG Engine               - Initializing environment variables
08:04:34.564 [FXGL Background Thread 1 ] DEBUG GameApplicationServi - Applying CSS: fxgl_dark.css
08:04:34.571 [FXGL Background Thread 1 ] DEBUG FXGLAssetLoaderServi - Loading from file system: /assets/ui/css/fxgl_dark.css
08:04:34.700 [FXGL Background Thread 1 ] DEBUG GameApplicationServi - Initializing application scenes
08:04:34.833 [FXGL Background Thread 1 ] DEBUG GameWorld            - Game world initialized
08:04:34.978 [FXGL Background Thread 1 ] DEBUG PhysicsWorld         - Physics world initialized: appHeight=900, physics.ppm=50.0
08:04:34.985 [FXGL Background Thread 1 ] DEBUG GameScene            - Game scene initialized: 900x900
08:04:35.036 [FXGL Background Thread 1 ] DEBUG FXGLAssetLoaderServi - Loading from file system: /assets/textures/particles/trace_horizontal.png
08:04:35.125 [FXGL Background Thread 1 ] DEBUG FXGL.DefaultMenu     - createMenuBodyMainMenu()
08:04:35.145 [FXGL Background Thread 1 ] DEBUG FXGL.DefaultMenu     - createOptionsMenu()
08:04:35.160 [FXGL Background Thread 1 ] DEBUG FXGLAssetLoaderServi - Loading from file system: /assets/textures/particles/smoke.png
08:04:35.297 [FXGL Background Thread 1 ] DEBUG FXGLAssetLoaderServi - Loading from cache: /assets/textures/particles/trace_horizontal.png@64.0x64.0
08:04:35.298 [FXGL Background Thread 1 ] DEBUG FXGL.DefaultMenu     - createMenuBodyGameMenu()
08:04:35.300 [FXGL Background Thread 1 ] DEBUG FXGL.DefaultMenu     - createOptionsMenu()
08:04:35.304 [FXGL Background Thread 1 ] DEBUG FXGLAssetLoaderServi - Loading from cache: /assets/textures/particles/smoke.png@128.0x128.0
08:04:35.363 [FXGL Background Thread 1 ] DEBUG GameApplicationServi - Application scenes initialized
08:04:35.374 [FXGL Background Thread 1 ] DEBUG SystemBundleService  - Loading FXGL system data
08:04:35.378 [FXGL Background Thread 1 ] DEBUG FileSystemAccess     - Reading from: /home/chintan/Downloads/game/system/fxgl.bundle
08:04:35.386 [FXGL Background Thread 1 ] DEBUG SystemBundleService  - Bundle FXGL: {}
08:04:35.386 [FXGL Background Thread 1 ] DEBUG UpdaterService       - Checking for updates
08:04:35.395 [FXGL Background Thread 1 ] DEBUG FXGLApplication      - Loading default localization
08:04:35.395 [FXGL Background Thread 1 ] DEBUG FXGLAssetLoaderServi - Loading from file system: /assets/languages/english.lang
08:04:35.396 [FXGL Background Thread 4 ] DEBUG FXGLApplication      - Loading fonts
08:04:35.398 [FXGL Background Thread 4 ] DEBUG FXGLAssetLoaderServi - Loading from file system: /assets/ui/fonts/VarelaRound-Regular.ttf
08:04:35.414 [FXGL Background Thread 4 ] DEBUG FXGLAssetLoaderServi - Loading from file system: /assets/ui/fonts/Abel-Regular.ttf
08:04:35.417 [FXGL Background Thread 4 ] DEBUG FXGLAssetLoaderServi - Loading from file system: /assets/ui/fonts/lucida_console.ttf
08:04:35.417 [FXGL Background Thread 1 ] INFO  FXGLApplication      - FXGL initialization took: 0.927 sec
08:04:35.420 [FXGL Background Thread 4 ] DEBUG FXGLAssetLoaderServi - Loading from file system: /assets/ui/fonts/Courier-Prime.ttf
08:04:35.433 [JavaFX Application Thread] DEBUG Input                - Registered new binding: Up - W
08:04:35.433 [JavaFX Application Thread] DEBUG FXGLAssetLoaderServi - Loading from file system: /assets/textures/fxgl_icon.png
08:04:35.481 [JavaFX Application Thread] DEBUG FXGLAssetLoaderServi - Loading from file system: /assets/ui/cursors/fxgl_default.png
08:04:35.485 [JavaFX Application Thread] DEBUG Input                - Registered new binding: Screenshot - P
08:04:35.485 [JavaFX Application Thread] DEBUG Input                - Registered new binding: System info dump - CTRL+9
08:04:35.486 [JavaFX Application Thread] DEBUG Input                - Registered new binding: Restart - CTRL+R
08:04:35.487 [JavaFX Application Thread] DEBUG Input                - Registered new binding: Toggle Debug Camera - CTRL+C
08:04:35.490 [JavaFX Application Thread] DEBUG LoopRunner           - Starting loop
08:04:35.493 [JavaFX Application Thread] DEBUG Input                - Clearing active input actions
08:04:35.504 [JavaFX Application Thread] DEBUG GameApplicationServi - Removing overlay from StartupScene and adding to FXGLMainMenuDummyScene
08:04:35.505 [JavaFX Application Thread] DEBUG MainWindow           - StartupScene -> FXGLMainMenuDummyScene
08:04:35.505 [JavaFX Application Thread] DEBUG MainWindow           - Push state: FXGLDefaultMenu
08:04:35.517 [JavaFX Application Thread] DEBUG Input                - Clearing active input actions
08:04:35.529 [JavaFX Application Thread] DEBUG GameApplicationServi - Removing overlay from FXGLMainMenuDummyScene and adding to FXGLDefaultMenu
08:04:35.530 [JavaFX Application Thread] DEBUG MainWindow           - FXGLMainMenuDummyScene -> FXGLDefaultMenu
08:04:35.531 [JavaFX Application Thread] DEBUG FXGLApplication      - Registering font factories with UI factory
08:04:36.268 [FXGL Background Thread 2 ] INFO  UpdaterService       - Your current version:  11.11
08:04:36.269 [FXGL Background Thread 2 ] INFO  UpdaterService       - Latest stable version: dev-SNAPSHOT
08:04:36.303 [JavaFX Application Thread] DEBUG Menu                 - fireNewGame()
08:04:36.304 [JavaFX Application Thread] DEBUG GameApplicationServi - Starting new game
08:04:36.316 [JavaFX Application Thread] DEBUG MainWindow           - Pop state: FXGLDefaultMenu
08:04:36.316 [JavaFX Application Thread] DEBUG Input                - Clearing active input actions
08:04:36.317 [JavaFX Application Thread] DEBUG GameApplicationServi - Removing overlay from FXGLDefaultMenu and adding to FXGLMainMenuDummyScene
08:04:36.317 [JavaFX Application Thread] DEBUG MainWindow           - FXGLMainMenuDummyScene <- FXGLDefaultMenu
08:04:36.317 [JavaFX Application Thread] DEBUG Input                - Clearing active input actions
08:04:36.326 [JavaFX Application Thread] DEBUG GameApplicationServi - Removing overlay from FXGLMainMenuDummyScene and adding to FXGLLoadingScene
08:04:36.327 [JavaFX Application Thread] DEBUG MainWindow           - FXGLMainMenuDummyScene -> FXGLLoadingScene
08:04:36.327 [JavaFX Application Thread] DEBUG GameApplicationServi - Clearing previous game
08:04:36.327 [JavaFX Application Thread] DEBUG GameScene            - Clearing game scene
08:04:36.327 [JavaFX Application Thread] DEBUG GameWorld            - Clearing game world
08:04:36.327 [JavaFX Application Thread] DEBUG PhysicsWorld         - Clearing physics world
08:04:36.328 [FXGL Background Thread 2 ] DEBUG FXGLApplication      - Initializing game
08:04:36.384 [FXGL Background Thread 2 ] DEBUG FXGLAssetLoaderServi - Loading from file system: /assets/textures/star.png
08:04:36.393 [FXGL Background Thread 2 ] DEBUG FXGLAssetLoaderServi - Loading from cache: /assets/textures/star.png
08:04:36.399 [FXGL Background Thread 2 ] DEBUG FXGLAssetLoaderServi - Loading from cache: /assets/textures/star.png
08:04:36.400 [FXGL Background Thread 2 ] DEBUG FXGLAssetLoaderServi - Loading from cache: /assets/textures/star.png
08:04:36.401 [FXGL Background Thread 2 ] DEBUG FXGLAssetLoaderServi - Loading from cache: /assets/textures/star.png
08:04:36.407 [FXGL Background Thread 2 ] INFO  FXGLApplication      - Game initialization took: 0.079 sec
08:04:36.409 [JavaFX Application Thread] DEBUG Input                - Clearing active input actions
08:04:36.420 [JavaFX Application Thread] DEBUG GameApplicationServi - Removing overlay from FXGLLoadingScene and adding to GameScene
08:04:36.421 [JavaFX Application Thread] DEBUG MainWindow           - FXGLLoadingScene -> GameScene
08:04:38.391 [FXGL Background Thread 3 ] DEBUG Engine               - Logging environment variables
08:04:38.392 [FXGL Background Thread 3 ] DEBUG Engine               - achievements: []
08:04:38.393 [FXGL Background Thread 3 ] DEBUG Engine               - appIcon: fxgl_icon.png
08:04:38.393 [FXGL Background Thread 3 ] DEBUG Engine               - applicationMode: DEVELOPER
08:04:38.393 [FXGL Background Thread 3 ] DEBUG Engine               - cSSList: [fxgl_dark.css]
08:04:38.394 [FXGL Background Thread 3 ] DEBUG Engine               - configClass: Optional.empty
08:04:38.394 [FXGL Background Thread 3 ] DEBUG Engine               - credits: []
08:04:38.396 [FXGL Background Thread 3 ] DEBUG Engine               - devBBoxColorProperty: ObjectProperty [value: 0xff0000ff]
08:04:38.396 [FXGL Background Thread 3 ] DEBUG Engine               - devEnableDebugCameraProperty: BooleanProperty [value: false]
08:04:38.397 [FXGL Background Thread 3 ] DEBUG Engine               - devSensorColorProperty: ObjectProperty [value: 0xffff00ff]
08:04:38.398 [FXGL Background Thread 3 ] DEBUG Engine               - devShowBBoxProperty: BooleanProperty [value: false]
08:04:38.398 [FXGL Background Thread 3 ] DEBUG Engine               - devShowPositionProperty: BooleanProperty [value: false]
08:04:38.399 [FXGL Background Thread 3 ] DEBUG Engine               - enabledMenuItems: []
08:04:38.400 [FXGL Background Thread 3 ] DEBUG Engine               - engineServices: [class com.almasb.fxgl.app.FXGLApplication$GameApplicationService, class com.almasb.fxgl.app.services.FXGLDialogService, class com.almasb.fxgl.app.services.IOTaskExecutorService, class com.almasb.fxgl.event.EventBusService, class com.almasb.fxgl.io.FileSystemService, class com.almasb.fxgl.localization.LocalizationService, class com.almasb.fxgl.app.services.FXGLAssetLoaderService, class com.almasb.fxgl.app.services.SystemBundleService, class com.almasb.fxgl.profile.SaveLoadService, class com.almasb.fxgl.ui.FXGLUIFactoryServiceProvider, class com.almasb.fxgl.ui.FXGLDialogFactoryServiceProvider, class com.almasb.fxgl.audio.AudioPlayer, class com.almasb.fxgl.notification.impl.NotificationServiceProvider, class com.almasb.fxgl.achievement.AchievementService, class com.almasb.fxgl.cutscene.CutsceneService, class com.almasb.fxgl.minigames.MiniGameService, class com.almasb.fxgl.net.NetService, class com.almasb.fxgl.app.services.UpdaterService, class com.almasb.fxgl.dev.DevService]
08:04:38.401 [FXGL Background Thread 3 ] DEBUG Engine               - fontGame: Abel-Regular.ttf
08:04:38.401 [FXGL Background Thread 3 ] DEBUG Engine               - fontMono: lucida_console.ttf
08:04:38.402 [FXGL Background Thread 3 ] DEBUG Engine               - fontText: Courier-Prime.ttf
08:04:38.402 [FXGL Background Thread 3 ] DEBUG Engine               - fontUI: VarelaRound-Regular.ttf
08:04:38.403 [FXGL Background Thread 3 ] DEBUG Engine               - fullScreen: BooleanProperty [value: false]
08:04:38.403 [FXGL Background Thread 3 ] DEBUG Engine               - gameDifficulty: MEDIUM
08:04:38.403 [FXGL Background Thread 3 ] DEBUG Engine               - gameDifficultyProperty: ObjectProperty [value: MEDIUM]
08:04:38.404 [FXGL Background Thread 3 ] DEBUG Engine               - globalMusicVolume: 0.5
08:04:38.406 [FXGL Background Thread 3 ] DEBUG Engine               - globalMusicVolumeProperty: DoubleProperty [value: 0.5]
08:04:38.407 [FXGL Background Thread 3 ] DEBUG Engine               - globalSoundVolume: 0.5
08:04:38.408 [FXGL Background Thread 3 ] DEBUG Engine               - globalSoundVolumeProperty: DoubleProperty [value: 0.5]
08:04:38.409 [FXGL Background Thread 3 ] DEBUG Engine               - height: 900
08:04:38.409 [FXGL Background Thread 3 ] DEBUG Engine               - isAndroid: false
08:04:38.410 [FXGL Background Thread 3 ] DEBUG Engine               - isBrowser: false
08:04:38.411 [FXGL Background Thread 3 ] DEBUG Engine               - isClickFeedbackEnabled: false
08:04:38.411 [FXGL Background Thread 3 ] DEBUG Engine               - isCloseConfirmation: false
08:04:38.411 [FXGL Background Thread 3 ] DEBUG Engine               - isDesktop: true
08:04:38.412 [FXGL Background Thread 3 ] DEBUG Engine               - isDeveloperMenuEnabled: false
08:04:38.412 [FXGL Background Thread 3 ] DEBUG Engine               - isEntityPreloadEnabled: true
08:04:38.413 [FXGL Background Thread 3 ] DEBUG Engine               - isExperimentalNative: false
08:04:38.413 [FXGL Background Thread 3 ] DEBUG Engine               - isExperimentalTiledLargeMap: false
08:04:38.413 [FXGL Background Thread 3 ] DEBUG Engine               - isFileSystemWriteAllowed: true
08:04:38.414 [FXGL Background Thread 3 ] DEBUG Engine               - isFullScreenAllowed: false
08:04:38.414 [FXGL Background Thread 3 ] DEBUG Engine               - isFullScreenFromStart: false
08:04:38.414 [FXGL Background Thread 3 ] DEBUG Engine               - isGameMenuEnabled: true
08:04:38.414 [FXGL Background Thread 3 ] DEBUG Engine               - isIOS: false
08:04:38.415 [FXGL Background Thread 3 ] DEBUG Engine               - isIntroEnabled: false
08:04:38.415 [FXGL Background Thread 3 ] DEBUG Engine               - isLinux: true
08:04:38.416 [FXGL Background Thread 3 ] DEBUG Engine               - isMac: false
08:04:38.416 [FXGL Background Thread 3 ] DEBUG Engine               - isMainMenuEnabled: true
08:04:38.416 [FXGL Background Thread 3 ] DEBUG Engine               - isManualResizeEnabled: false
08:04:38.416 [FXGL Background Thread 3 ] DEBUG Engine               - isMobile: false
08:04:38.417 [FXGL Background Thread 3 ] DEBUG Engine               - isPreserveResizeRatio: false
08:04:38.417 [FXGL Background Thread 3 ] DEBUG Engine               - isProfilingEnabled: false
08:04:38.417 [FXGL Background Thread 3 ] DEBUG Engine               - isSingleStep: false
08:04:38.418 [FXGL Background Thread 3 ] DEBUG Engine               - isUserProfileEnabled: false
08:04:38.418 [FXGL Background Thread 3 ] DEBUG Engine               - isWindows: false
08:04:38.418 [FXGL Background Thread 3 ] DEBUG Engine               - language: ObjectProperty [value: ENGLISH]
08:04:38.418 [FXGL Background Thread 3 ] DEBUG Engine               - menuKey: ESCAPE
08:04:38.418 [FXGL Background Thread 3 ] DEBUG Engine               - notificationViewClass: class com.almasb.fxgl.notification.view.XboxNotificationView
08:04:38.419 [FXGL Background Thread 3 ] DEBUG Engine               - pixelsPerMeter: 50.0
08:04:38.419 [FXGL Background Thread 3 ] DEBUG Engine               - platform: LINUX
08:04:38.420 [FXGL Background Thread 3 ] DEBUG Engine               - profileDir: profiles/
08:04:38.420 [FXGL Background Thread 3 ] DEBUG Engine               - profileName: StringProperty [value: DEFAULT]
08:04:38.420 [FXGL Background Thread 3 ] DEBUG Engine               - randomSeed: -1
08:04:38.421 [FXGL Background Thread 3 ] DEBUG Engine               - runtimeInfo: RuntimeInfo(platform=LINUX, version=11.11, build=08.09.2020 18.00)
08:04:38.421 [FXGL Background Thread 3 ] DEBUG Engine               - saveFileExt: sav
08:04:38.422 [FXGL Background Thread 3 ] DEBUG Engine               - sceneFactory: com.almasb.fxgl.app.scene.SceneFactory@3e81ac92
08:04:38.423 [FXGL Background Thread 3 ] DEBUG Engine               - secondsIn24h: 60
08:04:38.423 [FXGL Background Thread 3 ] DEBUG Engine               - soundMenuBack: menu/back.wav
08:04:38.423 [FXGL Background Thread 3 ] DEBUG Engine               - soundMenuPress: menu/press.wav
08:04:38.423 [FXGL Background Thread 3 ] DEBUG Engine               - soundMenuSelect: menu/select.wav
08:04:38.424 [FXGL Background Thread 3 ] DEBUG Engine               - soundNotification: core/notification.wav
08:04:38.424 [FXGL Background Thread 3 ] DEBUG Engine               - stageStyle: DECORATED
08:04:38.424 [FXGL Background Thread 3 ] DEBUG Engine               - supportedLanguages: [ENGLISH, FRENCH, GERMAN, HUNGARIAN, RUSSIAN]
08:04:38.425 [FXGL Background Thread 3 ] DEBUG Engine               - title: Color Switch 2
08:04:38.425 [FXGL Background Thread 3 ] DEBUG Engine               - urlGithub: https://github.com/AlmasB/FXGL
08:04:38.425 [FXGL Background Thread 3 ] DEBUG Engine               - urlLeaderboard: http://fxgl-top.herokuapp.com/
08:04:38.426 [FXGL Background Thread 3 ] DEBUG Engine               - urlPOM: https://raw.githubusercontent.com/AlmasB/FXGL/master/pom.xml
08:04:38.426 [FXGL Background Thread 3 ] DEBUG Engine               - version: 0.0
08:04:38.426 [FXGL Background Thread 3 ] DEBUG Engine               - versionCheckDays: 7
08:04:38.427 [FXGL Background Thread 3 ] DEBUG Engine               - width: 900
08:04:38.427 [FXGL Background Thread 3 ] DEBUG Engine               - Logging services
08:04:38.428 [FXGL Background Thread 3 ] DEBUG Engine               - class com.almasb.fxgl.app.FXGLApplication$GameApplicationService
08:04:38.428 [FXGL Background Thread 3 ] DEBUG Engine               - class com.almasb.fxgl.app.services.FXGLDialogService
08:04:38.428 [FXGL Background Thread 3 ] DEBUG Engine               - class com.almasb.fxgl.app.services.IOTaskExecutorService
08:04:38.428 [FXGL Background Thread 3 ] DEBUG Engine               - class com.almasb.fxgl.event.EventBusService
08:04:38.428 [FXGL Background Thread 3 ] DEBUG Engine               - class com.almasb.fxgl.io.FileSystemService
08:04:38.429 [FXGL Background Thread 3 ] DEBUG Engine               - class com.almasb.fxgl.localization.LocalizationService
08:04:38.429 [FXGL Background Thread 3 ] DEBUG Engine               - class com.almasb.fxgl.app.services.FXGLAssetLoaderService
08:04:38.429 [FXGL Background Thread 3 ] DEBUG Engine               - class com.almasb.fxgl.app.services.SystemBundleService
08:04:38.429 [FXGL Background Thread 3 ] DEBUG Engine               - class com.almasb.fxgl.profile.SaveLoadService
08:04:38.429 [FXGL Background Thread 3 ] DEBUG Engine               - class com.almasb.fxgl.ui.FXGLUIFactoryServiceProvider
08:04:38.430 [FXGL Background Thread 3 ] DEBUG Engine               - class com.almasb.fxgl.ui.FXGLDialogFactoryServiceProvider
08:04:38.430 [FXGL Background Thread 3 ] DEBUG Engine               - class com.almasb.fxgl.audio.AudioPlayer
08:04:38.430 [FXGL Background Thread 3 ] DEBUG Engine               - class com.almasb.fxgl.notification.impl.NotificationServiceProvider
08:04:38.430 [FXGL Background Thread 3 ] DEBUG Engine               - class com.almasb.fxgl.achievement.AchievementService
08:04:38.430 [FXGL Background Thread 3 ] DEBUG Engine               - class com.almasb.fxgl.cutscene.CutsceneService
08:04:38.431 [FXGL Background Thread 3 ] DEBUG Engine               - class com.almasb.fxgl.minigames.MiniGameService
08:04:38.431 [FXGL Background Thread 3 ] DEBUG Engine               - class com.almasb.fxgl.net.NetService
08:04:38.431 [FXGL Background Thread 3 ] DEBUG Engine               - class com.almasb.fxgl.app.services.UpdaterService
08:04:38.431 [FXGL Background Thread 3 ] DEBUG Engine               - class com.almasb.fxgl.dev.DevService
08:04:49.069 [JavaFX Application Thread] DEBUG FXGLApplication      - Exiting FXGL
08:04:49.070 [JavaFX Application Thread] DEBUG LoopRunner           - Stopping loop
08:04:49.071 [JavaFX Application Thread] DEBUG SystemBundleService  - Saving FXGL system data
08:04:49.075 [JavaFX Application Thread] DEBUG FileSystemAccess     - Writing to: /home/chintan/Downloads/game/system/fxgl.bundle
08:04:49.080 [JavaFX Application Thread] DEBUG Async                - Shutting down background threads
08:04:49.081 [JavaFX Application Thread] DEBUG MainWindow           - Closing main window
08:04:49.097 [JavaFX Application Thread] DEBUG Logger               - Closing Logger
