04:11:57.299 [main                     ] DEBUG Logger               - Configured Logger
04:11:57.332 [main                     ] DEBUG GameApplication      - Logging settings
Title: Color Switch 2
Version: 0.0
Width: 580
Height: 720
Fullscreen: false
Intro: false
Profiling: false
Single step:false
App Mode: DEVELOPER
Menu Key: ESCAPE
Stage Style: DECORATED
Scene Factory: class com.almasb.fxgl.app.scene.SceneFactory

04:11:57.935 [JavaFX Application Thread] DEBUG FXGLApplication      - Initializing FXGL
04:11:57.945 [JavaFX Application Thread] INFO  Engine               - FXGL-11.11 (08.09.2020 18.00) on LINUX (J:15.0.1 FX:14)
04:11:57.946 [JavaFX Application Thread] DEBUG Engine               - JRE Vendor Name: Oracle Corporation
04:11:57.946 [JavaFX Application Thread] DEBUG Engine               - Running on OS: Linux version 5.4.0-56-generic
04:11:57.947 [JavaFX Application Thread] DEBUG Engine               - Architecture: amd64
04:11:57.947 [JavaFX Application Thread] INFO  Engine               - Source code and latest versions at: https://github.com/AlmasB/FXGL
04:11:57.948 [JavaFX Application Thread] INFO  Engine               -              Join the FXGL chat at: https://gitter.im/AlmasB/FXGL
04:11:58.109 [JavaFX Application Thread] DEBUG MainWindow           - Creating a JavaFX scene
04:11:58.297 [JavaFX Application Thread] DEBUG MainWindow           - Target settings size: 580.0 x 720.0
04:11:58.298 [JavaFX Application Thread] DEBUG MainWindow           - Scaled scene size:    580.0 x 720.0
04:11:58.299 [JavaFX Application Thread] DEBUG MainWindow           - Scaled ratio: (1.0, 1.0)
04:11:58.300 [JavaFX Application Thread] DEBUG MainWindow           - Set initial scene to StartupScene
04:11:58.310 [JavaFX Application Thread] DEBUG MainWindow           - Opening main window
04:11:58.388 [JavaFX Application Thread] DEBUG MainWindow           - Window border size: (2.0, 29.0)
04:11:58.388 [JavaFX Application Thread] DEBUG MainWindow           - Scaled size: 580.0 x 720.0
04:11:58.389 [JavaFX Application Thread] DEBUG MainWindow           - Scaled ratio: (1.0, 1.0)
04:11:58.389 [JavaFX Application Thread] DEBUG MainWindow           - Scene size: 580.0 x 720.0
04:11:58.390 [JavaFX Application Thread] DEBUG MainWindow           - Stage size: 582.0 x 749.0
04:11:58.407 [FXGL Background Thread 1 ] DEBUG Engine               - Initializing environment variables
04:11:58.464 [FXGL Background Thread 1 ] DEBUG GameApplicationServi - Applying CSS: fxgl_dark.css
04:11:58.465 [FXGL Background Thread 1 ] DEBUG FXGLAssetLoaderServi - Loading from file system: /assets/ui/css/fxgl_dark.css
04:11:58.630 [FXGL Background Thread 1 ] DEBUG GameApplicationServi - Initializing application scenes
04:11:58.741 [FXGL Background Thread 1 ] DEBUG GameWorld            - Game world initialized
04:11:58.864 [FXGL Background Thread 1 ] DEBUG PhysicsWorld         - Physics world initialized: appHeight=720, physics.ppm=50.0
04:11:58.876 [FXGL Background Thread 1 ] DEBUG GameScene            - Game scene initialized: 580x720
04:11:58.982 [FXGL Background Thread 1 ] DEBUG FXGLAssetLoaderServi - Loading from file system: /assets/textures/particles/trace_horizontal.png
04:11:59.080 [FXGL Background Thread 1 ] WARN  FXGL.DefaultMenu     - FXGLDefaultMenu is not designed for resolutions < 800x600
04:11:59.080 [FXGL Background Thread 1 ] DEBUG FXGL.DefaultMenu     - createMenuBodyMainMenu()
04:11:59.102 [FXGL Background Thread 1 ] DEBUG FXGL.DefaultMenu     - createOptionsMenu()
04:11:59.109 [FXGL Background Thread 1 ] DEBUG FXGLAssetLoaderServi - Loading from file system: /assets/textures/particles/smoke.png
04:11:59.234 [FXGL Background Thread 1 ] DEBUG FXGLAssetLoaderServi - Loading from cache: /assets/textures/particles/trace_horizontal.png@64.0x64.0
04:11:59.236 [FXGL Background Thread 1 ] WARN  FXGL.DefaultMenu     - FXGLDefaultMenu is not designed for resolutions < 800x600
04:11:59.236 [FXGL Background Thread 1 ] DEBUG FXGL.DefaultMenu     - createMenuBodyGameMenu()
04:11:59.238 [FXGL Background Thread 1 ] DEBUG FXGL.DefaultMenu     - createOptionsMenu()
04:11:59.247 [FXGL Background Thread 1 ] DEBUG FXGLAssetLoaderServi - Loading from cache: /assets/textures/particles/smoke.png@128.0x128.0
04:11:59.278 [FXGL Background Thread 1 ] DEBUG GameApplicationServi - Application scenes initialized
04:11:59.294 [FXGL Background Thread 1 ] DEBUG SystemBundleService  - Loading FXGL system data
04:11:59.299 [FXGL Background Thread 1 ] DEBUG FileSystemAccess     - Reading from: /home/chintan/Downloads/game/system/fxgl.bundle
04:11:59.308 [FXGL Background Thread 1 ] DEBUG SystemBundleService  - Bundle FXGL: {}
04:11:59.308 [FXGL Background Thread 1 ] DEBUG UpdaterService       - Checking for updates
04:11:59.320 [FXGL Background Thread 1 ] DEBUG FXGLApplication      - Loading default localization
04:11:59.320 [FXGL Background Thread 1 ] DEBUG FXGLAssetLoaderServi - Loading from file system: /assets/languages/english.lang
04:11:59.319 [FXGL Background Thread 4 ] DEBUG FXGLApplication      - Loading fonts
04:11:59.322 [FXGL Background Thread 4 ] DEBUG FXGLAssetLoaderServi - Loading from file system: /assets/ui/fonts/VarelaRound-Regular.ttf
04:11:59.361 [FXGL Background Thread 1 ] INFO  FXGLApplication      - FXGL initialization took: 0.953 sec
04:11:59.368 [FXGL Background Thread 4 ] DEBUG FXGLAssetLoaderServi - Loading from file system: /assets/ui/fonts/Abel-Regular.ttf
04:11:59.370 [JavaFX Application Thread] DEBUG Input                - Registered new binding: Up - W
04:11:59.371 [JavaFX Application Thread] DEBUG FXGLAssetLoaderServi - Loading from file system: /assets/textures/fxgl_icon.png
04:11:59.372 [FXGL Background Thread 4 ] DEBUG FXGLAssetLoaderServi - Loading from file system: /assets/ui/fonts/lucida_console.ttf
04:11:59.380 [FXGL Background Thread 4 ] DEBUG FXGLAssetLoaderServi - Loading from file system: /assets/ui/fonts/Courier-Prime.ttf
04:11:59.420 [JavaFX Application Thread] DEBUG FXGLAssetLoaderServi - Loading from file system: /assets/ui/cursors/fxgl_default.png
04:11:59.427 [JavaFX Application Thread] DEBUG Input                - Registered new binding: Screenshot - P
04:11:59.428 [JavaFX Application Thread] DEBUG Input                - Registered new binding: System info dump - CTRL+9
04:11:59.431 [JavaFX Application Thread] DEBUG Input                - Registered new binding: Restart - CTRL+R
04:11:59.432 [JavaFX Application Thread] DEBUG Input                - Registered new binding: Toggle Debug Camera - CTRL+C
04:11:59.438 [JavaFX Application Thread] DEBUG LoopRunner           - Starting loop
04:11:59.448 [JavaFX Application Thread] DEBUG Input                - Clearing active input actions
04:11:59.486 [JavaFX Application Thread] DEBUG GameApplicationServi - Removing overlay from StartupScene and adding to FXGLMainMenuDummyScene
04:11:59.487 [JavaFX Application Thread] DEBUG MainWindow           - StartupScene -> FXGLMainMenuDummyScene
04:11:59.487 [JavaFX Application Thread] DEBUG MainWindow           - Push state: FXGLDefaultMenu
04:11:59.499 [JavaFX Application Thread] DEBUG Input                - Clearing active input actions
04:11:59.528 [JavaFX Application Thread] DEBUG GameApplicationServi - Removing overlay from FXGLMainMenuDummyScene and adding to FXGLDefaultMenu
04:11:59.530 [JavaFX Application Thread] DEBUG MainWindow           - FXGLMainMenuDummyScene -> FXGLDefaultMenu
04:11:59.533 [JavaFX Application Thread] DEBUG FXGLApplication      - Registering font factories with UI factory
04:12:00.075 [FXGL Background Thread 2 ] INFO  UpdaterService       - Your current version:  11.11
04:12:00.076 [FXGL Background Thread 2 ] INFO  UpdaterService       - Latest stable version: dev-SNAPSHOT
04:12:00.372 [JavaFX Application Thread] DEBUG Menu                 - fireNewGame()
04:12:00.372 [JavaFX Application Thread] DEBUG GameApplicationServi - Starting new game
04:12:00.381 [JavaFX Application Thread] DEBUG MainWindow           - Pop state: FXGLDefaultMenu
04:12:00.381 [JavaFX Application Thread] DEBUG Input                - Clearing active input actions
04:12:00.383 [JavaFX Application Thread] DEBUG GameApplicationServi - Removing overlay from FXGLDefaultMenu and adding to FXGLMainMenuDummyScene
04:12:00.383 [JavaFX Application Thread] DEBUG MainWindow           - FXGLMainMenuDummyScene <- FXGLDefaultMenu
04:12:00.384 [JavaFX Application Thread] DEBUG Input                - Clearing active input actions
04:12:00.399 [JavaFX Application Thread] DEBUG GameApplicationServi - Removing overlay from FXGLMainMenuDummyScene and adding to FXGLLoadingScene
04:12:00.399 [JavaFX Application Thread] DEBUG MainWindow           - FXGLMainMenuDummyScene -> FXGLLoadingScene
04:12:00.400 [JavaFX Application Thread] DEBUG GameApplicationServi - Clearing previous game
04:12:00.400 [JavaFX Application Thread] DEBUG GameScene            - Clearing game scene
04:12:00.401 [JavaFX Application Thread] DEBUG GameWorld            - Clearing game world
04:12:00.401 [JavaFX Application Thread] DEBUG PhysicsWorld         - Clearing physics world
04:12:00.403 [FXGL Background Thread 2 ] DEBUG FXGLApplication      - Initializing game
04:12:00.498 [FXGL Background Thread 2 ] INFO  FXGLApplication      - Game initialization took: 0.095 sec
04:12:00.499 [JavaFX Application Thread] DEBUG Input                - Clearing active input actions
04:12:00.507 [JavaFX Application Thread] DEBUG GameApplicationServi - Removing overlay from FXGLLoadingScene and adding to GameScene
04:12:00.513 [JavaFX Application Thread] DEBUG MainWindow           - FXGLLoadingScene -> GameScene
04:12:02.317 [FXGL Background Thread 3 ] DEBUG Engine               - Logging environment variables
04:12:02.321 [FXGL Background Thread 3 ] DEBUG Engine               - achievements: []
04:12:02.327 [FXGL Background Thread 3 ] DEBUG Engine               - appIcon: fxgl_icon.png
04:12:02.332 [FXGL Background Thread 3 ] DEBUG Engine               - applicationMode: DEVELOPER
04:12:02.335 [FXGL Background Thread 3 ] DEBUG Engine               - cSSList: [fxgl_dark.css]
04:12:02.337 [FXGL Background Thread 3 ] DEBUG Engine               - configClass: Optional.empty
04:12:02.338 [FXGL Background Thread 3 ] DEBUG Engine               - credits: []
04:12:02.351 [FXGL Background Thread 3 ] DEBUG Engine               - devBBoxColorProperty: ObjectProperty [value: 0xff0000ff]
04:12:02.355 [FXGL Background Thread 3 ] DEBUG Engine               - devEnableDebugCameraProperty: BooleanProperty [value: false]
04:12:02.356 [FXGL Background Thread 3 ] DEBUG Engine               - devSensorColorProperty: ObjectProperty [value: 0xffff00ff]
04:12:02.357 [FXGL Background Thread 3 ] DEBUG Engine               - devShowBBoxProperty: BooleanProperty [value: false]
04:12:02.358 [FXGL Background Thread 3 ] DEBUG Engine               - devShowPositionProperty: BooleanProperty [value: false]
04:12:02.359 [FXGL Background Thread 3 ] DEBUG Engine               - enabledMenuItems: []
04:12:02.359 [FXGL Background Thread 3 ] DEBUG Engine               - engineServices: [class com.almasb.fxgl.app.FXGLApplication$GameApplicationService, class com.almasb.fxgl.app.services.FXGLDialogService, class com.almasb.fxgl.app.services.IOTaskExecutorService, class com.almasb.fxgl.event.EventBusService, class com.almasb.fxgl.io.FileSystemService, class com.almasb.fxgl.localization.LocalizationService, class com.almasb.fxgl.app.services.FXGLAssetLoaderService, class com.almasb.fxgl.app.services.SystemBundleService, class com.almasb.fxgl.profile.SaveLoadService, class com.almasb.fxgl.ui.FXGLUIFactoryServiceProvider, class com.almasb.fxgl.ui.FXGLDialogFactoryServiceProvider, class com.almasb.fxgl.audio.AudioPlayer, class com.almasb.fxgl.notification.impl.NotificationServiceProvider, class com.almasb.fxgl.achievement.AchievementService, class com.almasb.fxgl.cutscene.CutsceneService, class com.almasb.fxgl.minigames.MiniGameService, class com.almasb.fxgl.net.NetService, class com.almasb.fxgl.app.services.UpdaterService, class com.almasb.fxgl.dev.DevService]
04:12:02.360 [FXGL Background Thread 3 ] DEBUG Engine               - fontGame: Abel-Regular.ttf
04:12:02.360 [FXGL Background Thread 3 ] DEBUG Engine               - fontMono: lucida_console.ttf
04:12:02.361 [FXGL Background Thread 3 ] DEBUG Engine               - fontText: Courier-Prime.ttf
04:12:02.361 [FXGL Background Thread 3 ] DEBUG Engine               - fontUI: VarelaRound-Regular.ttf
04:12:02.361 [FXGL Background Thread 3 ] DEBUG Engine               - fullScreen: BooleanProperty [value: false]
04:12:02.362 [FXGL Background Thread 3 ] DEBUG Engine               - gameDifficulty: MEDIUM
04:12:02.362 [FXGL Background Thread 3 ] DEBUG Engine               - gameDifficultyProperty: ObjectProperty [value: MEDIUM]
04:12:02.363 [FXGL Background Thread 3 ] DEBUG Engine               - globalMusicVolume: 0.5
04:12:02.363 [FXGL Background Thread 3 ] DEBUG Engine               - globalMusicVolumeProperty: DoubleProperty [value: 0.5]
04:12:02.363 [FXGL Background Thread 3 ] DEBUG Engine               - globalSoundVolume: 0.5
04:12:02.364 [FXGL Background Thread 3 ] DEBUG Engine               - globalSoundVolumeProperty: DoubleProperty [value: 0.5]
04:12:02.365 [FXGL Background Thread 3 ] DEBUG Engine               - height: 720
04:12:02.365 [FXGL Background Thread 3 ] DEBUG Engine               - isAndroid: false
04:12:02.365 [FXGL Background Thread 3 ] DEBUG Engine               - isBrowser: false
04:12:02.366 [FXGL Background Thread 3 ] DEBUG Engine               - isClickFeedbackEnabled: false
04:12:02.366 [FXGL Background Thread 3 ] DEBUG Engine               - isCloseConfirmation: false
04:12:02.367 [FXGL Background Thread 3 ] DEBUG Engine               - isDesktop: true
04:12:02.367 [FXGL Background Thread 3 ] DEBUG Engine               - isDeveloperMenuEnabled: false
04:12:02.367 [FXGL Background Thread 3 ] DEBUG Engine               - isEntityPreloadEnabled: true
04:12:02.368 [FXGL Background Thread 3 ] DEBUG Engine               - isExperimentalNative: false
04:12:02.368 [FXGL Background Thread 3 ] DEBUG Engine               - isExperimentalTiledLargeMap: false
04:12:02.368 [FXGL Background Thread 3 ] DEBUG Engine               - isFileSystemWriteAllowed: true
04:12:02.369 [FXGL Background Thread 3 ] DEBUG Engine               - isFullScreenAllowed: false
04:12:02.369 [FXGL Background Thread 3 ] DEBUG Engine               - isFullScreenFromStart: false
04:12:02.369 [FXGL Background Thread 3 ] DEBUG Engine               - isGameMenuEnabled: true
04:12:02.371 [FXGL Background Thread 3 ] DEBUG Engine               - isIOS: false
04:12:02.371 [FXGL Background Thread 3 ] DEBUG Engine               - isIntroEnabled: false
04:12:02.372 [FXGL Background Thread 3 ] DEBUG Engine               - isLinux: true
04:12:02.372 [FXGL Background Thread 3 ] DEBUG Engine               - isMac: false
04:12:02.373 [FXGL Background Thread 3 ] DEBUG Engine               - isMainMenuEnabled: true
04:12:02.373 [FXGL Background Thread 3 ] DEBUG Engine               - isManualResizeEnabled: false
04:12:02.373 [FXGL Background Thread 3 ] DEBUG Engine               - isMobile: false
04:12:02.374 [FXGL Background Thread 3 ] DEBUG Engine               - isPreserveResizeRatio: false
04:12:02.374 [FXGL Background Thread 3 ] DEBUG Engine               - isProfilingEnabled: false
04:12:02.374 [FXGL Background Thread 3 ] DEBUG Engine               - isSingleStep: false
04:12:02.374 [FXGL Background Thread 3 ] DEBUG Engine               - isUserProfileEnabled: false
04:12:02.375 [FXGL Background Thread 3 ] DEBUG Engine               - isWindows: false
04:12:02.375 [FXGL Background Thread 3 ] DEBUG Engine               - language: ObjectProperty [value: ENGLISH]
04:12:02.375 [FXGL Background Thread 3 ] DEBUG Engine               - menuKey: ESCAPE
04:12:02.375 [FXGL Background Thread 3 ] DEBUG Engine               - notificationViewClass: class com.almasb.fxgl.notification.view.XboxNotificationView
04:12:02.376 [FXGL Background Thread 3 ] DEBUG Engine               - pixelsPerMeter: 50.0
04:12:02.377 [FXGL Background Thread 3 ] DEBUG Engine               - platform: LINUX
04:12:02.377 [FXGL Background Thread 3 ] DEBUG Engine               - profileDir: profiles/
04:12:02.377 [FXGL Background Thread 3 ] DEBUG Engine               - profileName: StringProperty [value: DEFAULT]
04:12:02.377 [FXGL Background Thread 3 ] DEBUG Engine               - randomSeed: -1
04:12:02.377 [FXGL Background Thread 3 ] DEBUG Engine               - runtimeInfo: RuntimeInfo(platform=LINUX, version=11.11, build=08.09.2020 18.00)
04:12:02.377 [FXGL Background Thread 3 ] DEBUG Engine               - saveFileExt: sav
04:12:02.377 [FXGL Background Thread 3 ] DEBUG Engine               - sceneFactory: com.almasb.fxgl.app.scene.SceneFactory@695a286b
04:12:02.378 [FXGL Background Thread 3 ] DEBUG Engine               - secondsIn24h: 60
04:12:02.378 [FXGL Background Thread 3 ] DEBUG Engine               - soundMenuBack: menu/back.wav
04:12:02.378 [FXGL Background Thread 3 ] DEBUG Engine               - soundMenuPress: menu/press.wav
04:12:02.378 [FXGL Background Thread 3 ] DEBUG Engine               - soundMenuSelect: menu/select.wav
04:12:02.378 [FXGL Background Thread 3 ] DEBUG Engine               - soundNotification: core/notification.wav
04:12:02.378 [FXGL Background Thread 3 ] DEBUG Engine               - stageStyle: DECORATED
04:12:02.378 [FXGL Background Thread 3 ] DEBUG Engine               - supportedLanguages: [ENGLISH, FRENCH, GERMAN, HUNGARIAN, RUSSIAN]
04:12:02.379 [FXGL Background Thread 3 ] DEBUG Engine               - title: Color Switch 2
04:12:02.379 [FXGL Background Thread 3 ] DEBUG Engine               - urlGithub: https://github.com/AlmasB/FXGL
04:12:02.379 [FXGL Background Thread 3 ] DEBUG Engine               - urlLeaderboard: http://fxgl-top.herokuapp.com/
04:12:02.379 [FXGL Background Thread 3 ] DEBUG Engine               - urlPOM: https://raw.githubusercontent.com/AlmasB/FXGL/master/pom.xml
04:12:02.379 [FXGL Background Thread 3 ] DEBUG Engine               - version: 0.0
04:12:02.379 [FXGL Background Thread 3 ] DEBUG Engine               - versionCheckDays: 7
04:12:02.380 [FXGL Background Thread 3 ] DEBUG Engine               - width: 580
04:12:02.380 [FXGL Background Thread 3 ] DEBUG Engine               - Logging services
04:12:02.380 [FXGL Background Thread 3 ] DEBUG Engine               - class com.almasb.fxgl.app.FXGLApplication$GameApplicationService
04:12:02.381 [FXGL Background Thread 3 ] DEBUG Engine               - class com.almasb.fxgl.app.services.FXGLDialogService
04:12:02.381 [FXGL Background Thread 3 ] DEBUG Engine               - class com.almasb.fxgl.app.services.IOTaskExecutorService
04:12:02.381 [FXGL Background Thread 3 ] DEBUG Engine               - class com.almasb.fxgl.event.EventBusService
04:12:02.381 [FXGL Background Thread 3 ] DEBUG Engine               - class com.almasb.fxgl.io.FileSystemService
04:12:02.382 [FXGL Background Thread 3 ] DEBUG Engine               - class com.almasb.fxgl.localization.LocalizationService
04:12:02.382 [FXGL Background Thread 3 ] DEBUG Engine               - class com.almasb.fxgl.app.services.FXGLAssetLoaderService
04:12:02.382 [FXGL Background Thread 3 ] DEBUG Engine               - class com.almasb.fxgl.app.services.SystemBundleService
04:12:02.382 [FXGL Background Thread 3 ] DEBUG Engine               - class com.almasb.fxgl.profile.SaveLoadService
04:12:02.383 [FXGL Background Thread 3 ] DEBUG Engine               - class com.almasb.fxgl.ui.FXGLUIFactoryServiceProvider
04:12:02.383 [FXGL Background Thread 3 ] DEBUG Engine               - class com.almasb.fxgl.ui.FXGLDialogFactoryServiceProvider
04:12:02.383 [FXGL Background Thread 3 ] DEBUG Engine               - class com.almasb.fxgl.audio.AudioPlayer
04:12:02.383 [FXGL Background Thread 3 ] DEBUG Engine               - class com.almasb.fxgl.notification.impl.NotificationServiceProvider
04:12:02.384 [FXGL Background Thread 3 ] DEBUG Engine               - class com.almasb.fxgl.achievement.AchievementService
04:12:02.384 [FXGL Background Thread 3 ] DEBUG Engine               - class com.almasb.fxgl.cutscene.CutsceneService
04:12:02.384 [FXGL Background Thread 3 ] DEBUG Engine               - class com.almasb.fxgl.minigames.MiniGameService
04:12:02.384 [FXGL Background Thread 3 ] DEBUG Engine               - class com.almasb.fxgl.net.NetService
04:12:02.385 [FXGL Background Thread 3 ] DEBUG Engine               - class com.almasb.fxgl.app.services.UpdaterService
04:12:02.385 [FXGL Background Thread 3 ] DEBUG Engine               - class com.almasb.fxgl.dev.DevService
04:12:52.180 [JavaFX Application Thread] DEBUG FXGLApplication      - Exiting FXGL
04:12:52.180 [JavaFX Application Thread] DEBUG LoopRunner           - Stopping loop
04:12:52.181 [JavaFX Application Thread] DEBUG SystemBundleService  - Saving FXGL system data
04:12:52.182 [JavaFX Application Thread] DEBUG FileSystemAccess     - Writing to: /home/chintan/Downloads/game/system/fxgl.bundle
04:12:52.184 [JavaFX Application Thread] DEBUG Async                - Shutting down background threads
04:12:52.184 [JavaFX Application Thread] DEBUG MainWindow           - Closing main window
04:12:52.191 [JavaFX Application Thread] DEBUG Logger               - Closing Logger
