04:08:13.446 [main                     ] DEBUG Logger               - Configured Logger
04:08:13.471 [main                     ] DEBUG GameApplication      - Logging settings
Title: Color Switch 2
Version: 0.0
Width: 580
Height: 720
Fullscreen: false
Intro: false
Profiling: false
Single step:false
App Mode: DEVELOPER
Menu Key: ESCAPE
Stage Style: DECORATED
Scene Factory: class com.almasb.fxgl.app.scene.SceneFactory

04:08:14.043 [JavaFX Application Thread] DEBUG FXGLApplication      - Initializing FXGL
04:08:14.057 [JavaFX Application Thread] INFO  Engine               - FXGL-11.11 (08.09.2020 18.00) on LINUX (J:15.0.1 FX:14)
04:08:14.058 [JavaFX Application Thread] DEBUG Engine               - JRE Vendor Name: Oracle Corporation
04:08:14.059 [JavaFX Application Thread] DEBUG Engine               - Running on OS: Linux version 5.4.0-56-generic
04:08:14.067 [JavaFX Application Thread] DEBUG Engine               - Architecture: amd64
04:08:14.068 [JavaFX Application Thread] INFO  Engine               - Source code and latest versions at: https://github.com/AlmasB/FXGL
04:08:14.068 [JavaFX Application Thread] INFO  Engine               -              Join the FXGL chat at: https://gitter.im/AlmasB/FXGL
04:08:14.229 [JavaFX Application Thread] DEBUG MainWindow           - Creating a JavaFX scene
04:08:14.435 [JavaFX Application Thread] DEBUG MainWindow           - Target settings size: 580.0 x 720.0
04:08:14.436 [JavaFX Application Thread] DEBUG MainWindow           - Scaled scene size:    580.0 x 720.0
04:08:14.436 [JavaFX Application Thread] DEBUG MainWindow           - Scaled ratio: (1.0, 1.0)
04:08:14.438 [JavaFX Application Thread] DEBUG MainWindow           - Set initial scene to StartupScene
04:08:14.447 [JavaFX Application Thread] DEBUG MainWindow           - Opening main window
04:08:14.509 [JavaFX Application Thread] DEBUG MainWindow           - Window border size: (2.0, 29.0)
04:08:14.510 [JavaFX Application Thread] DEBUG MainWindow           - Scaled size: 580.0 x 720.0
04:08:14.518 [JavaFX Application Thread] DEBUG MainWindow           - Scaled ratio: (1.0, 1.0)
04:08:14.518 [JavaFX Application Thread] DEBUG MainWindow           - Scene size: 580.0 x 720.0
04:08:14.519 [JavaFX Application Thread] DEBUG MainWindow           - Stage size: 582.0 x 749.0
04:08:14.540 [FXGL Background Thread 1 ] DEBUG Engine               - Initializing environment variables
04:08:14.576 [FXGL Background Thread 1 ] DEBUG GameApplicationServi - Applying CSS: fxgl_dark.css
04:08:14.577 [FXGL Background Thread 1 ] DEBUG FXGLAssetLoaderServi - Loading from file system: /assets/ui/css/fxgl_dark.css
04:08:14.741 [FXGL Background Thread 1 ] DEBUG GameApplicationServi - Initializing application scenes
04:08:14.876 [FXGL Background Thread 1 ] DEBUG GameWorld            - Game world initialized
04:08:14.996 [FXGL Background Thread 1 ] DEBUG PhysicsWorld         - Physics world initialized: appHeight=720, physics.ppm=50.0
04:08:15.008 [FXGL Background Thread 1 ] DEBUG GameScene            - Game scene initialized: 580x720
04:08:15.076 [FXGL Background Thread 1 ] DEBUG FXGLAssetLoaderServi - Loading from file system: /assets/textures/particles/trace_horizontal.png
04:08:15.203 [FXGL Background Thread 1 ] WARN  FXGL.DefaultMenu     - FXGLDefaultMenu is not designed for resolutions < 800x600
04:08:15.204 [FXGL Background Thread 1 ] DEBUG FXGL.DefaultMenu     - createMenuBodyMainMenu()
04:08:15.228 [FXGL Background Thread 1 ] DEBUG FXGL.DefaultMenu     - createOptionsMenu()
04:08:15.251 [FXGL Background Thread 1 ] DEBUG FXGLAssetLoaderServi - Loading from file system: /assets/textures/particles/smoke.png
04:08:15.361 [FXGL Background Thread 1 ] DEBUG FXGLAssetLoaderServi - Loading from cache: /assets/textures/particles/trace_horizontal.png@64.0x64.0
04:08:15.363 [FXGL Background Thread 1 ] WARN  FXGL.DefaultMenu     - FXGLDefaultMenu is not designed for resolutions < 800x600
04:08:15.364 [FXGL Background Thread 1 ] DEBUG FXGL.DefaultMenu     - createMenuBodyGameMenu()
04:08:15.365 [FXGL Background Thread 1 ] DEBUG FXGL.DefaultMenu     - createOptionsMenu()
04:08:15.370 [FXGL Background Thread 1 ] DEBUG FXGLAssetLoaderServi - Loading from cache: /assets/textures/particles/smoke.png@128.0x128.0
04:08:15.391 [FXGL Background Thread 1 ] DEBUG GameApplicationServi - Application scenes initialized
04:08:15.409 [FXGL Background Thread 1 ] DEBUG SystemBundleService  - Loading FXGL system data
04:08:15.413 [FXGL Background Thread 1 ] DEBUG FileSystemAccess     - Reading from: /home/chintan/Downloads/game/system/fxgl.bundle
04:08:15.423 [FXGL Background Thread 1 ] DEBUG SystemBundleService  - Bundle FXGL: {}
04:08:15.423 [FXGL Background Thread 1 ] DEBUG UpdaterService       - Checking for updates
04:08:15.428 [FXGL Background Thread 4 ] DEBUG FXGLApplication      - Loading fonts
04:08:15.428 [FXGL Background Thread 1 ] DEBUG FXGLApplication      - Loading default localization
04:08:15.429 [FXGL Background Thread 1 ] DEBUG FXGLAssetLoaderServi - Loading from file system: /assets/languages/english.lang
04:08:15.429 [FXGL Background Thread 4 ] DEBUG FXGLAssetLoaderServi - Loading from file system: /assets/ui/fonts/VarelaRound-Regular.ttf
04:08:15.461 [FXGL Background Thread 1 ] INFO  FXGLApplication      - FXGL initialization took: 0.921 sec
04:08:15.459 [FXGL Background Thread 4 ] DEBUG FXGLAssetLoaderServi - Loading from file system: /assets/ui/fonts/Abel-Regular.ttf
04:08:15.472 [FXGL Background Thread 4 ] DEBUG FXGLAssetLoaderServi - Loading from file system: /assets/ui/fonts/lucida_console.ttf
04:08:15.473 [JavaFX Application Thread] DEBUG Input                - Registered new binding: Up - W
04:08:15.473 [JavaFX Application Thread] DEBUG FXGLAssetLoaderServi - Loading from file system: /assets/textures/fxgl_icon.png
04:08:15.486 [FXGL Background Thread 4 ] DEBUG FXGLAssetLoaderServi - Loading from file system: /assets/ui/fonts/Courier-Prime.ttf
04:08:15.522 [JavaFX Application Thread] DEBUG FXGLAssetLoaderServi - Loading from file system: /assets/ui/cursors/fxgl_default.png
04:08:15.526 [JavaFX Application Thread] DEBUG Input                - Registered new binding: Screenshot - P
04:08:15.527 [JavaFX Application Thread] DEBUG Input                - Registered new binding: System info dump - CTRL+9
04:08:15.528 [JavaFX Application Thread] DEBUG Input                - Registered new binding: Restart - CTRL+R
04:08:15.533 [JavaFX Application Thread] DEBUG Input                - Registered new binding: Toggle Debug Camera - CTRL+C
04:08:15.535 [JavaFX Application Thread] DEBUG LoopRunner           - Starting loop
04:08:15.539 [JavaFX Application Thread] DEBUG Input                - Clearing active input actions
04:08:15.561 [JavaFX Application Thread] DEBUG GameApplicationServi - Removing overlay from StartupScene and adding to FXGLMainMenuDummyScene
04:08:15.576 [JavaFX Application Thread] DEBUG MainWindow           - StartupScene -> FXGLMainMenuDummyScene
04:08:15.576 [JavaFX Application Thread] DEBUG MainWindow           - Push state: FXGLDefaultMenu
04:08:15.588 [JavaFX Application Thread] DEBUG Input                - Clearing active input actions
04:08:15.609 [JavaFX Application Thread] DEBUG GameApplicationServi - Removing overlay from FXGLMainMenuDummyScene and adding to FXGLDefaultMenu
04:08:15.611 [JavaFX Application Thread] DEBUG MainWindow           - FXGLMainMenuDummyScene -> FXGLDefaultMenu
04:08:15.616 [JavaFX Application Thread] DEBUG FXGLApplication      - Registering font factories with UI factory
04:08:16.158 [FXGL Background Thread 2 ] INFO  UpdaterService       - Your current version:  11.11
04:08:16.158 [FXGL Background Thread 2 ] INFO  UpdaterService       - Latest stable version: dev-SNAPSHOT
04:08:16.598 [JavaFX Application Thread] DEBUG Menu                 - fireNewGame()
04:08:16.599 [JavaFX Application Thread] DEBUG GameApplicationServi - Starting new game
04:08:16.605 [JavaFX Application Thread] DEBUG MainWindow           - Pop state: FXGLDefaultMenu
04:08:16.605 [JavaFX Application Thread] DEBUG Input                - Clearing active input actions
04:08:16.606 [JavaFX Application Thread] DEBUG GameApplicationServi - Removing overlay from FXGLDefaultMenu and adding to FXGLMainMenuDummyScene
04:08:16.607 [JavaFX Application Thread] DEBUG MainWindow           - FXGLMainMenuDummyScene <- FXGLDefaultMenu
04:08:16.607 [JavaFX Application Thread] DEBUG Input                - Clearing active input actions
04:08:16.621 [JavaFX Application Thread] DEBUG GameApplicationServi - Removing overlay from FXGLMainMenuDummyScene and adding to FXGLLoadingScene
04:08:16.622 [JavaFX Application Thread] DEBUG MainWindow           - FXGLMainMenuDummyScene -> FXGLLoadingScene
04:08:16.622 [JavaFX Application Thread] DEBUG GameApplicationServi - Clearing previous game
04:08:16.622 [JavaFX Application Thread] DEBUG GameScene            - Clearing game scene
04:08:16.623 [JavaFX Application Thread] DEBUG GameWorld            - Clearing game world
04:08:16.623 [JavaFX Application Thread] DEBUG PhysicsWorld         - Clearing physics world
04:08:16.625 [FXGL Background Thread 2 ] DEBUG FXGLApplication      - Initializing game
04:08:16.717 [FXGL Background Thread 2 ] INFO  FXGLApplication      - Game initialization took: 0.089 sec
04:08:16.720 [JavaFX Application Thread] DEBUG Input                - Clearing active input actions
04:08:16.729 [JavaFX Application Thread] DEBUG GameApplicationServi - Removing overlay from FXGLLoadingScene and adding to GameScene
04:08:16.730 [JavaFX Application Thread] DEBUG MainWindow           - FXGLLoadingScene -> GameScene
04:08:18.426 [FXGL Background Thread 3 ] DEBUG Engine               - Logging environment variables
04:08:18.427 [FXGL Background Thread 3 ] DEBUG Engine               - achievements: []
04:08:18.427 [FXGL Background Thread 3 ] DEBUG Engine               - appIcon: fxgl_icon.png
04:08:18.428 [FXGL Background Thread 3 ] DEBUG Engine               - applicationMode: DEVELOPER
04:08:18.428 [FXGL Background Thread 3 ] DEBUG Engine               - cSSList: [fxgl_dark.css]
04:08:18.428 [FXGL Background Thread 3 ] DEBUG Engine               - configClass: Optional.empty
04:08:18.428 [FXGL Background Thread 3 ] DEBUG Engine               - credits: []
04:08:18.429 [FXGL Background Thread 3 ] DEBUG Engine               - devBBoxColorProperty: ObjectProperty [value: 0xff0000ff]
04:08:18.429 [FXGL Background Thread 3 ] DEBUG Engine               - devEnableDebugCameraProperty: BooleanProperty [value: false]
04:08:18.430 [FXGL Background Thread 3 ] DEBUG Engine               - devSensorColorProperty: ObjectProperty [value: 0xffff00ff]
04:08:18.430 [FXGL Background Thread 3 ] DEBUG Engine               - devShowBBoxProperty: BooleanProperty [value: false]
04:08:18.430 [FXGL Background Thread 3 ] DEBUG Engine               - devShowPositionProperty: BooleanProperty [value: false]
04:08:18.431 [FXGL Background Thread 3 ] DEBUG Engine               - enabledMenuItems: []
04:08:18.431 [FXGL Background Thread 3 ] DEBUG Engine               - engineServices: [class com.almasb.fxgl.app.FXGLApplication$GameApplicationService, class com.almasb.fxgl.app.services.FXGLDialogService, class com.almasb.fxgl.app.services.IOTaskExecutorService, class com.almasb.fxgl.event.EventBusService, class com.almasb.fxgl.io.FileSystemService, class com.almasb.fxgl.localization.LocalizationService, class com.almasb.fxgl.app.services.FXGLAssetLoaderService, class com.almasb.fxgl.app.services.SystemBundleService, class com.almasb.fxgl.profile.SaveLoadService, class com.almasb.fxgl.ui.FXGLUIFactoryServiceProvider, class com.almasb.fxgl.ui.FXGLDialogFactoryServiceProvider, class com.almasb.fxgl.audio.AudioPlayer, class com.almasb.fxgl.notification.impl.NotificationServiceProvider, class com.almasb.fxgl.achievement.AchievementService, class com.almasb.fxgl.cutscene.CutsceneService, class com.almasb.fxgl.minigames.MiniGameService, class com.almasb.fxgl.net.NetService, class com.almasb.fxgl.app.services.UpdaterService, class com.almasb.fxgl.dev.DevService]
04:08:18.432 [FXGL Background Thread 3 ] DEBUG Engine               - fontGame: Abel-Regular.ttf
04:08:18.435 [FXGL Background Thread 3 ] DEBUG Engine               - fontMono: lucida_console.ttf
04:08:18.435 [FXGL Background Thread 3 ] DEBUG Engine               - fontText: Courier-Prime.ttf
04:08:18.435 [FXGL Background Thread 3 ] DEBUG Engine               - fontUI: VarelaRound-Regular.ttf
04:08:18.436 [FXGL Background Thread 3 ] DEBUG Engine               - fullScreen: BooleanProperty [value: false]
04:08:18.436 [FXGL Background Thread 3 ] DEBUG Engine               - gameDifficulty: MEDIUM
04:08:18.436 [FXGL Background Thread 3 ] DEBUG Engine               - gameDifficultyProperty: ObjectProperty [value: MEDIUM]
04:08:18.436 [FXGL Background Thread 3 ] DEBUG Engine               - globalMusicVolume: 0.5
04:08:18.437 [FXGL Background Thread 3 ] DEBUG Engine               - globalMusicVolumeProperty: DoubleProperty [value: 0.5]
04:08:18.437 [FXGL Background Thread 3 ] DEBUG Engine               - globalSoundVolume: 0.5
04:08:18.437 [FXGL Background Thread 3 ] DEBUG Engine               - globalSoundVolumeProperty: DoubleProperty [value: 0.5]
04:08:18.437 [FXGL Background Thread 3 ] DEBUG Engine               - height: 720
04:08:18.438 [FXGL Background Thread 3 ] DEBUG Engine               - isAndroid: false
04:08:18.438 [FXGL Background Thread 3 ] DEBUG Engine               - isBrowser: false
04:08:18.438 [FXGL Background Thread 3 ] DEBUG Engine               - isClickFeedbackEnabled: false
04:08:18.439 [FXGL Background Thread 3 ] DEBUG Engine               - isCloseConfirmation: false
04:08:18.439 [FXGL Background Thread 3 ] DEBUG Engine               - isDesktop: true
04:08:18.439 [FXGL Background Thread 3 ] DEBUG Engine               - isDeveloperMenuEnabled: false
04:08:18.439 [FXGL Background Thread 3 ] DEBUG Engine               - isEntityPreloadEnabled: true
04:08:18.440 [FXGL Background Thread 3 ] DEBUG Engine               - isExperimentalNative: false
04:08:18.440 [FXGL Background Thread 3 ] DEBUG Engine               - isExperimentalTiledLargeMap: false
04:08:18.440 [FXGL Background Thread 3 ] DEBUG Engine               - isFileSystemWriteAllowed: true
04:08:18.440 [FXGL Background Thread 3 ] DEBUG Engine               - isFullScreenAllowed: false
04:08:18.441 [FXGL Background Thread 3 ] DEBUG Engine               - isFullScreenFromStart: false
04:08:18.441 [FXGL Background Thread 3 ] DEBUG Engine               - isGameMenuEnabled: true
04:08:18.442 [FXGL Background Thread 3 ] DEBUG Engine               - isIOS: false
04:08:18.442 [FXGL Background Thread 3 ] DEBUG Engine               - isIntroEnabled: false
04:08:18.442 [FXGL Background Thread 3 ] DEBUG Engine               - isLinux: true
04:08:18.445 [FXGL Background Thread 3 ] DEBUG Engine               - isMac: false
04:08:18.445 [FXGL Background Thread 3 ] DEBUG Engine               - isMainMenuEnabled: true
04:08:18.446 [FXGL Background Thread 3 ] DEBUG Engine               - isManualResizeEnabled: false
04:08:18.446 [FXGL Background Thread 3 ] DEBUG Engine               - isMobile: false
04:08:18.446 [FXGL Background Thread 3 ] DEBUG Engine               - isPreserveResizeRatio: false
04:08:18.446 [FXGL Background Thread 3 ] DEBUG Engine               - isProfilingEnabled: false
04:08:18.447 [FXGL Background Thread 3 ] DEBUG Engine               - isSingleStep: false
04:08:18.447 [FXGL Background Thread 3 ] DEBUG Engine               - isUserProfileEnabled: false
04:08:18.447 [FXGL Background Thread 3 ] DEBUG Engine               - isWindows: false
04:08:18.452 [FXGL Background Thread 3 ] DEBUG Engine               - language: ObjectProperty [value: ENGLISH]
04:08:18.453 [FXGL Background Thread 3 ] DEBUG Engine               - menuKey: ESCAPE
04:08:18.453 [FXGL Background Thread 3 ] DEBUG Engine               - notificationViewClass: class com.almasb.fxgl.notification.view.XboxNotificationView
04:08:18.454 [FXGL Background Thread 3 ] DEBUG Engine               - pixelsPerMeter: 50.0
04:08:18.454 [FXGL Background Thread 3 ] DEBUG Engine               - platform: LINUX
04:08:18.454 [FXGL Background Thread 3 ] DEBUG Engine               - profileDir: profiles/
04:08:18.455 [FXGL Background Thread 3 ] DEBUG Engine               - profileName: StringProperty [value: DEFAULT]
04:08:18.455 [FXGL Background Thread 3 ] DEBUG Engine               - randomSeed: -1
04:08:18.455 [FXGL Background Thread 3 ] DEBUG Engine               - runtimeInfo: RuntimeInfo(platform=LINUX, version=11.11, build=08.09.2020 18.00)
04:08:18.455 [FXGL Background Thread 3 ] DEBUG Engine               - saveFileExt: sav
04:08:18.455 [FXGL Background Thread 3 ] DEBUG Engine               - sceneFactory: com.almasb.fxgl.app.scene.SceneFactory@1d12cb98
04:08:18.455 [FXGL Background Thread 3 ] DEBUG Engine               - secondsIn24h: 60
04:08:18.455 [FXGL Background Thread 3 ] DEBUG Engine               - soundMenuBack: menu/back.wav
04:08:18.456 [FXGL Background Thread 3 ] DEBUG Engine               - soundMenuPress: menu/press.wav
04:08:18.456 [FXGL Background Thread 3 ] DEBUG Engine               - soundMenuSelect: menu/select.wav
04:08:18.456 [FXGL Background Thread 3 ] DEBUG Engine               - soundNotification: core/notification.wav
04:08:18.456 [FXGL Background Thread 3 ] DEBUG Engine               - stageStyle: DECORATED
04:08:18.456 [FXGL Background Thread 3 ] DEBUG Engine               - supportedLanguages: [ENGLISH, FRENCH, GERMAN, HUNGARIAN, RUSSIAN]
04:08:18.456 [FXGL Background Thread 3 ] DEBUG Engine               - title: Color Switch 2
04:08:18.456 [FXGL Background Thread 3 ] DEBUG Engine               - urlGithub: https://github.com/AlmasB/FXGL
04:08:18.456 [FXGL Background Thread 3 ] DEBUG Engine               - urlLeaderboard: http://fxgl-top.herokuapp.com/
04:08:18.457 [FXGL Background Thread 3 ] DEBUG Engine               - urlPOM: https://raw.githubusercontent.com/AlmasB/FXGL/master/pom.xml
04:08:18.457 [FXGL Background Thread 3 ] DEBUG Engine               - version: 0.0
04:08:18.457 [FXGL Background Thread 3 ] DEBUG Engine               - versionCheckDays: 7
04:08:18.457 [FXGL Background Thread 3 ] DEBUG Engine               - width: 580
04:08:18.457 [FXGL Background Thread 3 ] DEBUG Engine               - Logging services
04:08:18.458 [FXGL Background Thread 3 ] DEBUG Engine               - class com.almasb.fxgl.app.FXGLApplication$GameApplicationService
04:08:18.458 [FXGL Background Thread 3 ] DEBUG Engine               - class com.almasb.fxgl.app.services.FXGLDialogService
04:08:18.458 [FXGL Background Thread 3 ] DEBUG Engine               - class com.almasb.fxgl.app.services.IOTaskExecutorService
04:08:18.458 [FXGL Background Thread 3 ] DEBUG Engine               - class com.almasb.fxgl.event.EventBusService
04:08:18.458 [FXGL Background Thread 3 ] DEBUG Engine               - class com.almasb.fxgl.io.FileSystemService
04:08:18.458 [FXGL Background Thread 3 ] DEBUG Engine               - class com.almasb.fxgl.localization.LocalizationService
04:08:18.458 [FXGL Background Thread 3 ] DEBUG Engine               - class com.almasb.fxgl.app.services.FXGLAssetLoaderService
04:08:18.459 [FXGL Background Thread 3 ] DEBUG Engine               - class com.almasb.fxgl.app.services.SystemBundleService
04:08:18.459 [FXGL Background Thread 3 ] DEBUG Engine               - class com.almasb.fxgl.profile.SaveLoadService
04:08:18.459 [FXGL Background Thread 3 ] DEBUG Engine               - class com.almasb.fxgl.ui.FXGLUIFactoryServiceProvider
04:08:18.459 [FXGL Background Thread 3 ] DEBUG Engine               - class com.almasb.fxgl.ui.FXGLDialogFactoryServiceProvider
04:08:18.459 [FXGL Background Thread 3 ] DEBUG Engine               - class com.almasb.fxgl.audio.AudioPlayer
04:08:18.459 [FXGL Background Thread 3 ] DEBUG Engine               - class com.almasb.fxgl.notification.impl.NotificationServiceProvider
04:08:18.459 [FXGL Background Thread 3 ] DEBUG Engine               - class com.almasb.fxgl.achievement.AchievementService
04:08:18.461 [FXGL Background Thread 3 ] DEBUG Engine               - class com.almasb.fxgl.cutscene.CutsceneService
04:08:18.462 [FXGL Background Thread 3 ] DEBUG Engine               - class com.almasb.fxgl.minigames.MiniGameService
04:08:18.463 [FXGL Background Thread 3 ] DEBUG Engine               - class com.almasb.fxgl.net.NetService
04:08:18.463 [FXGL Background Thread 3 ] DEBUG Engine               - class com.almasb.fxgl.app.services.UpdaterService
04:08:18.463 [FXGL Background Thread 3 ] DEBUG Engine               - class com.almasb.fxgl.dev.DevService
04:08:25.013 [JavaFX Application Thread] DEBUG FXGLApplication      - Exiting FXGL
04:08:25.014 [JavaFX Application Thread] DEBUG LoopRunner           - Stopping loop
04:08:25.030 [JavaFX Application Thread] DEBUG SystemBundleService  - Saving FXGL system data
04:08:25.042 [JavaFX Application Thread] DEBUG FileSystemAccess     - Writing to: /home/chintan/Downloads/game/system/fxgl.bundle
04:08:25.048 [JavaFX Application Thread] DEBUG Async                - Shutting down background threads
04:08:25.075 [JavaFX Application Thread] DEBUG MainWindow           - Closing main window
04:08:25.081 [JavaFX Application Thread] DEBUG Logger               - Closing Logger
