21:11:18.323 [main                     ] DEBUG Logger               - Configured Logger
21:11:18.362 [main                     ] DEBUG GameApplication      - Logging settings
Title: Color Switch 2
Version: 0.0
Width: 900
Height: 900
Fullscreen: false
Intro: false
Profiling: false
Single step:false
App Mode: DEVELOPER
Menu Key: ESCAPE
Stage Style: DECORATED
Scene Factory: class com.almasb.fxgl.app.scene.SceneFactory

21:11:19.173 [JavaFX Application Thread] DEBUG FXGLApplication      - Initializing FXGL
21:11:19.188 [JavaFX Application Thread] INFO  Engine               - FXGL-11.11 (08.09.2020 18.00) on LINUX (J:15.0.1 FX:14)
21:11:19.189 [JavaFX Application Thread] DEBUG Engine               - JRE Vendor Name: Oracle Corporation
21:11:19.189 [JavaFX Application Thread] DEBUG Engine               - Running on OS: Linux version 5.4.0-58-generic
21:11:19.189 [JavaFX Application Thread] DEBUG Engine               - Architecture: amd64
21:11:19.190 [JavaFX Application Thread] INFO  Engine               - Source code and latest versions at: https://github.com/AlmasB/FXGL
21:11:19.190 [JavaFX Application Thread] INFO  Engine               -              Join the FXGL chat at: https://gitter.im/AlmasB/FXGL
21:11:19.457 [JavaFX Application Thread] DEBUG MainWindow           - Creating a JavaFX scene
21:11:19.709 [JavaFX Application Thread] DEBUG MainWindow           - Target settings size: 900.0 x 900.0
21:11:19.713 [JavaFX Application Thread] DEBUG MainWindow           - Scaled scene size:    900.0 x 900.0
21:11:19.714 [JavaFX Application Thread] DEBUG MainWindow           - Scaled ratio: (1.0, 1.0)
21:11:19.719 [JavaFX Application Thread] DEBUG MainWindow           - Set initial scene to StartupScene
21:11:19.734 [JavaFX Application Thread] DEBUG MainWindow           - Opening main window
21:11:19.844 [JavaFX Application Thread] DEBUG MainWindow           - Window border size: (2.0, 29.0)
21:11:19.845 [JavaFX Application Thread] DEBUG MainWindow           - Scaled size: 900.0 x 900.0
21:11:19.845 [JavaFX Application Thread] DEBUG MainWindow           - Scaled ratio: (1.0, 1.0)
21:11:19.846 [JavaFX Application Thread] DEBUG MainWindow           - Scene size: 900.0 x 900.0
21:11:19.846 [JavaFX Application Thread] DEBUG MainWindow           - Stage size: 902.0 x 929.0
21:11:19.878 [FXGL Background Thread 1 ] DEBUG Engine               - Initializing environment variables
21:11:20.016 [FXGL Background Thread 1 ] DEBUG GameApplicationServi - Applying CSS: fxgl_dark.css
21:11:20.039 [FXGL Background Thread 1 ] DEBUG FXGLAssetLoaderServi - Loading from file system: /assets/ui/css/fxgl_dark.css
21:11:20.262 [FXGL Background Thread 1 ] DEBUG GameApplicationServi - Initializing application scenes
21:11:20.432 [FXGL Background Thread 1 ] DEBUG GameWorld            - Game world initialized
21:11:20.588 [FXGL Background Thread 1 ] DEBUG PhysicsWorld         - Physics world initialized: appHeight=900, physics.ppm=50.0
21:11:20.592 [FXGL Background Thread 1 ] DEBUG GameScene            - Game scene initialized: 900x900
21:11:20.653 [FXGL Background Thread 1 ] DEBUG FXGLAssetLoaderServi - Loading from file system: /assets/textures/particles/trace_horizontal.png
21:11:20.774 [FXGL Background Thread 1 ] DEBUG FXGL.DefaultMenu     - createMenuBodyMainMenu()
21:11:20.809 [FXGL Background Thread 1 ] DEBUG FXGL.DefaultMenu     - createOptionsMenu()
21:11:20.823 [FXGL Background Thread 1 ] DEBUG FXGLAssetLoaderServi - Loading from file system: /assets/textures/particles/smoke.png
21:11:20.948 [FXGL Background Thread 1 ] DEBUG FXGLAssetLoaderServi - Loading from cache: /assets/textures/particles/trace_horizontal.png@64.0x64.0
21:11:20.949 [FXGL Background Thread 1 ] DEBUG FXGL.DefaultMenu     - createMenuBodyGameMenu()
21:11:20.950 [FXGL Background Thread 1 ] DEBUG FXGL.DefaultMenu     - createOptionsMenu()
21:11:20.954 [FXGL Background Thread 1 ] DEBUG FXGLAssetLoaderServi - Loading from cache: /assets/textures/particles/smoke.png@128.0x128.0
21:11:20.985 [FXGL Background Thread 1 ] DEBUG GameApplicationServi - Application scenes initialized
21:11:21.002 [FXGL Background Thread 1 ] DEBUG SystemBundleService  - Loading FXGL system data
21:11:21.006 [FXGL Background Thread 1 ] DEBUG FileSystemAccess     - Reading from: /home/chintan/Downloads/game/system/fxgl.bundle
21:11:21.014 [FXGL Background Thread 1 ] DEBUG SystemBundleService  - Bundle FXGL: {}
21:11:21.014 [FXGL Background Thread 1 ] DEBUG UpdaterService       - Checking for updates
21:11:21.021 [FXGL Background Thread 1 ] DEBUG FXGLApplication      - Loading default localization
21:11:21.022 [FXGL Background Thread 1 ] DEBUG FXGLAssetLoaderServi - Loading from file system: /assets/languages/english.lang
21:11:21.021 [FXGL Background Thread 4 ] DEBUG FXGLApplication      - Loading fonts
21:11:21.029 [FXGL Background Thread 4 ] DEBUG FXGLAssetLoaderServi - Loading from file system: /assets/ui/fonts/VarelaRound-Regular.ttf
21:11:21.055 [FXGL Background Thread 4 ] DEBUG FXGLAssetLoaderServi - Loading from file system: /assets/ui/fonts/Abel-Regular.ttf
21:11:21.060 [FXGL Background Thread 4 ] DEBUG FXGLAssetLoaderServi - Loading from file system: /assets/ui/fonts/lucida_console.ttf
21:11:21.066 [FXGL Background Thread 4 ] DEBUG FXGLAssetLoaderServi - Loading from file system: /assets/ui/fonts/Courier-Prime.ttf
21:11:21.072 [JavaFX Application Thread] DEBUG FXGLApplication      - Registering font factories with UI factory
21:11:21.073 [FXGL Background Thread 1 ] INFO  FXGLApplication      - FXGL initialization took: 1.195 sec
21:11:21.084 [JavaFX Application Thread] DEBUG Input                - Registered new binding: Up - W
21:11:21.085 [JavaFX Application Thread] DEBUG Input                - Registered new binding: action0 - F
21:11:21.085 [JavaFX Application Thread] DEBUG FXGLAssetLoaderServi - Loading from file system: /assets/textures/fxgl_icon.png
21:11:21.144 [JavaFX Application Thread] DEBUG FXGLAssetLoaderServi - Loading from file system: /assets/ui/cursors/fxgl_default.png
21:11:21.148 [JavaFX Application Thread] DEBUG Input                - Registered new binding: Screenshot - P
21:11:21.149 [JavaFX Application Thread] DEBUG Input                - Registered new binding: System info dump - CTRL+9
21:11:21.150 [JavaFX Application Thread] DEBUG Input                - Registered new binding: Restart - CTRL+R
21:11:21.157 [JavaFX Application Thread] DEBUG Input                - Registered new binding: Toggle Debug Camera - CTRL+C
21:11:21.167 [JavaFX Application Thread] DEBUG LoopRunner           - Starting loop
21:11:21.173 [JavaFX Application Thread] DEBUG Input                - Clearing active input actions
21:11:21.193 [JavaFX Application Thread] DEBUG GameApplicationServi - Removing overlay from StartupScene and adding to FXGLMainMenuDummyScene
21:11:21.194 [JavaFX Application Thread] DEBUG MainWindow           - StartupScene -> FXGLMainMenuDummyScene
21:11:21.194 [JavaFX Application Thread] DEBUG MainWindow           - Push state: FXGLDefaultMenu
21:11:21.215 [JavaFX Application Thread] DEBUG Input                - Clearing active input actions
21:11:21.240 [JavaFX Application Thread] DEBUG GameApplicationServi - Removing overlay from FXGLMainMenuDummyScene and adding to FXGLDefaultMenu
21:11:21.241 [JavaFX Application Thread] DEBUG MainWindow           - FXGLMainMenuDummyScene -> FXGLDefaultMenu
21:11:24.018 [FXGL Background Thread 3 ] DEBUG Engine               - Logging environment variables
21:11:24.020 [FXGL Background Thread 3 ] DEBUG Engine               - achievements: []
21:11:24.020 [FXGL Background Thread 3 ] DEBUG Engine               - appIcon: fxgl_icon.png
21:11:24.021 [FXGL Background Thread 3 ] DEBUG Engine               - applicationMode: DEVELOPER
21:11:24.022 [FXGL Background Thread 3 ] DEBUG Engine               - cSSList: [fxgl_dark.css]
21:11:24.022 [FXGL Background Thread 3 ] DEBUG Engine               - configClass: Optional.empty
21:11:24.023 [FXGL Background Thread 3 ] DEBUG Engine               - credits: []
21:11:24.024 [FXGL Background Thread 3 ] DEBUG Engine               - devBBoxColorProperty: ObjectProperty [value: 0xff0000ff]
21:11:24.025 [FXGL Background Thread 3 ] DEBUG Engine               - devEnableDebugCameraProperty: BooleanProperty [value: false]
21:11:24.026 [FXGL Background Thread 3 ] DEBUG Engine               - devSensorColorProperty: ObjectProperty [value: 0xffff00ff]
21:11:24.029 [FXGL Background Thread 3 ] DEBUG Engine               - devShowBBoxProperty: BooleanProperty [value: false]
21:11:24.029 [FXGL Background Thread 3 ] DEBUG Engine               - devShowPositionProperty: BooleanProperty [value: false]
21:11:24.030 [FXGL Background Thread 3 ] DEBUG Engine               - enabledMenuItems: []
21:11:24.030 [FXGL Background Thread 3 ] DEBUG Engine               - engineServices: [class com.almasb.fxgl.app.FXGLApplication$GameApplicationService, class com.almasb.fxgl.app.services.FXGLDialogService, class com.almasb.fxgl.app.services.IOTaskExecutorService, class com.almasb.fxgl.event.EventBusService, class com.almasb.fxgl.io.FileSystemService, class com.almasb.fxgl.localization.LocalizationService, class com.almasb.fxgl.app.services.FXGLAssetLoaderService, class com.almasb.fxgl.app.services.SystemBundleService, class com.almasb.fxgl.profile.SaveLoadService, class com.almasb.fxgl.ui.FXGLUIFactoryServiceProvider, class com.almasb.fxgl.ui.FXGLDialogFactoryServiceProvider, class com.almasb.fxgl.audio.AudioPlayer, class com.almasb.fxgl.notification.impl.NotificationServiceProvider, class com.almasb.fxgl.achievement.AchievementService, class com.almasb.fxgl.cutscene.CutsceneService, class com.almasb.fxgl.minigames.MiniGameService, class com.almasb.fxgl.net.NetService, class com.almasb.fxgl.app.services.UpdaterService, class com.almasb.fxgl.dev.DevService]
21:11:24.031 [FXGL Background Thread 3 ] DEBUG Engine               - fontGame: Abel-Regular.ttf
21:11:24.031 [FXGL Background Thread 3 ] DEBUG Engine               - fontMono: lucida_console.ttf
21:11:24.032 [FXGL Background Thread 3 ] DEBUG Engine               - fontText: Courier-Prime.ttf
21:11:24.032 [FXGL Background Thread 3 ] DEBUG Engine               - fontUI: VarelaRound-Regular.ttf
21:11:24.033 [FXGL Background Thread 3 ] DEBUG Engine               - fullScreen: BooleanProperty [value: false]
21:11:24.033 [FXGL Background Thread 3 ] DEBUG Engine               - gameDifficulty: MEDIUM
21:11:24.034 [FXGL Background Thread 3 ] DEBUG Engine               - gameDifficultyProperty: ObjectProperty [value: MEDIUM]
21:11:24.034 [FXGL Background Thread 3 ] DEBUG Engine               - globalMusicVolume: 0.5
21:11:24.035 [FXGL Background Thread 3 ] DEBUG Engine               - globalMusicVolumeProperty: DoubleProperty [value: 0.5]
21:11:24.035 [FXGL Background Thread 3 ] DEBUG Engine               - globalSoundVolume: 0.5
21:11:24.036 [FXGL Background Thread 3 ] DEBUG Engine               - globalSoundVolumeProperty: DoubleProperty [value: 0.5]
21:11:24.036 [FXGL Background Thread 3 ] DEBUG Engine               - height: 900
21:11:24.038 [FXGL Background Thread 3 ] DEBUG Engine               - isAndroid: false
21:11:24.038 [FXGL Background Thread 3 ] DEBUG Engine               - isBrowser: false
21:11:24.039 [FXGL Background Thread 3 ] DEBUG Engine               - isClickFeedbackEnabled: false
21:11:24.039 [FXGL Background Thread 3 ] DEBUG Engine               - isCloseConfirmation: false
21:11:24.039 [FXGL Background Thread 3 ] DEBUG Engine               - isDesktop: true
21:11:24.040 [FXGL Background Thread 3 ] DEBUG Engine               - isDeveloperMenuEnabled: false
21:11:24.040 [FXGL Background Thread 3 ] DEBUG Engine               - isEntityPreloadEnabled: true
21:11:24.044 [FXGL Background Thread 3 ] DEBUG Engine               - isExperimentalNative: false
21:11:24.044 [FXGL Background Thread 3 ] DEBUG Engine               - isExperimentalTiledLargeMap: false
21:11:24.044 [FXGL Background Thread 3 ] DEBUG Engine               - isFileSystemWriteAllowed: true
21:11:24.045 [FXGL Background Thread 3 ] DEBUG Engine               - isFullScreenAllowed: false
21:11:24.045 [FXGL Background Thread 3 ] DEBUG Engine               - isFullScreenFromStart: false
21:11:24.045 [FXGL Background Thread 3 ] DEBUG Engine               - isGameMenuEnabled: true
21:11:24.047 [FXGL Background Thread 3 ] DEBUG Engine               - isIOS: false
21:11:24.048 [FXGL Background Thread 3 ] DEBUG Engine               - isIntroEnabled: false
21:11:24.052 [FXGL Background Thread 3 ] DEBUG Engine               - isLinux: true
21:11:24.054 [FXGL Background Thread 3 ] DEBUG Engine               - isMac: false
21:11:24.055 [FXGL Background Thread 3 ] DEBUG Engine               - isMainMenuEnabled: true
21:11:24.057 [FXGL Background Thread 3 ] DEBUG Engine               - isManualResizeEnabled: false
21:11:24.059 [FXGL Background Thread 3 ] DEBUG Engine               - isMobile: false
21:11:24.061 [FXGL Background Thread 3 ] DEBUG Engine               - isPreserveResizeRatio: false
21:11:24.062 [FXGL Background Thread 3 ] DEBUG Engine               - isProfilingEnabled: false
21:11:24.077 [FXGL Background Thread 3 ] DEBUG Engine               - isSingleStep: false
21:11:24.077 [FXGL Background Thread 3 ] DEBUG Engine               - isUserProfileEnabled: false
21:11:24.078 [FXGL Background Thread 3 ] DEBUG Engine               - isWindows: false
21:11:24.078 [FXGL Background Thread 3 ] DEBUG Engine               - language: ObjectProperty [value: ENGLISH]
21:11:24.079 [FXGL Background Thread 3 ] DEBUG Engine               - menuKey: ESCAPE
21:11:24.090 [FXGL Background Thread 3 ] DEBUG Engine               - notificationViewClass: class com.almasb.fxgl.notification.view.XboxNotificationView
21:11:24.090 [FXGL Background Thread 3 ] DEBUG Engine               - pixelsPerMeter: 50.0
21:11:24.090 [FXGL Background Thread 3 ] DEBUG Engine               - platform: LINUX
21:11:24.091 [FXGL Background Thread 3 ] DEBUG Engine               - profileDir: profiles/
21:11:24.091 [FXGL Background Thread 3 ] DEBUG Engine               - profileName: StringProperty [value: DEFAULT]
21:11:24.092 [FXGL Background Thread 3 ] DEBUG Engine               - randomSeed: -1
21:11:24.092 [FXGL Background Thread 3 ] DEBUG Engine               - runtimeInfo: RuntimeInfo(platform=LINUX, version=11.11, build=08.09.2020 18.00)
21:11:24.092 [FXGL Background Thread 3 ] DEBUG Engine               - saveFileExt: sav
21:11:24.093 [FXGL Background Thread 3 ] DEBUG Engine               - sceneFactory: com.almasb.fxgl.app.scene.SceneFactory@6c763753
21:11:24.093 [FXGL Background Thread 3 ] DEBUG Engine               - secondsIn24h: 60
21:11:24.093 [FXGL Background Thread 3 ] DEBUG Engine               - soundMenuBack: menu/back.wav
21:11:24.093 [FXGL Background Thread 3 ] DEBUG Engine               - soundMenuPress: menu/press.wav
21:11:24.094 [FXGL Background Thread 3 ] DEBUG Engine               - soundMenuSelect: menu/select.wav
21:11:24.094 [FXGL Background Thread 3 ] DEBUG Engine               - soundNotification: core/notification.wav
21:11:24.094 [FXGL Background Thread 3 ] DEBUG Engine               - stageStyle: DECORATED
21:11:24.095 [FXGL Background Thread 3 ] DEBUG Engine               - supportedLanguages: [ENGLISH, FRENCH, GERMAN, HUNGARIAN, RUSSIAN]
21:11:24.095 [FXGL Background Thread 3 ] DEBUG Engine               - title: Color Switch 2
21:11:24.095 [FXGL Background Thread 3 ] DEBUG Engine               - urlGithub: https://github.com/AlmasB/FXGL
21:11:24.095 [FXGL Background Thread 3 ] DEBUG Engine               - urlLeaderboard: http://fxgl-top.herokuapp.com/
21:11:24.097 [FXGL Background Thread 3 ] DEBUG Engine               - urlPOM: https://raw.githubusercontent.com/AlmasB/FXGL/master/pom.xml
21:11:24.098 [FXGL Background Thread 3 ] DEBUG Engine               - version: 0.0
21:11:24.098 [FXGL Background Thread 3 ] DEBUG Engine               - versionCheckDays: 7
21:11:24.099 [FXGL Background Thread 3 ] DEBUG Engine               - width: 900
21:11:24.101 [FXGL Background Thread 3 ] DEBUG Engine               - Logging services
21:11:24.103 [FXGL Background Thread 3 ] DEBUG Engine               - class com.almasb.fxgl.app.FXGLApplication$GameApplicationService
21:11:24.104 [FXGL Background Thread 3 ] DEBUG Engine               - class com.almasb.fxgl.app.services.FXGLDialogService
21:11:24.106 [FXGL Background Thread 3 ] DEBUG Engine               - class com.almasb.fxgl.app.services.IOTaskExecutorService
21:11:24.107 [FXGL Background Thread 3 ] DEBUG Engine               - class com.almasb.fxgl.event.EventBusService
21:11:24.120 [FXGL Background Thread 3 ] DEBUG Engine               - class com.almasb.fxgl.io.FileSystemService
21:11:24.120 [FXGL Background Thread 3 ] DEBUG Engine               - class com.almasb.fxgl.localization.LocalizationService
21:11:24.121 [FXGL Background Thread 3 ] DEBUG Engine               - class com.almasb.fxgl.app.services.FXGLAssetLoaderService
21:11:24.121 [FXGL Background Thread 3 ] DEBUG Engine               - class com.almasb.fxgl.app.services.SystemBundleService
21:11:24.122 [FXGL Background Thread 3 ] DEBUG Engine               - class com.almasb.fxgl.profile.SaveLoadService
21:11:24.122 [FXGL Background Thread 3 ] DEBUG Engine               - class com.almasb.fxgl.ui.FXGLUIFactoryServiceProvider
21:11:24.123 [FXGL Background Thread 3 ] DEBUG Engine               - class com.almasb.fxgl.ui.FXGLDialogFactoryServiceProvider
21:11:24.124 [FXGL Background Thread 3 ] DEBUG Engine               - class com.almasb.fxgl.audio.AudioPlayer
21:11:24.124 [FXGL Background Thread 3 ] DEBUG Engine               - class com.almasb.fxgl.notification.impl.NotificationServiceProvider
21:11:24.125 [FXGL Background Thread 3 ] DEBUG Engine               - class com.almasb.fxgl.achievement.AchievementService
21:11:24.125 [FXGL Background Thread 3 ] DEBUG Engine               - class com.almasb.fxgl.cutscene.CutsceneService
21:11:24.126 [FXGL Background Thread 3 ] DEBUG Engine               - class com.almasb.fxgl.minigames.MiniGameService
21:11:24.126 [FXGL Background Thread 3 ] DEBUG Engine               - class com.almasb.fxgl.net.NetService
21:11:24.127 [FXGL Background Thread 3 ] DEBUG Engine               - class com.almasb.fxgl.app.services.UpdaterService
21:11:24.127 [FXGL Background Thread 3 ] DEBUG Engine               - class com.almasb.fxgl.dev.DevService
21:11:24.407 [FXGL Background Thread 2 ] INFO  UpdaterService       - Your current version:  11.11
21:11:24.408 [FXGL Background Thread 2 ] INFO  UpdaterService       - Latest stable version: dev-SNAPSHOT
21:11:29.048 [JavaFX Application Thread] DEBUG Menu                 - fireNewGame()
21:11:29.049 [JavaFX Application Thread] DEBUG GameApplicationServi - Starting new game
21:11:29.055 [JavaFX Application Thread] DEBUG MainWindow           - Pop state: FXGLDefaultMenu
21:11:29.055 [JavaFX Application Thread] DEBUG Input                - Clearing active input actions
21:11:29.057 [JavaFX Application Thread] DEBUG GameApplicationServi - Removing overlay from FXGLDefaultMenu and adding to FXGLMainMenuDummyScene
21:11:29.057 [JavaFX Application Thread] DEBUG MainWindow           - FXGLMainMenuDummyScene <- FXGLDefaultMenu
21:11:29.058 [JavaFX Application Thread] DEBUG Input                - Clearing active input actions
21:11:29.066 [JavaFX Application Thread] DEBUG GameApplicationServi - Removing overlay from FXGLMainMenuDummyScene and adding to FXGLLoadingScene
21:11:29.067 [JavaFX Application Thread] DEBUG MainWindow           - FXGLMainMenuDummyScene -> FXGLLoadingScene
21:11:29.067 [JavaFX Application Thread] DEBUG GameApplicationServi - Clearing previous game
21:11:29.067 [JavaFX Application Thread] DEBUG GameScene            - Clearing game scene
21:11:29.067 [JavaFX Application Thread] DEBUG GameWorld            - Clearing game world
21:11:29.068 [JavaFX Application Thread] DEBUG PhysicsWorld         - Clearing physics world
21:11:29.069 [FXGL Background Thread 2 ] DEBUG FXGLApplication      - Initializing game
21:11:29.254 [FXGL Background Thread 2 ] DEBUG FXGLAssetLoaderServi - Loading from file system: /assets/textures/star.png
21:11:29.261 [FXGL Background Thread 2 ] DEBUG FXGLAssetLoaderServi - Loading from cache: /assets/textures/star.png
21:11:29.262 [FXGL Background Thread 2 ] DEBUG FXGLAssetLoaderServi - Loading from cache: /assets/textures/star.png
21:11:29.262 [FXGL Background Thread 2 ] DEBUG FXGLAssetLoaderServi - Loading from cache: /assets/textures/star.png
21:11:29.263 [FXGL Background Thread 2 ] DEBUG FXGLAssetLoaderServi - Loading from cache: /assets/textures/star.png
21:11:29.268 [FXGL Background Thread 2 ] DEBUG FXGLAssetLoaderServi - Loading from file system: /assets/textures/heart1.png
21:11:29.303 [FXGL Background Thread 2 ] DEBUG FXGLAssetLoaderServi - Loading from cache: /assets/textures/heart1.png
21:11:29.304 [FXGL Background Thread 2 ] DEBUG FXGLAssetLoaderServi - Loading from cache: /assets/textures/heart1.png
21:11:29.305 [FXGL Background Thread 2 ] DEBUG FXGLAssetLoaderServi - Loading from cache: /assets/textures/heart1.png
21:11:29.306 [FXGL Background Thread 2 ] DEBUG FXGLAssetLoaderServi - Loading from cache: /assets/textures/heart1.png
21:11:29.312 [FXGL Background Thread 2 ] INFO  FXGLApplication      - Game initialization took: 0.242 sec
21:11:29.313 [JavaFX Application Thread] DEBUG Input                - Clearing active input actions
21:11:29.326 [JavaFX Application Thread] DEBUG GameApplicationServi - Removing overlay from FXGLLoadingScene and adding to GameScene
21:11:29.326 [JavaFX Application Thread] DEBUG MainWindow           - FXGLLoadingScene -> GameScene
21:11:53.964 [JavaFX Application Thread] DEBUG FXGLAssetLoaderServi - Loading from cache: /assets/textures/star.png
21:11:53.964 [JavaFX Application Thread] DEBUG FXGLAssetLoaderServi - Loading from cache: /assets/textures/star.png
21:11:53.965 [JavaFX Application Thread] DEBUG FXGLAssetLoaderServi - Loading from cache: /assets/textures/star.png
21:11:53.965 [JavaFX Application Thread] DEBUG FXGLAssetLoaderServi - Loading from cache: /assets/textures/star.png
21:11:53.966 [JavaFX Application Thread] DEBUG FXGLAssetLoaderServi - Loading from cache: /assets/textures/star.png
21:11:53.966 [JavaFX Application Thread] DEBUG FXGLAssetLoaderServi - Loading from cache: /assets/textures/heart1.png
21:11:53.967 [JavaFX Application Thread] DEBUG FXGLAssetLoaderServi - Loading from cache: /assets/textures/heart1.png
21:11:53.967 [JavaFX Application Thread] DEBUG FXGLAssetLoaderServi - Loading from cache: /assets/textures/heart1.png
21:11:53.968 [JavaFX Application Thread] DEBUG FXGLAssetLoaderServi - Loading from cache: /assets/textures/heart1.png
21:11:53.968 [JavaFX Application Thread] DEBUG FXGLAssetLoaderServi - Loading from cache: /assets/textures/heart1.png
21:13:44.760 [JavaFX Application Thread] DEBUG FXGLAssetLoaderServi - Loading from cache: /assets/textures/star.png
21:13:44.761 [JavaFX Application Thread] DEBUG FXGLAssetLoaderServi - Loading from cache: /assets/textures/star.png
21:13:44.761 [JavaFX Application Thread] DEBUG FXGLAssetLoaderServi - Loading from cache: /assets/textures/star.png
21:13:44.761 [JavaFX Application Thread] DEBUG FXGLAssetLoaderServi - Loading from cache: /assets/textures/star.png
21:13:44.762 [JavaFX Application Thread] DEBUG FXGLAssetLoaderServi - Loading from cache: /assets/textures/star.png
21:13:44.762 [JavaFX Application Thread] DEBUG FXGLAssetLoaderServi - Loading from cache: /assets/textures/heart1.png
21:13:44.762 [JavaFX Application Thread] DEBUG FXGLAssetLoaderServi - Loading from cache: /assets/textures/heart1.png
21:13:44.762 [JavaFX Application Thread] DEBUG FXGLAssetLoaderServi - Loading from cache: /assets/textures/heart1.png
21:13:44.762 [JavaFX Application Thread] DEBUG FXGLAssetLoaderServi - Loading from cache: /assets/textures/heart1.png
21:13:44.763 [JavaFX Application Thread] DEBUG FXGLAssetLoaderServi - Loading from cache: /assets/textures/heart1.png
21:13:50.134 [JavaFX Application Thread] DEBUG FXGLApplication      - Exiting FXGL
21:13:50.134 [JavaFX Application Thread] DEBUG LoopRunner           - Stopping loop
21:13:50.134 [JavaFX Application Thread] DEBUG SystemBundleService  - Saving FXGL system data
21:13:50.136 [JavaFX Application Thread] DEBUG FileSystemAccess     - Writing to: /home/chintan/Downloads/game/system/fxgl.bundle
21:13:50.138 [JavaFX Application Thread] DEBUG Async                - Shutting down background threads
21:13:50.138 [JavaFX Application Thread] DEBUG MainWindow           - Closing main window
21:13:50.142 [JavaFX Application Thread] DEBUG Logger               - Closing Logger
