21:40:05.084 [main                     ] DEBUG Logger               - Configured Logger
21:40:05.103 [main                     ] DEBUG GameApplication      - Logging settings
Title: Color Switch 2
Version: 0.0
Width: 900
Height: 900
Fullscreen: false
Intro: false
Profiling: false
Single step:false
App Mode: DEVELOPER
Menu Key: ESCAPE
Stage Style: DECORATED
Scene Factory: class sample.Main$1

21:40:05.632 [JavaFX Application Thread] DEBUG FXGLApplication      - Initializing FXGL
21:40:05.641 [JavaFX Application Thread] INFO  Engine               - FXGL-11.11 (08.09.2020 18.00) on LINUX (J:15.0.1 FX:14)
21:40:05.642 [JavaFX Application Thread] DEBUG Engine               - JRE Vendor Name: Oracle Corporation
21:40:05.642 [JavaFX Application Thread] DEBUG Engine               - Running on OS: Linux version 5.4.0-58-generic
21:40:05.642 [JavaFX Application Thread] DEBUG Engine               - Architecture: amd64
21:40:05.643 [JavaFX Application Thread] INFO  Engine               - Source code and latest versions at: https://github.com/AlmasB/FXGL
21:40:05.643 [JavaFX Application Thread] INFO  Engine               -              Join the FXGL chat at: https://gitter.im/AlmasB/FXGL
21:40:05.762 [JavaFX Application Thread] DEBUG MainWindow           - Creating a JavaFX scene
21:40:05.917 [JavaFX Application Thread] DEBUG MainWindow           - Target settings size: 900.0 x 900.0
21:40:05.919 [JavaFX Application Thread] DEBUG MainWindow           - Scaled scene size:    900.0 x 900.0
21:40:05.919 [JavaFX Application Thread] DEBUG MainWindow           - Scaled ratio: (1.0, 1.0)
21:40:05.922 [JavaFX Application Thread] DEBUG MainWindow           - Set initial scene to StartupScene
21:40:05.934 [JavaFX Application Thread] DEBUG MainWindow           - Opening main window
21:40:06.030 [JavaFX Application Thread] DEBUG MainWindow           - Window border size: (2.0, 29.0)
21:40:06.030 [JavaFX Application Thread] DEBUG MainWindow           - Scaled size: 900.0 x 900.0
21:40:06.031 [JavaFX Application Thread] DEBUG MainWindow           - Scaled ratio: (1.0, 1.0)
21:40:06.031 [JavaFX Application Thread] DEBUG MainWindow           - Scene size: 900.0 x 900.0
21:40:06.031 [JavaFX Application Thread] DEBUG MainWindow           - Stage size: 902.0 x 929.0
21:40:06.051 [FXGL Background Thread 1 ] DEBUG Engine               - Initializing environment variables
21:40:06.136 [FXGL Background Thread 1 ] DEBUG GameApplicationServi - Applying CSS: fxgl_dark.css
21:40:06.137 [FXGL Background Thread 1 ] DEBUG FXGLAssetLoaderServi - Loading from file system: /assets/ui/css/fxgl_dark.css
21:40:06.238 [FXGL Background Thread 1 ] DEBUG GameApplicationServi - Initializing application scenes
21:40:06.347 [FXGL Background Thread 1 ] DEBUG GameWorld            - Game world initialized
21:40:06.438 [FXGL Background Thread 1 ] DEBUG PhysicsWorld         - Physics world initialized: appHeight=900, physics.ppm=50.0
21:40:06.441 [FXGL Background Thread 1 ] DEBUG GameScene            - Game scene initialized: 900x900
21:40:06.456 [FXGL Background Thread 1 ] DEBUG FXGLAssetLoaderServi - Loading from file system: /assets/textures/colorswitch.png
21:40:06.457 [FXGL Background Thread 1 ] WARN  FXGLAssetLoaderServi - Failed to load texture colorswitch.png Error: java.lang.IllegalArgumentException: Asset "/assets/textures/colorswitch.png" was not found!
21:40:06.492 [FXGL Background Thread 1 ] DEBUG FXGLAssetLoaderServi - Loading from file system: /assets/textures/particles/trace_horizontal.png
21:40:06.536 [FXGL Background Thread 1 ] DEBUG FXGL.DefaultMenu     - createMenuBodyGameMenu()
21:40:06.547 [FXGL Background Thread 1 ] DEBUG FXGL.DefaultMenu     - createOptionsMenu()
21:40:06.553 [FXGL Background Thread 1 ] DEBUG FXGLAssetLoaderServi - Loading from file system: /assets/textures/particles/smoke.png
21:40:06.607 [FXGL Background Thread 1 ] DEBUG GameApplicationServi - Application scenes initialized
21:40:06.617 [FXGL Background Thread 1 ] DEBUG SystemBundleService  - Loading FXGL system data
21:40:06.620 [FXGL Background Thread 1 ] DEBUG FileSystemAccess     - Reading from: /home/chintan/Downloads/game/system/fxgl.bundle
21:40:06.627 [FXGL Background Thread 1 ] DEBUG SystemBundleService  - Bundle FXGL: {}
21:40:06.627 [FXGL Background Thread 1 ] DEBUG UpdaterService       - Checking for updates
21:40:06.632 [FXGL Background Thread 1 ] DEBUG FXGLApplication      - Loading default localization
21:40:06.632 [FXGL Background Thread 1 ] DEBUG FXGLAssetLoaderServi - Loading from file system: /assets/languages/english.lang
21:40:06.633 [FXGL Background Thread 4 ] DEBUG FXGLApplication      - Loading fonts
21:40:06.633 [FXGL Background Thread 4 ] DEBUG FXGLAssetLoaderServi - Loading from file system: /assets/ui/fonts/VarelaRound-Regular.ttf
21:40:06.642 [FXGL Background Thread 4 ] DEBUG FXGLAssetLoaderServi - Loading from file system: /assets/ui/fonts/Abel-Regular.ttf
21:40:06.647 [FXGL Background Thread 4 ] DEBUG FXGLAssetLoaderServi - Loading from file system: /assets/ui/fonts/lucida_console.ttf
21:40:06.648 [FXGL Background Thread 1 ] INFO  FXGLApplication      - FXGL initialization took: 0.596 sec
21:40:06.654 [JavaFX Application Thread] DEBUG Input                - Registered new binding: Up - W
21:40:06.655 [JavaFX Application Thread] DEBUG Input                - Registered new binding: action0 - U
21:40:06.656 [JavaFX Application Thread] DEBUG FXGLAssetLoaderServi - Loading from file system: /assets/textures/fxgl_icon.png
21:40:06.661 [FXGL Background Thread 4 ] DEBUG FXGLAssetLoaderServi - Loading from file system: /assets/ui/fonts/Courier-Prime.ttf
21:40:06.689 [JavaFX Application Thread] DEBUG FXGLAssetLoaderServi - Loading from file system: /assets/ui/cursors/fxgl_default.png
21:40:06.701 [JavaFX Application Thread] DEBUG Input                - Registered new binding: Screenshot - P
21:40:06.704 [JavaFX Application Thread] DEBUG Input                - Registered new binding: System info dump - CTRL+9
21:40:06.704 [JavaFX Application Thread] DEBUG Input                - Registered new binding: Restart - CTRL+R
21:40:06.705 [JavaFX Application Thread] DEBUG Input                - Registered new binding: Toggle Debug Camera - CTRL+C
21:40:06.709 [JavaFX Application Thread] DEBUG LoopRunner           - Starting loop
21:40:06.712 [JavaFX Application Thread] DEBUG Input                - Clearing active input actions
21:40:06.722 [JavaFX Application Thread] DEBUG GameApplicationServi - Removing overlay from StartupScene and adding to FXGLMainMenuDummyScene
21:40:06.723 [JavaFX Application Thread] DEBUG MainWindow           - StartupScene -> FXGLMainMenuDummyScene
21:40:06.723 [JavaFX Application Thread] DEBUG MainWindow           - Push state: MyMenu
21:40:06.724 [JavaFX Application Thread] DEBUG Input                - Clearing active input actions
21:40:06.728 [JavaFX Application Thread] DEBUG GameApplicationServi - Removing overlay from FXGLMainMenuDummyScene and adding to MyMenu
21:40:06.729 [JavaFX Application Thread] DEBUG MainWindow           - FXGLMainMenuDummyScene -> MyMenu
21:40:06.729 [JavaFX Application Thread] DEBUG FXGLApplication      - Registering font factories with UI factory
21:40:06.998 [FXGL Background Thread 2 ] INFO  UpdaterService       - Your current version:  11.11
21:40:06.999 [FXGL Background Thread 2 ] INFO  UpdaterService       - Latest stable version: dev-SNAPSHOT
21:40:09.631 [FXGL Background Thread 3 ] DEBUG Engine               - Logging environment variables
21:40:09.633 [FXGL Background Thread 3 ] DEBUG Engine               - achievements: []
21:40:09.634 [FXGL Background Thread 3 ] DEBUG Engine               - appIcon: fxgl_icon.png
21:40:09.635 [FXGL Background Thread 3 ] DEBUG Engine               - applicationMode: DEVELOPER
21:40:09.637 [FXGL Background Thread 3 ] DEBUG Engine               - cSSList: [fxgl_dark.css]
21:40:09.638 [FXGL Background Thread 3 ] DEBUG Engine               - configClass: Optional.empty
21:40:09.639 [FXGL Background Thread 3 ] DEBUG Engine               - credits: []
21:40:09.642 [FXGL Background Thread 3 ] DEBUG Engine               - devBBoxColorProperty: ObjectProperty [value: 0xff0000ff]
21:40:09.643 [FXGL Background Thread 3 ] DEBUG Engine               - devEnableDebugCameraProperty: BooleanProperty [value: false]
21:40:09.644 [FXGL Background Thread 3 ] DEBUG Engine               - devSensorColorProperty: ObjectProperty [value: 0xffff00ff]
21:40:09.645 [FXGL Background Thread 3 ] DEBUG Engine               - devShowBBoxProperty: BooleanProperty [value: false]
21:40:09.646 [FXGL Background Thread 3 ] DEBUG Engine               - devShowPositionProperty: BooleanProperty [value: false]
21:40:09.647 [FXGL Background Thread 3 ] DEBUG Engine               - enabledMenuItems: []
21:40:09.647 [FXGL Background Thread 3 ] DEBUG Engine               - engineServices: [class com.almasb.fxgl.app.FXGLApplication$GameApplicationService, class com.almasb.fxgl.app.services.FXGLDialogService, class com.almasb.fxgl.app.services.IOTaskExecutorService, class com.almasb.fxgl.event.EventBusService, class com.almasb.fxgl.io.FileSystemService, class com.almasb.fxgl.localization.LocalizationService, class com.almasb.fxgl.app.services.FXGLAssetLoaderService, class com.almasb.fxgl.app.services.SystemBundleService, class com.almasb.fxgl.profile.SaveLoadService, class com.almasb.fxgl.ui.FXGLUIFactoryServiceProvider, class com.almasb.fxgl.ui.FXGLDialogFactoryServiceProvider, class com.almasb.fxgl.audio.AudioPlayer, class com.almasb.fxgl.notification.impl.NotificationServiceProvider, class com.almasb.fxgl.achievement.AchievementService, class com.almasb.fxgl.cutscene.CutsceneService, class com.almasb.fxgl.minigames.MiniGameService, class com.almasb.fxgl.net.NetService, class com.almasb.fxgl.app.services.UpdaterService, class com.almasb.fxgl.dev.DevService]
21:40:09.649 [FXGL Background Thread 3 ] DEBUG Engine               - fontGame: Abel-Regular.ttf
21:40:09.650 [FXGL Background Thread 3 ] DEBUG Engine               - fontMono: lucida_console.ttf
21:40:09.651 [FXGL Background Thread 3 ] DEBUG Engine               - fontText: Courier-Prime.ttf
21:40:09.651 [FXGL Background Thread 3 ] DEBUG Engine               - fontUI: VarelaRound-Regular.ttf
21:40:09.652 [FXGL Background Thread 3 ] DEBUG Engine               - fullScreen: BooleanProperty [value: false]
21:40:09.653 [FXGL Background Thread 3 ] DEBUG Engine               - gameDifficulty: MEDIUM
21:40:09.653 [FXGL Background Thread 3 ] DEBUG Engine               - gameDifficultyProperty: ObjectProperty [value: MEDIUM]
21:40:09.654 [FXGL Background Thread 3 ] DEBUG Engine               - globalMusicVolume: 0.5
21:40:09.656 [FXGL Background Thread 3 ] DEBUG Engine               - globalMusicVolumeProperty: DoubleProperty [value: 0.5]
21:40:09.656 [FXGL Background Thread 3 ] DEBUG Engine               - globalSoundVolume: 0.5
21:40:09.657 [FXGL Background Thread 3 ] DEBUG Engine               - globalSoundVolumeProperty: DoubleProperty [value: 0.5]
21:40:09.658 [FXGL Background Thread 3 ] DEBUG Engine               - height: 900
21:40:09.658 [FXGL Background Thread 3 ] DEBUG Engine               - isAndroid: false
21:40:09.659 [FXGL Background Thread 3 ] DEBUG Engine               - isBrowser: false
21:40:09.660 [FXGL Background Thread 3 ] DEBUG Engine               - isClickFeedbackEnabled: false
21:40:09.660 [FXGL Background Thread 3 ] DEBUG Engine               - isCloseConfirmation: false
21:40:09.661 [FXGL Background Thread 3 ] DEBUG Engine               - isDesktop: true
21:40:09.662 [FXGL Background Thread 3 ] DEBUG Engine               - isDeveloperMenuEnabled: false
21:40:09.662 [FXGL Background Thread 3 ] DEBUG Engine               - isEntityPreloadEnabled: true
21:40:09.662 [FXGL Background Thread 3 ] DEBUG Engine               - isExperimentalNative: false
21:40:09.663 [FXGL Background Thread 3 ] DEBUG Engine               - isExperimentalTiledLargeMap: false
21:40:09.663 [FXGL Background Thread 3 ] DEBUG Engine               - isFileSystemWriteAllowed: true
21:40:09.664 [FXGL Background Thread 3 ] DEBUG Engine               - isFullScreenAllowed: false
21:40:09.664 [FXGL Background Thread 3 ] DEBUG Engine               - isFullScreenFromStart: false
21:40:09.665 [FXGL Background Thread 3 ] DEBUG Engine               - isGameMenuEnabled: true
21:40:09.665 [FXGL Background Thread 3 ] DEBUG Engine               - isIOS: false
21:40:09.666 [FXGL Background Thread 3 ] DEBUG Engine               - isIntroEnabled: false
21:40:09.666 [FXGL Background Thread 3 ] DEBUG Engine               - isLinux: true
21:40:09.666 [FXGL Background Thread 3 ] DEBUG Engine               - isMac: false
21:40:09.667 [FXGL Background Thread 3 ] DEBUG Engine               - isMainMenuEnabled: true
21:40:09.667 [FXGL Background Thread 3 ] DEBUG Engine               - isManualResizeEnabled: false
21:40:09.667 [FXGL Background Thread 3 ] DEBUG Engine               - isMobile: false
21:40:09.668 [FXGL Background Thread 3 ] DEBUG Engine               - isPreserveResizeRatio: false
21:40:09.668 [FXGL Background Thread 3 ] DEBUG Engine               - isProfilingEnabled: false
21:40:09.668 [FXGL Background Thread 3 ] DEBUG Engine               - isSingleStep: false
21:40:09.669 [FXGL Background Thread 3 ] DEBUG Engine               - isUserProfileEnabled: false
21:40:09.669 [FXGL Background Thread 3 ] DEBUG Engine               - isWindows: false
21:40:09.669 [FXGL Background Thread 3 ] DEBUG Engine               - language: ObjectProperty [value: ENGLISH]
21:40:09.670 [FXGL Background Thread 3 ] DEBUG Engine               - menuKey: ESCAPE
21:40:09.670 [FXGL Background Thread 3 ] DEBUG Engine               - notificationViewClass: class com.almasb.fxgl.notification.view.XboxNotificationView
21:40:09.670 [FXGL Background Thread 3 ] DEBUG Engine               - pixelsPerMeter: 50.0
21:40:09.671 [FXGL Background Thread 3 ] DEBUG Engine               - platform: LINUX
21:40:09.671 [FXGL Background Thread 3 ] DEBUG Engine               - profileDir: profiles/
21:40:09.671 [FXGL Background Thread 3 ] DEBUG Engine               - profileName: StringProperty [value: DEFAULT]
21:40:09.671 [FXGL Background Thread 3 ] DEBUG Engine               - randomSeed: -1
21:40:09.671 [FXGL Background Thread 3 ] DEBUG Engine               - runtimeInfo: RuntimeInfo(platform=LINUX, version=11.11, build=08.09.2020 18.00)
21:40:09.672 [FXGL Background Thread 3 ] DEBUG Engine               - saveFileExt: sav
21:40:09.672 [FXGL Background Thread 3 ] DEBUG Engine               - sceneFactory: sample.Main$1@3ff30d1e
21:40:09.672 [FXGL Background Thread 3 ] DEBUG Engine               - secondsIn24h: 60
21:40:09.672 [FXGL Background Thread 3 ] DEBUG Engine               - soundMenuBack: menu/back.wav
21:40:09.673 [FXGL Background Thread 3 ] DEBUG Engine               - soundMenuPress: menu/press.wav
21:40:09.673 [FXGL Background Thread 3 ] DEBUG Engine               - soundMenuSelect: menu/select.wav
21:40:09.673 [FXGL Background Thread 3 ] DEBUG Engine               - soundNotification: core/notification.wav
21:40:09.673 [FXGL Background Thread 3 ] DEBUG Engine               - stageStyle: DECORATED
21:40:09.673 [FXGL Background Thread 3 ] DEBUG Engine               - supportedLanguages: [ENGLISH, FRENCH, GERMAN, HUNGARIAN, RUSSIAN]
21:40:09.673 [FXGL Background Thread 3 ] DEBUG Engine               - title: Color Switch 2
21:40:09.673 [FXGL Background Thread 3 ] DEBUG Engine               - urlGithub: https://github.com/AlmasB/FXGL
21:40:09.674 [FXGL Background Thread 3 ] DEBUG Engine               - urlLeaderboard: http://fxgl-top.herokuapp.com/
21:40:09.674 [FXGL Background Thread 3 ] DEBUG Engine               - urlPOM: https://raw.githubusercontent.com/AlmasB/FXGL/master/pom.xml
21:40:09.674 [FXGL Background Thread 3 ] DEBUG Engine               - version: 0.0
21:40:09.674 [FXGL Background Thread 3 ] DEBUG Engine               - versionCheckDays: 7
21:40:09.674 [FXGL Background Thread 3 ] DEBUG Engine               - width: 900
21:40:09.675 [FXGL Background Thread 3 ] DEBUG Engine               - Logging services
21:40:09.675 [FXGL Background Thread 3 ] DEBUG Engine               - class com.almasb.fxgl.app.FXGLApplication$GameApplicationService
21:40:09.675 [FXGL Background Thread 3 ] DEBUG Engine               - class com.almasb.fxgl.app.services.FXGLDialogService
21:40:09.675 [FXGL Background Thread 3 ] DEBUG Engine               - class com.almasb.fxgl.app.services.IOTaskExecutorService
21:40:09.675 [FXGL Background Thread 3 ] DEBUG Engine               - class com.almasb.fxgl.event.EventBusService
21:40:09.676 [FXGL Background Thread 3 ] DEBUG Engine               - class com.almasb.fxgl.io.FileSystemService
21:40:09.676 [FXGL Background Thread 3 ] DEBUG Engine               - class com.almasb.fxgl.localization.LocalizationService
21:40:09.676 [FXGL Background Thread 3 ] DEBUG Engine               - class com.almasb.fxgl.app.services.FXGLAssetLoaderService
21:40:09.676 [FXGL Background Thread 3 ] DEBUG Engine               - class com.almasb.fxgl.app.services.SystemBundleService
21:40:09.676 [FXGL Background Thread 3 ] DEBUG Engine               - class com.almasb.fxgl.profile.SaveLoadService
21:40:09.676 [FXGL Background Thread 3 ] DEBUG Engine               - class com.almasb.fxgl.ui.FXGLUIFactoryServiceProvider
21:40:09.676 [FXGL Background Thread 3 ] DEBUG Engine               - class com.almasb.fxgl.ui.FXGLDialogFactoryServiceProvider
21:40:09.676 [FXGL Background Thread 3 ] DEBUG Engine               - class com.almasb.fxgl.audio.AudioPlayer
21:40:09.677 [FXGL Background Thread 3 ] DEBUG Engine               - class com.almasb.fxgl.notification.impl.NotificationServiceProvider
21:40:09.677 [FXGL Background Thread 3 ] DEBUG Engine               - class com.almasb.fxgl.achievement.AchievementService
21:40:09.677 [FXGL Background Thread 3 ] DEBUG Engine               - class com.almasb.fxgl.cutscene.CutsceneService
21:40:09.677 [FXGL Background Thread 3 ] DEBUG Engine               - class com.almasb.fxgl.minigames.MiniGameService
21:40:09.677 [FXGL Background Thread 3 ] DEBUG Engine               - class com.almasb.fxgl.net.NetService
21:40:09.677 [FXGL Background Thread 3 ] DEBUG Engine               - class com.almasb.fxgl.app.services.UpdaterService
21:40:09.677 [FXGL Background Thread 3 ] DEBUG Engine               - class com.almasb.fxgl.dev.DevService
21:41:01.975 [JavaFX Application Thread] DEBUG FXGLApplication      - Exiting FXGL
21:41:01.976 [JavaFX Application Thread] DEBUG LoopRunner           - Stopping loop
21:41:01.976 [JavaFX Application Thread] DEBUG SystemBundleService  - Saving FXGL system data
21:41:01.983 [JavaFX Application Thread] DEBUG FileSystemAccess     - Writing to: /home/chintan/Downloads/game/system/fxgl.bundle
21:41:01.994 [JavaFX Application Thread] DEBUG Async                - Shutting down background threads
21:41:01.996 [JavaFX Application Thread] DEBUG MainWindow           - Closing main window
21:41:02.005 [JavaFX Application Thread] DEBUG Logger               - Closing Logger
