08:02:37.926 [main                     ] DEBUG Logger               - Configured Logger
08:02:37.947 [main                     ] DEBUG GameApplication      - Logging settings
Title: Color Switch 2
Version: 0.0
Width: 900
Height: 900
Fullscreen: false
Intro: false
Profiling: false
Single step:false
App Mode: DEVELOPER
Menu Key: ESCAPE
Stage Style: DECORATED
Scene Factory: class com.almasb.fxgl.app.scene.SceneFactory

08:02:38.524 [JavaFX Application Thread] DEBUG FXGLApplication      - Initializing FXGL
08:02:38.559 [JavaFX Application Thread] INFO  Engine               - FXGL-11.11 (08.09.2020 18.00) on LINUX (J:15.0.1 FX:14)
08:02:38.560 [JavaFX Application Thread] DEBUG Engine               - JRE Vendor Name: Oracle Corporation
08:02:38.561 [JavaFX Application Thread] DEBUG Engine               - Running on OS: Linux version 5.4.0-58-generic
08:02:38.561 [JavaFX Application Thread] DEBUG Engine               - Architecture: amd64
08:02:38.561 [JavaFX Application Thread] INFO  Engine               - Source code and latest versions at: https://github.com/AlmasB/FXGL
08:02:38.561 [JavaFX Application Thread] INFO  Engine               -              Join the FXGL chat at: https://gitter.im/AlmasB/FXGL
08:02:38.757 [JavaFX Application Thread] DEBUG MainWindow           - Creating a JavaFX scene
08:02:38.955 [JavaFX Application Thread] DEBUG MainWindow           - Target settings size: 900.0 x 900.0
08:02:38.957 [JavaFX Application Thread] DEBUG MainWindow           - Scaled scene size:    900.0 x 900.0
08:02:38.958 [JavaFX Application Thread] DEBUG MainWindow           - Scaled ratio: (1.0, 1.0)
08:02:38.959 [JavaFX Application Thread] DEBUG MainWindow           - Set initial scene to StartupScene
08:02:38.968 [JavaFX Application Thread] DEBUG MainWindow           - Opening main window
08:02:39.046 [JavaFX Application Thread] DEBUG MainWindow           - Window border size: (2.0, 29.0)
08:02:39.051 [JavaFX Application Thread] DEBUG MainWindow           - Scaled size: 900.0 x 900.0
08:02:39.051 [JavaFX Application Thread] DEBUG MainWindow           - Scaled ratio: (1.0, 1.0)
08:02:39.053 [JavaFX Application Thread] DEBUG MainWindow           - Scene size: 900.0 x 900.0
08:02:39.055 [JavaFX Application Thread] DEBUG MainWindow           - Stage size: 902.0 x 929.0
08:02:39.091 [FXGL Background Thread 1 ] DEBUG Engine               - Initializing environment variables
08:02:39.225 [FXGL Background Thread 1 ] DEBUG GameApplicationServi - Applying CSS: fxgl_dark.css
08:02:39.229 [FXGL Background Thread 1 ] DEBUG FXGLAssetLoaderServi - Loading from file system: /assets/ui/css/fxgl_dark.css
08:02:39.380 [FXGL Background Thread 1 ] DEBUG GameApplicationServi - Initializing application scenes
08:02:39.540 [FXGL Background Thread 1 ] DEBUG GameWorld            - Game world initialized
08:02:39.718 [FXGL Background Thread 1 ] DEBUG PhysicsWorld         - Physics world initialized: appHeight=900, physics.ppm=50.0
08:02:39.724 [FXGL Background Thread 1 ] DEBUG GameScene            - Game scene initialized: 900x900
08:02:39.790 [FXGL Background Thread 1 ] DEBUG FXGLAssetLoaderServi - Loading from file system: /assets/textures/particles/trace_horizontal.png
08:02:39.875 [FXGL Background Thread 1 ] DEBUG FXGL.DefaultMenu     - createMenuBodyMainMenu()
08:02:39.895 [FXGL Background Thread 1 ] DEBUG FXGL.DefaultMenu     - createOptionsMenu()
08:02:39.907 [FXGL Background Thread 1 ] DEBUG FXGLAssetLoaderServi - Loading from file system: /assets/textures/particles/smoke.png
08:02:40.005 [FXGL Background Thread 1 ] DEBUG FXGLAssetLoaderServi - Loading from cache: /assets/textures/particles/trace_horizontal.png@64.0x64.0
08:02:40.006 [FXGL Background Thread 1 ] DEBUG FXGL.DefaultMenu     - createMenuBodyGameMenu()
08:02:40.009 [FXGL Background Thread 1 ] DEBUG FXGL.DefaultMenu     - createOptionsMenu()
08:02:40.014 [FXGL Background Thread 1 ] DEBUG FXGLAssetLoaderServi - Loading from cache: /assets/textures/particles/smoke.png@128.0x128.0
08:02:40.068 [FXGL Background Thread 1 ] DEBUG GameApplicationServi - Application scenes initialized
08:02:40.079 [FXGL Background Thread 1 ] DEBUG SystemBundleService  - Loading FXGL system data
08:02:40.091 [FXGL Background Thread 1 ] DEBUG FileSystemAccess     - Reading from: /home/chintan/Downloads/game/system/fxgl.bundle
08:02:40.102 [FXGL Background Thread 1 ] DEBUG SystemBundleService  - Bundle FXGL: {}
08:02:40.102 [FXGL Background Thread 1 ] DEBUG UpdaterService       - Checking for updates
08:02:40.124 [FXGL Background Thread 1 ] DEBUG FXGLApplication      - Loading default localization
08:02:40.125 [FXGL Background Thread 1 ] DEBUG FXGLAssetLoaderServi - Loading from file system: /assets/languages/english.lang
08:02:40.124 [FXGL Background Thread 4 ] DEBUG FXGLApplication      - Loading fonts
08:02:40.126 [FXGL Background Thread 4 ] DEBUG FXGLAssetLoaderServi - Loading from file system: /assets/ui/fonts/VarelaRound-Regular.ttf
08:02:40.145 [FXGL Background Thread 1 ] INFO  FXGLApplication      - FXGL initialization took: 1.054 sec
08:02:40.167 [JavaFX Application Thread] DEBUG Input                - Registered new binding: Up - W
08:02:40.168 [JavaFX Application Thread] DEBUG FXGLAssetLoaderServi - Loading from file system: /assets/textures/fxgl_icon.png
08:02:40.171 [FXGL Background Thread 4 ] DEBUG FXGLAssetLoaderServi - Loading from file system: /assets/ui/fonts/Abel-Regular.ttf
08:02:40.174 [FXGL Background Thread 4 ] DEBUG FXGLAssetLoaderServi - Loading from file system: /assets/ui/fonts/lucida_console.ttf
08:02:40.194 [FXGL Background Thread 4 ] DEBUG FXGLAssetLoaderServi - Loading from file system: /assets/ui/fonts/Courier-Prime.ttf
08:02:40.279 [JavaFX Application Thread] DEBUG FXGLAssetLoaderServi - Loading from file system: /assets/ui/cursors/fxgl_default.png
08:02:40.282 [JavaFX Application Thread] DEBUG Input                - Registered new binding: Screenshot - P
08:02:40.282 [JavaFX Application Thread] DEBUG Input                - Registered new binding: System info dump - CTRL+9
08:02:40.286 [JavaFX Application Thread] DEBUG Input                - Registered new binding: Restart - CTRL+R
08:02:40.287 [JavaFX Application Thread] DEBUG Input                - Registered new binding: Toggle Debug Camera - CTRL+C
08:02:40.292 [JavaFX Application Thread] DEBUG LoopRunner           - Starting loop
08:02:40.316 [JavaFX Application Thread] DEBUG Input                - Clearing active input actions
08:02:40.343 [JavaFX Application Thread] DEBUG GameApplicationServi - Removing overlay from StartupScene and adding to FXGLMainMenuDummyScene
08:02:40.343 [JavaFX Application Thread] DEBUG MainWindow           - StartupScene -> FXGLMainMenuDummyScene
08:02:40.344 [JavaFX Application Thread] DEBUG MainWindow           - Push state: FXGLDefaultMenu
08:02:40.349 [JavaFX Application Thread] DEBUG Input                - Clearing active input actions
08:02:40.359 [JavaFX Application Thread] DEBUG GameApplicationServi - Removing overlay from FXGLMainMenuDummyScene and adding to FXGLDefaultMenu
08:02:40.362 [JavaFX Application Thread] DEBUG MainWindow           - FXGLMainMenuDummyScene -> FXGLDefaultMenu
08:02:40.363 [JavaFX Application Thread] DEBUG FXGLApplication      - Registering font factories with UI factory
08:02:41.098 [FXGL Background Thread 2 ] INFO  UpdaterService       - Your current version:  11.11
08:02:41.098 [FXGL Background Thread 2 ] INFO  UpdaterService       - Latest stable version: dev-SNAPSHOT
08:02:41.113 [JavaFX Application Thread] DEBUG Menu                 - fireNewGame()
08:02:41.113 [JavaFX Application Thread] DEBUG GameApplicationServi - Starting new game
08:02:41.118 [JavaFX Application Thread] DEBUG MainWindow           - Pop state: FXGLDefaultMenu
08:02:41.118 [JavaFX Application Thread] DEBUG Input                - Clearing active input actions
08:02:41.120 [JavaFX Application Thread] DEBUG GameApplicationServi - Removing overlay from FXGLDefaultMenu and adding to FXGLMainMenuDummyScene
08:02:41.121 [JavaFX Application Thread] DEBUG MainWindow           - FXGLMainMenuDummyScene <- FXGLDefaultMenu
08:02:41.122 [JavaFX Application Thread] DEBUG Input                - Clearing active input actions
08:02:41.131 [JavaFX Application Thread] DEBUG GameApplicationServi - Removing overlay from FXGLMainMenuDummyScene and adding to FXGLLoadingScene
08:02:41.132 [JavaFX Application Thread] DEBUG MainWindow           - FXGLMainMenuDummyScene -> FXGLLoadingScene
08:02:41.132 [JavaFX Application Thread] DEBUG GameApplicationServi - Clearing previous game
08:02:41.132 [JavaFX Application Thread] DEBUG GameScene            - Clearing game scene
08:02:41.132 [JavaFX Application Thread] DEBUG GameWorld            - Clearing game world
08:02:41.133 [JavaFX Application Thread] DEBUG PhysicsWorld         - Clearing physics world
08:02:41.134 [FXGL Background Thread 2 ] DEBUG FXGLApplication      - Initializing game
08:02:41.209 [FXGL Background Thread 2 ] DEBUG FXGLAssetLoaderServi - Loading from file system: /assets/textures/star.png
08:02:41.216 [FXGL Background Thread 2 ] DEBUG FXGLAssetLoaderServi - Loading from cache: /assets/textures/star.png
08:02:41.217 [FXGL Background Thread 2 ] DEBUG FXGLAssetLoaderServi - Loading from cache: /assets/textures/star.png
08:02:41.222 [FXGL Background Thread 2 ] DEBUG FXGLAssetLoaderServi - Loading from cache: /assets/textures/star.png
08:02:41.224 [FXGL Background Thread 2 ] DEBUG FXGLAssetLoaderServi - Loading from cache: /assets/textures/star.png
08:02:41.230 [FXGL Background Thread 2 ] INFO  FXGLApplication      - Game initialization took: 0.095 sec
08:02:41.231 [JavaFX Application Thread] DEBUG Input                - Clearing active input actions
08:02:41.241 [JavaFX Application Thread] DEBUG GameApplicationServi - Removing overlay from FXGLLoadingScene and adding to GameScene
08:02:41.242 [JavaFX Application Thread] DEBUG MainWindow           - FXGLLoadingScene -> GameScene
08:02:43.109 [FXGL Background Thread 3 ] DEBUG Engine               - Logging environment variables
08:02:43.112 [FXGL Background Thread 3 ] DEBUG Engine               - achievements: []
08:02:43.113 [FXGL Background Thread 3 ] DEBUG Engine               - appIcon: fxgl_icon.png
08:02:43.116 [FXGL Background Thread 3 ] DEBUG Engine               - applicationMode: DEVELOPER
08:02:43.123 [FXGL Background Thread 3 ] DEBUG Engine               - cSSList: [fxgl_dark.css]
08:02:43.124 [FXGL Background Thread 3 ] DEBUG Engine               - configClass: Optional.empty
08:02:43.126 [FXGL Background Thread 3 ] DEBUG Engine               - credits: []
08:02:43.128 [FXGL Background Thread 3 ] DEBUG Engine               - devBBoxColorProperty: ObjectProperty [value: 0xff0000ff]
08:02:43.129 [FXGL Background Thread 3 ] DEBUG Engine               - devEnableDebugCameraProperty: BooleanProperty [value: false]
08:02:43.130 [FXGL Background Thread 3 ] DEBUG Engine               - devSensorColorProperty: ObjectProperty [value: 0xffff00ff]
08:02:43.130 [FXGL Background Thread 3 ] DEBUG Engine               - devShowBBoxProperty: BooleanProperty [value: false]
08:02:43.131 [FXGL Background Thread 3 ] DEBUG Engine               - devShowPositionProperty: BooleanProperty [value: false]
08:02:43.131 [FXGL Background Thread 3 ] DEBUG Engine               - enabledMenuItems: []
08:02:43.132 [FXGL Background Thread 3 ] DEBUG Engine               - engineServices: [class com.almasb.fxgl.app.FXGLApplication$GameApplicationService, class com.almasb.fxgl.app.services.FXGLDialogService, class com.almasb.fxgl.app.services.IOTaskExecutorService, class com.almasb.fxgl.event.EventBusService, class com.almasb.fxgl.io.FileSystemService, class com.almasb.fxgl.localization.LocalizationService, class com.almasb.fxgl.app.services.FXGLAssetLoaderService, class com.almasb.fxgl.app.services.SystemBundleService, class com.almasb.fxgl.profile.SaveLoadService, class com.almasb.fxgl.ui.FXGLUIFactoryServiceProvider, class com.almasb.fxgl.ui.FXGLDialogFactoryServiceProvider, class com.almasb.fxgl.audio.AudioPlayer, class com.almasb.fxgl.notification.impl.NotificationServiceProvider, class com.almasb.fxgl.achievement.AchievementService, class com.almasb.fxgl.cutscene.CutsceneService, class com.almasb.fxgl.minigames.MiniGameService, class com.almasb.fxgl.net.NetService, class com.almasb.fxgl.app.services.UpdaterService, class com.almasb.fxgl.dev.DevService]
08:02:43.133 [FXGL Background Thread 3 ] DEBUG Engine               - fontGame: Abel-Regular.ttf
08:02:43.136 [FXGL Background Thread 3 ] DEBUG Engine               - fontMono: lucida_console.ttf
08:02:43.139 [FXGL Background Thread 3 ] DEBUG Engine               - fontText: Courier-Prime.ttf
08:02:43.140 [FXGL Background Thread 3 ] DEBUG Engine               - fontUI: VarelaRound-Regular.ttf
08:02:43.141 [FXGL Background Thread 3 ] DEBUG Engine               - fullScreen: BooleanProperty [value: false]
08:02:43.141 [FXGL Background Thread 3 ] DEBUG Engine               - gameDifficulty: MEDIUM
08:02:43.141 [FXGL Background Thread 3 ] DEBUG Engine               - gameDifficultyProperty: ObjectProperty [value: MEDIUM]
08:02:43.142 [FXGL Background Thread 3 ] DEBUG Engine               - globalMusicVolume: 0.5
08:02:43.142 [FXGL Background Thread 3 ] DEBUG Engine               - globalMusicVolumeProperty: DoubleProperty [value: 0.5]
08:02:43.143 [FXGL Background Thread 3 ] DEBUG Engine               - globalSoundVolume: 0.5
08:02:43.143 [FXGL Background Thread 3 ] DEBUG Engine               - globalSoundVolumeProperty: DoubleProperty [value: 0.5]
08:02:43.144 [FXGL Background Thread 3 ] DEBUG Engine               - height: 900
08:02:43.144 [FXGL Background Thread 3 ] DEBUG Engine               - isAndroid: false
08:02:43.145 [FXGL Background Thread 3 ] DEBUG Engine               - isBrowser: false
08:02:43.145 [FXGL Background Thread 3 ] DEBUG Engine               - isClickFeedbackEnabled: false
08:02:43.145 [FXGL Background Thread 3 ] DEBUG Engine               - isCloseConfirmation: false
08:02:43.146 [FXGL Background Thread 3 ] DEBUG Engine               - isDesktop: true
08:02:43.146 [FXGL Background Thread 3 ] DEBUG Engine               - isDeveloperMenuEnabled: false
08:02:43.147 [FXGL Background Thread 3 ] DEBUG Engine               - isEntityPreloadEnabled: true
08:02:43.147 [FXGL Background Thread 3 ] DEBUG Engine               - isExperimentalNative: false
08:02:43.147 [FXGL Background Thread 3 ] DEBUG Engine               - isExperimentalTiledLargeMap: false
08:02:43.148 [FXGL Background Thread 3 ] DEBUG Engine               - isFileSystemWriteAllowed: true
08:02:43.148 [FXGL Background Thread 3 ] DEBUG Engine               - isFullScreenAllowed: false
08:02:43.148 [FXGL Background Thread 3 ] DEBUG Engine               - isFullScreenFromStart: false
08:02:43.149 [FXGL Background Thread 3 ] DEBUG Engine               - isGameMenuEnabled: true
08:02:43.149 [FXGL Background Thread 3 ] DEBUG Engine               - isIOS: false
08:02:43.149 [FXGL Background Thread 3 ] DEBUG Engine               - isIntroEnabled: false
08:02:43.150 [FXGL Background Thread 3 ] DEBUG Engine               - isLinux: true
08:02:43.150 [FXGL Background Thread 3 ] DEBUG Engine               - isMac: false
08:02:43.150 [FXGL Background Thread 3 ] DEBUG Engine               - isMainMenuEnabled: true
08:02:43.151 [FXGL Background Thread 3 ] DEBUG Engine               - isManualResizeEnabled: false
08:02:43.151 [FXGL Background Thread 3 ] DEBUG Engine               - isMobile: false
08:02:43.151 [FXGL Background Thread 3 ] DEBUG Engine               - isPreserveResizeRatio: false
08:02:43.156 [FXGL Background Thread 3 ] DEBUG Engine               - isProfilingEnabled: false
08:02:43.157 [FXGL Background Thread 3 ] DEBUG Engine               - isSingleStep: false
08:02:43.157 [FXGL Background Thread 3 ] DEBUG Engine               - isUserProfileEnabled: false
08:02:43.157 [FXGL Background Thread 3 ] DEBUG Engine               - isWindows: false
08:02:43.157 [FXGL Background Thread 3 ] DEBUG Engine               - language: ObjectProperty [value: ENGLISH]
08:02:43.157 [FXGL Background Thread 3 ] DEBUG Engine               - menuKey: ESCAPE
08:02:43.157 [FXGL Background Thread 3 ] DEBUG Engine               - notificationViewClass: class com.almasb.fxgl.notification.view.XboxNotificationView
08:02:43.158 [FXGL Background Thread 3 ] DEBUG Engine               - pixelsPerMeter: 50.0
08:02:43.158 [FXGL Background Thread 3 ] DEBUG Engine               - platform: LINUX
08:02:43.158 [FXGL Background Thread 3 ] DEBUG Engine               - profileDir: profiles/
08:02:43.158 [FXGL Background Thread 3 ] DEBUG Engine               - profileName: StringProperty [value: DEFAULT]
08:02:43.158 [FXGL Background Thread 3 ] DEBUG Engine               - randomSeed: -1
08:02:43.158 [FXGL Background Thread 3 ] DEBUG Engine               - runtimeInfo: RuntimeInfo(platform=LINUX, version=11.11, build=08.09.2020 18.00)
08:02:43.159 [FXGL Background Thread 3 ] DEBUG Engine               - saveFileExt: sav
08:02:43.159 [FXGL Background Thread 3 ] DEBUG Engine               - sceneFactory: com.almasb.fxgl.app.scene.SceneFactory@58d3188
08:02:43.159 [FXGL Background Thread 3 ] DEBUG Engine               - secondsIn24h: 60
08:02:43.159 [FXGL Background Thread 3 ] DEBUG Engine               - soundMenuBack: menu/back.wav
08:02:43.159 [FXGL Background Thread 3 ] DEBUG Engine               - soundMenuPress: menu/press.wav
08:02:43.159 [FXGL Background Thread 3 ] DEBUG Engine               - soundMenuSelect: menu/select.wav
08:02:43.160 [FXGL Background Thread 3 ] DEBUG Engine               - soundNotification: core/notification.wav
08:02:43.160 [FXGL Background Thread 3 ] DEBUG Engine               - stageStyle: DECORATED
08:02:43.160 [FXGL Background Thread 3 ] DEBUG Engine               - supportedLanguages: [ENGLISH, FRENCH, GERMAN, HUNGARIAN, RUSSIAN]
08:02:43.160 [FXGL Background Thread 3 ] DEBUG Engine               - title: Color Switch 2
08:02:43.160 [FXGL Background Thread 3 ] DEBUG Engine               - urlGithub: https://github.com/AlmasB/FXGL
08:02:43.160 [FXGL Background Thread 3 ] DEBUG Engine               - urlLeaderboard: http://fxgl-top.herokuapp.com/
08:02:43.160 [FXGL Background Thread 3 ] DEBUG Engine               - urlPOM: https://raw.githubusercontent.com/AlmasB/FXGL/master/pom.xml
08:02:43.161 [FXGL Background Thread 3 ] DEBUG Engine               - version: 0.0
08:02:43.161 [FXGL Background Thread 3 ] DEBUG Engine               - versionCheckDays: 7
08:02:43.161 [FXGL Background Thread 3 ] DEBUG Engine               - width: 900
08:02:43.161 [FXGL Background Thread 3 ] DEBUG Engine               - Logging services
08:02:43.161 [FXGL Background Thread 3 ] DEBUG Engine               - class com.almasb.fxgl.app.FXGLApplication$GameApplicationService
08:02:43.161 [FXGL Background Thread 3 ] DEBUG Engine               - class com.almasb.fxgl.app.services.FXGLDialogService
08:02:43.161 [FXGL Background Thread 3 ] DEBUG Engine               - class com.almasb.fxgl.app.services.IOTaskExecutorService
08:02:43.161 [FXGL Background Thread 3 ] DEBUG Engine               - class com.almasb.fxgl.event.EventBusService
08:02:43.162 [FXGL Background Thread 3 ] DEBUG Engine               - class com.almasb.fxgl.io.FileSystemService
08:02:43.162 [FXGL Background Thread 3 ] DEBUG Engine               - class com.almasb.fxgl.localization.LocalizationService
08:02:43.162 [FXGL Background Thread 3 ] DEBUG Engine               - class com.almasb.fxgl.app.services.FXGLAssetLoaderService
08:02:43.162 [FXGL Background Thread 3 ] DEBUG Engine               - class com.almasb.fxgl.app.services.SystemBundleService
08:02:43.162 [FXGL Background Thread 3 ] DEBUG Engine               - class com.almasb.fxgl.profile.SaveLoadService
08:02:43.162 [FXGL Background Thread 3 ] DEBUG Engine               - class com.almasb.fxgl.ui.FXGLUIFactoryServiceProvider
08:02:43.162 [FXGL Background Thread 3 ] DEBUG Engine               - class com.almasb.fxgl.ui.FXGLDialogFactoryServiceProvider
08:02:43.163 [FXGL Background Thread 3 ] DEBUG Engine               - class com.almasb.fxgl.audio.AudioPlayer
08:02:43.163 [FXGL Background Thread 3 ] DEBUG Engine               - class com.almasb.fxgl.notification.impl.NotificationServiceProvider
08:02:43.163 [FXGL Background Thread 3 ] DEBUG Engine               - class com.almasb.fxgl.achievement.AchievementService
08:02:43.163 [FXGL Background Thread 3 ] DEBUG Engine               - class com.almasb.fxgl.cutscene.CutsceneService
08:02:43.163 [FXGL Background Thread 3 ] DEBUG Engine               - class com.almasb.fxgl.minigames.MiniGameService
08:02:43.163 [FXGL Background Thread 3 ] DEBUG Engine               - class com.almasb.fxgl.net.NetService
08:02:43.163 [FXGL Background Thread 3 ] DEBUG Engine               - class com.almasb.fxgl.app.services.UpdaterService
08:02:43.164 [FXGL Background Thread 3 ] DEBUG Engine               - class com.almasb.fxgl.dev.DevService
08:02:46.561 [JavaFX Application Thread] DEBUG LoopRunner           - Stopping loop
08:02:46.563 [JavaFX Application Thread] FATAL FXGLApplication      - Uncaught Exception:
java.lang.NullPointerException: Cannot invoke "com.almasb.fxgl.entity.Entity.translateY(double)" because the return value of "sample.ObstacleComponent.getEntity()" is null
	at sample.Main$1.onAction(Main.java:67)
	at com.almasb.fxgl.input.UserAction.action$fxgl_input(UserAction.kt:38)
	at com.almasb.fxgl.input.Input.update(Input.kt:182)
	at com.almasb.fxgl.scene.Scene.update(Scene.kt:76)
	at com.almasb.fxgl.app.MainWindow$update$1.invoke(MainWindow.kt:219)
	at com.almasb.fxgl.app.MainWindow$update$1.invoke(MainWindow.kt:40)
	at com.almasb.fxgl.core.fsm.StateMachine.runOnActiveStates(StateMachine.kt:60)
	at com.almasb.fxgl.app.MainWindow.update(MainWindow.kt:219)
	at com.almasb.fxgl.app.FXGLApplication$GameApplicationService.onUpdate(FXGLApplication.kt:400)
	at com.almasb.fxgl.app.Engine.loop(Engine.kt:130)
	at com.almasb.fxgl.app.Engine.access$loop(Engine.kt:24)
	at com.almasb.fxgl.app.Engine$loop$1.invoke(Engine.kt:28)
	at com.almasb.fxgl.app.Engine$loop$1.invoke(Engine.kt:24)
	at com.almasb.fxgl.app.LoopRunner.frame(LoopRunner.kt:86)
	at com.almasb.fxgl.app.LoopRunner.access$frame(LoopRunner.kt:17)
	at com.almasb.fxgl.app.LoopRunner$impl$2$1.handle(LoopRunner.kt:37)
	at javafx.animation.AnimationTimer$AnimationTimerReceiver.lambda$handle$0(AnimationTimer.java:57)
	at java.base/java.security.AccessController.doPrivileged(AccessController.java:391)
	at javafx.animation.AnimationTimer$AnimationTimerReceiver.handle(AnimationTimer.java:56)
	at com.sun.scenario.animation.AbstractMasterTimer.timePulseImpl(AbstractMasterTimer.java:357)
	at com.sun.scenario.animation.AbstractMasterTimer$MainLoop.run(AbstractMasterTimer.java:267)
	at com.sun.javafx.tk.quantum.QuantumToolkit.pulse(QuantumToolkit.java:559)
	at com.sun.javafx.tk.quantum.QuantumToolkit.pulse(QuantumToolkit.java:543)
	at com.sun.javafx.tk.quantum.QuantumToolkit.pulseFromQueue(QuantumToolkit.java:536)
	at com.sun.javafx.tk.quantum.QuantumToolkit.lambda$runToolkit$11(QuantumToolkit.java:342)
	at com.sun.glass.ui.InvokeLaterDispatcher$Future.run(InvokeLaterDispatcher.java:96)
	at com.sun.glass.ui.gtk.GtkApplication._runLoop(Native Method)
	at com.sun.glass.ui.gtk.GtkApplication.lambda$runLoop$11(GtkApplication.java:277)
	at java.base/java.lang.Thread.run(Thread.java:832)

08:02:46.563 [JavaFX Application Thread] FATAL FXGLApplication      - Application will now exit
08:02:46.579 [JavaFX Application Thread] DEBUG MainWindow           - Push state: ErrorSubScene
08:02:46.580 [JavaFX Application Thread] DEBUG Input                - Clearing active input actions
08:02:46.583 [JavaFX Application Thread] DEBUG GameApplicationServi - Removing overlay from GameScene and adding to ErrorSubScene
08:02:46.589 [JavaFX Application Thread] DEBUG MainWindow           - GameScene -> ErrorSubScene
08:02:55.460 [JavaFX Application Thread] DEBUG FXGLApplication      - Exiting FXGL
08:02:55.461 [JavaFX Application Thread] DEBUG Async                - Shutting down background threads
08:02:55.461 [JavaFX Application Thread] DEBUG MainWindow           - Closing main window
08:02:55.466 [JavaFX Application Thread] DEBUG Logger               - Closing Logger
