21:20:36.061 [main                     ] DEBUG Logger               - Configured Logger
21:20:36.079 [main                     ] DEBUG GameApplication      - Logging settings
Title: Color Switch 2
Version: 0.0
Width: 900
Height: 900
Fullscreen: false
Intro: false
Profiling: false
Single step:false
App Mode: DEVELOPER
Menu Key: ESCAPE
Stage Style: DECORATED
Scene Factory: class com.almasb.fxgl.app.scene.SceneFactory

21:20:36.598 [JavaFX Application Thread] DEBUG FXGLApplication      - Initializing FXGL
21:20:36.613 [JavaFX Application Thread] INFO  Engine               - FXGL-11.11 (08.09.2020 18.00) on LINUX (J:15.0.1 FX:14)
21:20:36.613 [JavaFX Application Thread] DEBUG Engine               - JRE Vendor Name: Oracle Corporation
21:20:36.614 [JavaFX Application Thread] DEBUG Engine               - Running on OS: Linux version 5.4.0-58-generic
21:20:36.615 [JavaFX Application Thread] DEBUG Engine               - Architecture: amd64
21:20:36.615 [JavaFX Application Thread] INFO  Engine               - Source code and latest versions at: https://github.com/AlmasB/FXGL
21:20:36.615 [JavaFX Application Thread] INFO  Engine               -              Join the FXGL chat at: https://gitter.im/AlmasB/FXGL
21:20:36.770 [JavaFX Application Thread] DEBUG MainWindow           - Creating a JavaFX scene
21:20:36.920 [JavaFX Application Thread] DEBUG MainWindow           - Target settings size: 900.0 x 900.0
21:20:36.920 [JavaFX Application Thread] DEBUG MainWindow           - Scaled scene size:    900.0 x 900.0
21:20:36.920 [JavaFX Application Thread] DEBUG MainWindow           - Scaled ratio: (1.0, 1.0)
21:20:36.922 [JavaFX Application Thread] DEBUG MainWindow           - Set initial scene to StartupScene
21:20:36.929 [JavaFX Application Thread] DEBUG MainWindow           - Opening main window
21:20:36.987 [JavaFX Application Thread] DEBUG MainWindow           - Window border size: (2.0, 29.0)
21:20:36.987 [JavaFX Application Thread] DEBUG MainWindow           - Scaled size: 900.0 x 900.0
21:20:36.988 [JavaFX Application Thread] DEBUG MainWindow           - Scaled ratio: (1.0, 1.0)
21:20:36.988 [JavaFX Application Thread] DEBUG MainWindow           - Scene size: 900.0 x 900.0
21:20:36.989 [JavaFX Application Thread] DEBUG MainWindow           - Stage size: 902.0 x 929.0
21:20:37.002 [FXGL Background Thread 1 ] DEBUG Engine               - Initializing environment variables
21:20:37.046 [FXGL Background Thread 1 ] DEBUG GameApplicationServi - Applying CSS: fxgl_dark.css
21:20:37.046 [FXGL Background Thread 1 ] DEBUG FXGLAssetLoaderServi - Loading from file system: /assets/ui/css/fxgl_dark.css
21:20:37.167 [FXGL Background Thread 1 ] DEBUG GameApplicationServi - Initializing application scenes
21:20:37.244 [FXGL Background Thread 1 ] DEBUG GameWorld            - Game world initialized
21:20:37.314 [FXGL Background Thread 1 ] DEBUG PhysicsWorld         - Physics world initialized: appHeight=900, physics.ppm=50.0
21:20:37.316 [FXGL Background Thread 1 ] DEBUG GameScene            - Game scene initialized: 900x900
21:20:37.350 [FXGL Background Thread 1 ] DEBUG FXGLAssetLoaderServi - Loading from file system: /assets/textures/particles/trace_horizontal.png
21:20:37.419 [FXGL Background Thread 1 ] DEBUG FXGL.DefaultMenu     - createMenuBodyMainMenu()
21:20:37.435 [FXGL Background Thread 1 ] DEBUG FXGL.DefaultMenu     - createOptionsMenu()
21:20:37.440 [FXGL Background Thread 1 ] DEBUG FXGLAssetLoaderServi - Loading from file system: /assets/textures/particles/smoke.png
21:20:37.496 [FXGL Background Thread 1 ] DEBUG FXGLAssetLoaderServi - Loading from cache: /assets/textures/particles/trace_horizontal.png@64.0x64.0
21:20:37.497 [FXGL Background Thread 1 ] DEBUG FXGL.DefaultMenu     - createMenuBodyGameMenu()
21:20:37.499 [FXGL Background Thread 1 ] DEBUG FXGL.DefaultMenu     - createOptionsMenu()
21:20:37.501 [FXGL Background Thread 1 ] DEBUG FXGLAssetLoaderServi - Loading from cache: /assets/textures/particles/smoke.png@128.0x128.0
21:20:37.518 [FXGL Background Thread 1 ] DEBUG GameApplicationServi - Application scenes initialized
21:20:37.526 [FXGL Background Thread 1 ] DEBUG SystemBundleService  - Loading FXGL system data
21:20:37.529 [FXGL Background Thread 1 ] DEBUG FileSystemAccess     - Reading from: /home/chintan/Downloads/game/system/fxgl.bundle
21:20:37.535 [FXGL Background Thread 1 ] DEBUG SystemBundleService  - Bundle FXGL: {}
21:20:37.535 [FXGL Background Thread 1 ] DEBUG UpdaterService       - Checking for updates
21:20:37.541 [FXGL Background Thread 1 ] DEBUG FXGLApplication      - Loading default localization
21:20:37.541 [FXGL Background Thread 1 ] DEBUG FXGLAssetLoaderServi - Loading from file system: /assets/languages/english.lang
21:20:37.540 [FXGL Background Thread 4 ] DEBUG FXGLApplication      - Loading fonts
21:20:37.543 [FXGL Background Thread 4 ] DEBUG FXGLAssetLoaderServi - Loading from file system: /assets/ui/fonts/VarelaRound-Regular.ttf
21:20:37.560 [FXGL Background Thread 4 ] DEBUG FXGLAssetLoaderServi - Loading from file system: /assets/ui/fonts/Abel-Regular.ttf
21:20:37.563 [FXGL Background Thread 4 ] DEBUG FXGLAssetLoaderServi - Loading from file system: /assets/ui/fonts/lucida_console.ttf
21:20:37.567 [FXGL Background Thread 4 ] DEBUG FXGLAssetLoaderServi - Loading from file system: /assets/ui/fonts/Courier-Prime.ttf
21:20:37.568 [FXGL Background Thread 1 ] INFO  FXGLApplication      - FXGL initialization took: 0.566 sec
21:20:37.578 [JavaFX Application Thread] DEBUG Input                - Registered new binding: Up - W
21:20:37.578 [JavaFX Application Thread] DEBUG Input                - Registered new binding: action0 - F
21:20:37.579 [JavaFX Application Thread] DEBUG FXGLAssetLoaderServi - Loading from file system: /assets/textures/fxgl_icon.png
21:20:37.616 [JavaFX Application Thread] DEBUG FXGLAssetLoaderServi - Loading from file system: /assets/ui/cursors/fxgl_default.png
21:20:37.620 [JavaFX Application Thread] DEBUG Input                - Registered new binding: Screenshot - P
21:20:37.620 [JavaFX Application Thread] DEBUG Input                - Registered new binding: System info dump - CTRL+9
21:20:37.621 [JavaFX Application Thread] DEBUG Input                - Registered new binding: Restart - CTRL+R
21:20:37.622 [JavaFX Application Thread] DEBUG Input                - Registered new binding: Toggle Debug Camera - CTRL+C
21:20:37.625 [JavaFX Application Thread] DEBUG LoopRunner           - Starting loop
21:20:37.627 [JavaFX Application Thread] DEBUG Input                - Clearing active input actions
21:20:37.637 [JavaFX Application Thread] DEBUG GameApplicationServi - Removing overlay from StartupScene and adding to FXGLMainMenuDummyScene
21:20:37.637 [JavaFX Application Thread] DEBUG MainWindow           - StartupScene -> FXGLMainMenuDummyScene
21:20:37.638 [JavaFX Application Thread] DEBUG MainWindow           - Push state: FXGLDefaultMenu
21:20:37.643 [JavaFX Application Thread] DEBUG Input                - Clearing active input actions
21:20:37.660 [JavaFX Application Thread] DEBUG GameApplicationServi - Removing overlay from FXGLMainMenuDummyScene and adding to FXGLDefaultMenu
21:20:37.660 [JavaFX Application Thread] DEBUG MainWindow           - FXGLMainMenuDummyScene -> FXGLDefaultMenu
21:20:37.661 [JavaFX Application Thread] DEBUG FXGLApplication      - Registering font factories with UI factory
21:20:38.325 [FXGL Background Thread 2 ] INFO  UpdaterService       - Your current version:  11.11
21:20:38.326 [FXGL Background Thread 2 ] INFO  UpdaterService       - Latest stable version: dev-SNAPSHOT
21:20:38.330 [JavaFX Application Thread] DEBUG Menu                 - fireNewGame()
21:20:38.330 [JavaFX Application Thread] DEBUG GameApplicationServi - Starting new game
21:20:38.340 [JavaFX Application Thread] DEBUG MainWindow           - Pop state: FXGLDefaultMenu
21:20:38.340 [JavaFX Application Thread] DEBUG Input                - Clearing active input actions
21:20:38.341 [JavaFX Application Thread] DEBUG GameApplicationServi - Removing overlay from FXGLDefaultMenu and adding to FXGLMainMenuDummyScene
21:20:38.342 [JavaFX Application Thread] DEBUG MainWindow           - FXGLMainMenuDummyScene <- FXGLDefaultMenu
21:20:38.342 [JavaFX Application Thread] DEBUG Input                - Clearing active input actions
21:20:38.353 [JavaFX Application Thread] DEBUG GameApplicationServi - Removing overlay from FXGLMainMenuDummyScene and adding to FXGLLoadingScene
21:20:38.354 [JavaFX Application Thread] DEBUG MainWindow           - FXGLMainMenuDummyScene -> FXGLLoadingScene
21:20:38.354 [JavaFX Application Thread] DEBUG GameApplicationServi - Clearing previous game
21:20:38.354 [JavaFX Application Thread] DEBUG GameScene            - Clearing game scene
21:20:38.354 [JavaFX Application Thread] DEBUG GameWorld            - Clearing game world
21:20:38.355 [JavaFX Application Thread] DEBUG PhysicsWorld         - Clearing physics world
21:20:38.356 [FXGL Background Thread 2 ] DEBUG FXGLApplication      - Initializing game
21:20:38.387 [FXGL Background Thread 2 ] DEBUG FXGLAssetLoaderServi - Loading from file system: /assets/textures/star.png
21:20:38.395 [FXGL Background Thread 2 ] DEBUG FXGLAssetLoaderServi - Loading from cache: /assets/textures/star.png
21:20:38.396 [FXGL Background Thread 2 ] DEBUG FXGLAssetLoaderServi - Loading from cache: /assets/textures/star.png
21:20:38.398 [FXGL Background Thread 2 ] DEBUG FXGLAssetLoaderServi - Loading from cache: /assets/textures/star.png
21:20:38.399 [FXGL Background Thread 2 ] DEBUG FXGLAssetLoaderServi - Loading from cache: /assets/textures/star.png
21:20:38.413 [FXGL Background Thread 2 ] DEBUG FXGLAssetLoaderServi - Loading from file system: /assets/textures/heart1.png
21:20:38.449 [FXGL Background Thread 2 ] DEBUG FXGLAssetLoaderServi - Loading from cache: /assets/textures/heart1.png
21:20:38.450 [FXGL Background Thread 2 ] DEBUG FXGLAssetLoaderServi - Loading from cache: /assets/textures/heart1.png
21:20:38.450 [FXGL Background Thread 2 ] DEBUG FXGLAssetLoaderServi - Loading from cache: /assets/textures/heart1.png
21:20:38.451 [FXGL Background Thread 2 ] DEBUG FXGLAssetLoaderServi - Loading from cache: /assets/textures/heart1.png
21:20:38.455 [FXGL Background Thread 2 ] INFO  FXGLApplication      - Game initialization took: 0.099 sec
21:20:38.456 [JavaFX Application Thread] DEBUG Input                - Clearing active input actions
21:20:38.466 [JavaFX Application Thread] DEBUG GameApplicationServi - Removing overlay from FXGLLoadingScene and adding to GameScene
21:20:38.467 [JavaFX Application Thread] DEBUG MainWindow           - FXGLLoadingScene -> GameScene
21:20:39.755 [JavaFX Application Thread] DEBUG FXGLAssetLoaderServi - Loading from cache: /assets/textures/star.png
21:20:39.756 [JavaFX Application Thread] DEBUG FXGLAssetLoaderServi - Loading from cache: /assets/textures/star.png
21:20:39.756 [JavaFX Application Thread] DEBUG FXGLAssetLoaderServi - Loading from cache: /assets/textures/star.png
21:20:39.757 [JavaFX Application Thread] DEBUG FXGLAssetLoaderServi - Loading from cache: /assets/textures/star.png
21:20:39.758 [JavaFX Application Thread] DEBUG FXGLAssetLoaderServi - Loading from cache: /assets/textures/star.png
21:20:39.759 [JavaFX Application Thread] DEBUG FXGLAssetLoaderServi - Loading from cache: /assets/textures/heart1.png
21:20:39.760 [JavaFX Application Thread] DEBUG FXGLAssetLoaderServi - Loading from cache: /assets/textures/heart1.png
21:20:39.760 [JavaFX Application Thread] DEBUG FXGLAssetLoaderServi - Loading from cache: /assets/textures/heart1.png
21:20:39.761 [JavaFX Application Thread] DEBUG FXGLAssetLoaderServi - Loading from cache: /assets/textures/heart1.png
21:20:39.763 [JavaFX Application Thread] DEBUG FXGLAssetLoaderServi - Loading from cache: /assets/textures/heart1.png
21:20:40.538 [FXGL Background Thread 3 ] DEBUG Engine               - Logging environment variables
21:20:40.538 [FXGL Background Thread 3 ] DEBUG Engine               - achievements: []
21:20:40.538 [FXGL Background Thread 3 ] DEBUG Engine               - appIcon: fxgl_icon.png
21:20:40.539 [FXGL Background Thread 3 ] DEBUG Engine               - applicationMode: DEVELOPER
21:20:40.539 [FXGL Background Thread 3 ] DEBUG Engine               - cSSList: [fxgl_dark.css]
21:20:40.539 [FXGL Background Thread 3 ] DEBUG Engine               - configClass: Optional.empty
21:20:40.539 [FXGL Background Thread 3 ] DEBUG Engine               - credits: []
21:20:40.539 [FXGL Background Thread 3 ] DEBUG Engine               - devBBoxColorProperty: ObjectProperty [value: 0xff0000ff]
21:20:40.539 [FXGL Background Thread 3 ] DEBUG Engine               - devEnableDebugCameraProperty: BooleanProperty [value: false]
21:20:40.540 [FXGL Background Thread 3 ] DEBUG Engine               - devSensorColorProperty: ObjectProperty [value: 0xffff00ff]
21:20:40.540 [FXGL Background Thread 3 ] DEBUG Engine               - devShowBBoxProperty: BooleanProperty [value: false]
21:20:40.540 [FXGL Background Thread 3 ] DEBUG Engine               - devShowPositionProperty: BooleanProperty [value: false]
21:20:40.540 [FXGL Background Thread 3 ] DEBUG Engine               - enabledMenuItems: []
21:20:40.540 [FXGL Background Thread 3 ] DEBUG Engine               - engineServices: [class com.almasb.fxgl.app.FXGLApplication$GameApplicationService, class com.almasb.fxgl.app.services.FXGLDialogService, class com.almasb.fxgl.app.services.IOTaskExecutorService, class com.almasb.fxgl.event.EventBusService, class com.almasb.fxgl.io.FileSystemService, class com.almasb.fxgl.localization.LocalizationService, class com.almasb.fxgl.app.services.FXGLAssetLoaderService, class com.almasb.fxgl.app.services.SystemBundleService, class com.almasb.fxgl.profile.SaveLoadService, class com.almasb.fxgl.ui.FXGLUIFactoryServiceProvider, class com.almasb.fxgl.ui.FXGLDialogFactoryServiceProvider, class com.almasb.fxgl.audio.AudioPlayer, class com.almasb.fxgl.notification.impl.NotificationServiceProvider, class com.almasb.fxgl.achievement.AchievementService, class com.almasb.fxgl.cutscene.CutsceneService, class com.almasb.fxgl.minigames.MiniGameService, class com.almasb.fxgl.net.NetService, class com.almasb.fxgl.app.services.UpdaterService, class com.almasb.fxgl.dev.DevService]
21:20:40.541 [FXGL Background Thread 3 ] DEBUG Engine               - fontGame: Abel-Regular.ttf
21:20:40.541 [FXGL Background Thread 3 ] DEBUG Engine               - fontMono: lucida_console.ttf
21:20:40.541 [FXGL Background Thread 3 ] DEBUG Engine               - fontText: Courier-Prime.ttf
21:20:40.541 [FXGL Background Thread 3 ] DEBUG Engine               - fontUI: VarelaRound-Regular.ttf
21:20:40.542 [FXGL Background Thread 3 ] DEBUG Engine               - fullScreen: BooleanProperty [value: false]
21:20:40.542 [FXGL Background Thread 3 ] DEBUG Engine               - gameDifficulty: MEDIUM
21:20:40.542 [FXGL Background Thread 3 ] DEBUG Engine               - gameDifficultyProperty: ObjectProperty [value: MEDIUM]
21:20:40.542 [FXGL Background Thread 3 ] DEBUG Engine               - globalMusicVolume: 0.5
21:20:40.542 [FXGL Background Thread 3 ] DEBUG Engine               - globalMusicVolumeProperty: DoubleProperty [value: 0.5]
21:20:40.542 [FXGL Background Thread 3 ] DEBUG Engine               - globalSoundVolume: 0.5
21:20:40.543 [FXGL Background Thread 3 ] DEBUG Engine               - globalSoundVolumeProperty: DoubleProperty [value: 0.5]
21:20:40.543 [FXGL Background Thread 3 ] DEBUG Engine               - height: 900
21:20:40.543 [FXGL Background Thread 3 ] DEBUG Engine               - isAndroid: false
21:20:40.543 [FXGL Background Thread 3 ] DEBUG Engine               - isBrowser: false
21:20:40.543 [FXGL Background Thread 3 ] DEBUG Engine               - isClickFeedbackEnabled: false
21:20:40.543 [FXGL Background Thread 3 ] DEBUG Engine               - isCloseConfirmation: false
21:20:40.544 [FXGL Background Thread 3 ] DEBUG Engine               - isDesktop: true
21:20:40.544 [FXGL Background Thread 3 ] DEBUG Engine               - isDeveloperMenuEnabled: false
21:20:40.544 [FXGL Background Thread 3 ] DEBUG Engine               - isEntityPreloadEnabled: true
21:20:40.544 [FXGL Background Thread 3 ] DEBUG Engine               - isExperimentalNative: false
21:20:40.544 [FXGL Background Thread 3 ] DEBUG Engine               - isExperimentalTiledLargeMap: false
21:20:40.544 [FXGL Background Thread 3 ] DEBUG Engine               - isFileSystemWriteAllowed: true
21:20:40.544 [FXGL Background Thread 3 ] DEBUG Engine               - isFullScreenAllowed: false
21:20:40.544 [FXGL Background Thread 3 ] DEBUG Engine               - isFullScreenFromStart: false
21:20:40.545 [FXGL Background Thread 3 ] DEBUG Engine               - isGameMenuEnabled: true
21:20:40.545 [FXGL Background Thread 3 ] DEBUG Engine               - isIOS: false
21:20:40.545 [FXGL Background Thread 3 ] DEBUG Engine               - isIntroEnabled: false
21:20:40.545 [FXGL Background Thread 3 ] DEBUG Engine               - isLinux: true
21:20:40.545 [FXGL Background Thread 3 ] DEBUG Engine               - isMac: false
21:20:40.545 [FXGL Background Thread 3 ] DEBUG Engine               - isMainMenuEnabled: true
21:20:40.546 [FXGL Background Thread 3 ] DEBUG Engine               - isManualResizeEnabled: false
21:20:40.546 [FXGL Background Thread 3 ] DEBUG Engine               - isMobile: false
21:20:40.546 [FXGL Background Thread 3 ] DEBUG Engine               - isPreserveResizeRatio: false
21:20:40.546 [FXGL Background Thread 3 ] DEBUG Engine               - isProfilingEnabled: false
21:20:40.546 [FXGL Background Thread 3 ] DEBUG Engine               - isSingleStep: false
21:20:40.547 [FXGL Background Thread 3 ] DEBUG Engine               - isUserProfileEnabled: false
21:20:40.547 [FXGL Background Thread 3 ] DEBUG Engine               - isWindows: false
21:20:40.547 [FXGL Background Thread 3 ] DEBUG Engine               - language: ObjectProperty [value: ENGLISH]
21:20:40.547 [FXGL Background Thread 3 ] DEBUG Engine               - menuKey: ESCAPE
21:20:40.547 [FXGL Background Thread 3 ] DEBUG Engine               - notificationViewClass: class com.almasb.fxgl.notification.view.XboxNotificationView
21:20:40.548 [FXGL Background Thread 3 ] DEBUG Engine               - pixelsPerMeter: 50.0
21:20:40.548 [FXGL Background Thread 3 ] DEBUG Engine               - platform: LINUX
21:20:40.548 [FXGL Background Thread 3 ] DEBUG Engine               - profileDir: profiles/
21:20:40.548 [FXGL Background Thread 3 ] DEBUG Engine               - profileName: StringProperty [value: DEFAULT]
21:20:40.548 [FXGL Background Thread 3 ] DEBUG Engine               - randomSeed: -1
21:20:40.549 [FXGL Background Thread 3 ] DEBUG Engine               - runtimeInfo: RuntimeInfo(platform=LINUX, version=11.11, build=08.09.2020 18.00)
21:20:40.549 [FXGL Background Thread 3 ] DEBUG Engine               - saveFileExt: sav
21:20:40.549 [FXGL Background Thread 3 ] DEBUG Engine               - sceneFactory: com.almasb.fxgl.app.scene.SceneFactory@5367935e
21:20:40.549 [FXGL Background Thread 3 ] DEBUG Engine               - secondsIn24h: 60
21:20:40.550 [FXGL Background Thread 3 ] DEBUG Engine               - soundMenuBack: menu/back.wav
21:20:40.550 [FXGL Background Thread 3 ] DEBUG Engine               - soundMenuPress: menu/press.wav
21:20:40.550 [FXGL Background Thread 3 ] DEBUG Engine               - soundMenuSelect: menu/select.wav
21:20:40.550 [FXGL Background Thread 3 ] DEBUG Engine               - soundNotification: core/notification.wav
21:20:40.551 [FXGL Background Thread 3 ] DEBUG Engine               - stageStyle: DECORATED
21:20:40.551 [FXGL Background Thread 3 ] DEBUG Engine               - supportedLanguages: [ENGLISH, FRENCH, GERMAN, HUNGARIAN, RUSSIAN]
21:20:40.551 [FXGL Background Thread 3 ] DEBUG Engine               - title: Color Switch 2
21:20:40.551 [FXGL Background Thread 3 ] DEBUG Engine               - urlGithub: https://github.com/AlmasB/FXGL
21:20:40.551 [FXGL Background Thread 3 ] DEBUG Engine               - urlLeaderboard: http://fxgl-top.herokuapp.com/
21:20:40.551 [FXGL Background Thread 3 ] DEBUG Engine               - urlPOM: https://raw.githubusercontent.com/AlmasB/FXGL/master/pom.xml
21:20:40.551 [FXGL Background Thread 3 ] DEBUG Engine               - version: 0.0
21:20:40.551 [FXGL Background Thread 3 ] DEBUG Engine               - versionCheckDays: 7
21:20:40.551 [FXGL Background Thread 3 ] DEBUG Engine               - width: 900
21:20:40.551 [FXGL Background Thread 3 ] DEBUG Engine               - Logging services
21:20:40.552 [FXGL Background Thread 3 ] DEBUG Engine               - class com.almasb.fxgl.app.FXGLApplication$GameApplicationService
21:20:40.552 [FXGL Background Thread 3 ] DEBUG Engine               - class com.almasb.fxgl.app.services.FXGLDialogService
21:20:40.552 [FXGL Background Thread 3 ] DEBUG Engine               - class com.almasb.fxgl.app.services.IOTaskExecutorService
21:20:40.552 [FXGL Background Thread 3 ] DEBUG Engine               - class com.almasb.fxgl.event.EventBusService
21:20:40.552 [FXGL Background Thread 3 ] DEBUG Engine               - class com.almasb.fxgl.io.FileSystemService
21:20:40.552 [FXGL Background Thread 3 ] DEBUG Engine               - class com.almasb.fxgl.localization.LocalizationService
21:20:40.552 [FXGL Background Thread 3 ] DEBUG Engine               - class com.almasb.fxgl.app.services.FXGLAssetLoaderService
21:20:40.553 [FXGL Background Thread 3 ] DEBUG Engine               - class com.almasb.fxgl.app.services.SystemBundleService
21:20:40.553 [FXGL Background Thread 3 ] DEBUG Engine               - class com.almasb.fxgl.profile.SaveLoadService
21:20:40.553 [FXGL Background Thread 3 ] DEBUG Engine               - class com.almasb.fxgl.ui.FXGLUIFactoryServiceProvider
21:20:40.553 [FXGL Background Thread 3 ] DEBUG Engine               - class com.almasb.fxgl.ui.FXGLDialogFactoryServiceProvider
21:20:40.553 [FXGL Background Thread 3 ] DEBUG Engine               - class com.almasb.fxgl.audio.AudioPlayer
21:20:40.553 [FXGL Background Thread 3 ] DEBUG Engine               - class com.almasb.fxgl.notification.impl.NotificationServiceProvider
21:20:40.553 [FXGL Background Thread 3 ] DEBUG Engine               - class com.almasb.fxgl.achievement.AchievementService
21:20:40.553 [FXGL Background Thread 3 ] DEBUG Engine               - class com.almasb.fxgl.cutscene.CutsceneService
21:20:40.553 [FXGL Background Thread 3 ] DEBUG Engine               - class com.almasb.fxgl.minigames.MiniGameService
21:20:40.553 [FXGL Background Thread 3 ] DEBUG Engine               - class com.almasb.fxgl.net.NetService
21:20:40.554 [FXGL Background Thread 3 ] DEBUG Engine               - class com.almasb.fxgl.app.services.UpdaterService
21:20:40.554 [FXGL Background Thread 3 ] DEBUG Engine               - class com.almasb.fxgl.dev.DevService
21:20:50.807 [JavaFX Application Thread] DEBUG FXGLAssetLoaderServi - Loading from cache: /assets/textures/star.png
21:20:50.808 [JavaFX Application Thread] DEBUG FXGLAssetLoaderServi - Loading from cache: /assets/textures/star.png
21:20:50.809 [JavaFX Application Thread] DEBUG FXGLAssetLoaderServi - Loading from cache: /assets/textures/star.png
21:20:50.810 [JavaFX Application Thread] DEBUG FXGLAssetLoaderServi - Loading from cache: /assets/textures/star.png
21:20:50.811 [JavaFX Application Thread] DEBUG FXGLAssetLoaderServi - Loading from cache: /assets/textures/star.png
21:20:50.812 [JavaFX Application Thread] DEBUG FXGLAssetLoaderServi - Loading from cache: /assets/textures/heart1.png
21:20:50.812 [JavaFX Application Thread] DEBUG FXGLAssetLoaderServi - Loading from cache: /assets/textures/heart1.png
21:20:50.813 [JavaFX Application Thread] DEBUG FXGLAssetLoaderServi - Loading from cache: /assets/textures/heart1.png
21:20:50.814 [JavaFX Application Thread] DEBUG FXGLAssetLoaderServi - Loading from cache: /assets/textures/heart1.png
21:20:50.815 [JavaFX Application Thread] DEBUG FXGLAssetLoaderServi - Loading from cache: /assets/textures/heart1.png
21:21:10.655 [JavaFX Application Thread] DEBUG FXGLAssetLoaderServi - Loading from cache: /assets/textures/star.png
21:21:10.658 [JavaFX Application Thread] DEBUG FXGLAssetLoaderServi - Loading from cache: /assets/textures/star.png
21:21:10.660 [JavaFX Application Thread] DEBUG FXGLAssetLoaderServi - Loading from cache: /assets/textures/star.png
21:21:10.662 [JavaFX Application Thread] DEBUG FXGLAssetLoaderServi - Loading from cache: /assets/textures/star.png
21:21:10.664 [JavaFX Application Thread] DEBUG FXGLAssetLoaderServi - Loading from cache: /assets/textures/star.png
21:21:10.667 [JavaFX Application Thread] DEBUG FXGLAssetLoaderServi - Loading from cache: /assets/textures/heart1.png
21:21:10.669 [JavaFX Application Thread] DEBUG FXGLAssetLoaderServi - Loading from cache: /assets/textures/heart1.png
21:21:10.670 [JavaFX Application Thread] DEBUG FXGLAssetLoaderServi - Loading from cache: /assets/textures/heart1.png
21:21:10.672 [JavaFX Application Thread] DEBUG FXGLAssetLoaderServi - Loading from cache: /assets/textures/heart1.png
21:21:10.673 [JavaFX Application Thread] DEBUG FXGLAssetLoaderServi - Loading from cache: /assets/textures/heart1.png
21:21:24.973 [JavaFX Application Thread] DEBUG FXGLApplication      - Exiting FXGL
21:21:24.974 [JavaFX Application Thread] DEBUG LoopRunner           - Stopping loop
21:21:24.974 [JavaFX Application Thread] DEBUG SystemBundleService  - Saving FXGL system data
21:21:24.978 [JavaFX Application Thread] DEBUG FileSystemAccess     - Writing to: /home/chintan/Downloads/game/system/fxgl.bundle
21:21:24.983 [JavaFX Application Thread] DEBUG Async                - Shutting down background threads
21:21:24.984 [JavaFX Application Thread] DEBUG MainWindow           - Closing main window
21:21:24.990 [JavaFX Application Thread] DEBUG Logger               - Closing Logger
