04:11:05.249 [main                     ] DEBUG Logger               - Configured Logger
04:11:05.289 [main                     ] DEBUG GameApplication      - Logging settings
Title: Color Switch 2
Version: 0.0
Width: 580
Height: 720
Fullscreen: false
Intro: false
Profiling: false
Single step:false
App Mode: DEVELOPER
Menu Key: ESCAPE
Stage Style: DECORATED
Scene Factory: class com.almasb.fxgl.app.scene.SceneFactory

04:11:05.918 [JavaFX Application Thread] DEBUG FXGLApplication      - Initializing FXGL
04:11:05.931 [JavaFX Application Thread] INFO  Engine               - FXGL-11.11 (08.09.2020 18.00) on LINUX (J:15.0.1 FX:14)
04:11:05.932 [JavaFX Application Thread] DEBUG Engine               - JRE Vendor Name: Oracle Corporation
04:11:05.933 [JavaFX Application Thread] DEBUG Engine               - Running on OS: Linux version 5.4.0-56-generic
04:11:05.933 [JavaFX Application Thread] DEBUG Engine               - Architecture: amd64
04:11:05.933 [JavaFX Application Thread] INFO  Engine               - Source code and latest versions at: https://github.com/AlmasB/FXGL
04:11:05.934 [JavaFX Application Thread] INFO  Engine               -              Join the FXGL chat at: https://gitter.im/AlmasB/FXGL
04:11:06.166 [JavaFX Application Thread] DEBUG MainWindow           - Creating a JavaFX scene
04:11:06.309 [JavaFX Application Thread] DEBUG MainWindow           - Target settings size: 580.0 x 720.0
04:11:06.309 [JavaFX Application Thread] DEBUG MainWindow           - Scaled scene size:    580.0 x 720.0
04:11:06.310 [JavaFX Application Thread] DEBUG MainWindow           - Scaled ratio: (1.0, 1.0)
04:11:06.311 [JavaFX Application Thread] DEBUG MainWindow           - Set initial scene to StartupScene
04:11:06.321 [JavaFX Application Thread] DEBUG MainWindow           - Opening main window
04:11:06.385 [JavaFX Application Thread] DEBUG MainWindow           - Window border size: (2.0, 29.0)
04:11:06.387 [JavaFX Application Thread] DEBUG MainWindow           - Scaled size: 580.0 x 720.0
04:11:06.387 [JavaFX Application Thread] DEBUG MainWindow           - Scaled ratio: (1.0, 1.0)
04:11:06.388 [JavaFX Application Thread] DEBUG MainWindow           - Scene size: 580.0 x 720.0
04:11:06.389 [JavaFX Application Thread] DEBUG MainWindow           - Stage size: 582.0 x 749.0
04:11:06.404 [FXGL Background Thread 1 ] DEBUG Engine               - Initializing environment variables
04:11:06.559 [FXGL Background Thread 1 ] DEBUG GameApplicationServi - Applying CSS: fxgl_dark.css
04:11:06.560 [FXGL Background Thread 1 ] DEBUG FXGLAssetLoaderServi - Loading from file system: /assets/ui/css/fxgl_dark.css
04:11:06.733 [FXGL Background Thread 1 ] DEBUG GameApplicationServi - Initializing application scenes
04:11:06.866 [FXGL Background Thread 1 ] DEBUG GameWorld            - Game world initialized
04:11:06.948 [FXGL Background Thread 1 ] DEBUG PhysicsWorld         - Physics world initialized: appHeight=720, physics.ppm=50.0
04:11:06.969 [FXGL Background Thread 1 ] DEBUG GameScene            - Game scene initialized: 580x720
04:11:07.021 [FXGL Background Thread 1 ] DEBUG FXGLAssetLoaderServi - Loading from file system: /assets/textures/particles/trace_horizontal.png
04:11:07.116 [FXGL Background Thread 1 ] WARN  FXGL.DefaultMenu     - FXGLDefaultMenu is not designed for resolutions < 800x600
04:11:07.117 [FXGL Background Thread 1 ] DEBUG FXGL.DefaultMenu     - createMenuBodyMainMenu()
04:11:07.137 [FXGL Background Thread 1 ] DEBUG FXGL.DefaultMenu     - createOptionsMenu()
04:11:07.145 [FXGL Background Thread 1 ] DEBUG FXGLAssetLoaderServi - Loading from file system: /assets/textures/particles/smoke.png
04:11:07.237 [FXGL Background Thread 1 ] DEBUG FXGLAssetLoaderServi - Loading from cache: /assets/textures/particles/trace_horizontal.png@64.0x64.0
04:11:07.238 [FXGL Background Thread 1 ] WARN  FXGL.DefaultMenu     - FXGLDefaultMenu is not designed for resolutions < 800x600
04:11:07.239 [FXGL Background Thread 1 ] DEBUG FXGL.DefaultMenu     - createMenuBodyGameMenu()
04:11:07.241 [FXGL Background Thread 1 ] DEBUG FXGL.DefaultMenu     - createOptionsMenu()
04:11:07.245 [FXGL Background Thread 1 ] DEBUG FXGLAssetLoaderServi - Loading from cache: /assets/textures/particles/smoke.png@128.0x128.0
04:11:07.293 [FXGL Background Thread 1 ] DEBUG GameApplicationServi - Application scenes initialized
04:11:07.325 [FXGL Background Thread 1 ] DEBUG SystemBundleService  - Loading FXGL system data
04:11:07.333 [FXGL Background Thread 1 ] DEBUG FileSystemAccess     - Reading from: /home/chintan/Downloads/game/system/fxgl.bundle
04:11:07.344 [FXGL Background Thread 1 ] DEBUG SystemBundleService  - Bundle FXGL: {}
04:11:07.344 [FXGL Background Thread 1 ] DEBUG UpdaterService       - Checking for updates
04:11:07.371 [FXGL Background Thread 1 ] DEBUG FXGLApplication      - Loading default localization
04:11:07.372 [FXGL Background Thread 1 ] DEBUG FXGLAssetLoaderServi - Loading from file system: /assets/languages/english.lang
04:11:07.371 [FXGL Background Thread 4 ] DEBUG FXGLApplication      - Loading fonts
04:11:07.374 [FXGL Background Thread 4 ] DEBUG FXGLAssetLoaderServi - Loading from file system: /assets/ui/fonts/VarelaRound-Regular.ttf
04:11:07.398 [FXGL Background Thread 1 ] INFO  FXGLApplication      - FXGL initialization took: 0.994 sec
04:11:07.398 [FXGL Background Thread 4 ] DEBUG FXGLAssetLoaderServi - Loading from file system: /assets/ui/fonts/Abel-Regular.ttf
04:11:07.402 [FXGL Background Thread 4 ] DEBUG FXGLAssetLoaderServi - Loading from file system: /assets/ui/fonts/lucida_console.ttf
04:11:07.406 [FXGL Background Thread 4 ] DEBUG FXGLAssetLoaderServi - Loading from file system: /assets/ui/fonts/Courier-Prime.ttf
04:11:07.413 [JavaFX Application Thread] DEBUG Input                - Registered new binding: Up - W
04:11:07.420 [JavaFX Application Thread] DEBUG FXGLAssetLoaderServi - Loading from file system: /assets/textures/fxgl_icon.png
04:11:07.480 [JavaFX Application Thread] DEBUG FXGLAssetLoaderServi - Loading from file system: /assets/ui/cursors/fxgl_default.png
04:11:07.485 [JavaFX Application Thread] DEBUG Input                - Registered new binding: Screenshot - P
04:11:07.491 [JavaFX Application Thread] DEBUG Input                - Registered new binding: System info dump - CTRL+9
04:11:07.492 [JavaFX Application Thread] DEBUG Input                - Registered new binding: Restart - CTRL+R
04:11:07.493 [JavaFX Application Thread] DEBUG Input                - Registered new binding: Toggle Debug Camera - CTRL+C
04:11:07.508 [JavaFX Application Thread] DEBUG LoopRunner           - Starting loop
04:11:07.511 [JavaFX Application Thread] DEBUG Input                - Clearing active input actions
04:11:07.523 [JavaFX Application Thread] DEBUG GameApplicationServi - Removing overlay from StartupScene and adding to FXGLMainMenuDummyScene
04:11:07.523 [JavaFX Application Thread] DEBUG MainWindow           - StartupScene -> FXGLMainMenuDummyScene
04:11:07.524 [JavaFX Application Thread] DEBUG MainWindow           - Push state: FXGLDefaultMenu
04:11:07.529 [JavaFX Application Thread] DEBUG Input                - Clearing active input actions
04:11:07.539 [JavaFX Application Thread] DEBUG GameApplicationServi - Removing overlay from FXGLMainMenuDummyScene and adding to FXGLDefaultMenu
04:11:07.540 [JavaFX Application Thread] DEBUG MainWindow           - FXGLMainMenuDummyScene -> FXGLDefaultMenu
04:11:07.541 [JavaFX Application Thread] DEBUG FXGLApplication      - Registering font factories with UI factory
04:11:08.196 [FXGL Background Thread 2 ] INFO  UpdaterService       - Your current version:  11.11
04:11:08.196 [FXGL Background Thread 2 ] INFO  UpdaterService       - Latest stable version: dev-SNAPSHOT
04:11:08.438 [JavaFX Application Thread] DEBUG Menu                 - fireNewGame()
04:11:08.439 [JavaFX Application Thread] DEBUG GameApplicationServi - Starting new game
04:11:08.446 [JavaFX Application Thread] DEBUG MainWindow           - Pop state: FXGLDefaultMenu
04:11:08.446 [JavaFX Application Thread] DEBUG Input                - Clearing active input actions
04:11:08.447 [JavaFX Application Thread] DEBUG GameApplicationServi - Removing overlay from FXGLDefaultMenu and adding to FXGLMainMenuDummyScene
04:11:08.448 [JavaFX Application Thread] DEBUG MainWindow           - FXGLMainMenuDummyScene <- FXGLDefaultMenu
04:11:08.448 [JavaFX Application Thread] DEBUG Input                - Clearing active input actions
04:11:08.466 [JavaFX Application Thread] DEBUG GameApplicationServi - Removing overlay from FXGLMainMenuDummyScene and adding to FXGLLoadingScene
04:11:08.467 [JavaFX Application Thread] DEBUG MainWindow           - FXGLMainMenuDummyScene -> FXGLLoadingScene
04:11:08.467 [JavaFX Application Thread] DEBUG GameApplicationServi - Clearing previous game
04:11:08.468 [JavaFX Application Thread] DEBUG GameScene            - Clearing game scene
04:11:08.468 [JavaFX Application Thread] DEBUG GameWorld            - Clearing game world
04:11:08.472 [JavaFX Application Thread] DEBUG PhysicsWorld         - Clearing physics world
04:11:08.474 [FXGL Background Thread 2 ] DEBUG FXGLApplication      - Initializing game
04:11:08.543 [FXGL Background Thread 2 ] INFO  FXGLApplication      - Game initialization took: 0.068 sec
04:11:08.544 [JavaFX Application Thread] DEBUG Input                - Clearing active input actions
04:11:08.560 [JavaFX Application Thread] DEBUG GameApplicationServi - Removing overlay from FXGLLoadingScene and adding to GameScene
04:11:08.560 [JavaFX Application Thread] DEBUG MainWindow           - FXGLLoadingScene -> GameScene
04:11:10.360 [FXGL Background Thread 3 ] DEBUG Engine               - Logging environment variables
04:11:10.364 [FXGL Background Thread 3 ] DEBUG Engine               - achievements: []
04:11:10.366 [FXGL Background Thread 3 ] DEBUG Engine               - appIcon: fxgl_icon.png
04:11:10.367 [FXGL Background Thread 3 ] DEBUG Engine               - applicationMode: DEVELOPER
04:11:10.368 [FXGL Background Thread 3 ] DEBUG Engine               - cSSList: [fxgl_dark.css]
04:11:10.369 [FXGL Background Thread 3 ] DEBUG Engine               - configClass: Optional.empty
04:11:10.370 [FXGL Background Thread 3 ] DEBUG Engine               - credits: []
04:11:10.371 [FXGL Background Thread 3 ] DEBUG Engine               - devBBoxColorProperty: ObjectProperty [value: 0xff0000ff]
04:11:10.372 [FXGL Background Thread 3 ] DEBUG Engine               - devEnableDebugCameraProperty: BooleanProperty [value: false]
04:11:10.373 [FXGL Background Thread 3 ] DEBUG Engine               - devSensorColorProperty: ObjectProperty [value: 0xffff00ff]
04:11:10.374 [FXGL Background Thread 3 ] DEBUG Engine               - devShowBBoxProperty: BooleanProperty [value: false]
04:11:10.375 [FXGL Background Thread 3 ] DEBUG Engine               - devShowPositionProperty: BooleanProperty [value: false]
04:11:10.376 [FXGL Background Thread 3 ] DEBUG Engine               - enabledMenuItems: []
04:11:10.377 [FXGL Background Thread 3 ] DEBUG Engine               - engineServices: [class com.almasb.fxgl.app.FXGLApplication$GameApplicationService, class com.almasb.fxgl.app.services.FXGLDialogService, class com.almasb.fxgl.app.services.IOTaskExecutorService, class com.almasb.fxgl.event.EventBusService, class com.almasb.fxgl.io.FileSystemService, class com.almasb.fxgl.localization.LocalizationService, class com.almasb.fxgl.app.services.FXGLAssetLoaderService, class com.almasb.fxgl.app.services.SystemBundleService, class com.almasb.fxgl.profile.SaveLoadService, class com.almasb.fxgl.ui.FXGLUIFactoryServiceProvider, class com.almasb.fxgl.ui.FXGLDialogFactoryServiceProvider, class com.almasb.fxgl.audio.AudioPlayer, class com.almasb.fxgl.notification.impl.NotificationServiceProvider, class com.almasb.fxgl.achievement.AchievementService, class com.almasb.fxgl.cutscene.CutsceneService, class com.almasb.fxgl.minigames.MiniGameService, class com.almasb.fxgl.net.NetService, class com.almasb.fxgl.app.services.UpdaterService, class com.almasb.fxgl.dev.DevService]
04:11:10.381 [FXGL Background Thread 3 ] DEBUG Engine               - fontGame: Abel-Regular.ttf
04:11:10.382 [FXGL Background Thread 3 ] DEBUG Engine               - fontMono: lucida_console.ttf
04:11:10.383 [FXGL Background Thread 3 ] DEBUG Engine               - fontText: Courier-Prime.ttf
04:11:10.384 [FXGL Background Thread 3 ] DEBUG Engine               - fontUI: VarelaRound-Regular.ttf
04:11:10.385 [FXGL Background Thread 3 ] DEBUG Engine               - fullScreen: BooleanProperty [value: false]
04:11:10.386 [FXGL Background Thread 3 ] DEBUG Engine               - gameDifficulty: MEDIUM
04:11:10.386 [FXGL Background Thread 3 ] DEBUG Engine               - gameDifficultyProperty: ObjectProperty [value: MEDIUM]
04:11:10.387 [FXGL Background Thread 3 ] DEBUG Engine               - globalMusicVolume: 0.5
04:11:10.388 [FXGL Background Thread 3 ] DEBUG Engine               - globalMusicVolumeProperty: DoubleProperty [value: 0.5]
04:11:10.389 [FXGL Background Thread 3 ] DEBUG Engine               - globalSoundVolume: 0.5
04:11:10.390 [FXGL Background Thread 3 ] DEBUG Engine               - globalSoundVolumeProperty: DoubleProperty [value: 0.5]
04:11:10.391 [FXGL Background Thread 3 ] DEBUG Engine               - height: 720
04:11:10.392 [FXGL Background Thread 3 ] DEBUG Engine               - isAndroid: false
04:11:10.393 [FXGL Background Thread 3 ] DEBUG Engine               - isBrowser: false
04:11:10.394 [FXGL Background Thread 3 ] DEBUG Engine               - isClickFeedbackEnabled: false
04:11:10.395 [FXGL Background Thread 3 ] DEBUG Engine               - isCloseConfirmation: false
04:11:10.398 [FXGL Background Thread 3 ] DEBUG Engine               - isDesktop: true
04:11:10.399 [FXGL Background Thread 3 ] DEBUG Engine               - isDeveloperMenuEnabled: false
04:11:10.400 [FXGL Background Thread 3 ] DEBUG Engine               - isEntityPreloadEnabled: true
04:11:10.400 [FXGL Background Thread 3 ] DEBUG Engine               - isExperimentalNative: false
04:11:10.401 [FXGL Background Thread 3 ] DEBUG Engine               - isExperimentalTiledLargeMap: false
04:11:10.402 [FXGL Background Thread 3 ] DEBUG Engine               - isFileSystemWriteAllowed: true
04:11:10.403 [FXGL Background Thread 3 ] DEBUG Engine               - isFullScreenAllowed: false
04:11:10.404 [FXGL Background Thread 3 ] DEBUG Engine               - isFullScreenFromStart: false
04:11:10.405 [FXGL Background Thread 3 ] DEBUG Engine               - isGameMenuEnabled: true
04:11:10.405 [FXGL Background Thread 3 ] DEBUG Engine               - isIOS: false
04:11:10.406 [FXGL Background Thread 3 ] DEBUG Engine               - isIntroEnabled: false
04:11:10.409 [FXGL Background Thread 3 ] DEBUG Engine               - isLinux: true
04:11:10.410 [FXGL Background Thread 3 ] DEBUG Engine               - isMac: false
04:11:10.411 [FXGL Background Thread 3 ] DEBUG Engine               - isMainMenuEnabled: true
04:11:10.411 [FXGL Background Thread 3 ] DEBUG Engine               - isManualResizeEnabled: false
04:11:10.422 [FXGL Background Thread 3 ] DEBUG Engine               - isMobile: false
04:11:10.423 [FXGL Background Thread 3 ] DEBUG Engine               - isPreserveResizeRatio: false
04:11:10.423 [FXGL Background Thread 3 ] DEBUG Engine               - isProfilingEnabled: false
04:11:10.423 [FXGL Background Thread 3 ] DEBUG Engine               - isSingleStep: false
04:11:10.424 [FXGL Background Thread 3 ] DEBUG Engine               - isUserProfileEnabled: false
04:11:10.424 [FXGL Background Thread 3 ] DEBUG Engine               - isWindows: false
04:11:10.424 [FXGL Background Thread 3 ] DEBUG Engine               - language: ObjectProperty [value: ENGLISH]
04:11:10.424 [FXGL Background Thread 3 ] DEBUG Engine               - menuKey: ESCAPE
04:11:10.428 [FXGL Background Thread 3 ] DEBUG Engine               - notificationViewClass: class com.almasb.fxgl.notification.view.XboxNotificationView
04:11:10.428 [FXGL Background Thread 3 ] DEBUG Engine               - pixelsPerMeter: 50.0
04:11:10.428 [FXGL Background Thread 3 ] DEBUG Engine               - platform: LINUX
04:11:10.429 [FXGL Background Thread 3 ] DEBUG Engine               - profileDir: profiles/
04:11:10.429 [FXGL Background Thread 3 ] DEBUG Engine               - profileName: StringProperty [value: DEFAULT]
04:11:10.429 [FXGL Background Thread 3 ] DEBUG Engine               - randomSeed: -1
04:11:10.431 [FXGL Background Thread 3 ] DEBUG Engine               - runtimeInfo: RuntimeInfo(platform=LINUX, version=11.11, build=08.09.2020 18.00)
04:11:10.431 [FXGL Background Thread 3 ] DEBUG Engine               - saveFileExt: sav
04:11:10.433 [FXGL Background Thread 3 ] DEBUG Engine               - sceneFactory: com.almasb.fxgl.app.scene.SceneFactory@4833822e
04:11:10.433 [FXGL Background Thread 3 ] DEBUG Engine               - secondsIn24h: 60
04:11:10.433 [FXGL Background Thread 3 ] DEBUG Engine               - soundMenuBack: menu/back.wav
04:11:10.433 [FXGL Background Thread 3 ] DEBUG Engine               - soundMenuPress: menu/press.wav
04:11:10.434 [FXGL Background Thread 3 ] DEBUG Engine               - soundMenuSelect: menu/select.wav
04:11:10.434 [FXGL Background Thread 3 ] DEBUG Engine               - soundNotification: core/notification.wav
04:11:10.434 [FXGL Background Thread 3 ] DEBUG Engine               - stageStyle: DECORATED
04:11:10.434 [FXGL Background Thread 3 ] DEBUG Engine               - supportedLanguages: [ENGLISH, FRENCH, GERMAN, HUNGARIAN, RUSSIAN]
04:11:10.435 [FXGL Background Thread 3 ] DEBUG Engine               - title: Color Switch 2
04:11:10.435 [FXGL Background Thread 3 ] DEBUG Engine               - urlGithub: https://github.com/AlmasB/FXGL
04:11:10.435 [FXGL Background Thread 3 ] DEBUG Engine               - urlLeaderboard: http://fxgl-top.herokuapp.com/
04:11:10.435 [FXGL Background Thread 3 ] DEBUG Engine               - urlPOM: https://raw.githubusercontent.com/AlmasB/FXGL/master/pom.xml
04:11:10.435 [FXGL Background Thread 3 ] DEBUG Engine               - version: 0.0
04:11:10.436 [FXGL Background Thread 3 ] DEBUG Engine               - versionCheckDays: 7
04:11:10.436 [FXGL Background Thread 3 ] DEBUG Engine               - width: 580
04:11:10.436 [FXGL Background Thread 3 ] DEBUG Engine               - Logging services
04:11:10.444 [FXGL Background Thread 3 ] DEBUG Engine               - class com.almasb.fxgl.app.FXGLApplication$GameApplicationService
04:11:10.444 [FXGL Background Thread 3 ] DEBUG Engine               - class com.almasb.fxgl.app.services.FXGLDialogService
04:11:10.444 [FXGL Background Thread 3 ] DEBUG Engine               - class com.almasb.fxgl.app.services.IOTaskExecutorService
04:11:10.444 [FXGL Background Thread 3 ] DEBUG Engine               - class com.almasb.fxgl.event.EventBusService
04:11:10.445 [FXGL Background Thread 3 ] DEBUG Engine               - class com.almasb.fxgl.io.FileSystemService
04:11:10.445 [FXGL Background Thread 3 ] DEBUG Engine               - class com.almasb.fxgl.localization.LocalizationService
04:11:10.445 [FXGL Background Thread 3 ] DEBUG Engine               - class com.almasb.fxgl.app.services.FXGLAssetLoaderService
04:11:10.445 [FXGL Background Thread 3 ] DEBUG Engine               - class com.almasb.fxgl.app.services.SystemBundleService
04:11:10.445 [FXGL Background Thread 3 ] DEBUG Engine               - class com.almasb.fxgl.profile.SaveLoadService
04:11:10.445 [FXGL Background Thread 3 ] DEBUG Engine               - class com.almasb.fxgl.ui.FXGLUIFactoryServiceProvider
04:11:10.446 [FXGL Background Thread 3 ] DEBUG Engine               - class com.almasb.fxgl.ui.FXGLDialogFactoryServiceProvider
04:11:10.446 [FXGL Background Thread 3 ] DEBUG Engine               - class com.almasb.fxgl.audio.AudioPlayer
04:11:10.446 [FXGL Background Thread 3 ] DEBUG Engine               - class com.almasb.fxgl.notification.impl.NotificationServiceProvider
04:11:10.446 [FXGL Background Thread 3 ] DEBUG Engine               - class com.almasb.fxgl.achievement.AchievementService
04:11:10.446 [FXGL Background Thread 3 ] DEBUG Engine               - class com.almasb.fxgl.cutscene.CutsceneService
04:11:10.446 [FXGL Background Thread 3 ] DEBUG Engine               - class com.almasb.fxgl.minigames.MiniGameService
04:11:10.451 [FXGL Background Thread 3 ] DEBUG Engine               - class com.almasb.fxgl.net.NetService
04:11:10.451 [FXGL Background Thread 3 ] DEBUG Engine               - class com.almasb.fxgl.app.services.UpdaterService
04:11:10.451 [FXGL Background Thread 3 ] DEBUG Engine               - class com.almasb.fxgl.dev.DevService
04:11:19.386 [JavaFX Application Thread] DEBUG FXGLApplication      - Exiting FXGL
04:11:19.388 [JavaFX Application Thread] DEBUG LoopRunner           - Stopping loop
04:11:19.391 [JavaFX Application Thread] DEBUG SystemBundleService  - Saving FXGL system data
04:11:19.408 [JavaFX Application Thread] DEBUG FileSystemAccess     - Writing to: /home/chintan/Downloads/game/system/fxgl.bundle
04:11:19.434 [JavaFX Application Thread] DEBUG Async                - Shutting down background threads
04:11:19.437 [JavaFX Application Thread] DEBUG MainWindow           - Closing main window
04:11:19.463 [JavaFX Application Thread] DEBUG Logger               - Closing Logger
