20:27:38.487 [main                     ] DEBUG Logger               - Configured Logger
20:27:38.515 [main                     ] DEBUG GameApplication      - Logging settings
Title: Color Switch 2
Version: 0.0
Width: 580
Height: 720
Fullscreen: false
Intro: false
Profiling: false
Single step:false
App Mode: DEVELOPER
Menu Key: ESCAPE
Stage Style: DECORATED
Scene Factory: class com.almasb.fxgl.app.scene.SceneFactory

20:27:39.062 [JavaFX Application Thread] DEBUG FXGLApplication      - Initializing FXGL
20:27:39.072 [JavaFX Application Thread] INFO  Engine               - FXGL-11.11 (08.09.2020 18.00) on LINUX (J:15.0.1 FX:14)
20:27:39.072 [JavaFX Application Thread] DEBUG Engine               - JRE Vendor Name: Oracle Corporation
20:27:39.073 [JavaFX Application Thread] DEBUG Engine               - Running on OS: Linux version 5.4.0-58-generic
20:27:39.073 [JavaFX Application Thread] DEBUG Engine               - Architecture: amd64
20:27:39.073 [JavaFX Application Thread] INFO  Engine               - Source code and latest versions at: https://github.com/AlmasB/FXGL
20:27:39.074 [JavaFX Application Thread] INFO  Engine               -              Join the FXGL chat at: https://gitter.im/AlmasB/FXGL
20:27:39.227 [JavaFX Application Thread] DEBUG MainWindow           - Creating a JavaFX scene
20:27:39.374 [JavaFX Application Thread] DEBUG MainWindow           - Target settings size: 580.0 x 720.0
20:27:39.374 [JavaFX Application Thread] DEBUG MainWindow           - Scaled scene size:    580.0 x 720.0
20:27:39.374 [JavaFX Application Thread] DEBUG MainWindow           - Scaled ratio: (1.0, 1.0)
20:27:39.376 [JavaFX Application Thread] DEBUG MainWindow           - Set initial scene to StartupScene
20:27:39.383 [JavaFX Application Thread] DEBUG MainWindow           - Opening main window
20:27:39.447 [JavaFX Application Thread] DEBUG MainWindow           - Window border size: (2.0, 29.0)
20:27:39.448 [JavaFX Application Thread] DEBUG MainWindow           - Scaled size: 580.0 x 720.0
20:27:39.452 [JavaFX Application Thread] DEBUG MainWindow           - Scaled ratio: (1.0, 1.0)
20:27:39.455 [JavaFX Application Thread] DEBUG MainWindow           - Scene size: 580.0 x 720.0
20:27:39.456 [JavaFX Application Thread] DEBUG MainWindow           - Stage size: 582.0 x 749.0
20:27:39.485 [FXGL Background Thread 1 ] DEBUG Engine               - Initializing environment variables
20:27:39.555 [FXGL Background Thread 1 ] DEBUG GameApplicationServi - Applying CSS: fxgl_dark.css
20:27:39.555 [FXGL Background Thread 1 ] DEBUG FXGLAssetLoaderServi - Loading from file system: /assets/ui/css/fxgl_dark.css
20:27:39.681 [FXGL Background Thread 1 ] DEBUG GameApplicationServi - Initializing application scenes
20:27:39.760 [FXGL Background Thread 1 ] DEBUG GameWorld            - Game world initialized
20:27:39.880 [FXGL Background Thread 1 ] DEBUG PhysicsWorld         - Physics world initialized: appHeight=720, physics.ppm=50.0
20:27:39.894 [FXGL Background Thread 1 ] DEBUG GameScene            - Game scene initialized: 580x720
20:27:39.941 [FXGL Background Thread 1 ] DEBUG FXGLAssetLoaderServi - Loading from file system: /assets/textures/particles/trace_horizontal.png
20:27:40.041 [FXGL Background Thread 1 ] WARN  FXGL.DefaultMenu     - FXGLDefaultMenu is not designed for resolutions < 800x600
20:27:40.042 [FXGL Background Thread 1 ] DEBUG FXGL.DefaultMenu     - createMenuBodyMainMenu()
20:27:40.071 [FXGL Background Thread 1 ] DEBUG FXGL.DefaultMenu     - createOptionsMenu()
20:27:40.079 [FXGL Background Thread 1 ] DEBUG FXGLAssetLoaderServi - Loading from file system: /assets/textures/particles/smoke.png
20:27:40.183 [FXGL Background Thread 1 ] DEBUG FXGLAssetLoaderServi - Loading from cache: /assets/textures/particles/trace_horizontal.png@64.0x64.0
20:27:40.184 [FXGL Background Thread 1 ] WARN  FXGL.DefaultMenu     - FXGLDefaultMenu is not designed for resolutions < 800x600
20:27:40.185 [FXGL Background Thread 1 ] DEBUG FXGL.DefaultMenu     - createMenuBodyGameMenu()
20:27:40.187 [FXGL Background Thread 1 ] DEBUG FXGL.DefaultMenu     - createOptionsMenu()
20:27:40.191 [FXGL Background Thread 1 ] DEBUG FXGLAssetLoaderServi - Loading from cache: /assets/textures/particles/smoke.png@128.0x128.0
20:27:40.225 [FXGL Background Thread 1 ] DEBUG GameApplicationServi - Application scenes initialized
20:27:40.237 [FXGL Background Thread 1 ] DEBUG SystemBundleService  - Loading FXGL system data
20:27:40.242 [FXGL Background Thread 1 ] DEBUG FileSystemAccess     - Reading from: /home/chintan/Downloads/game/system/fxgl.bundle
20:27:40.250 [FXGL Background Thread 1 ] DEBUG SystemBundleService  - Bundle FXGL: {}
20:27:40.251 [FXGL Background Thread 1 ] DEBUG UpdaterService       - Checking for updates
20:27:40.261 [FXGL Background Thread 4 ] DEBUG FXGLApplication      - Loading fonts
20:27:40.261 [FXGL Background Thread 4 ] DEBUG FXGLAssetLoaderServi - Loading from file system: /assets/ui/fonts/VarelaRound-Regular.ttf
20:27:40.261 [FXGL Background Thread 1 ] DEBUG FXGLApplication      - Loading default localization
20:27:40.262 [FXGL Background Thread 1 ] DEBUG FXGLAssetLoaderServi - Loading from file system: /assets/languages/english.lang
20:27:40.280 [FXGL Background Thread 1 ] INFO  FXGLApplication      - FXGL initialization took: 0.795 sec
20:27:40.289 [JavaFX Application Thread] DEBUG Input                - Registered new binding: Up - W
20:27:40.289 [JavaFX Application Thread] DEBUG FXGLAssetLoaderServi - Loading from file system: /assets/textures/fxgl_icon.png
20:27:40.295 [FXGL Background Thread 4 ] DEBUG FXGLAssetLoaderServi - Loading from file system: /assets/ui/fonts/Abel-Regular.ttf
20:27:40.298 [FXGL Background Thread 4 ] DEBUG FXGLAssetLoaderServi - Loading from file system: /assets/ui/fonts/lucida_console.ttf
20:27:40.301 [FXGL Background Thread 4 ] DEBUG FXGLAssetLoaderServi - Loading from file system: /assets/ui/fonts/Courier-Prime.ttf
20:27:40.328 [JavaFX Application Thread] DEBUG FXGLAssetLoaderServi - Loading from file system: /assets/ui/cursors/fxgl_default.png
20:27:40.331 [JavaFX Application Thread] DEBUG Input                - Registered new binding: Screenshot - P
20:27:40.331 [JavaFX Application Thread] DEBUG Input                - Registered new binding: System info dump - CTRL+9
20:27:40.332 [JavaFX Application Thread] DEBUG Input                - Registered new binding: Restart - CTRL+R
20:27:40.333 [JavaFX Application Thread] DEBUG Input                - Registered new binding: Toggle Debug Camera - CTRL+C
20:27:40.335 [JavaFX Application Thread] DEBUG LoopRunner           - Starting loop
20:27:40.343 [JavaFX Application Thread] DEBUG Input                - Clearing active input actions
20:27:40.354 [JavaFX Application Thread] DEBUG GameApplicationServi - Removing overlay from StartupScene and adding to FXGLMainMenuDummyScene
20:27:40.355 [JavaFX Application Thread] DEBUG MainWindow           - StartupScene -> FXGLMainMenuDummyScene
20:27:40.355 [JavaFX Application Thread] DEBUG MainWindow           - Push state: FXGLDefaultMenu
20:27:40.360 [JavaFX Application Thread] DEBUG Input                - Clearing active input actions
20:27:40.369 [JavaFX Application Thread] DEBUG GameApplicationServi - Removing overlay from FXGLMainMenuDummyScene and adding to FXGLDefaultMenu
20:27:40.370 [JavaFX Application Thread] DEBUG MainWindow           - FXGLMainMenuDummyScene -> FXGLDefaultMenu
20:27:40.371 [JavaFX Application Thread] DEBUG FXGLApplication      - Registering font factories with UI factory
20:27:40.905 [FXGL Background Thread 2 ] INFO  UpdaterService       - Your current version:  11.11
20:27:40.905 [FXGL Background Thread 2 ] INFO  UpdaterService       - Latest stable version: dev-SNAPSHOT
20:27:41.121 [JavaFX Application Thread] DEBUG Menu                 - fireNewGame()
20:27:41.121 [JavaFX Application Thread] DEBUG GameApplicationServi - Starting new game
20:27:41.128 [JavaFX Application Thread] DEBUG MainWindow           - Pop state: FXGLDefaultMenu
20:27:41.128 [JavaFX Application Thread] DEBUG Input                - Clearing active input actions
20:27:41.129 [JavaFX Application Thread] DEBUG GameApplicationServi - Removing overlay from FXGLDefaultMenu and adding to FXGLMainMenuDummyScene
20:27:41.130 [JavaFX Application Thread] DEBUG MainWindow           - FXGLMainMenuDummyScene <- FXGLDefaultMenu
20:27:41.130 [JavaFX Application Thread] DEBUG Input                - Clearing active input actions
20:27:41.143 [JavaFX Application Thread] DEBUG GameApplicationServi - Removing overlay from FXGLMainMenuDummyScene and adding to FXGLLoadingScene
20:27:41.144 [JavaFX Application Thread] DEBUG MainWindow           - FXGLMainMenuDummyScene -> FXGLLoadingScene
20:27:41.144 [JavaFX Application Thread] DEBUG GameApplicationServi - Clearing previous game
20:27:41.145 [JavaFX Application Thread] DEBUG GameScene            - Clearing game scene
20:27:41.145 [JavaFX Application Thread] DEBUG GameWorld            - Clearing game world
20:27:41.145 [JavaFX Application Thread] DEBUG PhysicsWorld         - Clearing physics world
20:27:41.147 [FXGL Background Thread 2 ] DEBUG FXGLApplication      - Initializing game
20:27:41.194 [FXGL Background Thread 2 ] INFO  FXGLApplication      - Game initialization took: 0.047 sec
20:27:41.195 [JavaFX Application Thread] DEBUG Input                - Clearing active input actions
20:27:41.206 [JavaFX Application Thread] DEBUG GameApplicationServi - Removing overlay from FXGLLoadingScene and adding to GameScene
20:27:41.207 [JavaFX Application Thread] DEBUG MainWindow           - FXGLLoadingScene -> GameScene
20:27:43.257 [FXGL Background Thread 3 ] DEBUG Engine               - Logging environment variables
20:27:43.258 [FXGL Background Thread 3 ] DEBUG Engine               - achievements: []
20:27:43.258 [FXGL Background Thread 3 ] DEBUG Engine               - appIcon: fxgl_icon.png
20:27:43.259 [FXGL Background Thread 3 ] DEBUG Engine               - applicationMode: DEVELOPER
20:27:43.259 [FXGL Background Thread 3 ] DEBUG Engine               - cSSList: [fxgl_dark.css]
20:27:43.259 [FXGL Background Thread 3 ] DEBUG Engine               - configClass: Optional.empty
20:27:43.260 [FXGL Background Thread 3 ] DEBUG Engine               - credits: []
20:27:43.260 [FXGL Background Thread 3 ] DEBUG Engine               - devBBoxColorProperty: ObjectProperty [value: 0xff0000ff]
20:27:43.261 [FXGL Background Thread 3 ] DEBUG Engine               - devEnableDebugCameraProperty: BooleanProperty [value: false]
20:27:43.261 [FXGL Background Thread 3 ] DEBUG Engine               - devSensorColorProperty: ObjectProperty [value: 0xffff00ff]
20:27:43.262 [FXGL Background Thread 3 ] DEBUG Engine               - devShowBBoxProperty: BooleanProperty [value: false]
20:27:43.262 [FXGL Background Thread 3 ] DEBUG Engine               - devShowPositionProperty: BooleanProperty [value: false]
20:27:43.263 [FXGL Background Thread 3 ] DEBUG Engine               - enabledMenuItems: []
20:27:43.263 [FXGL Background Thread 3 ] DEBUG Engine               - engineServices: [class com.almasb.fxgl.app.FXGLApplication$GameApplicationService, class com.almasb.fxgl.app.services.FXGLDialogService, class com.almasb.fxgl.app.services.IOTaskExecutorService, class com.almasb.fxgl.event.EventBusService, class com.almasb.fxgl.io.FileSystemService, class com.almasb.fxgl.localization.LocalizationService, class com.almasb.fxgl.app.services.FXGLAssetLoaderService, class com.almasb.fxgl.app.services.SystemBundleService, class com.almasb.fxgl.profile.SaveLoadService, class com.almasb.fxgl.ui.FXGLUIFactoryServiceProvider, class com.almasb.fxgl.ui.FXGLDialogFactoryServiceProvider, class com.almasb.fxgl.audio.AudioPlayer, class com.almasb.fxgl.notification.impl.NotificationServiceProvider, class com.almasb.fxgl.achievement.AchievementService, class com.almasb.fxgl.cutscene.CutsceneService, class com.almasb.fxgl.minigames.MiniGameService, class com.almasb.fxgl.net.NetService, class com.almasb.fxgl.app.services.UpdaterService, class com.almasb.fxgl.dev.DevService]
20:27:43.263 [FXGL Background Thread 3 ] DEBUG Engine               - fontGame: Abel-Regular.ttf
20:27:43.264 [FXGL Background Thread 3 ] DEBUG Engine               - fontMono: lucida_console.ttf
20:27:43.264 [FXGL Background Thread 3 ] DEBUG Engine               - fontText: Courier-Prime.ttf
20:27:43.264 [FXGL Background Thread 3 ] DEBUG Engine               - fontUI: VarelaRound-Regular.ttf
20:27:43.265 [FXGL Background Thread 3 ] DEBUG Engine               - fullScreen: BooleanProperty [value: false]
20:27:43.265 [FXGL Background Thread 3 ] DEBUG Engine               - gameDifficulty: MEDIUM
20:27:43.265 [FXGL Background Thread 3 ] DEBUG Engine               - gameDifficultyProperty: ObjectProperty [value: MEDIUM]
20:27:43.266 [FXGL Background Thread 3 ] DEBUG Engine               - globalMusicVolume: 0.5
20:27:43.266 [FXGL Background Thread 3 ] DEBUG Engine               - globalMusicVolumeProperty: DoubleProperty [value: 0.5]
20:27:43.267 [FXGL Background Thread 3 ] DEBUG Engine               - globalSoundVolume: 0.5
20:27:43.267 [FXGL Background Thread 3 ] DEBUG Engine               - globalSoundVolumeProperty: DoubleProperty [value: 0.5]
20:27:43.268 [FXGL Background Thread 3 ] DEBUG Engine               - height: 720
20:27:43.268 [FXGL Background Thread 3 ] DEBUG Engine               - isAndroid: false
20:27:43.268 [FXGL Background Thread 3 ] DEBUG Engine               - isBrowser: false
20:27:43.268 [FXGL Background Thread 3 ] DEBUG Engine               - isClickFeedbackEnabled: false
20:27:43.269 [FXGL Background Thread 3 ] DEBUG Engine               - isCloseConfirmation: false
20:27:43.269 [FXGL Background Thread 3 ] DEBUG Engine               - isDesktop: true
20:27:43.269 [FXGL Background Thread 3 ] DEBUG Engine               - isDeveloperMenuEnabled: false
20:27:43.270 [FXGL Background Thread 3 ] DEBUG Engine               - isEntityPreloadEnabled: true
20:27:43.270 [FXGL Background Thread 3 ] DEBUG Engine               - isExperimentalNative: false
20:27:43.270 [FXGL Background Thread 3 ] DEBUG Engine               - isExperimentalTiledLargeMap: false
20:27:43.271 [FXGL Background Thread 3 ] DEBUG Engine               - isFileSystemWriteAllowed: true
20:27:43.271 [FXGL Background Thread 3 ] DEBUG Engine               - isFullScreenAllowed: false
20:27:43.271 [FXGL Background Thread 3 ] DEBUG Engine               - isFullScreenFromStart: false
20:27:43.272 [FXGL Background Thread 3 ] DEBUG Engine               - isGameMenuEnabled: true
20:27:43.272 [FXGL Background Thread 3 ] DEBUG Engine               - isIOS: false
20:27:43.272 [FXGL Background Thread 3 ] DEBUG Engine               - isIntroEnabled: false
20:27:43.273 [FXGL Background Thread 3 ] DEBUG Engine               - isLinux: true
20:27:43.273 [FXGL Background Thread 3 ] DEBUG Engine               - isMac: false
20:27:43.274 [FXGL Background Thread 3 ] DEBUG Engine               - isMainMenuEnabled: true
20:27:43.274 [FXGL Background Thread 3 ] DEBUG Engine               - isManualResizeEnabled: false
20:27:43.274 [FXGL Background Thread 3 ] DEBUG Engine               - isMobile: false
20:27:43.274 [FXGL Background Thread 3 ] DEBUG Engine               - isPreserveResizeRatio: false
20:27:43.275 [FXGL Background Thread 3 ] DEBUG Engine               - isProfilingEnabled: false
20:27:43.275 [FXGL Background Thread 3 ] DEBUG Engine               - isSingleStep: false
20:27:43.275 [FXGL Background Thread 3 ] DEBUG Engine               - isUserProfileEnabled: false
20:27:43.276 [FXGL Background Thread 3 ] DEBUG Engine               - isWindows: false
20:27:43.276 [FXGL Background Thread 3 ] DEBUG Engine               - language: ObjectProperty [value: ENGLISH]
20:27:43.276 [FXGL Background Thread 3 ] DEBUG Engine               - menuKey: ESCAPE
20:27:43.276 [FXGL Background Thread 3 ] DEBUG Engine               - notificationViewClass: class com.almasb.fxgl.notification.view.XboxNotificationView
20:27:43.277 [FXGL Background Thread 3 ] DEBUG Engine               - pixelsPerMeter: 50.0
20:27:43.277 [FXGL Background Thread 3 ] DEBUG Engine               - platform: LINUX
20:27:43.277 [FXGL Background Thread 3 ] DEBUG Engine               - profileDir: profiles/
20:27:43.278 [FXGL Background Thread 3 ] DEBUG Engine               - profileName: StringProperty [value: DEFAULT]
20:27:43.278 [FXGL Background Thread 3 ] DEBUG Engine               - randomSeed: -1
20:27:43.278 [FXGL Background Thread 3 ] DEBUG Engine               - runtimeInfo: RuntimeInfo(platform=LINUX, version=11.11, build=08.09.2020 18.00)
20:27:43.279 [FXGL Background Thread 3 ] DEBUG Engine               - saveFileExt: sav
20:27:43.279 [FXGL Background Thread 3 ] DEBUG Engine               - sceneFactory: com.almasb.fxgl.app.scene.SceneFactory@4833822e
20:27:43.279 [FXGL Background Thread 3 ] DEBUG Engine               - secondsIn24h: 60
20:27:43.279 [FXGL Background Thread 3 ] DEBUG Engine               - soundMenuBack: menu/back.wav
20:27:43.280 [FXGL Background Thread 3 ] DEBUG Engine               - soundMenuPress: menu/press.wav
20:27:43.280 [FXGL Background Thread 3 ] DEBUG Engine               - soundMenuSelect: menu/select.wav
20:27:43.280 [FXGL Background Thread 3 ] DEBUG Engine               - soundNotification: core/notification.wav
20:27:43.280 [FXGL Background Thread 3 ] DEBUG Engine               - stageStyle: DECORATED
20:27:43.281 [FXGL Background Thread 3 ] DEBUG Engine               - supportedLanguages: [ENGLISH, FRENCH, GERMAN, HUNGARIAN, RUSSIAN]
20:27:43.281 [FXGL Background Thread 3 ] DEBUG Engine               - title: Color Switch 2
20:27:43.281 [FXGL Background Thread 3 ] DEBUG Engine               - urlGithub: https://github.com/AlmasB/FXGL
20:27:43.282 [FXGL Background Thread 3 ] DEBUG Engine               - urlLeaderboard: http://fxgl-top.herokuapp.com/
20:27:43.282 [FXGL Background Thread 3 ] DEBUG Engine               - urlPOM: https://raw.githubusercontent.com/AlmasB/FXGL/master/pom.xml
20:27:43.283 [FXGL Background Thread 3 ] DEBUG Engine               - version: 0.0
20:27:43.283 [FXGL Background Thread 3 ] DEBUG Engine               - versionCheckDays: 7
20:27:43.284 [FXGL Background Thread 3 ] DEBUG Engine               - width: 580
20:27:43.284 [FXGL Background Thread 3 ] DEBUG Engine               - Logging services
20:27:43.284 [FXGL Background Thread 3 ] DEBUG Engine               - class com.almasb.fxgl.app.FXGLApplication$GameApplicationService
20:27:43.285 [FXGL Background Thread 3 ] DEBUG Engine               - class com.almasb.fxgl.app.services.FXGLDialogService
20:27:43.285 [FXGL Background Thread 3 ] DEBUG Engine               - class com.almasb.fxgl.app.services.IOTaskExecutorService
20:27:43.285 [FXGL Background Thread 3 ] DEBUG Engine               - class com.almasb.fxgl.event.EventBusService
20:27:43.285 [FXGL Background Thread 3 ] DEBUG Engine               - class com.almasb.fxgl.io.FileSystemService
20:27:43.285 [FXGL Background Thread 3 ] DEBUG Engine               - class com.almasb.fxgl.localization.LocalizationService
20:27:43.286 [FXGL Background Thread 3 ] DEBUG Engine               - class com.almasb.fxgl.app.services.FXGLAssetLoaderService
20:27:43.286 [FXGL Background Thread 3 ] DEBUG Engine               - class com.almasb.fxgl.app.services.SystemBundleService
20:27:43.286 [FXGL Background Thread 3 ] DEBUG Engine               - class com.almasb.fxgl.profile.SaveLoadService
20:27:43.286 [FXGL Background Thread 3 ] DEBUG Engine               - class com.almasb.fxgl.ui.FXGLUIFactoryServiceProvider
20:27:43.286 [FXGL Background Thread 3 ] DEBUG Engine               - class com.almasb.fxgl.ui.FXGLDialogFactoryServiceProvider
20:27:43.287 [FXGL Background Thread 3 ] DEBUG Engine               - class com.almasb.fxgl.audio.AudioPlayer
20:27:43.287 [FXGL Background Thread 3 ] DEBUG Engine               - class com.almasb.fxgl.notification.impl.NotificationServiceProvider
20:27:43.287 [FXGL Background Thread 3 ] DEBUG Engine               - class com.almasb.fxgl.achievement.AchievementService
20:27:43.288 [FXGL Background Thread 3 ] DEBUG Engine               - class com.almasb.fxgl.cutscene.CutsceneService
20:27:43.288 [FXGL Background Thread 3 ] DEBUG Engine               - class com.almasb.fxgl.minigames.MiniGameService
20:27:43.288 [FXGL Background Thread 3 ] DEBUG Engine               - class com.almasb.fxgl.net.NetService
20:27:43.288 [FXGL Background Thread 3 ] DEBUG Engine               - class com.almasb.fxgl.app.services.UpdaterService
20:27:43.288 [FXGL Background Thread 3 ] DEBUG Engine               - class com.almasb.fxgl.dev.DevService
20:27:45.162 [JavaFX Application Thread] DEBUG FXGLApplication      - Exiting FXGL
20:27:45.163 [JavaFX Application Thread] DEBUG LoopRunner           - Stopping loop
20:27:45.164 [JavaFX Application Thread] DEBUG SystemBundleService  - Saving FXGL system data
20:27:45.169 [JavaFX Application Thread] DEBUG FileSystemAccess     - Writing to: /home/chintan/Downloads/game/system/fxgl.bundle
20:27:45.175 [JavaFX Application Thread] DEBUG Async                - Shutting down background threads
20:27:45.176 [JavaFX Application Thread] DEBUG MainWindow           - Closing main window
20:27:45.179 [JavaFX Application Thread] DEBUG Logger               - Closing Logger
