08:05:40.814 [main                     ] DEBUG Logger               - Configured Logger
08:05:40.833 [main                     ] DEBUG GameApplication      - Logging settings
Title: Color Switch 2
Version: 0.0
Width: 900
Height: 900
Fullscreen: false
Intro: false
Profiling: false
Single step:false
App Mode: DEVELOPER
Menu Key: ESCAPE
Stage Style: DECORATED
Scene Factory: class com.almasb.fxgl.app.scene.SceneFactory

08:05:41.407 [JavaFX Application Thread] DEBUG FXGLApplication      - Initializing FXGL
08:05:41.433 [JavaFX Application Thread] INFO  Engine               - FXGL-11.11 (08.09.2020 18.00) on LINUX (J:15.0.1 FX:14)
08:05:41.434 [JavaFX Application Thread] DEBUG Engine               - JRE Vendor Name: Oracle Corporation
08:05:41.435 [JavaFX Application Thread] DEBUG Engine               - Running on OS: Linux version 5.4.0-58-generic
08:05:41.435 [JavaFX Application Thread] DEBUG Engine               - Architecture: amd64
08:05:41.436 [JavaFX Application Thread] INFO  Engine               - Source code and latest versions at: https://github.com/AlmasB/FXGL
08:05:41.436 [JavaFX Application Thread] INFO  Engine               -              Join the FXGL chat at: https://gitter.im/AlmasB/FXGL
08:05:41.666 [JavaFX Application Thread] DEBUG MainWindow           - Creating a JavaFX scene
08:05:41.821 [JavaFX Application Thread] DEBUG MainWindow           - Target settings size: 900.0 x 900.0
08:05:41.823 [JavaFX Application Thread] DEBUG MainWindow           - Scaled scene size:    900.0 x 900.0
08:05:41.823 [JavaFX Application Thread] DEBUG MainWindow           - Scaled ratio: (1.0, 1.0)
08:05:41.826 [JavaFX Application Thread] DEBUG MainWindow           - Set initial scene to StartupScene
08:05:41.840 [JavaFX Application Thread] DEBUG MainWindow           - Opening main window
08:05:41.939 [JavaFX Application Thread] DEBUG MainWindow           - Window border size: (2.0, 29.0)
08:05:41.940 [JavaFX Application Thread] DEBUG MainWindow           - Scaled size: 900.0 x 900.0
08:05:41.940 [JavaFX Application Thread] DEBUG MainWindow           - Scaled ratio: (1.0, 1.0)
08:05:41.941 [JavaFX Application Thread] DEBUG MainWindow           - Scene size: 900.0 x 900.0
08:05:41.941 [JavaFX Application Thread] DEBUG MainWindow           - Stage size: 902.0 x 929.0
08:05:41.967 [FXGL Background Thread 1 ] DEBUG Engine               - Initializing environment variables
08:05:42.107 [FXGL Background Thread 1 ] DEBUG GameApplicationServi - Applying CSS: fxgl_dark.css
08:05:42.114 [FXGL Background Thread 1 ] DEBUG FXGLAssetLoaderServi - Loading from file system: /assets/ui/css/fxgl_dark.css
08:05:42.240 [FXGL Background Thread 1 ] DEBUG GameApplicationServi - Initializing application scenes
08:05:42.317 [FXGL Background Thread 1 ] DEBUG GameWorld            - Game world initialized
08:05:42.411 [FXGL Background Thread 1 ] DEBUG PhysicsWorld         - Physics world initialized: appHeight=900, physics.ppm=50.0
08:05:42.414 [FXGL Background Thread 1 ] DEBUG GameScene            - Game scene initialized: 900x900
08:05:42.451 [FXGL Background Thread 1 ] DEBUG FXGLAssetLoaderServi - Loading from file system: /assets/textures/particles/trace_horizontal.png
08:05:42.544 [FXGL Background Thread 1 ] DEBUG FXGL.DefaultMenu     - createMenuBodyMainMenu()
08:05:42.558 [FXGL Background Thread 1 ] DEBUG FXGL.DefaultMenu     - createOptionsMenu()
08:05:42.564 [FXGL Background Thread 1 ] DEBUG FXGLAssetLoaderServi - Loading from file system: /assets/textures/particles/smoke.png
08:05:42.627 [FXGL Background Thread 1 ] DEBUG FXGLAssetLoaderServi - Loading from cache: /assets/textures/particles/trace_horizontal.png@64.0x64.0
08:05:42.628 [FXGL Background Thread 1 ] DEBUG FXGL.DefaultMenu     - createMenuBodyGameMenu()
08:05:42.629 [FXGL Background Thread 1 ] DEBUG FXGL.DefaultMenu     - createOptionsMenu()
08:05:42.632 [FXGL Background Thread 1 ] DEBUG FXGLAssetLoaderServi - Loading from cache: /assets/textures/particles/smoke.png@128.0x128.0
08:05:42.653 [FXGL Background Thread 1 ] DEBUG GameApplicationServi - Application scenes initialized
08:05:42.661 [FXGL Background Thread 1 ] DEBUG SystemBundleService  - Loading FXGL system data
08:05:42.664 [FXGL Background Thread 1 ] DEBUG FileSystemAccess     - Reading from: /home/chintan/Downloads/game/system/fxgl.bundle
08:05:42.674 [FXGL Background Thread 1 ] DEBUG SystemBundleService  - Bundle FXGL: {}
08:05:42.674 [FXGL Background Thread 1 ] DEBUG UpdaterService       - Checking for updates
08:05:42.679 [FXGL Background Thread 1 ] DEBUG FXGLApplication      - Loading default localization
08:05:42.679 [FXGL Background Thread 1 ] DEBUG FXGLAssetLoaderServi - Loading from file system: /assets/languages/english.lang
08:05:42.678 [FXGL Background Thread 4 ] DEBUG FXGLApplication      - Loading fonts
08:05:42.690 [FXGL Background Thread 4 ] DEBUG FXGLAssetLoaderServi - Loading from file system: /assets/ui/fonts/VarelaRound-Regular.ttf
08:05:42.702 [FXGL Background Thread 1 ] INFO  FXGLApplication      - FXGL initialization took: 0.734 sec
08:05:42.702 [FXGL Background Thread 4 ] DEBUG FXGLAssetLoaderServi - Loading from file system: /assets/ui/fonts/Abel-Regular.ttf
08:05:42.706 [FXGL Background Thread 4 ] DEBUG FXGLAssetLoaderServi - Loading from file system: /assets/ui/fonts/lucida_console.ttf
08:05:42.709 [JavaFX Application Thread] DEBUG Input                - Registered new binding: Up - W
08:05:42.710 [JavaFX Application Thread] DEBUG FXGLAssetLoaderServi - Loading from file system: /assets/textures/fxgl_icon.png
08:05:42.720 [FXGL Background Thread 4 ] DEBUG FXGLAssetLoaderServi - Loading from file system: /assets/ui/fonts/Courier-Prime.ttf
08:05:42.743 [JavaFX Application Thread] DEBUG FXGLAssetLoaderServi - Loading from file system: /assets/ui/cursors/fxgl_default.png
08:05:42.746 [JavaFX Application Thread] DEBUG Input                - Registered new binding: Screenshot - P
08:05:42.747 [JavaFX Application Thread] DEBUG Input                - Registered new binding: System info dump - CTRL+9
08:05:42.747 [JavaFX Application Thread] DEBUG Input                - Registered new binding: Restart - CTRL+R
08:05:42.748 [JavaFX Application Thread] DEBUG Input                - Registered new binding: Toggle Debug Camera - CTRL+C
08:05:42.757 [JavaFX Application Thread] DEBUG LoopRunner           - Starting loop
08:05:42.760 [JavaFX Application Thread] DEBUG Input                - Clearing active input actions
08:05:42.774 [JavaFX Application Thread] DEBUG GameApplicationServi - Removing overlay from StartupScene and adding to FXGLMainMenuDummyScene
08:05:42.775 [JavaFX Application Thread] DEBUG MainWindow           - StartupScene -> FXGLMainMenuDummyScene
08:05:42.775 [JavaFX Application Thread] DEBUG MainWindow           - Push state: FXGLDefaultMenu
08:05:42.780 [JavaFX Application Thread] DEBUG Input                - Clearing active input actions
08:05:42.803 [JavaFX Application Thread] DEBUG GameApplicationServi - Removing overlay from FXGLMainMenuDummyScene and adding to FXGLDefaultMenu
08:05:42.804 [JavaFX Application Thread] DEBUG MainWindow           - FXGLMainMenuDummyScene -> FXGLDefaultMenu
08:05:42.805 [JavaFX Application Thread] DEBUG FXGLApplication      - Registering font factories with UI factory
08:05:43.279 [FXGL Background Thread 2 ] INFO  UpdaterService       - Your current version:  11.11
08:05:43.279 [FXGL Background Thread 2 ] INFO  UpdaterService       - Latest stable version: dev-SNAPSHOT
08:05:43.552 [JavaFX Application Thread] DEBUG Menu                 - fireNewGame()
08:05:43.552 [JavaFX Application Thread] DEBUG GameApplicationServi - Starting new game
08:05:43.559 [JavaFX Application Thread] DEBUG MainWindow           - Pop state: FXGLDefaultMenu
08:05:43.559 [JavaFX Application Thread] DEBUG Input                - Clearing active input actions
08:05:43.561 [JavaFX Application Thread] DEBUG GameApplicationServi - Removing overlay from FXGLDefaultMenu and adding to FXGLMainMenuDummyScene
08:05:43.561 [JavaFX Application Thread] DEBUG MainWindow           - FXGLMainMenuDummyScene <- FXGLDefaultMenu
08:05:43.562 [JavaFX Application Thread] DEBUG Input                - Clearing active input actions
08:05:43.571 [JavaFX Application Thread] DEBUG GameApplicationServi - Removing overlay from FXGLMainMenuDummyScene and adding to FXGLLoadingScene
08:05:43.571 [JavaFX Application Thread] DEBUG MainWindow           - FXGLMainMenuDummyScene -> FXGLLoadingScene
08:05:43.572 [JavaFX Application Thread] DEBUG GameApplicationServi - Clearing previous game
08:05:43.572 [JavaFX Application Thread] DEBUG GameScene            - Clearing game scene
08:05:43.572 [JavaFX Application Thread] DEBUG GameWorld            - Clearing game world
08:05:43.572 [JavaFX Application Thread] DEBUG PhysicsWorld         - Clearing physics world
08:05:43.574 [FXGL Background Thread 2 ] DEBUG FXGLApplication      - Initializing game
08:05:43.656 [FXGL Background Thread 2 ] DEBUG FXGLAssetLoaderServi - Loading from file system: /assets/textures/star.png
08:05:43.665 [FXGL Background Thread 2 ] DEBUG FXGLAssetLoaderServi - Loading from cache: /assets/textures/star.png
08:05:43.666 [FXGL Background Thread 2 ] DEBUG FXGLAssetLoaderServi - Loading from cache: /assets/textures/star.png
08:05:43.667 [FXGL Background Thread 2 ] DEBUG FXGLAssetLoaderServi - Loading from cache: /assets/textures/star.png
08:05:43.671 [FXGL Background Thread 2 ] DEBUG FXGLAssetLoaderServi - Loading from cache: /assets/textures/star.png
08:05:43.677 [FXGL Background Thread 2 ] INFO  FXGLApplication      - Game initialization took: 0.103 sec
08:05:43.678 [JavaFX Application Thread] DEBUG Input                - Clearing active input actions
08:05:43.689 [JavaFX Application Thread] DEBUG GameApplicationServi - Removing overlay from FXGLLoadingScene and adding to GameScene
08:05:43.689 [JavaFX Application Thread] DEBUG MainWindow           - FXGLLoadingScene -> GameScene
08:05:45.677 [FXGL Background Thread 3 ] DEBUG Engine               - Logging environment variables
08:05:45.678 [FXGL Background Thread 3 ] DEBUG Engine               - achievements: []
08:05:45.678 [FXGL Background Thread 3 ] DEBUG Engine               - appIcon: fxgl_icon.png
08:05:45.678 [FXGL Background Thread 3 ] DEBUG Engine               - applicationMode: DEVELOPER
08:05:45.679 [FXGL Background Thread 3 ] DEBUG Engine               - cSSList: [fxgl_dark.css]
08:05:45.679 [FXGL Background Thread 3 ] DEBUG Engine               - configClass: Optional.empty
08:05:45.679 [FXGL Background Thread 3 ] DEBUG Engine               - credits: []
08:05:45.680 [FXGL Background Thread 3 ] DEBUG Engine               - devBBoxColorProperty: ObjectProperty [value: 0xff0000ff]
08:05:45.680 [FXGL Background Thread 3 ] DEBUG Engine               - devEnableDebugCameraProperty: BooleanProperty [value: false]
08:05:45.680 [FXGL Background Thread 3 ] DEBUG Engine               - devSensorColorProperty: ObjectProperty [value: 0xffff00ff]
08:05:45.680 [FXGL Background Thread 3 ] DEBUG Engine               - devShowBBoxProperty: BooleanProperty [value: false]
08:05:45.681 [FXGL Background Thread 3 ] DEBUG Engine               - devShowPositionProperty: BooleanProperty [value: false]
08:05:45.682 [FXGL Background Thread 3 ] DEBUG Engine               - enabledMenuItems: []
08:05:45.682 [FXGL Background Thread 3 ] DEBUG Engine               - engineServices: [class com.almasb.fxgl.app.FXGLApplication$GameApplicationService, class com.almasb.fxgl.app.services.FXGLDialogService, class com.almasb.fxgl.app.services.IOTaskExecutorService, class com.almasb.fxgl.event.EventBusService, class com.almasb.fxgl.io.FileSystemService, class com.almasb.fxgl.localization.LocalizationService, class com.almasb.fxgl.app.services.FXGLAssetLoaderService, class com.almasb.fxgl.app.services.SystemBundleService, class com.almasb.fxgl.profile.SaveLoadService, class com.almasb.fxgl.ui.FXGLUIFactoryServiceProvider, class com.almasb.fxgl.ui.FXGLDialogFactoryServiceProvider, class com.almasb.fxgl.audio.AudioPlayer, class com.almasb.fxgl.notification.impl.NotificationServiceProvider, class com.almasb.fxgl.achievement.AchievementService, class com.almasb.fxgl.cutscene.CutsceneService, class com.almasb.fxgl.minigames.MiniGameService, class com.almasb.fxgl.net.NetService, class com.almasb.fxgl.app.services.UpdaterService, class com.almasb.fxgl.dev.DevService]
08:05:45.682 [FXGL Background Thread 3 ] DEBUG Engine               - fontGame: Abel-Regular.ttf
08:05:45.682 [FXGL Background Thread 3 ] DEBUG Engine               - fontMono: lucida_console.ttf
08:05:45.684 [FXGL Background Thread 3 ] DEBUG Engine               - fontText: Courier-Prime.ttf
08:05:45.685 [FXGL Background Thread 3 ] DEBUG Engine               - fontUI: VarelaRound-Regular.ttf
08:05:45.686 [FXGL Background Thread 3 ] DEBUG Engine               - fullScreen: BooleanProperty [value: false]
08:05:45.686 [FXGL Background Thread 3 ] DEBUG Engine               - gameDifficulty: MEDIUM
08:05:45.686 [FXGL Background Thread 3 ] DEBUG Engine               - gameDifficultyProperty: ObjectProperty [value: MEDIUM]
08:05:45.686 [FXGL Background Thread 3 ] DEBUG Engine               - globalMusicVolume: 0.5
08:05:45.687 [FXGL Background Thread 3 ] DEBUG Engine               - globalMusicVolumeProperty: DoubleProperty [value: 0.5]
08:05:45.687 [FXGL Background Thread 3 ] DEBUG Engine               - globalSoundVolume: 0.5
08:05:45.687 [FXGL Background Thread 3 ] DEBUG Engine               - globalSoundVolumeProperty: DoubleProperty [value: 0.5]
08:05:45.687 [FXGL Background Thread 3 ] DEBUG Engine               - height: 900
08:05:45.687 [FXGL Background Thread 3 ] DEBUG Engine               - isAndroid: false
08:05:45.688 [FXGL Background Thread 3 ] DEBUG Engine               - isBrowser: false
08:05:45.688 [FXGL Background Thread 3 ] DEBUG Engine               - isClickFeedbackEnabled: false
08:05:45.688 [FXGL Background Thread 3 ] DEBUG Engine               - isCloseConfirmation: false
08:05:45.688 [FXGL Background Thread 3 ] DEBUG Engine               - isDesktop: true
08:05:45.689 [FXGL Background Thread 3 ] DEBUG Engine               - isDeveloperMenuEnabled: false
08:05:45.689 [FXGL Background Thread 3 ] DEBUG Engine               - isEntityPreloadEnabled: true
08:05:45.689 [FXGL Background Thread 3 ] DEBUG Engine               - isExperimentalNative: false
08:05:45.689 [FXGL Background Thread 3 ] DEBUG Engine               - isExperimentalTiledLargeMap: false
08:05:45.689 [FXGL Background Thread 3 ] DEBUG Engine               - isFileSystemWriteAllowed: true
08:05:45.690 [FXGL Background Thread 3 ] DEBUG Engine               - isFullScreenAllowed: false
08:05:45.690 [FXGL Background Thread 3 ] DEBUG Engine               - isFullScreenFromStart: false
08:05:45.690 [FXGL Background Thread 3 ] DEBUG Engine               - isGameMenuEnabled: true
08:05:45.690 [FXGL Background Thread 3 ] DEBUG Engine               - isIOS: false
08:05:45.691 [FXGL Background Thread 3 ] DEBUG Engine               - isIntroEnabled: false
08:05:45.691 [FXGL Background Thread 3 ] DEBUG Engine               - isLinux: true
08:05:45.691 [FXGL Background Thread 3 ] DEBUG Engine               - isMac: false
08:05:45.691 [FXGL Background Thread 3 ] DEBUG Engine               - isMainMenuEnabled: true
08:05:45.692 [FXGL Background Thread 3 ] DEBUG Engine               - isManualResizeEnabled: false
08:05:45.692 [FXGL Background Thread 3 ] DEBUG Engine               - isMobile: false
08:05:45.692 [FXGL Background Thread 3 ] DEBUG Engine               - isPreserveResizeRatio: false
08:05:45.692 [FXGL Background Thread 3 ] DEBUG Engine               - isProfilingEnabled: false
08:05:45.693 [FXGL Background Thread 3 ] DEBUG Engine               - isSingleStep: false
08:05:45.693 [FXGL Background Thread 3 ] DEBUG Engine               - isUserProfileEnabled: false
08:05:45.693 [FXGL Background Thread 3 ] DEBUG Engine               - isWindows: false
08:05:45.693 [FXGL Background Thread 3 ] DEBUG Engine               - language: ObjectProperty [value: ENGLISH]
08:05:45.693 [FXGL Background Thread 3 ] DEBUG Engine               - menuKey: ESCAPE
08:05:45.694 [FXGL Background Thread 3 ] DEBUG Engine               - notificationViewClass: class com.almasb.fxgl.notification.view.XboxNotificationView
08:05:45.694 [FXGL Background Thread 3 ] DEBUG Engine               - pixelsPerMeter: 50.0
08:05:45.694 [FXGL Background Thread 3 ] DEBUG Engine               - platform: LINUX
08:05:45.694 [FXGL Background Thread 3 ] DEBUG Engine               - profileDir: profiles/
08:05:45.694 [FXGL Background Thread 3 ] DEBUG Engine               - profileName: StringProperty [value: DEFAULT]
08:05:45.694 [FXGL Background Thread 3 ] DEBUG Engine               - randomSeed: -1
08:05:45.695 [FXGL Background Thread 3 ] DEBUG Engine               - runtimeInfo: RuntimeInfo(platform=LINUX, version=11.11, build=08.09.2020 18.00)
08:05:45.695 [FXGL Background Thread 3 ] DEBUG Engine               - saveFileExt: sav
08:05:45.695 [FXGL Background Thread 3 ] DEBUG Engine               - sceneFactory: com.almasb.fxgl.app.scene.SceneFactory@36db59de
08:05:45.695 [FXGL Background Thread 3 ] DEBUG Engine               - secondsIn24h: 60
08:05:45.695 [FXGL Background Thread 3 ] DEBUG Engine               - soundMenuBack: menu/back.wav
08:05:45.695 [FXGL Background Thread 3 ] DEBUG Engine               - soundMenuPress: menu/press.wav
08:05:45.696 [FXGL Background Thread 3 ] DEBUG Engine               - soundMenuSelect: menu/select.wav
08:05:45.696 [FXGL Background Thread 3 ] DEBUG Engine               - soundNotification: core/notification.wav
08:05:45.696 [FXGL Background Thread 3 ] DEBUG Engine               - stageStyle: DECORATED
08:05:45.696 [FXGL Background Thread 3 ] DEBUG Engine               - supportedLanguages: [ENGLISH, FRENCH, GERMAN, HUNGARIAN, RUSSIAN]
08:05:45.696 [FXGL Background Thread 3 ] DEBUG Engine               - title: Color Switch 2
08:05:45.697 [FXGL Background Thread 3 ] DEBUG Engine               - urlGithub: https://github.com/AlmasB/FXGL
08:05:45.697 [FXGL Background Thread 3 ] DEBUG Engine               - urlLeaderboard: http://fxgl-top.herokuapp.com/
08:05:45.697 [FXGL Background Thread 3 ] DEBUG Engine               - urlPOM: https://raw.githubusercontent.com/AlmasB/FXGL/master/pom.xml
08:05:45.697 [FXGL Background Thread 3 ] DEBUG Engine               - version: 0.0
08:05:45.697 [FXGL Background Thread 3 ] DEBUG Engine               - versionCheckDays: 7
08:05:45.698 [FXGL Background Thread 3 ] DEBUG Engine               - width: 900
08:05:45.698 [FXGL Background Thread 3 ] DEBUG Engine               - Logging services
08:05:45.698 [FXGL Background Thread 3 ] DEBUG Engine               - class com.almasb.fxgl.app.FXGLApplication$GameApplicationService
08:05:45.698 [FXGL Background Thread 3 ] DEBUG Engine               - class com.almasb.fxgl.app.services.FXGLDialogService
08:05:45.698 [FXGL Background Thread 3 ] DEBUG Engine               - class com.almasb.fxgl.app.services.IOTaskExecutorService
08:05:45.698 [FXGL Background Thread 3 ] DEBUG Engine               - class com.almasb.fxgl.event.EventBusService
08:05:45.699 [FXGL Background Thread 3 ] DEBUG Engine               - class com.almasb.fxgl.io.FileSystemService
08:05:45.699 [FXGL Background Thread 3 ] DEBUG Engine               - class com.almasb.fxgl.localization.LocalizationService
08:05:45.699 [FXGL Background Thread 3 ] DEBUG Engine               - class com.almasb.fxgl.app.services.FXGLAssetLoaderService
08:05:45.699 [FXGL Background Thread 3 ] DEBUG Engine               - class com.almasb.fxgl.app.services.SystemBundleService
08:05:45.700 [FXGL Background Thread 3 ] DEBUG Engine               - class com.almasb.fxgl.profile.SaveLoadService
08:05:45.701 [FXGL Background Thread 3 ] DEBUG Engine               - class com.almasb.fxgl.ui.FXGLUIFactoryServiceProvider
08:05:45.701 [FXGL Background Thread 3 ] DEBUG Engine               - class com.almasb.fxgl.ui.FXGLDialogFactoryServiceProvider
08:05:45.701 [FXGL Background Thread 3 ] DEBUG Engine               - class com.almasb.fxgl.audio.AudioPlayer
08:05:45.701 [FXGL Background Thread 3 ] DEBUG Engine               - class com.almasb.fxgl.notification.impl.NotificationServiceProvider
08:05:45.701 [FXGL Background Thread 3 ] DEBUG Engine               - class com.almasb.fxgl.achievement.AchievementService
08:05:45.706 [FXGL Background Thread 3 ] DEBUG Engine               - class com.almasb.fxgl.cutscene.CutsceneService
08:05:45.706 [FXGL Background Thread 3 ] DEBUG Engine               - class com.almasb.fxgl.minigames.MiniGameService
08:05:45.706 [FXGL Background Thread 3 ] DEBUG Engine               - class com.almasb.fxgl.net.NetService
08:05:45.706 [FXGL Background Thread 3 ] DEBUG Engine               - class com.almasb.fxgl.app.services.UpdaterService
08:05:45.707 [FXGL Background Thread 3 ] DEBUG Engine               - class com.almasb.fxgl.dev.DevService
08:06:30.180 [JavaFX Application Thread] DEBUG FXGLApplication      - Exiting FXGL
08:06:30.181 [JavaFX Application Thread] DEBUG LoopRunner           - Stopping loop
08:06:30.183 [JavaFX Application Thread] DEBUG SystemBundleService  - Saving FXGL system data
08:06:30.192 [JavaFX Application Thread] DEBUG FileSystemAccess     - Writing to: /home/chintan/Downloads/game/system/fxgl.bundle
08:06:30.201 [JavaFX Application Thread] DEBUG Async                - Shutting down background threads
08:06:30.202 [JavaFX Application Thread] DEBUG MainWindow           - Closing main window
08:06:30.206 [JavaFX Application Thread] DEBUG Logger               - Closing Logger
