17:15:44.574 [main                     ] DEBUG Logger               - Configured Logger
17:15:44.595 [main                     ] DEBUG GameApplication      - Logging settings
Title: Color Switch 2
Version: 0.0
Width: 900
Height: 900
Fullscreen: false
Intro: false
Profiling: false
Single step:false
App Mode: DEVELOPER
Menu Key: ESCAPE
Stage Style: DECORATED
Scene Factory: class com.almasb.fxgl.app.scene.SceneFactory

17:15:44.860 [JavaFX Application Thread] DEBUG FXGLApplication      - Initializing FXGL
17:15:44.871 [JavaFX Application Thread] INFO  Engine               - FXGL-11.11 (08.09.2020 18.00) on WINDOWS (J:15.0.1 FX:15.0.1)
17:15:44.872 [JavaFX Application Thread] DEBUG Engine               - JRE Vendor Name: Oracle Corporation
17:15:44.872 [JavaFX Application Thread] DEBUG Engine               - Running on OS: Windows 10 version 10.0
17:15:44.872 [JavaFX Application Thread] DEBUG Engine               - Architecture: amd64
17:15:44.873 [JavaFX Application Thread] INFO  Engine               - Source code and latest versions at: https://github.com/AlmasB/FXGL
17:15:44.873 [JavaFX Application Thread] INFO  Engine               -              Join the FXGL chat at: https://gitter.im/AlmasB/FXGL
17:15:44.992 [JavaFX Application Thread] DEBUG MainWindow           - Creating a JavaFX scene
17:15:44.992 [JavaFX Application Thread] DEBUG MainWindow           - Target size > screen size
17:15:45.055 [JavaFX Application Thread] DEBUG MainWindow           - Target settings size: 900.0 x 900.0
17:15:45.055 [JavaFX Application Thread] DEBUG MainWindow           - Scaled scene size:    799.0 x 824.0
17:15:45.055 [JavaFX Application Thread] DEBUG MainWindow           - Scaled ratio: (0.8877777777777778, 0.9155555555555556)
17:15:45.056 [JavaFX Application Thread] DEBUG MainWindow           - Set initial scene to StartupScene
17:15:45.064 [JavaFX Application Thread] DEBUG MainWindow           - Opening main window
17:15:45.164 [JavaFX Application Thread] DEBUG MainWindow           - Window border size: (14.5999755859375, 37.5999755859375)
17:15:45.164 [JavaFX Application Thread] DEBUG MainWindow           - Scaled size: 799.0 x 824.0
17:15:45.165 [JavaFX Application Thread] DEBUG MainWindow           - Scaled ratio: (0.8877777777777778, 0.9155555555555556)
17:15:45.165 [JavaFX Application Thread] DEBUG MainWindow           - Scene size: 799.0 x 824.0
17:15:45.166 [JavaFX Application Thread] DEBUG MainWindow           - Stage size: 813.5999755859375 x 861.5999755859375
17:15:45.176 [FXGL Background Thread 1 ] DEBUG Engine               - Initializing environment variables
17:15:45.226 [FXGL Background Thread 1 ] DEBUG GameApplicationServi - Applying CSS: fxgl_dark.css
17:15:45.227 [FXGL Background Thread 1 ] DEBUG FXGLAssetLoaderServi - Loading from file system: /assets/ui/css/fxgl_dark.css
17:15:45.302 [FXGL Background Thread 1 ] DEBUG GameApplicationServi - Initializing application scenes
17:15:45.358 [FXGL Background Thread 1 ] DEBUG GameWorld            - Game world initialized
17:15:45.459 [FXGL Background Thread 1 ] DEBUG PhysicsWorld         - Physics world initialized: appHeight=900, physics.ppm=50.0
17:15:45.462 [FXGL Background Thread 1 ] DEBUG GameScene            - Game scene initialized: 900x900
17:15:45.503 [FXGL Background Thread 1 ] DEBUG FXGLAssetLoaderServi - Loading from file system: /assets/textures/particles/trace_horizontal.png
17:15:45.567 [FXGL Background Thread 1 ] DEBUG FXGL.DefaultMenu     - createMenuBodyMainMenu()
17:15:45.585 [FXGL Background Thread 1 ] DEBUG FXGL.DefaultMenu     - createOptionsMenu()
17:15:45.593 [FXGL Background Thread 1 ] DEBUG FXGLAssetLoaderServi - Loading from file system: /assets/textures/particles/smoke.png
17:15:45.670 [FXGL Background Thread 1 ] DEBUG FXGLAssetLoaderServi - Loading from cache: /assets/textures/particles/trace_horizontal.png@64.0x64.0
17:15:45.671 [FXGL Background Thread 1 ] DEBUG FXGL.DefaultMenu     - createMenuBodyGameMenu()
17:15:45.673 [FXGL Background Thread 1 ] DEBUG FXGL.DefaultMenu     - createOptionsMenu()
17:15:45.677 [FXGL Background Thread 1 ] DEBUG FXGLAssetLoaderServi - Loading from cache: /assets/textures/particles/smoke.png@128.0x128.0
17:15:45.700 [FXGL Background Thread 1 ] DEBUG GameApplicationServi - Application scenes initialized
17:15:45.712 [FXGL Background Thread 1 ] DEBUG SystemBundleService  - Loading FXGL system data
17:15:45.718 [FXGL Background Thread 1 ] DEBUG FileSystemAccess     - Reading from: C:\Users\SNEH SUMAN\Documents\GitHub\game\system\fxgl.bundle
17:15:45.726 [FXGL Background Thread 1 ] DEBUG SystemBundleService  - Bundle FXGL: {}
17:15:45.727 [FXGL Background Thread 1 ] DEBUG UpdaterService       - Checking for updates
17:15:45.733 [FXGL Background Thread 4 ] DEBUG FXGLApplication      - Loading fonts
17:15:45.733 [FXGL Background Thread 4 ] DEBUG FXGLAssetLoaderServi - Loading from file system: /assets/ui/fonts/VarelaRound-Regular.ttf
17:15:45.734 [FXGL Background Thread 1 ] DEBUG FXGLApplication      - Loading default localization
17:15:45.734 [FXGL Background Thread 1 ] DEBUG FXGLAssetLoaderServi - Loading from file system: /assets/languages/english.lang
17:15:45.753 [FXGL Background Thread 1 ] INFO  FXGLApplication      - FXGL initialization took: 0.577 sec
17:15:45.762 [JavaFX Application Thread] DEBUG Input                - Registered new binding: Up - W
17:15:45.764 [JavaFX Application Thread] DEBUG Input                - Registered new binding: action0 - F
17:15:45.764 [JavaFX Application Thread] DEBUG FXGLAssetLoaderServi - Loading from file system: /assets/textures/fxgl_icon.png
17:15:45.803 [JavaFX Application Thread] DEBUG FXGLAssetLoaderServi - Loading from file system: /assets/ui/cursors/fxgl_default.png
17:15:45.806 [JavaFX Application Thread] DEBUG Input                - Registered new binding: Screenshot - P
17:15:45.807 [JavaFX Application Thread] DEBUG Input                - Registered new binding: System info dump - CTRL+9
17:15:45.807 [JavaFX Application Thread] DEBUG Input                - Registered new binding: Restart - CTRL+R
17:15:45.809 [JavaFX Application Thread] DEBUG Input                - Registered new binding: Toggle Debug Camera - CTRL+C
17:15:45.811 [JavaFX Application Thread] DEBUG LoopRunner           - Starting loop
17:15:45.814 [JavaFX Application Thread] DEBUG Input                - Clearing active input actions
17:15:45.827 [JavaFX Application Thread] DEBUG GameApplicationServi - Removing overlay from StartupScene and adding to FXGLMainMenuDummyScene
17:15:45.828 [JavaFX Application Thread] DEBUG MainWindow           - StartupScene -> FXGLMainMenuDummyScene
17:15:45.828 [JavaFX Application Thread] DEBUG MainWindow           - Push state: FXGLDefaultMenu
17:15:45.833 [FXGL Background Thread 4 ] DEBUG FXGLAssetLoaderServi - Loading from file system: /assets/ui/fonts/Abel-Regular.ttf
17:15:45.835 [JavaFX Application Thread] DEBUG Input                - Clearing active input actions
17:15:45.838 [FXGL Background Thread 4 ] DEBUG FXGLAssetLoaderServi - Loading from file system: /assets/ui/fonts/lucida_console.ttf
17:15:45.845 [JavaFX Application Thread] DEBUG GameApplicationServi - Removing overlay from FXGLMainMenuDummyScene and adding to FXGLDefaultMenu
17:15:45.845 [FXGL Background Thread 4 ] DEBUG FXGLAssetLoaderServi - Loading from file system: /assets/ui/fonts/Courier-Prime.ttf
17:15:45.845 [JavaFX Application Thread] DEBUG MainWindow           - FXGLMainMenuDummyScene -> FXGLDefaultMenu
17:15:45.932 [JavaFX Application Thread] DEBUG FXGLApplication      - Registering font factories with UI factory
17:15:46.426 [FXGL Background Thread 2 ] INFO  UpdaterService       - Your current version:  11.11
17:15:46.427 [FXGL Background Thread 2 ] INFO  UpdaterService       - Latest stable version: dev-SNAPSHOT
17:15:47.499 [JavaFX Application Thread] DEBUG Menu                 - fireNewGame()
17:15:47.500 [JavaFX Application Thread] DEBUG GameApplicationServi - Starting new game
17:15:47.502 [JavaFX Application Thread] DEBUG MainWindow           - Pop state: FXGLDefaultMenu
17:15:47.502 [JavaFX Application Thread] DEBUG Input                - Clearing active input actions
17:15:47.503 [JavaFX Application Thread] DEBUG GameApplicationServi - Removing overlay from FXGLDefaultMenu and adding to FXGLMainMenuDummyScene
17:15:47.504 [JavaFX Application Thread] DEBUG MainWindow           - FXGLMainMenuDummyScene <- FXGLDefaultMenu
17:15:47.504 [JavaFX Application Thread] DEBUG Input                - Clearing active input actions
17:15:47.515 [JavaFX Application Thread] DEBUG GameApplicationServi - Removing overlay from FXGLMainMenuDummyScene and adding to FXGLLoadingScene
17:15:47.517 [JavaFX Application Thread] DEBUG MainWindow           - FXGLMainMenuDummyScene -> FXGLLoadingScene
17:15:47.517 [JavaFX Application Thread] DEBUG GameApplicationServi - Clearing previous game
17:15:47.517 [JavaFX Application Thread] DEBUG GameScene            - Clearing game scene
17:15:47.518 [JavaFX Application Thread] DEBUG GameWorld            - Clearing game world
17:15:47.518 [JavaFX Application Thread] DEBUG PhysicsWorld         - Clearing physics world
17:15:47.520 [FXGL Background Thread 2 ] DEBUG FXGLApplication      - Initializing game
17:15:47.575 [FXGL Background Thread 2 ] INFO  FXGLApplication      - Game initialization took: 0.055 sec
17:15:47.576 [JavaFX Application Thread] DEBUG Input                - Clearing active input actions
17:15:47.584 [JavaFX Application Thread] DEBUG GameApplicationServi - Removing overlay from FXGLLoadingScene and adding to GameScene
17:15:47.585 [JavaFX Application Thread] DEBUG MainWindow           - FXGLLoadingScene -> GameScene
17:15:48.285 [JavaFX Application Thread] DEBUG FXGLAssetLoaderServi - Loading from file system: /assets/sounds/hello.wav
17:15:48.285 [JavaFX Application Thread] WARN  FXGLAssetLoaderServi - Failed to load sound hello.wav Error: java.lang.IllegalArgumentException: Asset "/assets/sounds/hello.wav" was not found!
17:15:48.586 [JavaFX Application Thread] DEBUG FXGLAssetLoaderServi - Loading from file system: /assets/sounds/hello.wav
17:15:48.586 [JavaFX Application Thread] WARN  FXGLAssetLoaderServi - Failed to load sound hello.wav Error: java.lang.IllegalArgumentException: Asset "/assets/sounds/hello.wav" was not found!
17:15:48.733 [FXGL Background Thread 3 ] DEBUG Engine               - Logging environment variables
17:15:48.733 [FXGL Background Thread 3 ] DEBUG Engine               - achievements: []
17:15:48.734 [FXGL Background Thread 3 ] DEBUG Engine               - appIcon: fxgl_icon.png
17:15:48.734 [FXGL Background Thread 3 ] DEBUG Engine               - applicationMode: DEVELOPER
17:15:48.734 [FXGL Background Thread 3 ] DEBUG Engine               - cSSList: [fxgl_dark.css]
17:15:48.734 [FXGL Background Thread 3 ] DEBUG Engine               - configClass: Optional.empty
17:15:48.734 [FXGL Background Thread 3 ] DEBUG Engine               - credits: []
17:15:48.735 [FXGL Background Thread 3 ] DEBUG Engine               - devBBoxColorProperty: ObjectProperty [value: 0xff0000ff]
17:15:48.735 [FXGL Background Thread 3 ] DEBUG Engine               - devEnableDebugCameraProperty: BooleanProperty [value: false]
17:15:48.735 [FXGL Background Thread 3 ] DEBUG Engine               - devSensorColorProperty: ObjectProperty [value: 0xffff00ff]
17:15:48.735 [FXGL Background Thread 3 ] DEBUG Engine               - devShowBBoxProperty: BooleanProperty [value: false]
17:15:48.735 [FXGL Background Thread 3 ] DEBUG Engine               - devShowPositionProperty: BooleanProperty [value: false]
17:15:48.738 [FXGL Background Thread 3 ] DEBUG Engine               - enabledMenuItems: []
17:15:48.739 [FXGL Background Thread 3 ] DEBUG Engine               - engineServices: [class com.almasb.fxgl.app.FXGLApplication$GameApplicationService, class com.almasb.fxgl.app.services.FXGLDialogService, class com.almasb.fxgl.app.services.IOTaskExecutorService, class com.almasb.fxgl.event.EventBusService, class com.almasb.fxgl.io.FileSystemService, class com.almasb.fxgl.localization.LocalizationService, class com.almasb.fxgl.app.services.FXGLAssetLoaderService, class com.almasb.fxgl.app.services.SystemBundleService, class com.almasb.fxgl.profile.SaveLoadService, class com.almasb.fxgl.ui.FXGLUIFactoryServiceProvider, class com.almasb.fxgl.ui.FXGLDialogFactoryServiceProvider, class com.almasb.fxgl.audio.AudioPlayer, class com.almasb.fxgl.notification.impl.NotificationServiceProvider, class com.almasb.fxgl.achievement.AchievementService, class com.almasb.fxgl.cutscene.CutsceneService, class com.almasb.fxgl.minigames.MiniGameService, class com.almasb.fxgl.net.NetService, class com.almasb.fxgl.app.services.UpdaterService, class com.almasb.fxgl.dev.DevService]
17:15:48.739 [FXGL Background Thread 3 ] DEBUG Engine               - fontGame: Abel-Regular.ttf
17:15:48.739 [FXGL Background Thread 3 ] DEBUG Engine               - fontMono: lucida_console.ttf
17:15:48.739 [FXGL Background Thread 3 ] DEBUG Engine               - fontText: Courier-Prime.ttf
17:15:48.740 [FXGL Background Thread 3 ] DEBUG Engine               - fontUI: VarelaRound-Regular.ttf
17:15:48.740 [FXGL Background Thread 3 ] DEBUG Engine               - fullScreen: BooleanProperty [value: false]
17:15:48.740 [FXGL Background Thread 3 ] DEBUG Engine               - gameDifficulty: MEDIUM
17:15:48.740 [FXGL Background Thread 3 ] DEBUG Engine               - gameDifficultyProperty: ObjectProperty [value: MEDIUM]
17:15:48.740 [FXGL Background Thread 3 ] DEBUG Engine               - globalMusicVolume: 0.5
17:15:48.740 [FXGL Background Thread 3 ] DEBUG Engine               - globalMusicVolumeProperty: DoubleProperty [value: 0.5]
17:15:48.741 [FXGL Background Thread 3 ] DEBUG Engine               - globalSoundVolume: 0.5
17:15:48.741 [FXGL Background Thread 3 ] DEBUG Engine               - globalSoundVolumeProperty: DoubleProperty [value: 0.5]
17:15:48.741 [FXGL Background Thread 3 ] DEBUG Engine               - height: 900
17:15:48.741 [FXGL Background Thread 3 ] DEBUG Engine               - isAndroid: false
17:15:48.741 [FXGL Background Thread 3 ] DEBUG Engine               - isBrowser: false
17:15:48.741 [FXGL Background Thread 3 ] DEBUG Engine               - isClickFeedbackEnabled: false
17:15:48.741 [FXGL Background Thread 3 ] DEBUG Engine               - isCloseConfirmation: false
17:15:48.742 [FXGL Background Thread 3 ] DEBUG Engine               - isDesktop: true
17:15:48.742 [FXGL Background Thread 3 ] DEBUG Engine               - isDeveloperMenuEnabled: false
17:15:48.742 [FXGL Background Thread 3 ] DEBUG Engine               - isEntityPreloadEnabled: true
17:15:48.742 [FXGL Background Thread 3 ] DEBUG Engine               - isExperimentalNative: false
17:15:48.742 [FXGL Background Thread 3 ] DEBUG Engine               - isExperimentalTiledLargeMap: false
17:15:48.742 [FXGL Background Thread 3 ] DEBUG Engine               - isFileSystemWriteAllowed: true
17:15:48.742 [FXGL Background Thread 3 ] DEBUG Engine               - isFullScreenAllowed: false
17:15:48.742 [FXGL Background Thread 3 ] DEBUG Engine               - isFullScreenFromStart: false
17:15:48.742 [FXGL Background Thread 3 ] DEBUG Engine               - isGameMenuEnabled: true
17:15:48.743 [FXGL Background Thread 3 ] DEBUG Engine               - isIOS: false
17:15:48.743 [FXGL Background Thread 3 ] DEBUG Engine               - isIntroEnabled: false
17:15:48.743 [FXGL Background Thread 3 ] DEBUG Engine               - isLinux: false
17:15:48.743 [FXGL Background Thread 3 ] DEBUG Engine               - isMac: false
17:15:48.743 [FXGL Background Thread 3 ] DEBUG Engine               - isMainMenuEnabled: true
17:15:48.743 [FXGL Background Thread 3 ] DEBUG Engine               - isManualResizeEnabled: false
17:15:48.743 [FXGL Background Thread 3 ] DEBUG Engine               - isMobile: false
17:15:48.743 [FXGL Background Thread 3 ] DEBUG Engine               - isPreserveResizeRatio: false
17:15:48.744 [FXGL Background Thread 3 ] DEBUG Engine               - isProfilingEnabled: false
17:15:48.744 [FXGL Background Thread 3 ] DEBUG Engine               - isSingleStep: false
17:15:48.744 [FXGL Background Thread 3 ] DEBUG Engine               - isUserProfileEnabled: false
17:15:48.744 [FXGL Background Thread 3 ] DEBUG Engine               - isWindows: true
17:15:48.744 [FXGL Background Thread 3 ] DEBUG Engine               - language: ObjectProperty [value: ENGLISH]
17:15:48.744 [FXGL Background Thread 3 ] DEBUG Engine               - menuKey: ESCAPE
17:15:48.744 [FXGL Background Thread 3 ] DEBUG Engine               - notificationViewClass: class com.almasb.fxgl.notification.view.XboxNotificationView
17:15:48.744 [FXGL Background Thread 3 ] DEBUG Engine               - pixelsPerMeter: 50.0
17:15:48.745 [FXGL Background Thread 3 ] DEBUG Engine               - platform: WINDOWS
17:15:48.745 [FXGL Background Thread 3 ] DEBUG Engine               - profileDir: profiles/
17:15:48.745 [FXGL Background Thread 3 ] DEBUG Engine               - profileName: StringProperty [value: DEFAULT]
17:15:48.745 [FXGL Background Thread 3 ] DEBUG Engine               - randomSeed: -1
17:15:48.745 [FXGL Background Thread 3 ] DEBUG Engine               - runtimeInfo: RuntimeInfo(platform=WINDOWS, version=11.11, build=08.09.2020 18.00)
17:15:48.745 [FXGL Background Thread 3 ] DEBUG Engine               - saveFileExt: sav
17:15:48.746 [FXGL Background Thread 3 ] DEBUG Engine               - sceneFactory: com.almasb.fxgl.app.scene.SceneFactory@6abf25b9
17:15:48.746 [FXGL Background Thread 3 ] DEBUG Engine               - secondsIn24h: 60
17:15:48.746 [FXGL Background Thread 3 ] DEBUG Engine               - soundMenuBack: menu/back.wav
17:15:48.746 [FXGL Background Thread 3 ] DEBUG Engine               - soundMenuPress: menu/press.wav
17:15:48.746 [FXGL Background Thread 3 ] DEBUG Engine               - soundMenuSelect: menu/select.wav
17:15:48.746 [FXGL Background Thread 3 ] DEBUG Engine               - soundNotification: core/notification.wav
17:15:48.746 [FXGL Background Thread 3 ] DEBUG Engine               - stageStyle: DECORATED
17:15:48.746 [FXGL Background Thread 3 ] DEBUG Engine               - supportedLanguages: [ENGLISH, FRENCH, GERMAN, HUNGARIAN, RUSSIAN]
17:15:48.746 [FXGL Background Thread 3 ] DEBUG Engine               - title: Color Switch 2
17:15:48.747 [FXGL Background Thread 3 ] DEBUG Engine               - urlGithub: https://github.com/AlmasB/FXGL
17:15:48.747 [FXGL Background Thread 3 ] DEBUG Engine               - urlLeaderboard: http://fxgl-top.herokuapp.com/
17:15:48.747 [FXGL Background Thread 3 ] DEBUG Engine               - urlPOM: https://raw.githubusercontent.com/AlmasB/FXGL/master/pom.xml
17:15:48.747 [FXGL Background Thread 3 ] DEBUG Engine               - version: 0.0
17:15:48.747 [FXGL Background Thread 3 ] DEBUG Engine               - versionCheckDays: 7
17:15:48.748 [FXGL Background Thread 3 ] DEBUG Engine               - width: 900
17:15:48.748 [FXGL Background Thread 3 ] DEBUG Engine               - Logging services
17:15:48.748 [FXGL Background Thread 3 ] DEBUG Engine               - class com.almasb.fxgl.app.FXGLApplication$GameApplicationService
17:15:48.748 [FXGL Background Thread 3 ] DEBUG Engine               - class com.almasb.fxgl.app.services.FXGLDialogService
17:15:48.748 [FXGL Background Thread 3 ] DEBUG Engine               - class com.almasb.fxgl.app.services.IOTaskExecutorService
17:15:48.748 [FXGL Background Thread 3 ] DEBUG Engine               - class com.almasb.fxgl.event.EventBusService
17:15:48.749 [FXGL Background Thread 3 ] DEBUG Engine               - class com.almasb.fxgl.io.FileSystemService
17:15:48.749 [FXGL Background Thread 3 ] DEBUG Engine               - class com.almasb.fxgl.localization.LocalizationService
17:15:48.749 [FXGL Background Thread 3 ] DEBUG Engine               - class com.almasb.fxgl.app.services.FXGLAssetLoaderService
17:15:48.749 [FXGL Background Thread 3 ] DEBUG Engine               - class com.almasb.fxgl.app.services.SystemBundleService
17:15:48.749 [FXGL Background Thread 3 ] DEBUG Engine               - class com.almasb.fxgl.profile.SaveLoadService
17:15:48.750 [FXGL Background Thread 3 ] DEBUG Engine               - class com.almasb.fxgl.ui.FXGLUIFactoryServiceProvider
17:15:48.750 [FXGL Background Thread 3 ] DEBUG Engine               - class com.almasb.fxgl.ui.FXGLDialogFactoryServiceProvider
17:15:48.750 [FXGL Background Thread 3 ] DEBUG Engine               - class com.almasb.fxgl.audio.AudioPlayer
17:15:48.750 [FXGL Background Thread 3 ] DEBUG Engine               - class com.almasb.fxgl.notification.impl.NotificationServiceProvider
17:15:48.751 [FXGL Background Thread 3 ] DEBUG Engine               - class com.almasb.fxgl.achievement.AchievementService
17:15:48.751 [FXGL Background Thread 3 ] DEBUG Engine               - class com.almasb.fxgl.cutscene.CutsceneService
17:15:48.751 [FXGL Background Thread 3 ] DEBUG Engine               - class com.almasb.fxgl.minigames.MiniGameService
17:15:48.751 [FXGL Background Thread 3 ] DEBUG Engine               - class com.almasb.fxgl.net.NetService
17:15:48.751 [FXGL Background Thread 3 ] DEBUG Engine               - class com.almasb.fxgl.app.services.UpdaterService
17:15:48.752 [FXGL Background Thread 3 ] DEBUG Engine               - class com.almasb.fxgl.dev.DevService
17:15:48.899 [JavaFX Application Thread] DEBUG FXGLAssetLoaderServi - Loading from file system: /assets/sounds/hello.wav
17:15:48.900 [JavaFX Application Thread] WARN  FXGLAssetLoaderServi - Failed to load sound hello.wav Error: java.lang.IllegalArgumentException: Asset "/assets/sounds/hello.wav" was not found!
17:15:49.132 [JavaFX Application Thread] DEBUG FXGLAssetLoaderServi - Loading from file system: /assets/sounds/hello.wav
17:15:49.132 [JavaFX Application Thread] WARN  FXGLAssetLoaderServi - Failed to load sound hello.wav Error: java.lang.IllegalArgumentException: Asset "/assets/sounds/hello.wav" was not found!
17:15:49.468 [JavaFX Application Thread] DEBUG FXGLAssetLoaderServi - Loading from file system: /assets/sounds/hello.wav
17:15:49.469 [JavaFX Application Thread] WARN  FXGLAssetLoaderServi - Failed to load sound hello.wav Error: java.lang.IllegalArgumentException: Asset "/assets/sounds/hello.wav" was not found!
17:15:49.725 [JavaFX Application Thread] DEBUG FXGLAssetLoaderServi - Loading from file system: /assets/sounds/hello.wav
17:15:49.725 [JavaFX Application Thread] WARN  FXGLAssetLoaderServi - Failed to load sound hello.wav Error: java.lang.IllegalArgumentException: Asset "/assets/sounds/hello.wav" was not found!
17:15:49.998 [JavaFX Application Thread] DEBUG FXGLAssetLoaderServi - Loading from file system: /assets/sounds/hello.wav
17:15:49.999 [JavaFX Application Thread] WARN  FXGLAssetLoaderServi - Failed to load sound hello.wav Error: java.lang.IllegalArgumentException: Asset "/assets/sounds/hello.wav" was not found!
17:15:53.894 [JavaFX Application Thread] DEBUG FXGLApplication      - Exiting FXGL
17:15:53.894 [JavaFX Application Thread] DEBUG LoopRunner           - Stopping loop
17:15:53.894 [JavaFX Application Thread] DEBUG SystemBundleService  - Saving FXGL system data
17:15:53.895 [JavaFX Application Thread] DEBUG FileSystemAccess     - Writing to: C:\Users\SNEH SUMAN\Documents\GitHub\game\system\fxgl.bundle
17:15:53.897 [JavaFX Application Thread] DEBUG Async                - Shutting down background threads
17:15:53.897 [JavaFX Application Thread] DEBUG MainWindow           - Closing main window
17:15:53.906 [JavaFX Application Thread] DEBUG Logger               - Closing Logger
